[32-8-2] Deep-ONMF 500/1000
[32-8-2] Deep-ONMF 600/1000
[32-8-2] Deep-ONMF 700/1000
[32-8-2] Deep-ONMF 800/1000
[32-8-2] Deep-ONMF 900/1000
[32-8-2] Deep-ONMF 1000/1000
[worker 2] 1/93 decreciente 32-8-2
[worker 2] 2/93 decreciente 32-4
[worker 2] 3/93 decreciente 32-16-8-4
[worker 2] 4/93 decreciente 32-14-6
[worker 2] 5/93 decreciente 32-8
[worker 2] 6/93 decreciente 32-20-13-8
[worker 2] 7/93 decreciente 32-18-10
[worker 2] 8/93 decreciente 30-2
[worker 2] 9/93 decreciente 30-12-5-2
[worker 2] 10/93 decreciente 30-11-4
[worker 2] 11/93 decreciente 30-6
[worker 2] 12/93 decreciente 30-18-10-6
[30-15-8] UjaNet-H fold 2/5
[30-15-8] UjaNet-H fold 3/5
[30-15-8] UjaNet-H fold 4/5
[30-15-8] UjaNet-H fold 5/5
[worker 2] 13/93 decreciente 30-15-8
[30-10] UjaNet-H fold 2/5
[30-10] UjaNet-H fold 3/5
[30-10] UjaNet-H fold 4/5
[30-10] UjaNet-H fold 5/5
[worker 2] 14/93 decreciente 30-10
[30-21-14-10] Deep-ONMF 1/1000
[30-21-14-10] Deep-ONMF 100/1000
[30-21-14-10] Deep-ONMF 200/1000
[30-21-14-10] Deep-ONMF 300/1000
[30-21-14-10] Deep-ONMF 400/1000
[30-21-14-10] Deep-ONMF 500/1000
[30-21-14-10] Deep-ONMF 600/1000
[30-21-14-10] Deep-ONMF 700/1000
[30-21-14-10] Deep-ONMF 800/1000
[30-21-14-10] Deep-ONMF 900/1000
[30-21-14-10] Deep-ONMF 1000/1000
[30-21-14-10] UjaNet-H fold 1/5
[30-21-14-10] UjaNet-H fold 2/5
[30-21-14-10] UjaNet-H fold 3/5
[30-21-14-10] UjaNet-H fold 4/5
[30-21-14-10] UjaNet-H fold 5/5
[worker 2] 15/93 decreciente 30-21-14-10
[28-7-2] Deep-ONMF 1/1000
[28-7-2] Deep-ONMF 100/1000
[28-7-2] Deep-ONMF 200/1000
[28-7-2] Deep-ONMF 300/1000
[28-7-2] Deep-ONMF 400/1000
[28-7-2] Deep-ONMF 500/1000
[28-7-2] Deep-ONMF 600/1000
[28-7-2] Deep-ONMF 700/1000
[28-7-2] Deep-ONMF 800/1000
[28-7-2] Deep-ONMF 900/1000
[28-7-2] Deep-ONMF 1000/1000
[28-7-2] UjaNet-H fold 1/5
[28-7-2] UjaNet-H fold 2/5
[28-7-2] UjaNet-H fold 3/5
[28-7-2] UjaNet-H fold 4/5
[28-7-2] UjaNet-H fold 5/5
[worker 2] 16/93 decreciente 28-7-2
[28-4] Deep-ONMF 1/1000
[28-4] Deep-ONMF 100/1000
[28-4] Deep-ONMF 200/1000
[28-4] Deep-ONMF 300/1000
[28-4] Deep-ONMF 400/1000
[28-4] Deep-ONMF 500/1000
[28-4] Deep-ONMF 600/1000
[28-4] Deep-ONMF 700/1000
[28-4] Deep-ONMF 800/1000
[28-4] Deep-ONMF 900/1000
[28-4] Deep-ONMF 1000/1000
[28-4] UjaNet-H fold 1/5
[28-4] UjaNet-H fold 2/5
[28-4] UjaNet-H fold 3/5
[28-4] UjaNet-H fold 4/5
[28-4] UjaNet-H fold 5/5
[worker 2] 17/93 decreciente 28-4
[28-15-8-4] Deep-ONMF 1/1000
[28-15-8-4] Deep-ONMF 100/1000
[28-15-8-4] Deep-ONMF 200/1000
[28-15-8-4] Deep-ONMF 300/1000
[28-15-8-4] Deep-ONMF 400/1000
[28-15-8-4] Deep-ONMF 500/1000
[28-15-8-4] Deep-ONMF 600/1000
[28-15-8-4] Deep-ONMF 700/1000
[28-15-8-4] Deep-ONMF 800/1000
[28-15-8-4] Deep-ONMF 900/1000
[28-15-8-4] Deep-ONMF 1000/1000
[28-15-8-4] UjaNet-H fold 1/5
[28-15-8-4] UjaNet-H fold 2/5
[28-15-8-4] UjaNet-H fold 3/5
[28-15-8-4] UjaNet-H fold 4/5
[28-15-8-4] UjaNet-H fold 5/5
[worker 2] 18/93 decreciente 28-15-8-4
[28-13-6] Deep-ONMF 1/1000
[28-13-6] Deep-ONMF 100/1000
[28-13-6] Deep-ONMF 200/1000
[28-13-6] Deep-ONMF 300/1000
[28-13-6] Deep-ONMF 400/1000
[28-13-6] Deep-ONMF 500/1000
[28-13-6] Deep-ONMF 600/1000
[28-13-6] Deep-ONMF 700/1000
[28-13-6] Deep-ONMF 800/1000
[28-13-6] Deep-ONMF 900/1000
[28-13-6] Deep-ONMF 1000/1000
[28-13-6] UjaNet-H fold 1/5
[28-13-6] UjaNet-H fold 2/5
[28-13-6] UjaNet-H fold 3/5
[28-13-6] UjaNet-H fold 4/5
[28-13-6] UjaNet-H fold 5/5
[worker 2] 19/93 decreciente 28-13-6
[28-8] Deep-ONMF 1/1000
[28-8] Deep-ONMF 100/1000
[28-8] Deep-ONMF 200/1000
[28-8] Deep-ONMF 300/1000
[28-8] Deep-ONMF 400/1000
[28-8] Deep-ONMF 500/1000
[28-8] Deep-ONMF 600/1000
[28-8] Deep-ONMF 700/1000
[28-8] Deep-ONMF 800/1000
[28-8] Deep-ONMF 900/1000
[28-8] Deep-ONMF 1000/1000
[28-8] UjaNet-H fold 1/5
[28-8] UjaNet-H fold 2/5
[28-8] UjaNet-H fold 3/5
[28-8] UjaNet-H fold 4/5
[28-8] UjaNet-H fold 5/5
[worker 2] 20/93 decreciente 28-8
[28-18-12-8] Deep-ONMF 1/1000
[28-18-12-8] Deep-ONMF 100/1000
[28-18-12-8] Deep-ONMF 200/1000
[28-18-12-8] Deep-ONMF 300/1000
[28-18-12-8] Deep-ONMF 400/1000
[28-18-12-8] Deep-ONMF 500/1000
[28-18-12-8] Deep-ONMF 600/1000
[28-18-12-8] Deep-ONMF 700/1000
[28-18-12-8] Deep-ONMF 800/1000
[28-18-12-8] Deep-ONMF 900/1000
[28-18-12-8] Deep-ONMF 1000/1000
[28-18-12-8] UjaNet-H fold 1/5
[28-18-12-8] UjaNet-H fold 2/5
[28-18-12-8] UjaNet-H fold 3/5
[28-18-12-8] UjaNet-H fold 4/5
[28-18-12-8] UjaNet-H fold 5/5
[worker 2] 21/93 decreciente 28-18-12-8
[28-17-10] Deep-ONMF 1/1000
[28-17-10] Deep-ONMF 100/1000
[28-17-10] Deep-ONMF 200/1000
[28-17-10] Deep-ONMF 300/1000
[28-17-10] Deep-ONMF 400/1000
[28-17-10] Deep-ONMF 500/1000
[28-17-10] Deep-ONMF 600/1000
[28-17-10] Deep-ONMF 700/1000
[28-17-10] Deep-ONMF 800/1000
[28-17-10] Deep-ONMF 900/1000
[28-17-10] Deep-ONMF 1000/1000
[28-17-10] UjaNet-H fold 1/5
[28-17-10] UjaNet-H fold 2/5
[28-17-10] UjaNet-H fold 3/5
[28-17-10] UjaNet-H fold 4/5
[28-17-10] UjaNet-H fold 5/5
[worker 2] 22/93 decreciente 28-17-10
[26-2] Deep-ONMF 1/1000
[26-2] Deep-ONMF 100/1000
[26-2] Deep-ONMF 200/1000
[26-2] Deep-ONMF 300/1000
[26-2] Deep-ONMF 400/1000
[26-2] Deep-ONMF 500/1000
[26-2] Deep-ONMF 600/1000
[26-2] Deep-ONMF 700/1000
[26-2] Deep-ONMF 800/1000
[26-2] Deep-ONMF 900/1000
[26-2] Deep-ONMF 1000/1000
[26-2] UjaNet-H fold 1/5
[26-2] UjaNet-H fold 2/5
[26-2] UjaNet-H fold 3/5
[26-2] UjaNet-H fold 4/5
[26-2] UjaNet-H fold 5/5
[worker 2] 23/93 decreciente 26-2
[26-11-5-2] Deep-ONMF 1/1000
[26-11-5-2] Deep-ONMF 100/1000
[26-11-5-2] Deep-ONMF 200/1000
[26-11-5-2] Deep-ONMF 300/1000
[26-11-5-2] Deep-ONMF 400/1000
[26-11-5-2] Deep-ONMF 500/1000
[26-11-5-2] Deep-ONMF 600/1000
[26-11-5-2] Deep-ONMF 700/1000
[26-11-5-2] Deep-ONMF 800/1000
[26-11-5-2] Deep-ONMF 900/1000
[26-11-5-2] Deep-ONMF 1000/1000
[26-11-5-2] UjaNet-H fold 1/5
[26-11-5-2] UjaNet-H fold 2/5
[26-11-5-2] UjaNet-H fold 3/5
[26-11-5-2] UjaNet-H fold 4/5
[26-11-5-2] UjaNet-H fold 5/5
[worker 2] 24/93 decreciente 26-11-5-2
[26-10-4] Deep-ONMF 1/1000
[26-10-4] Deep-ONMF 100/1000
[26-10-4] Deep-ONMF 200/1000
[26-10-4] Deep-ONMF 300/1000
[26-10-4] Deep-ONMF 400/1000
[26-10-4] Deep-ONMF 500/1000
[26-10-4] Deep-ONMF 600/1000
[26-10-4] Deep-ONMF 700/1000
[26-10-4] Deep-ONMF 800/1000
[26-10-4] Deep-ONMF 900/1000
[26-10-4] Deep-ONMF 1000/1000
[26-10-4] UjaNet-H fold 1/5
[26-10-4] UjaNet-H fold 2/5
[26-10-4] UjaNet-H fold 3/5
[26-10-4] UjaNet-H fold 4/5
[26-10-4] UjaNet-H fold 5/5
[worker 2] 25/93 decreciente 26-10-4
[26-6] Deep-ONMF 1/1000
[26-6] Deep-ONMF 100/1000
[26-6] Deep-ONMF 200/1000
[26-6] Deep-ONMF 300/1000
[26-6] Deep-ONMF 400/1000
[26-6] Deep-ONMF 500/1000
[26-6] Deep-ONMF 600/1000
[26-6] Deep-ONMF 700/1000
[26-6] Deep-ONMF 800/1000
[26-6] Deep-ONMF 900/1000
[26-6] Deep-ONMF 1000/1000
[26-6] UjaNet-H fold 1/5
[26-6] UjaNet-H fold 2/5
[26-6] UjaNet-H fold 3/5
[26-6] UjaNet-H fold 4/5
[26-6] UjaNet-H fold 5/5
[worker 2] 26/93 decreciente 26-6
[26-16-10-6] Deep-ONMF 1/1000
[26-16-10-6] Deep-ONMF 100/1000
[26-16-10-6] Deep-ONMF 200/1000
[26-16-10-6] Deep-ONMF 300/1000
[26-16-10-6] Deep-ONMF 400/1000
[26-16-10-6] Deep-ONMF 500/1000
[26-16-10-6] Deep-ONMF 600/1000
[26-16-10-6] Deep-ONMF 700/1000
[26-16-10-6] Deep-ONMF 800/1000
[26-16-10-6] Deep-ONMF 900/1000
[26-16-10-6] Deep-ONMF 1000/1000
[26-16-10-6] UjaNet-H fold 1/5
[26-16-10-6] UjaNet-H fold 2/5
[26-16-10-6] UjaNet-H fold 3/5
[26-16-10-6] UjaNet-H fold 4/5
[26-16-10-6] UjaNet-H fold 5/5
[worker 2] 27/93 decreciente 26-16-10-6
[26-14-8] Deep-ONMF 1/1000
[26-14-8] Deep-ONMF 100/1000
[26-14-8] Deep-ONMF 200/1000
[26-14-8] Deep-ONMF 300/1000
[26-14-8] Deep-ONMF 400/1000
[26-14-8] Deep-ONMF 500/1000
[26-14-8] Deep-ONMF 600/1000
[26-14-8] Deep-ONMF 700/1000
[26-14-8] Deep-ONMF 800/1000
[26-14-8] Deep-ONMF 900/1000
[26-14-8] Deep-ONMF 1000/1000
[26-14-8] UjaNet-H fold 1/5
[26-14-8] UjaNet-H fold 2/5
[26-14-8] UjaNet-H fold 3/5
[26-14-8] UjaNet-H fold 4/5
[26-14-8] UjaNet-H fold 5/5
[worker 2] 28/93 decreciente 26-14-8
[26-10] Deep-ONMF 1/1000
[26-10] Deep-ONMF 100/1000
[26-10] Deep-ONMF 200/1000
[26-10] Deep-ONMF 300/1000
[26-10] Deep-ONMF 400/1000
[26-10] Deep-ONMF 500/1000
[26-10] Deep-ONMF 600/1000
[26-10] Deep-ONMF 700/1000
[26-10] Deep-ONMF 800/1000
[26-10] Deep-ONMF 900/1000
[26-10] Deep-ONMF 1000/1000
[26-10] UjaNet-H fold 1/5
[26-10] UjaNet-H fold 2/5
[26-10] UjaNet-H fold 3/5
[26-10] UjaNet-H fold 4/5
[26-10] UjaNet-H fold 5/5
[worker 2] 29/93 decreciente 26-10
[26-19-14-10] Deep-ONMF 1/1000
[26-19-14-10] Deep-ONMF 100/1000
[26-19-14-10] Deep-ONMF 200/1000
[26-19-14-10] Deep-ONMF 300/1000
[26-19-14-10] Deep-ONMF 400/1000
[26-19-14-10] Deep-ONMF 500/1000
[26-19-14-10] Deep-ONMF 600/1000
[26-19-14-10] Deep-ONMF 700/1000
[26-19-14-10] Deep-ONMF 800/1000
[26-19-14-10] Deep-ONMF 900/1000
[26-19-14-10] Deep-ONMF 1000/1000
[26-19-14-10] UjaNet-H fold 1/5
[26-19-14-10] UjaNet-H fold 2/5
[26-19-14-10] UjaNet-H fold 3/5
[26-19-14-10] UjaNet-H fold 4/5
[26-19-14-10] UjaNet-H fold 5/5
[worker 2] 30/93 decreciente 26-19-14-10
[24-7-2] Deep-ONMF 1/1000
[24-7-2] Deep-ONMF 100/1000
[24-7-2] Deep-ONMF 200/1000
[24-7-2] Deep-ONMF 300/1000
[24-7-2] Deep-ONMF 400/1000
[24-7-2] Deep-ONMF 500/1000
[24-7-2] Deep-ONMF 600/1000
[24-7-2] Deep-ONMF 700/1000
[24-7-2] Deep-ONMF 800/1000
[24-7-2] Deep-ONMF 900/1000
[24-7-2] Deep-ONMF 1000/1000
[24-7-2] UjaNet-H fold 1/5
[24-7-2] UjaNet-H fold 2/5
[24-7-2] UjaNet-H fold 3/5
[24-7-2] UjaNet-H fold 4/5
[24-7-2] UjaNet-H fold 5/5
[worker 2] 31/93 decreciente 24-7-2
[24-4] Deep-ONMF 1/1000
[24-4] Deep-ONMF 100/1000
[24-4] Deep-ONMF 200/1000
[24-4] Deep-ONMF 300/1000
[24-4] Deep-ONMF 400/1000
[24-4] Deep-ONMF 500/1000
[24-4] Deep-ONMF 600/1000
[24-4] Deep-ONMF 700/1000
[24-4] Deep-ONMF 800/1000
[24-4] Deep-ONMF 900/1000
[24-4] Deep-ONMF 1000/1000
[24-4] UjaNet-H fold 1/5
[24-4] UjaNet-H fold 2/5
[24-4] UjaNet-H fold 3/5
[24-4] UjaNet-H fold 4/5
[24-4] UjaNet-H fold 5/5
[worker 2] 32/93 decreciente 24-4
[24-13-7-4] Deep-ONMF 1/1000
[24-13-7-4] Deep-ONMF 100/1000
[24-13-7-4] Deep-ONMF 200/1000
[24-13-7-4] Deep-ONMF 300/1000
[24-13-7-4] Deep-ONMF 400/1000
[24-13-7-4] Deep-ONMF 500/1000
[24-13-7-4] Deep-ONMF 600/1000
[24-13-7-4] Deep-ONMF 700/1000
[24-13-7-4] Deep-ONMF 800/1000
[24-13-7-4] Deep-ONMF 900/1000
[24-13-7-4] Deep-ONMF 1000/1000
[24-13-7-4] UjaNet-H fold 1/5
[24-13-7-4] UjaNet-H fold 2/5
[24-13-7-4] UjaNet-H fold 3/5
[24-13-7-4] UjaNet-H fold 4/5
[24-13-7-4] UjaNet-H fold 5/5
[worker 2] 33/93 decreciente 24-13-7-4
[24-12-6] Deep-ONMF 1/1000
[24-12-6] Deep-ONMF 100/1000
[24-12-6] Deep-ONMF 200/1000
[24-12-6] Deep-ONMF 300/1000
[24-12-6] Deep-ONMF 400/1000
[24-12-6] Deep-ONMF 500/1000
[24-12-6] Deep-ONMF 600/1000
[24-12-6] Deep-ONMF 700/1000
[24-12-6] Deep-ONMF 800/1000
[24-12-6] Deep-ONMF 900/1000
[24-12-6] Deep-ONMF 1000/1000
[24-12-6] UjaNet-H fold 1/5
[24-12-6] UjaNet-H fold 2/5
[24-12-6] UjaNet-H fold 3/5
[24-12-6] UjaNet-H fold 4/5
[24-12-6] UjaNet-H fold 5/5
[worker 2] 34/93 decreciente 24-12-6
[24-8] Deep-ONMF 1/1000
[24-8] Deep-ONMF 100/1000
[24-8] Deep-ONMF 200/1000
[24-8] Deep-ONMF 300/1000
[24-8] Deep-ONMF 400/1000
[24-8] Deep-ONMF 500/1000
[24-8] Deep-ONMF 600/1000
[24-8] Deep-ONMF 700/1000
[24-8] Deep-ONMF 800/1000
[24-8] Deep-ONMF 900/1000
[24-8] Deep-ONMF 1000/1000
[24-8] UjaNet-H fold 1/5
[24-8] UjaNet-H fold 2/5
[24-8] UjaNet-H fold 3/5
[24-8] UjaNet-H fold 4/5
[24-8] UjaNet-H fold 5/5
[worker 2] 35/93 decreciente 24-8
[24-17-12-8] Deep-ONMF 1/1000
[24-17-12-8] Deep-ONMF 100/1000
[24-17-12-8] Deep-ONMF 200/1000
[24-17-12-8] Deep-ONMF 300/1000
[24-17-12-8] Deep-ONMF 400/1000
[24-17-12-8] Deep-ONMF 500/1000
[24-17-12-8] Deep-ONMF 600/1000
[24-17-12-8] Deep-ONMF 700/1000
[24-17-12-8] Deep-ONMF 800/1000
[24-17-12-8] Deep-ONMF 900/1000
[24-17-12-8] Deep-ONMF 1000/1000
[24-17-12-8] UjaNet-H fold 1/5
[24-17-12-8] UjaNet-H fold 2/5
[24-17-12-8] UjaNet-H fold 3/5
[24-17-12-8] UjaNet-H fold 4/5
[24-17-12-8] UjaNet-H fold 5/5
[worker 2] 36/93 decreciente 24-17-12-8
[24-15-10] Deep-ONMF 1/1000
[24-15-10] Deep-ONMF 100/1000
[24-15-10] Deep-ONMF 200/1000
[24-15-10] Deep-ONMF 300/1000
[24-15-10] Deep-ONMF 400/1000
[24-15-10] Deep-ONMF 500/1000
[24-15-10] Deep-ONMF 600/1000
[24-15-10] Deep-ONMF 700/1000
[24-15-10] Deep-ONMF 800/1000
[24-15-10] Deep-ONMF 900/1000
[24-15-10] Deep-ONMF 1000/1000
[24-15-10] UjaNet-H fold 1/5
[24-15-10] UjaNet-H fold 2/5
[24-15-10] UjaNet-H fold 3/5
[24-15-10] UjaNet-H fold 4/5
[24-15-10] UjaNet-H fold 5/5
[worker 2] 37/93 decreciente 24-15-10
[22-2] Deep-ONMF 1/1000
[22-2] Deep-ONMF 100/1000
[22-2] Deep-ONMF 200/1000
[22-2] Deep-ONMF 300/1000
[22-2] Deep-ONMF 400/1000
[22-2] Deep-ONMF 500/1000
[22-2] Deep-ONMF 600/1000
[22-2] Deep-ONMF 700/1000
[22-2] Deep-ONMF 800/1000
[22-2] Deep-ONMF 900/1000
[22-2] Deep-ONMF 1000/1000
[22-2] UjaNet-H fold 1/5
[22-2] UjaNet-H fold 2/5
[22-2] UjaNet-H fold 3/5
[22-2] UjaNet-H fold 4/5
[22-2] UjaNet-H fold 5/5
[worker 2] 38/93 decreciente 22-2
[22-10-4-2] Deep-ONMF 1/1000
[22-10-4-2] Deep-ONMF 100/1000
[22-10-4-2] Deep-ONMF 200/1000
[22-10-4-2] Deep-ONMF 300/1000
[22-10-4-2] Deep-ONMF 400/1000
[22-10-4-2] Deep-ONMF 500/1000
[22-10-4-2] Deep-ONMF 600/1000
[22-10-4-2] Deep-ONMF 700/1000
[22-10-4-2] Deep-ONMF 800/1000
[22-10-4-2] Deep-ONMF 900/1000
[22-10-4-2] Deep-ONMF 1000/1000
[22-10-4-2] UjaNet-H fold 1/5
[22-10-4-2] UjaNet-H fold 2/5
[22-10-4-2] UjaNet-H fold 3/5
[22-10-4-2] UjaNet-H fold 4/5
[22-10-4-2] UjaNet-H fold 5/5
[worker 2] 39/93 decreciente 22-10-4-2
[22-9-4] Deep-ONMF 1/1000
[22-9-4] Deep-ONMF 100/1000
[22-9-4] Deep-ONMF 200/1000
[22-9-4] Deep-ONMF 300/1000
[22-9-4] Deep-ONMF 400/1000
[22-9-4] Deep-ONMF 500/1000
[22-9-4] Deep-ONMF 600/1000
[22-9-4] Deep-ONMF 700/1000
[22-9-4] Deep-ONMF 800/1000
[22-9-4] Deep-ONMF 900/1000
[22-9-4] Deep-ONMF 1000/1000
[22-9-4] UjaNet-H fold 1/5
[22-9-4] UjaNet-H fold 2/5
[22-9-4] UjaNet-H fold 3/5
[22-9-4] UjaNet-H fold 4/5
[22-9-4] UjaNet-H fold 5/5
[worker 2] 40/93 decreciente 22-9-4
[22-6] Deep-ONMF 1/1000
[22-6] Deep-ONMF 100/1000
[22-6] Deep-ONMF 200/1000
[22-6] Deep-ONMF 300/1000
[22-6] Deep-ONMF 400/1000
[22-6] Deep-ONMF 500/1000
[22-6] Deep-ONMF 600/1000
[22-6] Deep-ONMF 700/1000
[22-6] Deep-ONMF 800/1000
[22-6] Deep-ONMF 900/1000
[22-6] Deep-ONMF 1000/1000
[22-6] UjaNet-H fold 1/5
[22-6] UjaNet-H fold 2/5
[22-6] UjaNet-H fold 3/5
[22-6] UjaNet-H fold 4/5
[22-6] UjaNet-H fold 5/5
[worker 2] 41/93 decreciente 22-6
[22-14-9-6] Deep-ONMF 1/1000
[22-14-9-6] Deep-ONMF 100/1000
[22-14-9-6] Deep-ONMF 200/1000
[22-14-9-6] Deep-ONMF 300/1000
[22-14-9-6] Deep-ONMF 400/1000
[22-14-9-6] Deep-ONMF 500/1000
[22-14-9-6] Deep-ONMF 600/1000
[22-14-9-6] Deep-ONMF 700/1000
[22-14-9-6] Deep-ONMF 800/1000
[22-14-9-6] Deep-ONMF 900/1000
[22-14-9-6] Deep-ONMF 1000/1000
[22-14-9-6] UjaNet-H fold 1/5
[22-14-9-6] UjaNet-H fold 2/5
[22-14-9-6] UjaNet-H fold 3/5
[22-14-9-6] UjaNet-H fold 4/5
[22-14-9-6] UjaNet-H fold 5/5
[worker 2] 42/93 decreciente 22-14-9-6
[22-13-8] Deep-ONMF 1/1000
[22-13-8] Deep-ONMF 100/1000
[22-13-8] Deep-ONMF 200/1000
[22-13-8] Deep-ONMF 300/1000
[22-13-8] Deep-ONMF 400/1000
[22-13-8] Deep-ONMF 500/1000
[22-13-8] Deep-ONMF 600/1000
[22-13-8] Deep-ONMF 700/1000
[22-13-8] Deep-ONMF 800/1000
[22-13-8] Deep-ONMF 900/1000
[22-13-8] Deep-ONMF 1000/1000
[22-13-8] UjaNet-H fold 1/5
[22-13-8] UjaNet-H fold 2/5
[22-13-8] UjaNet-H fold 3/5
[22-13-8] UjaNet-H fold 4/5
[22-13-8] UjaNet-H fold 5/5
[worker 2] 43/93 decreciente 22-13-8
[22-10] Deep-ONMF 1/1000
[22-10] Deep-ONMF 100/1000
[22-10] Deep-ONMF 200/1000
[22-10] Deep-ONMF 300/1000
[22-10] Deep-ONMF 400/1000
[22-10] Deep-ONMF 500/1000
[22-10] Deep-ONMF 600/1000
[22-10] Deep-ONMF 700/1000
[22-10] Deep-ONMF 800/1000
[22-10] Deep-ONMF 900/1000
[22-10] Deep-ONMF 1000/1000
[22-10] UjaNet-H fold 1/5
[22-10] UjaNet-H fold 2/5
[22-10] UjaNet-H fold 3/5
[22-10] UjaNet-H fold 4/5
[22-10] UjaNet-H fold 5/5
[worker 2] 44/93 decreciente 22-10
[22-17-13-10] Deep-ONMF 1/1000
[22-17-13-10] Deep-ONMF 100/1000
[22-17-13-10] Deep-ONMF 200/1000
[22-17-13-10] Deep-ONMF 300/1000
[22-17-13-10] Deep-ONMF 400/1000
[22-17-13-10] Deep-ONMF 500/1000
[22-17-13-10] Deep-ONMF 600/1000
[22-17-13-10] Deep-ONMF 700/1000
[22-17-13-10] Deep-ONMF 800/1000
[22-17-13-10] Deep-ONMF 900/1000
[22-17-13-10] Deep-ONMF 1000/1000
[22-17-13-10] UjaNet-H fold 1/5
[22-17-13-10] UjaNet-H fold 2/5
[22-17-13-10] UjaNet-H fold 3/5
[22-17-13-10] UjaNet-H fold 4/5
[22-17-13-10] UjaNet-H fold 5/5
[worker 2] 45/93 decreciente 22-17-13-10
[20-6-2] Deep-ONMF 1/1000
[20-6-2] Deep-ONMF 100/1000
[20-6-2] Deep-ONMF 200/1000
[20-6-2] Deep-ONMF 300/1000
[20-6-2] Deep-ONMF 400/1000
[20-6-2] Deep-ONMF 500/1000
[20-6-2] Deep-ONMF 600/1000
[20-6-2] Deep-ONMF 700/1000
[20-6-2] Deep-ONMF 800/1000
[20-6-2] Deep-ONMF 900/1000
[20-6-2] Deep-ONMF 1000/1000
[20-6-2] UjaNet-H fold 1/5
[20-6-2] UjaNet-H fold 2/5
[20-6-2] UjaNet-H fold 3/5
[20-6-2] UjaNet-H fold 4/5
[20-6-2] UjaNet-H fold 5/5
[worker 2] 46/93 decreciente 20-6-2
[20-4] Deep-ONMF 1/1000
[20-4] Deep-ONMF 100/1000
[20-4] Deep-ONMF 200/1000
[20-4] Deep-ONMF 300/1000
[20-4] Deep-ONMF 400/1000
[20-4] Deep-ONMF 500/1000
[20-4] Deep-ONMF 600/1000
[20-4] Deep-ONMF 700/1000
[20-4] Deep-ONMF 800/1000
[20-4] Deep-ONMF 900/1000
[20-4] Deep-ONMF 1000/1000
[20-4] UjaNet-H fold 1/5
[20-4] UjaNet-H fold 2/5
[20-4] UjaNet-H fold 3/5
[20-4] UjaNet-H fold 4/5
[20-4] UjaNet-H fold 5/5
[worker 2] 47/93 decreciente 20-4
[20-12-7-4] Deep-ONMF 1/1000
[20-12-7-4] Deep-ONMF 100/1000
[20-12-7-4] Deep-ONMF 200/1000
[20-12-7-4] Deep-ONMF 300/1000
[20-12-7-4] Deep-ONMF 400/1000
[20-12-7-4] Deep-ONMF 500/1000
[20-12-7-4] Deep-ONMF 600/1000
[20-12-7-4] Deep-ONMF 700/1000
[20-12-7-4] Deep-ONMF 800/1000
[20-12-7-4] Deep-ONMF 900/1000
[20-12-7-4] Deep-ONMF 1000/1000
[20-12-7-4] UjaNet-H fold 1/5
[20-12-7-4] UjaNet-H fold 2/5
[20-12-7-4] UjaNet-H fold 3/5
[20-12-7-4] UjaNet-H fold 4/5
[20-12-7-4] UjaNet-H fold 5/5
[worker 2] 48/93 decreciente 20-12-7-4
[20-11-6] Deep-ONMF 1/1000
[20-11-6] Deep-ONMF 100/1000
[20-11-6] Deep-ONMF 200/1000
[20-11-6] Deep-ONMF 300/1000
[20-11-6] Deep-ONMF 400/1000
[20-11-6] Deep-ONMF 500/1000
[20-11-6] Deep-ONMF 600/1000
[20-11-6] Deep-ONMF 700/1000
[20-11-6] Deep-ONMF 800/1000
[20-11-6] Deep-ONMF 900/1000
[20-11-6] Deep-ONMF 1000/1000
[20-11-6] UjaNet-H fold 1/5
[20-11-6] UjaNet-H fold 2/5
[20-11-6] UjaNet-H fold 3/5
[20-11-6] UjaNet-H fold 4/5
[20-11-6] UjaNet-H fold 5/5
[worker 2] 49/93 decreciente 20-11-6
[20-8] Deep-ONMF 1/1000
[20-8] Deep-ONMF 100/1000
[20-8] Deep-ONMF 200/1000
[20-8] Deep-ONMF 300/1000
[20-8] Deep-ONMF 400/1000
[20-8] Deep-ONMF 500/1000
[20-8] Deep-ONMF 600/1000
[20-8] Deep-ONMF 700/1000
[20-8] Deep-ONMF 800/1000
[20-8] Deep-ONMF 900/1000
[20-8] Deep-ONMF 1000/1000
[20-8] UjaNet-H fold 1/5
[20-8] UjaNet-H fold 2/5
[20-8] UjaNet-H fold 3/5
[20-8] UjaNet-H fold 4/5
[20-8] UjaNet-H fold 5/5
[worker 2] 50/93 decreciente 20-8
[20-15-11-8] Deep-ONMF 1/1000
[20-15-11-8] Deep-ONMF 100/1000
[20-15-11-8] Deep-ONMF 200/1000
[20-15-11-8] Deep-ONMF 300/1000
[20-15-11-8] Deep-ONMF 400/1000
[20-15-11-8] Deep-ONMF 500/1000
[20-15-11-8] Deep-ONMF 600/1000
[20-15-11-8] Deep-ONMF 700/1000
[20-15-11-8] Deep-ONMF 800/1000
[20-15-11-8] Deep-ONMF 900/1000
[20-15-11-8] Deep-ONMF 1000/1000
[20-15-11-8] UjaNet-H fold 1/5
[20-15-11-8] UjaNet-H fold 2/5
[20-15-11-8] UjaNet-H fold 3/5
[20-15-11-8] UjaNet-H fold 4/5
[20-15-11-8] UjaNet-H fold 5/5
[worker 2] 51/93 decreciente 20-15-11-8
[20-14-10] Deep-ONMF 1/1000
[20-14-10] Deep-ONMF 100/1000
[20-14-10] Deep-ONMF 200/1000
[20-14-10] Deep-ONMF 300/1000
[20-14-10] Deep-ONMF 400/1000
[20-14-10] Deep-ONMF 500/1000
[20-14-10] Deep-ONMF 600/1000
[20-14-10] Deep-ONMF 700/1000
[20-14-10] Deep-ONMF 800/1000
[20-14-10] Deep-ONMF 900/1000
[20-14-10] Deep-ONMF 1000/1000
[20-14-10] UjaNet-H fold 1/5
[20-14-10] UjaNet-H fold 2/5
[20-14-10] UjaNet-H fold 3/5
[20-14-10] UjaNet-H fold 4/5
[20-14-10] UjaNet-H fold 5/5
[worker 2] 52/93 decreciente 20-14-10
[18-2] Deep-ONMF 1/1000
[18-2] Deep-ONMF 100/1000
[18-2] Deep-ONMF 200/1000
[18-2] Deep-ONMF 300/1000
[18-2] Deep-ONMF 400/1000
[18-2] Deep-ONMF 500/1000
[18-2] Deep-ONMF 600/1000
[18-2] Deep-ONMF 700/1000
[18-2] Deep-ONMF 800/1000
[18-2] Deep-ONMF 900/1000
[18-2] Deep-ONMF 1000/1000
[18-2] UjaNet-H fold 1/5
[18-2] UjaNet-H fold 2/5
[18-2] UjaNet-H fold 3/5
[18-2] UjaNet-H fold 4/5
[18-2] UjaNet-H fold 5/5
[worker 2] 53/93 decreciente 18-2
[18-9-4-2] Deep-ONMF 1/1000
[18-9-4-2] Deep-ONMF 100/1000
[18-9-4-2] Deep-ONMF 200/1000
[18-9-4-2] Deep-ONMF 300/1000
[18-9-4-2] Deep-ONMF 400/1000
[18-9-4-2] Deep-ONMF 500/1000
[18-9-4-2] Deep-ONMF 600/1000
[18-9-4-2] Deep-ONMF 700/1000
[18-9-4-2] Deep-ONMF 800/1000
[18-9-4-2] Deep-ONMF 900/1000
[18-9-4-2] Deep-ONMF 1000/1000
[18-9-4-2] UjaNet-H fold 1/5
[18-9-4-2] UjaNet-H fold 2/5
[18-9-4-2] UjaNet-H fold 3/5
[18-9-4-2] UjaNet-H fold 4/5
[18-9-4-2] UjaNet-H fold 5/5
[worker 2] 54/93 decreciente 18-9-4-2
[18-8-4] Deep-ONMF 1/1000
[18-8-4] Deep-ONMF 100/1000
[18-8-4] Deep-ONMF 200/1000
[18-8-4] Deep-ONMF 300/1000
[18-8-4] Deep-ONMF 400/1000
[18-8-4] Deep-ONMF 500/1000
[18-8-4] Deep-ONMF 600/1000
[18-8-4] Deep-ONMF 700/1000
[18-8-4] Deep-ONMF 800/1000
[18-8-4] Deep-ONMF 900/1000
[18-8-4] Deep-ONMF 1000/1000
[18-8-4] UjaNet-H fold 1/5
[18-8-4] UjaNet-H fold 2/5
[18-8-4] UjaNet-H fold 3/5
[18-8-4] UjaNet-H fold 4/5
[18-8-4] UjaNet-H fold 5/5
[worker 2] 55/93 decreciente 18-8-4
[18-6] Deep-ONMF 1/1000
[18-6] Deep-ONMF 100/1000
[18-6] Deep-ONMF 200/1000
[18-6] Deep-ONMF 300/1000
[18-6] Deep-ONMF 400/1000
[18-6] Deep-ONMF 500/1000
[18-6] Deep-ONMF 600/1000
[18-6] Deep-ONMF 700/1000
[18-6] Deep-ONMF 800/1000
[18-6] Deep-ONMF 900/1000
[18-6] Deep-ONMF 1000/1000
[18-6] UjaNet-H fold 1/5
[18-6] UjaNet-H fold 2/5
[18-6] UjaNet-H fold 3/5
[18-6] UjaNet-H fold 4/5
[18-6] UjaNet-H fold 5/5
[worker 2] 56/93 decreciente 18-6
[18-12-9-6] Deep-ONMF 1/1000
[18-12-9-6] Deep-ONMF 100/1000
[18-12-9-6] Deep-ONMF 200/1000
[18-12-9-6] Deep-ONMF 300/1000
[18-12-9-6] Deep-ONMF 400/1000
[18-12-9-6] Deep-ONMF 500/1000
[18-12-9-6] Deep-ONMF 600/1000
[18-12-9-6] Deep-ONMF 700/1000
[18-12-9-6] Deep-ONMF 800/1000
[18-12-9-6] Deep-ONMF 900/1000
[18-12-9-6] Deep-ONMF 1000/1000
[18-12-9-6] UjaNet-H fold 1/5
[18-12-9-6] UjaNet-H fold 2/5
[18-12-9-6] UjaNet-H fold 3/5
[18-12-9-6] UjaNet-H fold 4/5
[18-12-9-6] UjaNet-H fold 5/5
[worker 2] 57/93 decreciente 18-12-9-6
[18-12-8] Deep-ONMF 1/1000
[18-12-8] Deep-ONMF 100/1000
[18-12-8] Deep-ONMF 200/1000
[18-12-8] Deep-ONMF 300/1000
[18-12-8] Deep-ONMF 400/1000
[18-12-8] Deep-ONMF 500/1000
[18-12-8] Deep-ONMF 600/1000
[18-12-8] Deep-ONMF 700/1000
[18-12-8] Deep-ONMF 800/1000
[18-12-8] Deep-ONMF 900/1000
[18-12-8] Deep-ONMF 1000/1000
[18-12-8] UjaNet-H fold 1/5
[18-12-8] UjaNet-H fold 2/5
[18-12-8] UjaNet-H fold 3/5
[18-12-8] UjaNet-H fold 4/5
[18-12-8] UjaNet-H fold 5/5
[worker 2] 58/93 decreciente 18-12-8
[18-10] Deep-ONMF 1/1000
[18-10] Deep-ONMF 100/1000
[18-10] Deep-ONMF 200/1000
[18-10] Deep-ONMF 300/1000
[18-10] Deep-ONMF 400/1000
[18-10] Deep-ONMF 500/1000
[18-10] Deep-ONMF 600/1000
[18-10] Deep-ONMF 700/1000
[18-10] Deep-ONMF 800/1000
[18-10] Deep-ONMF 900/1000
[18-10] Deep-ONMF 1000/1000
[18-10] UjaNet-H fold 1/5
[18-10] UjaNet-H fold 2/5
[18-10] UjaNet-H fold 3/5
[18-10] UjaNet-H fold 4/5
[18-10] UjaNet-H fold 5/5
[worker 2] 59/93 decreciente 18-10
[18-15-12-10] Deep-ONMF 1/1000
[18-15-12-10] Deep-ONMF 100/1000
[18-15-12-10] Deep-ONMF 200/1000
[18-15-12-10] Deep-ONMF 300/1000
[18-15-12-10] Deep-ONMF 400/1000
[18-15-12-10] Deep-ONMF 500/1000
[18-15-12-10] Deep-ONMF 600/1000
[18-15-12-10] Deep-ONMF 700/1000
[18-15-12-10] Deep-ONMF 800/1000
[18-15-12-10] Deep-ONMF 900/1000
[18-15-12-10] Deep-ONMF 1000/1000
[18-15-12-10] UjaNet-H fold 1/5
[18-15-12-10] UjaNet-H fold 2/5
[18-15-12-10] UjaNet-H fold 3/5
[18-15-12-10] UjaNet-H fold 4/5
[18-15-12-10] UjaNet-H fold 5/5
[worker 2] 60/93 decreciente 18-15-12-10
[16-6-2] Deep-ONMF 1/1000
[16-6-2] Deep-ONMF 100/1000
[16-6-2] Deep-ONMF 200/1000
[16-6-2] Deep-ONMF 300/1000
[16-6-2] Deep-ONMF 400/1000
[16-6-2] Deep-ONMF 500/1000
[16-6-2] Deep-ONMF 600/1000
[16-6-2] Deep-ONMF 700/1000
[16-6-2] Deep-ONMF 800/1000
[16-6-2] Deep-ONMF 900/1000
[16-6-2] Deep-ONMF 1000/1000
[16-6-2] UjaNet-H fold 1/5
[16-6-2] UjaNet-H fold 2/5
[16-6-2] UjaNet-H fold 3/5
[16-6-2] UjaNet-H fold 4/5
[16-6-2] UjaNet-H fold 5/5
[worker 2] 61/93 decreciente 16-6-2
[worker 2] 62/93 decreciente 16-4
[16-10-6-4] Deep-ONMF 1/1000
[16-10-6-4] Deep-ONMF 100/1000
[16-10-6-4] Deep-ONMF 200/1000
[16-10-6-4] Deep-ONMF 300/1000
[16-10-6-4] Deep-ONMF 400/1000
[16-10-6-4] Deep-ONMF 500/1000
[16-10-6-4] Deep-ONMF 600/1000
[16-10-6-4] Deep-ONMF 700/1000
[16-10-6-4] Deep-ONMF 800/1000
[16-10-6-4] Deep-ONMF 900/1000
[16-10-6-4] Deep-ONMF 1000/1000
[16-10-6-4] UjaNet-H fold 1/5
[16-10-6-4] UjaNet-H fold 2/5
[16-10-6-4] UjaNet-H fold 3/5
[16-10-6-4] UjaNet-H fold 4/5
[16-10-6-4] UjaNet-H fold 5/5
[worker 2] 63/93 decreciente 16-10-6-4
[16-10-6] Deep-ONMF 1/1000
[16-10-6] Deep-ONMF 100/1000
[16-10-6] Deep-ONMF 200/1000
[16-10-6] Deep-ONMF 300/1000
[16-10-6] Deep-ONMF 400/1000
[16-10-6] Deep-ONMF 500/1000
[16-10-6] Deep-ONMF 600/1000
[16-10-6] Deep-ONMF 700/1000
[16-10-6] Deep-ONMF 800/1000
[16-10-6] Deep-ONMF 900/1000
[16-10-6] Deep-ONMF 1000/1000
[16-10-6] UjaNet-H fold 1/5
[16-10-6] UjaNet-H fold 2/5
[16-10-6] UjaNet-H fold 3/5
[16-10-6] UjaNet-H fold 4/5
[16-10-6] UjaNet-H fold 5/5
[worker 2] 64/93 decreciente 16-10-6
[worker 2] 65/93 decreciente 16-8
[16-13-10-8] Deep-ONMF 1/1000
[16-13-10-8] Deep-ONMF 100/1000
[16-13-10-8] Deep-ONMF 200/1000
[16-13-10-8] Deep-ONMF 300/1000
[16-13-10-8] Deep-ONMF 400/1000
[16-13-10-8] Deep-ONMF 500/1000
[16-13-10-8] Deep-ONMF 600/1000
[16-13-10-8] Deep-ONMF 700/1000
[16-13-10-8] Deep-ONMF 800/1000
[16-13-10-8] Deep-ONMF 900/1000
[16-13-10-8] Deep-ONMF 1000/1000
[16-13-10-8] UjaNet-H fold 1/5
[16-13-10-8] UjaNet-H fold 2/5
[16-13-10-8] UjaNet-H fold 3/5
[16-13-10-8] UjaNet-H fold 4/5
[16-13-10-8] UjaNet-H fold 5/5
[worker 2] 66/93 decreciente 16-13-10-8
[16-13-10] Deep-ONMF 1/1000
[16-13-10] Deep-ONMF 100/1000
[16-13-10] Deep-ONMF 200/1000
[16-13-10] Deep-ONMF 300/1000
[16-13-10] Deep-ONMF 400/1000
[16-13-10] Deep-ONMF 500/1000
[16-13-10] Deep-ONMF 600/1000
[16-13-10] Deep-ONMF 700/1000
[16-13-10] Deep-ONMF 800/1000
[16-13-10] Deep-ONMF 900/1000
[16-13-10] Deep-ONMF 1000/1000
[16-13-10] UjaNet-H fold 1/5
[16-13-10] UjaNet-H fold 2/5
[16-13-10] UjaNet-H fold 3/5
[16-13-10] UjaNet-H fold 4/5
[16-13-10] UjaNet-H fold 5/5
[worker 2] 67/93 decreciente 16-13-10
[14-2] Deep-ONMF 1/1000
[14-2] Deep-ONMF 100/1000
[14-2] Deep-ONMF 200/1000
[14-2] Deep-ONMF 300/1000
[14-2] Deep-ONMF 400/1000
[14-2] Deep-ONMF 500/1000
[14-2] Deep-ONMF 600/1000
[14-2] Deep-ONMF 700/1000
[14-2] Deep-ONMF 800/1000
[14-2] Deep-ONMF 900/1000
[14-2] Deep-ONMF 1000/1000
[14-2] UjaNet-H fold 1/5
[14-2] UjaNet-H fold 2/5
[14-2] UjaNet-H fold 3/5
[14-2] UjaNet-H fold 4/5
[14-2] UjaNet-H fold 5/5
[worker 2] 68/93 decreciente 14-2
[14-7-4-2] Deep-ONMF 1/1000
[14-7-4-2] Deep-ONMF 100/1000
[14-7-4-2] Deep-ONMF 200/1000
[14-7-4-2] Deep-ONMF 300/1000
[14-7-4-2] Deep-ONMF 400/1000
[14-7-4-2] Deep-ONMF 500/1000
[14-7-4-2] Deep-ONMF 600/1000
[14-7-4-2] Deep-ONMF 700/1000
[14-7-4-2] Deep-ONMF 800/1000
[14-7-4-2] Deep-ONMF 900/1000
[14-7-4-2] Deep-ONMF 1000/1000
[14-7-4-2] UjaNet-H fold 1/5
[14-7-4-2] UjaNet-H fold 2/5
[14-7-4-2] UjaNet-H fold 3/5
[14-7-4-2] UjaNet-H fold 4/5
[14-7-4-2] UjaNet-H fold 5/5
[worker 2] 69/93 decreciente 14-7-4-2
[14-7-4] Deep-ONMF 1/1000
[14-7-4] Deep-ONMF 100/1000
[14-7-4] Deep-ONMF 200/1000
[14-7-4] Deep-ONMF 300/1000
[14-7-4] Deep-ONMF 400/1000
[14-7-4] Deep-ONMF 500/1000
[14-7-4] Deep-ONMF 600/1000
[14-7-4] Deep-ONMF 700/1000
[14-7-4] Deep-ONMF 800/1000
[14-7-4] Deep-ONMF 900/1000
[14-7-4] Deep-ONMF 1000/1000
[14-7-4] UjaNet-H fold 1/5
[14-7-4] UjaNet-H fold 2/5
[14-7-4] UjaNet-H fold 3/5
[14-7-4] UjaNet-H fold 4/5
[14-7-4] UjaNet-H fold 5/5
[worker 2] 70/93 decreciente 14-7-4
[worker 2] 71/93 decreciente 14-6
[14-11-8-6] Deep-ONMF 1/1000
[14-11-8-6] Deep-ONMF 100/1000
[14-11-8-6] Deep-ONMF 200/1000
[14-11-8-6] Deep-ONMF 300/1000
[14-11-8-6] Deep-ONMF 400/1000
[14-11-8-6] Deep-ONMF 500/1000
[14-11-8-6] Deep-ONMF 600/1000
[14-11-8-6] Deep-ONMF 700/1000
[14-11-8-6] Deep-ONMF 800/1000
[14-11-8-6] Deep-ONMF 900/1000
[14-11-8-6] Deep-ONMF 1000/1000
[14-11-8-6] UjaNet-H fold 1/5
[14-11-8-6] UjaNet-H fold 2/5
[14-11-8-6] UjaNet-H fold 3/5
[14-11-8-6] UjaNet-H fold 4/5
[14-11-8-6] UjaNet-H fold 5/5
[worker 2] 72/93 decreciente 14-11-8-6
[14-11-8] Deep-ONMF 1/1000
[14-11-8] Deep-ONMF 100/1000
[14-11-8] Deep-ONMF 200/1000
[14-11-8] Deep-ONMF 300/1000
[14-11-8] Deep-ONMF 400/1000
[14-11-8] Deep-ONMF 500/1000
[14-11-8] Deep-ONMF 600/1000
[14-11-8] Deep-ONMF 700/1000
[14-11-8] Deep-ONMF 800/1000
[14-11-8] Deep-ONMF 900/1000
[14-11-8] Deep-ONMF 1000/1000
[14-11-8] UjaNet-H fold 1/5
[14-11-8] UjaNet-H fold 2/5
[14-11-8] UjaNet-H fold 3/5
[14-11-8] UjaNet-H fold 4/5
[14-11-8] UjaNet-H fold 5/5
[worker 2] 73/93 decreciente 14-11-8
[14-10] Deep-ONMF 1/1000
[14-10] Deep-ONMF 100/1000
[14-10] Deep-ONMF 200/1000
[14-10] Deep-ONMF 300/1000
[14-10] Deep-ONMF 400/1000
[14-10] Deep-ONMF 500/1000
[14-10] Deep-ONMF 600/1000
[14-10] Deep-ONMF 700/1000
[14-10] Deep-ONMF 800/1000
[14-10] Deep-ONMF 900/1000
[14-10] Deep-ONMF 1000/1000
[14-10] UjaNet-H fold 1/5
[14-10] UjaNet-H fold 2/5
[14-10] UjaNet-H fold 3/5
[14-10] UjaNet-H fold 4/5
[14-10] UjaNet-H fold 5/5
[worker 2] 74/93 decreciente 14-10
[14-13-11-10] Deep-ONMF 1/1000
[14-13-11-10] Deep-ONMF 100/1000
[14-13-11-10] Deep-ONMF 200/1000
[14-13-11-10] Deep-ONMF 300/1000
[14-13-11-10] Deep-ONMF 400/1000
[14-13-11-10] Deep-ONMF 500/1000
[14-13-11-10] Deep-ONMF 600/1000
[14-13-11-10] Deep-ONMF 700/1000
[14-13-11-10] Deep-ONMF 800/1000
[14-13-11-10] Deep-ONMF 900/1000
[14-13-11-10] Deep-ONMF 1000/1000
[14-13-11-10] UjaNet-H fold 1/5
[14-13-11-10] UjaNet-H fold 2/5
[14-13-11-10] UjaNet-H fold 3/5
[14-13-11-10] UjaNet-H fold 4/5
[14-13-11-10] UjaNet-H fold 5/5
[worker 2] 75/93 decreciente 14-13-11-10
[12-5-2] Deep-ONMF 1/1000
[12-5-2] Deep-ONMF 100/1000
[12-5-2] Deep-ONMF 200/1000
[12-5-2] Deep-ONMF 300/1000
[12-5-2] Deep-ONMF 400/1000
[12-5-2] Deep-ONMF 500/1000
[12-5-2] Deep-ONMF 600/1000
[12-5-2] Deep-ONMF 700/1000
[12-5-2] Deep-ONMF 800/1000
[12-5-2] Deep-ONMF 900/1000
[12-5-2] Deep-ONMF 1000/1000
[12-5-2] UjaNet-H fold 1/5
[12-5-2] UjaNet-H fold 2/5
[12-5-2] UjaNet-H fold 3/5
[12-5-2] UjaNet-H fold 4/5
[12-5-2] UjaNet-H fold 5/5
[worker 2] 76/93 decreciente 12-5-2
[worker 2] 77/93 decreciente 12-4
[12-8-6-4] Deep-ONMF 1/1000
[12-8-6-4] Deep-ONMF 100/1000
[12-8-6-4] Deep-ONMF 200/1000
[12-8-6-4] Deep-ONMF 300/1000
[12-8-6-4] Deep-ONMF 400/1000
[12-8-6-4] Deep-ONMF 500/1000
[12-8-6-4] Deep-ONMF 600/1000
[12-8-6-4] Deep-ONMF 700/1000
[12-8-6-4] Deep-ONMF 800/1000
[12-8-6-4] Deep-ONMF 900/1000
[12-8-6-4] Deep-ONMF 1000/1000
[12-8-6-4] UjaNet-H fold 1/5
[12-8-6-4] UjaNet-H fold 2/5
[12-8-6-4] UjaNet-H fold 3/5
[12-8-6-4] UjaNet-H fold 4/5
[12-8-6-4] UjaNet-H fold 5/5
[worker 2] 78/93 decreciente 12-8-6-4
[12-8-6] Deep-ONMF 1/1000
[12-8-6] Deep-ONMF 100/1000
[12-8-6] Deep-ONMF 200/1000
[12-8-6] Deep-ONMF 300/1000
[12-8-6] Deep-ONMF 400/1000
[12-8-6] Deep-ONMF 500/1000
[12-8-6] Deep-ONMF 600/1000
[12-8-6] Deep-ONMF 700/1000
[12-8-6] Deep-ONMF 800/1000
[12-8-6] Deep-ONMF 900/1000
[12-8-6] Deep-ONMF 1000/1000
[12-8-6] UjaNet-H fold 1/5
[12-8-6] UjaNet-H fold 2/5
[12-8-6] UjaNet-H fold 3/5
[12-8-6] UjaNet-H fold 4/5
[12-8-6] UjaNet-H fold 5/5
[worker 2] 79/93 decreciente 12-8-6
[12-8] Deep-ONMF 1/1000
[12-8] Deep-ONMF 100/1000
[12-8] Deep-ONMF 200/1000
[12-8] Deep-ONMF 300/1000
[12-8] Deep-ONMF 400/1000
[12-8] Deep-ONMF 500/1000
[12-8] Deep-ONMF 600/1000
[12-8] Deep-ONMF 700/1000
[12-8] Deep-ONMF 800/1000
[12-8] Deep-ONMF 900/1000
[12-8] Deep-ONMF 1000/1000
[12-8] UjaNet-H fold 1/5
[12-8] UjaNet-H fold 2/5
[12-8] UjaNet-H fold 3/5
[12-8] UjaNet-H fold 4/5
[12-8] UjaNet-H fold 5/5
[worker 2] 80/93 decreciente 12-8
[12-10-9-8] Deep-ONMF 1/1000
[12-10-9-8] Deep-ONMF 100/1000
[12-10-9-8] Deep-ONMF 200/1000
[12-10-9-8] Deep-ONMF 300/1000
[12-10-9-8] Deep-ONMF 400/1000
[12-10-9-8] Deep-ONMF 500/1000[worker 2] 1/93 decreciente 32-13-5-2
[worker 2] 2/93 decreciente 32-6
[worker 2] 3/93 decreciente 32-16-8
[worker 2] 4/93 decreciente 32-22-15-10
[worker 2] 5/93 decreciente 30-4
[worker 2] 6/93 decreciente 30-13-6
[worker 2] 7/93 decreciente 30-19-12-8
[worker 2] 8/93 decreciente 28-2
[worker 2] 9/93 decreciente 28-11-4
[worker 2] 10/93 decreciente 28-17-10-6
[worker 2] 11/93 decreciente 28-10
[worker 2] 12/93 decreciente 26-7-2
[worker 2] 13/93 decreciente 26-14-7-4
[worker 2] 14/93 decreciente 26-8
[worker 2] 15/93 decreciente 26-16-10
[worker 2] 16/93 decreciente 24-10-5-2
[worker 2] 17/93 decreciente 24-6
[worker 2] 18/93 decreciente 24-14-8
[worker 2] 19/93 decreciente 24-18-13-10
[worker 2] 20/93 decreciente 22-4
[worker 2] 21/93 decreciente 22-11-6
[worker 2] 22/93 decreciente 22-16-11-8
[worker 2] 23/93 decreciente 20-2
[worker 2] 24/93 decreciente 20-9-4
[worker 2] 25/93 decreciente 20-13-9-6
[worker 2] 26/93 decreciente 20-10
[worker 2] 27/93 decreciente 18-6-2
[worker 2] 28/93 decreciente 18-11-7-4
[worker 2] 29/93 decreciente 18-8
[worker 2] 30/93 decreciente 18-13-10
[worker 2] 31/93 decreciente 16-8-4-2
[worker 2] 32/93 decreciente 16-6
[worker 2] 33/93 decreciente 16-11-8
[worker 2] 34/93 decreciente 16-14-12-10
[worker 2] 35/93 decreciente 14-4
[worker 2] 36/93 decreciente 14-9-6
[worker 2] 37/93 decreciente 14-12-10-8
[worker 2] 38/93 decreciente 12-2
[worker 2] 39/93 decreciente 12-7-4
[worker 2] 40/93 decreciente 12-10-8-6
[worker 2] 41/93 decreciente 12-10
[worker 2] 42/93 decreciente 10-4-2
[worker 2] 43/93 decreciente 10-7-5-4
[worker 2] 44/93 decreciente 10-8
[8-4-2] UjaNet-H fold 2/5
[8-4-2] UjaNet-H fold 3/5
[8-4-2] UjaNet-H fold 4/5
[8-4-2] UjaNet-H fold 5/5
[worker 2] 45/93 decreciente 8-4-2
[8-6-5-4] Deep-ONMF 1/1000
[8-6-5-4] Deep-ONMF 100/1000
[8-6-5-4] Deep-ONMF 200/1000
[8-6-5-4] Deep-ONMF 300/1000
[8-6-5-4] Deep-ONMF 400/1000
[8-6-5-4] Deep-ONMF 500/1000
[8-6-5-4] Deep-ONMF 600/1000
[8-6-5-4] Deep-ONMF 700/1000
[8-6-5-4] Deep-ONMF 800/1000
[8-6-5-4] Deep-ONMF 900/1000
[8-6-5-4] Deep-ONMF 1000/1000
[8-6-5-4] UjaNet-H fold 1/5
[8-6-5-4] UjaNet-H fold 2/5
[8-6-5-4] UjaNet-H fold 3/5
[8-6-5-4] UjaNet-H fold 4/5
[8-6-5-4] UjaNet-H fold 5/5
[worker 2] 46/93 decreciente 8-6-5-4
[worker 2] 47/93 creciente 2-32
[worker 2] 48/93 creciente 4-11-32
[worker 2] 49/93 creciente 6-10-18-32
[worker 2] 50/93 creciente 10-32
[worker 2] 51/93 creciente 2-8-30
[worker 2] 52/93 creciente 4-8-15-30
[worker 2] 53/93 creciente 8-30
[worker 2] 54/93 creciente 10-17-30
[worker 2] 55/93 creciente 2-5-12-28
[worker 2] 56/93 creciente 6-28
[worker 2] 57/93 creciente 8-15-28
[worker 2] 58/93 creciente 10-14-20-28
[worker 2] 59/93 creciente 4-26
[worker 2] 60/93 creciente 6-12-26
[worker 2] 61/93 creciente 8-12-18-26
[worker 2] 62/93 creciente 2-24
[worker 2] 63/93 creciente 4-10-24
[worker 2] 64/93 creciente 6-10-15-24
[worker 2] 65/93 creciente 10-24
[2-7-22] Deep-ONMF 1/1000
[2-7-22] Deep-ONMF 100/1000
[2-7-22] Deep-ONMF 200/1000
[2-7-22] Deep-ONMF 300/1000
[2-7-22] Deep-ONMF 400/1000
[2-7-22] Deep-ONMF 500/1000
[2-7-22] Deep-ONMF 600/1000
[2-7-22] Deep-ONMF 700/1000
[2-7-22] Deep-ONMF 800/1000
[2-7-22] Deep-ONMF 900/1000
[2-7-22] Deep-ONMF 1000/1000
[2-7-22] UjaNet-H fold 1/5
[2-7-22] UjaNet-H fold 2/5
[2-7-22] UjaNet-H fold 3/5
[2-7-22] UjaNet-H fold 4/5
[2-7-22] UjaNet-H fold 5/5
[worker 2] 66/93 creciente 2-7-22
[4-7-12-22] Deep-ONMF 1/1000
[4-7-12-22] Deep-ONMF 100/1000
[4-7-12-22] Deep-ONMF 200/1000
[4-7-12-22] Deep-ONMF 300/1000
[4-7-12-22] Deep-ONMF 400/1000
[4-7-12-22] Deep-ONMF 500/1000
[4-7-12-22] Deep-ONMF 600/1000
[4-7-12-22] Deep-ONMF 700/1000
[4-7-12-22] Deep-ONMF 800/1000
[4-7-12-22] Deep-ONMF 900/1000
[4-7-12-22] Deep-ONMF 1000/1000
[4-7-12-22] UjaNet-H fold 1/5
[4-7-12-22] UjaNet-H fold 2/5
[4-7-12-22] UjaNet-H fold 3/5
[4-7-12-22] UjaNet-H fold 4/5
[4-7-12-22] UjaNet-H fold 5/5
[worker 2] 67/93 creciente 4-7-12-22
[8-22] Deep-ONMF 1/1000
[8-22] Deep-ONMF 100/1000
[8-22] Deep-ONMF 200/1000
[8-22] Deep-ONMF 300/1000
[8-22] Deep-ONMF 400/1000
[8-22] Deep-ONMF 500/1000
[8-22] Deep-ONMF 600/1000
[8-22] Deep-ONMF 700/1000
[8-22] Deep-ONMF 800/1000
[8-22] Deep-ONMF 900/1000
[8-22] Deep-ONMF 1000/1000
[8-22] UjaNet-H fold 1/5
[8-22] UjaNet-H fold 2/5
[8-22] UjaNet-H fold 3/5
[8-22] UjaNet-H fold 4/5
[8-22] UjaNet-H fold 5/5
[worker 2] 68/93 creciente 8-22
[10-15-22] Deep-ONMF 1/1000
[10-15-22] Deep-ONMF 100/1000
[10-15-22] Deep-ONMF 200/1000
[10-15-22] Deep-ONMF 300/1000
[10-15-22] Deep-ONMF 400/1000
[10-15-22] Deep-ONMF 500/1000
[10-15-22] Deep-ONMF 600/1000
[10-15-22] Deep-ONMF 700/1000
[10-15-22] Deep-ONMF 800/1000
[10-15-22] Deep-ONMF 900/1000
[10-15-22] Deep-ONMF 1000/1000
[10-15-22] UjaNet-H fold 1/5
[10-15-22] UjaNet-H fold 2/5
[10-15-22] UjaNet-H fold 3/5
[10-15-22] UjaNet-H fold 4/5
[10-15-22] UjaNet-H fold 5/5
[worker 2] 69/93 creciente 10-15-22
[2-4-9-20] Deep-ONMF 1/1000
[2-4-9-20] Deep-ONMF 100/1000
[2-4-9-20] Deep-ONMF 200/1000
[2-4-9-20] Deep-ONMF 300/1000
[2-4-9-20] Deep-ONMF 400/1000
[2-4-9-20] Deep-ONMF 500/1000
[2-4-9-20] Deep-ONMF 600/1000
[2-4-9-20] Deep-ONMF 700/1000
[2-4-9-20] Deep-ONMF 800/1000
[2-4-9-20] Deep-ONMF 900/1000
[2-4-9-20] Deep-ONMF 1000/1000
[2-4-9-20] UjaNet-H fold 1/5
[2-4-9-20] UjaNet-H fold 2/5
[2-4-9-20] UjaNet-H fold 3/5
[2-4-9-20] UjaNet-H fold 4/5
[2-4-9-20] UjaNet-H fold 5/5
[worker 2] 70/93 creciente 2-4-9-20
[6-20] Deep-ONMF 1/1000
[6-20] Deep-ONMF 100/1000
[6-20] Deep-ONMF 200/1000
[6-20] Deep-ONMF 300/1000
[6-20] Deep-ONMF 400/1000
[6-20] Deep-ONMF 500/1000
[6-20] Deep-ONMF 600/1000
[6-20] Deep-ONMF 700/1000
[6-20] Deep-ONMF 800/1000
[6-20] Deep-ONMF 900/1000
[6-20] Deep-ONMF 1000/1000
[6-20] UjaNet-H fold 1/5
[6-20] UjaNet-H fold 2/5
[6-20] UjaNet-H fold 3/5
[6-20] UjaNet-H fold 4/5
[6-20] UjaNet-H fold 5/5
[worker 2] 71/93 creciente 6-20
[8-13-20] Deep-ONMF 1/1000
[8-13-20] Deep-ONMF 100/1000
[8-13-20] Deep-ONMF 200/1000
[8-13-20] Deep-ONMF 300/1000
[8-13-20] Deep-ONMF 400/1000
[8-13-20] Deep-ONMF 500/1000
[8-13-20] Deep-ONMF 600/1000
[8-13-20] Deep-ONMF 700/1000
[8-13-20] Deep-ONMF 800/1000
[8-13-20] Deep-ONMF 900/1000
[8-13-20] Deep-ONMF 1000/1000
[8-13-20] UjaNet-H fold 1/5
[8-13-20] UjaNet-H fold 2/5
[8-13-20] UjaNet-H fold 3/5
[8-13-20] UjaNet-H fold 4/5
[8-13-20] UjaNet-H fold 5/5
[worker 2] 72/93 creciente 8-13-20
[10-13-16-20] Deep-ONMF 1/1000
[10-13-16-20] Deep-ONMF 100/1000
[10-13-16-20] Deep-ONMF 200/1000
[10-13-16-20] Deep-ONMF 300/1000
[10-13-16-20] Deep-ONMF 400/1000
[10-13-16-20] Deep-ONMF 500/1000
[10-13-16-20] Deep-ONMF 600/1000
[10-13-16-20] Deep-ONMF 700/1000
[10-13-16-20] Deep-ONMF 800/1000
[10-13-16-20] Deep-ONMF 900/1000
[10-13-16-20] Deep-ONMF 1000/1000
[10-13-16-20] UjaNet-H fold 1/5
[10-13-16-20] UjaNet-H fold 2/5
[10-13-16-20] UjaNet-H fold 3/5
[10-13-16-20] UjaNet-H fold 4/5
[10-13-16-20] UjaNet-H fold 5/5
[worker 2] 73/93 creciente 10-13-16-20
[4-18] Deep-ONMF 1/1000
[4-18] Deep-ONMF 100/1000
[4-18] Deep-ONMF 200/1000
[4-18] Deep-ONMF 300/1000
[4-18] Deep-ONMF 400/1000
[4-18] Deep-ONMF 500/1000
[4-18] Deep-ONMF 600/1000
[4-18] Deep-ONMF 700/1000
[4-18] Deep-ONMF 800/1000
[4-18] Deep-ONMF 900/1000
[4-18] Deep-ONMF 1000/1000
[4-18] UjaNet-H fold 1/5
[4-18] UjaNet-H fold 2/5
[4-18] UjaNet-H fold 3/5
[4-18] UjaNet-H fold 4/5
[4-18] UjaNet-H fold 5/5
[worker 2] 74/93 creciente 4-18
[6-10-18] Deep-ONMF 1/1000
[6-10-18] Deep-ONMF 100/1000
[6-10-18] Deep-ONMF 200/1000
[6-10-18] Deep-ONMF 300/1000
[6-10-18] Deep-ONMF 400/1000
[6-10-18] Deep-ONMF 500/1000
[6-10-18] Deep-ONMF 600/1000
[6-10-18] Deep-ONMF 700/1000
[6-10-18] Deep-ONMF 800/1000
[6-10-18] Deep-ONMF 900/1000
[6-10-18] Deep-ONMF 1000/1000
[6-10-18] UjaNet-H fold 1/5
[6-10-18] UjaNet-H fold 2/5
[6-10-18] UjaNet-H fold 3/5
[6-10-18] UjaNet-H fold 4/5
[6-10-18] UjaNet-H fold 5/5
[worker 2] 75/93 creciente 6-10-18
[8-10-14-18] Deep-ONMF 1/1000
[8-10-14-18] Deep-ONMF 100/1000
[8-10-14-18] Deep-ONMF 200/1000
[8-10-14-18] Deep-ONMF 300/1000
[8-10-14-18] Deep-ONMF 400/1000
[8-10-14-18] Deep-ONMF 500/1000
[8-10-14-18] Deep-ONMF 600/1000
[8-10-14-18] Deep-ONMF 700/1000
[8-10-14-18] Deep-ONMF 800/1000
[8-10-14-18] Deep-ONMF 900/1000
[8-10-14-18] Deep-ONMF 1000/1000
[8-10-14-18] UjaNet-H fold 1/5
[8-10-14-18] UjaNet-H fold 2/5
[8-10-14-18] UjaNet-H fold 3/5
[8-10-14-18] UjaNet-H fold 4/5
[8-10-14-18] UjaNet-H fold 5/5
[worker 2] 76/93 creciente 8-10-14-18
[2-16] Deep-ONMF 1/1000
[2-16] Deep-ONMF 100/1000
[2-16] Deep-ONMF 200/1000
[2-16] Deep-ONMF 300/1000
[2-16] Deep-ONMF 400/1000
[2-16] Deep-ONMF 500/1000
[2-16] Deep-ONMF 600/1000
[2-16] Deep-ONMF 700/1000
[2-16] Deep-ONMF 800/1000
[2-16] Deep-ONMF 900/1000
[2-16] Deep-ONMF 1000/1000
[2-16] UjaNet-H fold 1/5
[2-16] UjaNet-H fold 2/5
[2-16] UjaNet-H fold 3/5
[2-16] UjaNet-H fold 4/5
[2-16] UjaNet-H fold 5/5
[worker 2] 77/93 creciente 2-16
[4-8-16] Deep-ONMF 1/1000
[4-8-16] Deep-ONMF 100/1000
[4-8-16] Deep-ONMF 200/1000
[4-8-16] Deep-ONMF 300/1000
[4-8-16] Deep-ONMF 400/1000
[4-8-16] Deep-ONMF 500/1000
[4-8-16] Deep-ONMF 600/1000
[4-8-16] Deep-ONMF 700/1000
[4-8-16] Deep-ONMF 800/1000
[4-8-16] Deep-ONMF 900/1000
[4-8-16] Deep-ONMF 1000/1000
[4-8-16] UjaNet-H fold 1/5
[4-8-16] UjaNet-H fold 2/5
[4-8-16] UjaNet-H fold 3/5
[4-8-16] UjaNet-H fold 4/5
[4-8-16] UjaNet-H fold 5/5
[worker 2] 78/93 creciente 4-8-16
[6-8-12-16] Deep-ONMF 1/1000
[6-8-12-16] Deep-ONMF 100/1000
[6-8-12-16] Deep-ONMF 200/1000
[6-8-12-16] Deep-ONMF 300/1000
[6-8-12-16] Deep-ONMF 400/1000
[6-8-12-16] Deep-ONMF 500/1000
[6-8-12-16] Deep-ONMF 600/1000
[6-8-12-16] Deep-ONMF 700/1000
[6-8-12-16] Deep-ONMF 800/1000
[6-8-12-16] Deep-ONMF 900/1000
[6-8-12-16] Deep-ONMF 1000/1000
[6-8-12-16] UjaNet-H fold 1/5
[6-8-12-16] UjaNet-H fold 2/5
[6-8-12-16] UjaNet-H fold 3/5
[6-8-12-16] UjaNet-H fold 4/5
[6-8-12-16] UjaNet-H fold 5/5
[worker 2] 79/93 creciente 6-8-12-16
[worker 2] 80/93 creciente 10-16
[2-5-14] Deep-ONMF 1/1000
[2-5-14] Deep-ONMF 100/1000
[2-5-14] Deep-ONMF 200/1000
[2-5-14] Deep-ONMF 300/1000
[2-5-14] Deep-ONMF 400/1000
[2-5-14] Deep-ONMF 500/1000
[2-5-14] Deep-ONMF 600/1000
[2-5-14] Deep-ONMF 700/1000
[2-5-14] Deep-ONMF 800/1000
[2-5-14] Deep-ONMF 900/1000
[2-5-14] Deep-ONMF 1000/1000
[2-5-14] UjaNet-H fold 1/5
[2-5-14] UjaNet-H fold 2/5
[2-5-14] UjaNet-H fold 3/5
[2-5-14] UjaNet-H fold 4/5
[2-5-14] UjaNet-H fold 5/5
[worker 2] 81/93 creciente 2-5-14
[4-6-9-14] Deep-ONMF 1/1000
[4-6-9-14] Deep-ONMF 100/1000
[4-6-9-14] Deep-ONMF 200/1000
[4-6-9-14] Deep-ONMF 300/1000
[4-6-9-14] Deep-ONMF 400/1000
[4-6-9-14] Deep-ONMF 500/1000
[4-6-9-14] Deep-ONMF 600/1000
[4-6-9-14] Deep-ONMF 700/1000
[4-6-9-14] Deep-ONMF 800/1000
[4-6-9-14] Deep-ONMF 900/1000
[4-6-9-14] Deep-ONMF 1000/1000
[4-6-9-14] UjaNet-H fold 1/5
[4-6-9-14] UjaNet-H fold 2/5
[4-6-9-14] UjaNet-H fold 3/5
[4-6-9-14] UjaNet-H fold 4/5
[4-6-9-14] UjaNet-H fold 5/5
[worker 2] 82/93 creciente 4-6-9-14
[worker 2] 83/93 creciente 8-14
[10-12-14] Deep-ONMF 1/1000
[10-12-14] Deep-ONMF 100/1000
[10-12-14] Deep-ONMF 200/1000
[10-12-14] Deep-ONMF 300/1000
[10-12-14] Deep-ONMF 400/1000
[10-12-14] Deep-ONMF 500/1000
[10-12-14] Deep-ONMF 600/1000
[10-12-14] Deep-ONMF 700/1000
[10-12-14] Deep-ONMF 800/1000
[10-12-14] Deep-ONMF 900/1000
[10-12-14] Deep-ONMF 1000/1000
[10-12-14] UjaNet-H fold 1/5
[10-12-14] UjaNet-H fold 2/5
[10-12-14] UjaNet-H fold 3/5
[10-12-14] UjaNet-H fold 4/5
[10-12-14] UjaNet-H fold 5/5
[worker 2] 84/93 creciente 10-12-14
[2-4-7-12] Deep-ONMF 1/1000
[2-4-7-12] Deep-ONMF 100/1000
[2-4-7-12] Deep-ONMF 200/1000
[2-4-7-12] Deep-ONMF 300/1000
[2-4-7-12] Deep-ONMF 400/1000
[2-4-7-12] Deep-ONMF 500/1000
[2-4-7-12] Deep-ONMF 600/1000
[2-4-7-12] Deep-ONMF 700/1000
[2-4-7-12] Deep-ONMF 800/1000
[2-4-7-12] Deep-ONMF 900/1000
[2-4-7-12] Deep-ONMF 1000/1000
[2-4-7-12] UjaNet-H fold 1/5
[2-4-7-12] UjaNet-H fold 2/5
[2-4-7-12] UjaNet-H fold 3/5
[2-4-7-12] UjaNet-H fold 4/5
[2-4-7-12] UjaNet-H fold 5/5
[worker 2] 85/93 creciente 2-4-7-12
[6-12] Deep-ONMF 1/1000
[6-12] Deep-ONMF 100/1000
[6-12] Deep-ONMF 200/1000
[6-12] Deep-ONMF 300/1000
[6-12] Deep-ONMF 400/1000
[6-12] Deep-ONMF 500/1000
[6-12] Deep-ONMF 600/1000
[6-12] Deep-ONMF 700/1000
[6-12] Deep-ONMF 800/1000
[6-12] Deep-ONMF 900/1000
[6-12] Deep-ONMF 1000/1000
[6-12] UjaNet-H fold 1/5
[6-12] UjaNet-H fold 2/5
[6-12] UjaNet-H fold 3/5
[6-12] UjaNet-H fold 4/5
[6-12] UjaNet-H fold 5/5
[worker 2] 86/93 creciente 6-12
[8-10-12] Deep-ONMF 1/1000
[8-10-12] Deep-ONMF 100/1000
[8-10-12] Deep-ONMF 200/1000
[8-10-12] Deep-ONMF 300/1000
[8-10-12] Deep-ONMF 400/1000
[8-10-12] Deep-ONMF 500/1000
[8-10-12] Deep-ONMF 600/1000
[8-10-12] Deep-ONMF 700/1000
[8-10-12] Deep-ONMF 800/1000
[8-10-12] Deep-ONMF 900/1000
[8-10-12] Deep-ONMF 1000/1000
[8-10-12] UjaNet-H fold 1/5
[8-10-12] UjaNet-H fold 2/5
[8-10-12] UjaNet-H fold 3/5
[8-10-12] UjaNet-H fold 4/5
[8-10-12] UjaNet-H fold 5/5
[worker 2] 87/93 creciente 8-10-12
[10-11-11-12] Deep-ONMF 1/1000
[10-11-11-12] Deep-ONMF 100/1000
[10-11-11-12] Deep-ONMF 200/1000
[10-11-11-12] Deep-ONMF 300/1000
[10-11-11-12] Deep-ONMF 400/1000
[10-11-11-12] Deep-ONMF 500/1000
[10-11-11-12] Deep-ONMF 600/1000
[10-11-11-12] Deep-ONMF 700/1000
[10-11-11-12] Deep-ONMF 800/1000
[10-11-11-12] Deep-ONMF 900/1000
[10-11-11-12] Deep-ONMF 1000/1000
[10-11-11-12] UjaNet-H fold 1/5
[10-11-11-12] UjaNet-H fold 2/5
[10-11-11-12] UjaNet-H fold 3/5
[10-11-11-12] UjaNet-H fold 4/5
[10-11-11-12] UjaNet-H fold 5/5
[worker 2] 88/93 creciente 10-11-11-12
[4-10] Deep-ONMF 1/1000
[4-10] Deep-ONMF 100/1000
[4-10] Deep-ONMF 200/1000
[4-10] Deep-ONMF 300/1000
[4-10] Deep-ONMF 400/1000
[4-10] Deep-ONMF 500/1000
[4-10] Deep-ONMF 600/1000
[4-10] Deep-ONMF 700/1000
[4-10] Deep-ONMF 800/1000
[4-10] Deep-ONMF 900/1000
[4-10] Deep-ONMF 1000/1000
[4-10] UjaNet-H fold 1/5
[4-10] UjaNet-H fold 2/5
[4-10] UjaNet-H fold 3/5
[4-10] UjaNet-H fold 4/5
[4-10] UjaNet-H fold 5/5
[worker 2] 89/93 creciente 4-10
[6-8-10] Deep-ONMF 1/1000
[6-8-10] Deep-ONMF 100/1000
[6-8-10] Deep-ONMF 200/1000
[6-8-10] Deep-ONMF 300/1000
[6-8-10] Deep-ONMF 400/1000
[6-8-10] Deep-ONMF 500/1000
[6-8-10] Deep-ONMF 600/1000
[6-8-10] Deep-ONMF 700/1000
[6-8-10] Deep-ONMF 800/1000
[6-8-10] Deep-ONMF 900/1000
[6-8-10] Deep-ONMF 1000/1000
[6-8-10] UjaNet-H fold 1/5
[6-8-10] UjaNet-H fold 2/5
[6-8-10] UjaNet-H fold 3/5
[6-8-10] UjaNet-H fold 4/5
[6-8-10] UjaNet-H fold 5/5
[worker 2] 90/93 creciente 6-8-10
[8-9-9-10] Deep-ONMF 1/1000
[8-9-9-10] Deep-ONMF 100/1000
[8-9-9-10] Deep-ONMF 200/1000
[8-9-9-10] Deep-ONMF 300/1000
[8-9-9-10] Deep-ONMF 400/1000
[8-9-9-10] Deep-ONMF 500/1000
[8-9-9-10] Deep-ONMF 600/1000
[8-9-9-10] Deep-ONMF 700/1000
[8-9-9-10] Deep-ONMF 800/1000
[8-9-9-10] Deep-ONMF 900/1000
[8-9-9-10] Deep-ONMF 1000/1000
[8-9-9-10] UjaNet-H fold 1/5
[8-9-9-10] UjaNet-H fold 2/5
[8-9-9-10] UjaNet-H fold 3/5
[8-9-9-10] UjaNet-H fold 4/5
[8-9-9-10] UjaNet-H fold 5/5
[worker 2] 91/93 creciente 8-9-9-10
[4-8] Deep-ONMF 1/1000
[4-8] Deep-ONMF 100/1000
[4-8] Deep-ONMF 200/1000
[4-8] Deep-ONMF 300/1000
[4-8] Deep-ONMF 400/1000
[4-8] Deep-ONMF 500/1000
[4-8] Deep-ONMF 600/1000
[4-8] Deep-ONMF 700/1000
[4-8] Deep-ONMF 800/1000
[4-8] Deep-ONMF 900/1000
[4-8] Deep-ONMF 1000/1000
[4-8] UjaNet-H fold 1/5
[4-8] UjaNet-H fold 2/5
[4-8] UjaNet-H fold 3/5
[4-8] UjaNet-H fold 4/5
[4-8] UjaNet-H fold 5/5
[worker 2] 92/93 creciente 4-8
[6-7-8] Deep-ONMF 1/1000
[6-7-8] Deep-ONMF 100/1000
[6-7-8] Deep-ONMF 200/1000
[6-7-8] Deep-ONMF 300/1000
[6-7-8] Deep-ONMF 400/1000
[6-7-8] Deep-ONMF 500/1000
[6-7-8] Deep-ONMF 600/1000
[6-7-8] Deep-ONMF 700/1000
[6-7-8] Deep-ONMF 800/1000
[6-7-8] Deep-ONMF 900/1000
[6-7-8] Deep-ONMF 1000/1000
[6-7-8] UjaNet-H fold 1/5
[6-7-8] UjaNet-H fold 2/5
[6-7-8] UjaNet-H fold 3/5
[6-7-8] UjaNet-H fold 4/5
[6-7-8] UjaNet-H fold 5/5
[worker 2] 93/93 creciente 6-7-8
