[worker 0] 1/93 decreciente 32-2
[32-13-5-2] Deep-ONMF 400/1000
[32-13-5-2] Deep-ONMF 500/1000
[32-13-5-2] Deep-ONMF 600/1000
[32-13-5-2] Deep-ONMF 700/1000
[32-13-5-2] Deep-ONMF 800/1000
[32-13-5-2] Deep-ONMF 900/1000
[32-13-5-2] Deep-ONMF 1000/1000
[worker 0] 1/93 decreciente 32-2
[worker 0] 2/93 decreciente 32-13-5-2
[worker 0] 3/93 decreciente 32-11-4
[worker 0] 4/93 decreciente 32-6
[worker 0] 5/93 decreciente 32-18-10-6
[worker 0] 6/93 decreciente 32-16-8
[worker 0] 7/93 decreciente 32-10
[worker 0] 8/93 decreciente 32-22-15-10
[worker 0] 9/93 decreciente 30-8-2
[worker 0] 10/93 decreciente 30-4
[worker 0] 11/93 decreciente 30-15-8-4
[worker 0] 12/93 decreciente 30-13-6
[worker 0] 13/93 decreciente 30-8
[30-19-12-8] UjaNet-H fold 2/5
[30-19-12-8] UjaNet-H fold 3/5
[30-19-12-8] UjaNet-H fold 4/5
[30-19-12-8] UjaNet-H fold 5/5
[worker 0] 14/93 decreciente 30-19-12-8
[30-17-10] Deep-ONMF 100/1000
[30-17-10] Deep-ONMF 200/1000
[30-17-10] Deep-ONMF 300/1000
[30-17-10] Deep-ONMF 400/1000
[30-17-10] Deep-ONMF 500/1000
[30-17-10] Deep-ONMF 600/1000
[30-17-10] Deep-ONMF 700/1000
[30-17-10] Deep-ONMF 800/1000
[30-17-10] Deep-ONMF 900/1000
[30-17-10] Deep-ONMF 1000/1000
[30-17-10] UjaNet-H fold 1/5
[30-17-10] UjaNet-H fold 2/5
[30-17-10] UjaNet-H fold 3/5
[30-17-10] UjaNet-H fold 4/5
[30-17-10] UjaNet-H fold 5/5
[worker 0] 15/93 decreciente 30-17-10
[28-2] Deep-ONMF 1/1000
[28-2] Deep-ONMF 100/1000
[28-2] Deep-ONMF 200/1000
[28-2] Deep-ONMF 300/1000
[28-2] Deep-ONMF 400/1000
[28-2] Deep-ONMF 500/1000
[28-2] Deep-ONMF 600/1000
[28-2] Deep-ONMF 700/1000
[28-2] Deep-ONMF 800/1000
[28-2] Deep-ONMF 900/1000
[28-2] Deep-ONMF 1000/1000
[28-2] UjaNet-H fold 1/5
[28-2] UjaNet-H fold 2/5
[28-2] UjaNet-H fold 3/5
[28-2] UjaNet-H fold 4/5
[28-2] UjaNet-H fold 5/5
[worker 0] 16/93 decreciente 28-2
[28-12-5-2] Deep-ONMF 1/1000
[28-12-5-2] Deep-ONMF 100/1000
[28-12-5-2] Deep-ONMF 200/1000
[28-12-5-2] Deep-ONMF 300/1000
[28-12-5-2] Deep-ONMF 400/1000
[28-12-5-2] Deep-ONMF 500/1000
[28-12-5-2] Deep-ONMF 600/1000
[28-12-5-2] Deep-ONMF 700/1000
[28-12-5-2] Deep-ONMF 800/1000
[28-12-5-2] Deep-ONMF 900/1000
[28-12-5-2] Deep-ONMF 1000/1000
[28-12-5-2] UjaNet-H fold 1/5
[28-12-5-2] UjaNet-H fold 2/5
[28-12-5-2] UjaNet-H fold 3/5
[28-12-5-2] UjaNet-H fold 4/5
[28-12-5-2] UjaNet-H fold 5/5
[worker 0] 17/93 decreciente 28-12-5-2
[28-11-4] Deep-ONMF 1/1000
[28-11-4] Deep-ONMF 100/1000
[28-11-4] Deep-ONMF 200/1000
[28-11-4] Deep-ONMF 300/1000
[28-11-4] Deep-ONMF 400/1000
[28-11-4] Deep-ONMF 500/1000
[28-11-4] Deep-ONMF 600/1000
[28-11-4] Deep-ONMF 700/1000
[28-11-4] Deep-ONMF 800/1000
[28-11-4] Deep-ONMF 900/1000
[28-11-4] Deep-ONMF 1000/1000
[28-11-4] UjaNet-H fold 1/5
[28-11-4] UjaNet-H fold 2/5
[28-11-4] UjaNet-H fold 3/5
[28-11-4] UjaNet-H fold 4/5
[28-11-4] UjaNet-H fold 5/5
[worker 0] 18/93 decreciente 28-11-4
[28-6] Deep-ONMF 1/1000
[28-6] Deep-ONMF 100/1000
[28-6] Deep-ONMF 200/1000
[28-6] Deep-ONMF 300/1000
[28-6] Deep-ONMF 400/1000
[28-6] Deep-ONMF 500/1000
[28-6] Deep-ONMF 600/1000
[28-6] Deep-ONMF 700/1000
[28-6] Deep-ONMF 800/1000
[28-6] Deep-ONMF 900/1000
[28-6] Deep-ONMF 1000/1000
[28-6] UjaNet-H fold 1/5
[28-6] UjaNet-H fold 2/5
[28-6] UjaNet-H fold 3/5
[28-6] UjaNet-H fold 4/5
[28-6] UjaNet-H fold 5/5
[worker 0] 19/93 decreciente 28-6
[28-17-10-6] Deep-ONMF 1/1000
[28-17-10-6] Deep-ONMF 100/1000
[28-17-10-6] Deep-ONMF 200/1000
[28-17-10-6] Deep-ONMF 300/1000
[28-17-10-6] Deep-ONMF 400/1000
[28-17-10-6] Deep-ONMF 500/1000
[28-17-10-6] Deep-ONMF 600/1000
[28-17-10-6] Deep-ONMF 700/1000
[28-17-10-6] Deep-ONMF 800/1000
[28-17-10-6] Deep-ONMF 900/1000
[28-17-10-6] Deep-ONMF 1000/1000
[28-17-10-6] UjaNet-H fold 1/5
[28-17-10-6] UjaNet-H fold 2/5
[28-17-10-6] UjaNet-H fold 3/5
[28-17-10-6] UjaNet-H fold 4/5
[28-17-10-6] UjaNet-H fold 5/5
[worker 0] 20/93 decreciente 28-17-10-6
[28-15-8] Deep-ONMF 1/1000
[28-15-8] Deep-ONMF 100/1000
[28-15-8] Deep-ONMF 200/1000
[28-15-8] Deep-ONMF 300/1000
[28-15-8] Deep-ONMF 400/1000
[28-15-8] Deep-ONMF 500/1000
[28-15-8] Deep-ONMF 600/1000
[28-15-8] Deep-ONMF 700/1000
[28-15-8] Deep-ONMF 800/1000
[28-15-8] Deep-ONMF 900/1000
[28-15-8] Deep-ONMF 1000/1000
[28-15-8] UjaNet-H fold 1/5
[28-15-8] UjaNet-H fold 2/5
[28-15-8] UjaNet-H fold 3/5
[28-15-8] UjaNet-H fold 4/5
[28-15-8] UjaNet-H fold 5/5
[worker 0] 21/93 decreciente 28-15-8
[28-10] Deep-ONMF 1/1000
[28-10] Deep-ONMF 100/1000
[28-10] Deep-ONMF 200/1000
[28-10] Deep-ONMF 300/1000
[28-10] Deep-ONMF 400/1000
[28-10] Deep-ONMF 500/1000
[28-10] Deep-ONMF 600/1000
[28-10] Deep-ONMF 700/1000
[28-10] Deep-ONMF 800/1000
[28-10] Deep-ONMF 900/1000
[28-10] Deep-ONMF 1000/1000
[28-10] UjaNet-H fold 1/5
[28-10] UjaNet-H fold 2/5
[28-10] UjaNet-H fold 3/5
[28-10] UjaNet-H fold 4/5
[28-10] UjaNet-H fold 5/5
[worker 0] 22/93 decreciente 28-10
[28-20-14-10] Deep-ONMF 1/1000
[28-20-14-10] Deep-ONMF 100/1000
[28-20-14-10] Deep-ONMF 200/1000
[28-20-14-10] Deep-ONMF 300/1000
[28-20-14-10] Deep-ONMF 400/1000
[28-20-14-10] Deep-ONMF 500/1000
[28-20-14-10] Deep-ONMF 600/1000
[28-20-14-10] Deep-ONMF 700/1000
[28-20-14-10] Deep-ONMF 800/1000
[28-20-14-10] Deep-ONMF 900/1000
[28-20-14-10] Deep-ONMF 1000/1000
[28-20-14-10] UjaNet-H fold 1/5
[28-20-14-10] UjaNet-H fold 2/5
[28-20-14-10] UjaNet-H fold 3/5
[28-20-14-10] UjaNet-H fold 4/5
[28-20-14-10] UjaNet-H fold 5/5
[worker 0] 23/93 decreciente 28-20-14-10
[26-7-2] Deep-ONMF 1/1000
[26-7-2] Deep-ONMF 100/1000
[26-7-2] Deep-ONMF 200/1000
[26-7-2] Deep-ONMF 300/1000
[26-7-2] Deep-ONMF 400/1000
[26-7-2] Deep-ONMF 500/1000
[26-7-2] Deep-ONMF 600/1000
[26-7-2] Deep-ONMF 700/1000
[26-7-2] Deep-ONMF 800/1000
[26-7-2] Deep-ONMF 900/1000
[26-7-2] Deep-ONMF 1000/1000
[26-7-2] UjaNet-H fold 1/5
[26-7-2] UjaNet-H fold 2/5
[26-7-2] UjaNet-H fold 3/5
[26-7-2] UjaNet-H fold 4/5
[26-7-2] UjaNet-H fold 5/5
[worker 0] 24/93 decreciente 26-7-2
[26-4] Deep-ONMF 1/1000
[26-4] Deep-ONMF 100/1000
[26-4] Deep-ONMF 200/1000
[26-4] Deep-ONMF 300/1000
[26-4] Deep-ONMF 400/1000
[26-4] Deep-ONMF 500/1000
[26-4] Deep-ONMF 600/1000
[26-4] Deep-ONMF 700/1000
[26-4] Deep-ONMF 800/1000
[26-4] Deep-ONMF 900/1000
[26-4] Deep-ONMF 1000/1000
[26-4] UjaNet-H fold 1/5
[26-4] UjaNet-H fold 2/5
[26-4] UjaNet-H fold 3/5
[26-4] UjaNet-H fold 4/5
[26-4] UjaNet-H fold 5/5
[worker 0] 25/93 decreciente 26-4
[26-14-7-4] Deep-ONMF 1/1000
[26-14-7-4] Deep-ONMF 100/1000
[26-14-7-4] Deep-ONMF 200/1000
[26-14-7-4] Deep-ONMF 300/1000
[26-14-7-4] Deep-ONMF 400/1000
[26-14-7-4] Deep-ONMF 500/1000
[26-14-7-4] Deep-ONMF 600/1000
[26-14-7-4] Deep-ONMF 700/1000
[26-14-7-4] Deep-ONMF 800/1000
[26-14-7-4] Deep-ONMF 900/1000
[26-14-7-4] Deep-ONMF 1000/1000
[26-14-7-4] UjaNet-H fold 1/5
[26-14-7-4] UjaNet-H fold 2/5
[26-14-7-4] UjaNet-H fold 3/5
[26-14-7-4] UjaNet-H fold 4/5
[26-14-7-4] UjaNet-H fold 5/5
[worker 0] 26/93 decreciente 26-14-7-4
[26-12-6] Deep-ONMF 1/1000
[26-12-6] Deep-ONMF 100/1000
[26-12-6] Deep-ONMF 200/1000
[26-12-6] Deep-ONMF 300/1000
[26-12-6] Deep-ONMF 400/1000
[26-12-6] Deep-ONMF 500/1000
[26-12-6] Deep-ONMF 600/1000
[26-12-6] Deep-ONMF 700/1000
[26-12-6] Deep-ONMF 800/1000
[26-12-6] Deep-ONMF 900/1000
[26-12-6] Deep-ONMF 1000/1000
[26-12-6] UjaNet-H fold 1/5
[26-12-6] UjaNet-H fold 2/5
[26-12-6] UjaNet-H fold 3/5
[26-12-6] UjaNet-H fold 4/5
[26-12-6] UjaNet-H fold 5/5
[worker 0] 27/93 decreciente 26-12-6
[26-8] Deep-ONMF 1/1000
[26-8] Deep-ONMF 100/1000
[26-8] Deep-ONMF 200/1000
[26-8] Deep-ONMF 300/1000
[26-8] Deep-ONMF 400/1000
[26-8] Deep-ONMF 500/1000
[26-8] Deep-ONMF 600/1000
[26-8] Deep-ONMF 700/1000
[26-8] Deep-ONMF 800/1000
[26-8] Deep-ONMF 900/1000
[26-8] Deep-ONMF 1000/1000
[26-8] UjaNet-H fold 1/5
[26-8] UjaNet-H fold 2/5
[26-8] UjaNet-H fold 3/5
[26-8] UjaNet-H fold 4/5
[26-8] UjaNet-H fold 5/5
[worker 0] 28/93 decreciente 26-8
[26-18-12-8] Deep-ONMF 1/1000
[26-18-12-8] Deep-ONMF 100/1000
[26-18-12-8] Deep-ONMF 200/1000
[26-18-12-8] Deep-ONMF 300/1000
[26-18-12-8] Deep-ONMF 400/1000
[26-18-12-8] Deep-ONMF 500/1000
[26-18-12-8] Deep-ONMF 600/1000
[26-18-12-8] Deep-ONMF 700/1000
[26-18-12-8] Deep-ONMF 800/1000
[26-18-12-8] Deep-ONMF 900/1000
[26-18-12-8] Deep-ONMF 1000/1000
[26-18-12-8] UjaNet-H fold 1/5
[26-18-12-8] UjaNet-H fold 2/5
[26-18-12-8] UjaNet-H fold 3/5
[26-18-12-8] UjaNet-H fold 4/5
[26-18-12-8] UjaNet-H fold 5/5
[worker 0] 29/93 decreciente 26-18-12-8
[26-16-10] Deep-ONMF 1/1000
[26-16-10] Deep-ONMF 100/1000
[26-16-10] Deep-ONMF 200/1000
[26-16-10] Deep-ONMF 300/1000
[26-16-10] Deep-ONMF 400/1000
[26-16-10] Deep-ONMF 500/1000
[26-16-10] Deep-ONMF 600/1000
[26-16-10] Deep-ONMF 700/1000
[26-16-10] Deep-ONMF 800/1000
[26-16-10] Deep-ONMF 900/1000
[26-16-10] Deep-ONMF 1000/1000
[26-16-10] UjaNet-H fold 1/5
[26-16-10] UjaNet-H fold 2/5
[26-16-10] UjaNet-H fold 3/5
[26-16-10] UjaNet-H fold 4/5
[26-16-10] UjaNet-H fold 5/5
[worker 0] 30/93 decreciente 26-16-10
[24-2] Deep-ONMF 1/1000
[24-2] Deep-ONMF 100/1000
[24-2] Deep-ONMF 200/1000
[24-2] Deep-ONMF 300/1000
[24-2] Deep-ONMF 400/1000
[24-2] Deep-ONMF 500/1000
[24-2] Deep-ONMF 600/1000
[24-2] Deep-ONMF 700/1000
[24-2] Deep-ONMF 800/1000
[24-2] Deep-ONMF 900/1000
[24-2] Deep-ONMF 1000/1000
[24-2] UjaNet-H fold 1/5
[24-2] UjaNet-H fold 2/5
[24-2] UjaNet-H fold 3/5
[24-2] UjaNet-H fold 4/5
[24-2] UjaNet-H fold 5/5
[worker 0] 31/93 decreciente 24-2
[24-10-5-2] Deep-ONMF 1/1000
[24-10-5-2] Deep-ONMF 100/1000
[24-10-5-2] Deep-ONMF 200/1000
[24-10-5-2] Deep-ONMF 300/1000
[24-10-5-2] Deep-ONMF 400/1000
[24-10-5-2] Deep-ONMF 500/1000
[24-10-5-2] Deep-ONMF 600/1000
[24-10-5-2] Deep-ONMF 700/1000
[24-10-5-2] Deep-ONMF 800/1000
[24-10-5-2] Deep-ONMF 900/1000
[24-10-5-2] Deep-ONMF 1000/1000
[24-10-5-2] UjaNet-H fold 1/5
[24-10-5-2] UjaNet-H fold 2/5
[24-10-5-2] UjaNet-H fold 3/5
[24-10-5-2] UjaNet-H fold 4/5
[24-10-5-2] UjaNet-H fold 5/5
[worker 0] 32/93 decreciente 24-10-5-2
[24-10-4] Deep-ONMF 1/1000
[24-10-4] Deep-ONMF 100/1000
[24-10-4] Deep-ONMF 200/1000
[24-10-4] Deep-ONMF 300/1000
[24-10-4] Deep-ONMF 400/1000
[24-10-4] Deep-ONMF 500/1000
[24-10-4] Deep-ONMF 600/1000
[24-10-4] Deep-ONMF 700/1000
[24-10-4] Deep-ONMF 800/1000
[24-10-4] Deep-ONMF 900/1000
[24-10-4] Deep-ONMF 1000/1000
[24-10-4] UjaNet-H fold 1/5
[24-10-4] UjaNet-H fold 2/5
[24-10-4] UjaNet-H fold 3/5
[24-10-4] UjaNet-H fold 4/5
[24-10-4] UjaNet-H fold 5/5
[worker 0] 33/93 decreciente 24-10-4
[24-6] Deep-ONMF 1/1000
[24-6] Deep-ONMF 100/1000
[24-6] Deep-ONMF 200/1000
[24-6] Deep-ONMF 300/1000
[24-6] Deep-ONMF 400/1000
[24-6] Deep-ONMF 500/1000
[24-6] Deep-ONMF 600/1000
[24-6] Deep-ONMF 700/1000
[24-6] Deep-ONMF 800/1000
[24-6] Deep-ONMF 900/1000
[24-6] Deep-ONMF 1000/1000
[24-6] UjaNet-H fold 1/5
[24-6] UjaNet-H fold 2/5
[24-6] UjaNet-H fold 3/5
[24-6] UjaNet-H fold 4/5
[24-6] UjaNet-H fold 5/5
[worker 0] 34/93 decreciente 24-6
[24-15-10-6] Deep-ONMF 1/1000
[24-15-10-6] Deep-ONMF 100/1000
[24-15-10-6] Deep-ONMF 200/1000
[24-15-10-6] Deep-ONMF 300/1000
[24-15-10-6] Deep-ONMF 400/1000
[24-15-10-6] Deep-ONMF 500/1000
[24-15-10-6] Deep-ONMF 600/1000
[24-15-10-6] Deep-ONMF 700/1000
[24-15-10-6] Deep-ONMF 800/1000
[24-15-10-6] Deep-ONMF 900/1000
[24-15-10-6] Deep-ONMF 1000/1000
[24-15-10-6] UjaNet-H fold 1/5
[24-15-10-6] UjaNet-H fold 2/5
[24-15-10-6] UjaNet-H fold 3/5
[24-15-10-6] UjaNet-H fold 4/5
[24-15-10-6] UjaNet-H fold 5/5
[worker 0] 35/93 decreciente 24-15-10-6
[24-14-8] Deep-ONMF 1/1000
[24-14-8] Deep-ONMF 100/1000
[24-14-8] Deep-ONMF 200/1000
[24-14-8] Deep-ONMF 300/1000
[24-14-8] Deep-ONMF 400/1000
[24-14-8] Deep-ONMF 500/1000
[24-14-8] Deep-ONMF 600/1000
[24-14-8] Deep-ONMF 700/1000
[24-14-8] Deep-ONMF 800/1000
[24-14-8] Deep-ONMF 900/1000
[24-14-8] Deep-ONMF 1000/1000
[24-14-8] UjaNet-H fold 1/5
[24-14-8] UjaNet-H fold 2/5
[24-14-8] UjaNet-H fold 3/5
[24-14-8] UjaNet-H fold 4/5
[24-14-8] UjaNet-H fold 5/5
[worker 0] 36/93 decreciente 24-14-8
[24-10] Deep-ONMF 1/1000
[24-10] Deep-ONMF 100/1000
[24-10] Deep-ONMF 200/1000
[24-10] Deep-ONMF 300/1000
[24-10] Deep-ONMF 400/1000
[24-10] Deep-ONMF 500/1000
[24-10] Deep-ONMF 600/1000
[24-10] Deep-ONMF 700/1000
[24-10] Deep-ONMF 800/1000
[24-10] Deep-ONMF 900/1000
[24-10] Deep-ONMF 1000/1000
[24-10] UjaNet-H fold 1/5
[24-10] UjaNet-H fold 2/5
[24-10] UjaNet-H fold 3/5
[24-10] UjaNet-H fold 4/5
[24-10] UjaNet-H fold 5/5
[worker 0] 37/93 decreciente 24-10
[24-18-13-10] Deep-ONMF 1/1000
[24-18-13-10] Deep-ONMF 100/1000
[24-18-13-10] Deep-ONMF 200/1000
[24-18-13-10] Deep-ONMF 300/1000
[24-18-13-10] Deep-ONMF 400/1000
[24-18-13-10] Deep-ONMF 500/1000
[24-18-13-10] Deep-ONMF 600/1000
[24-18-13-10] Deep-ONMF 700/1000
[24-18-13-10] Deep-ONMF 800/1000
[24-18-13-10] Deep-ONMF 900/1000
[24-18-13-10] Deep-ONMF 1000/1000
[24-18-13-10] UjaNet-H fold 1/5
[24-18-13-10] UjaNet-H fold 2/5
[24-18-13-10] UjaNet-H fold 3/5
[24-18-13-10] UjaNet-H fold 4/5
[24-18-13-10] UjaNet-H fold 5/5
[worker 0] 38/93 decreciente 24-18-13-10
[22-7-2] Deep-ONMF 1/1000
[22-7-2] Deep-ONMF 100/1000
[22-7-2] Deep-ONMF 200/1000
[22-7-2] Deep-ONMF 300/1000
[22-7-2] Deep-ONMF 400/1000
[22-7-2] Deep-ONMF 500/1000
[22-7-2] Deep-ONMF 600/1000
[22-7-2] Deep-ONMF 700/1000
[22-7-2] Deep-ONMF 800/1000
[22-7-2] Deep-ONMF 900/1000
[22-7-2] Deep-ONMF 1000/1000
[22-7-2] UjaNet-H fold 1/5
[22-7-2] UjaNet-H fold 2/5
[22-7-2] UjaNet-H fold 3/5
[22-7-2] UjaNet-H fold 4/5
[22-7-2] UjaNet-H fold 5/5
[worker 0] 39/93 decreciente 22-7-2
[22-4] Deep-ONMF 1/1000
[22-4] Deep-ONMF 100/1000
[22-4] Deep-ONMF 200/1000
[22-4] Deep-ONMF 300/1000
[22-4] Deep-ONMF 400/1000
[22-4] Deep-ONMF 500/1000
[22-4] Deep-ONMF 600/1000
[22-4] Deep-ONMF 700/1000
[22-4] Deep-ONMF 800/1000
[22-4] Deep-ONMF 900/1000
[22-4] Deep-ONMF 1000/1000
[22-4] UjaNet-H fold 1/5
[22-4] UjaNet-H fold 2/5
[22-4] UjaNet-H fold 3/5
[22-4] UjaNet-H fold 4/5
[22-4] UjaNet-H fold 5/5
[worker 0] 40/93 decreciente 22-4
[22-12-7-4] Deep-ONMF 1/1000
[22-12-7-4] Deep-ONMF 100/1000
[22-12-7-4] Deep-ONMF 200/1000
[22-12-7-4] Deep-ONMF 300/1000
[22-12-7-4] Deep-ONMF 400/1000
[22-12-7-4] Deep-ONMF 500/1000
[22-12-7-4] Deep-ONMF 600/1000
[22-12-7-4] Deep-ONMF 700/1000
[22-12-7-4] Deep-ONMF 800/1000
[22-12-7-4] Deep-ONMF 900/1000
[22-12-7-4] Deep-ONMF 1000/1000
[22-12-7-4] UjaNet-H fold 1/5
[22-12-7-4] UjaNet-H fold 2/5
[22-12-7-4] UjaNet-H fold 3/5
[22-12-7-4] UjaNet-H fold 4/5
[22-12-7-4] UjaNet-H fold 5/5
[worker 0] 41/93 decreciente 22-12-7-4
[22-11-6] Deep-ONMF 1/1000
[22-11-6] Deep-ONMF 100/1000
[22-11-6] Deep-ONMF 200/1000
[22-11-6] Deep-ONMF 300/1000
[22-11-6] Deep-ONMF 400/1000
[22-11-6] Deep-ONMF 500/1000
[22-11-6] Deep-ONMF 600/1000
[22-11-6] Deep-ONMF 700/1000
[22-11-6] Deep-ONMF 800/1000
[22-11-6] Deep-ONMF 900/1000
[22-11-6] Deep-ONMF 1000/1000
[22-11-6] UjaNet-H fold 1/5
[22-11-6] UjaNet-H fold 2/5
[22-11-6] UjaNet-H fold 3/5
[22-11-6] UjaNet-H fold 4/5
[22-11-6] UjaNet-H fold 5/5
[worker 0] 42/93 decreciente 22-11-6
[22-8] Deep-ONMF 1/1000
[22-8] Deep-ONMF 100/1000
[22-8] Deep-ONMF 200/1000
[22-8] Deep-ONMF 300/1000
[22-8] Deep-ONMF 400/1000
[22-8] Deep-ONMF 500/1000
[22-8] Deep-ONMF 600/1000
[22-8] Deep-ONMF 700/1000
[22-8] Deep-ONMF 800/1000
[22-8] Deep-ONMF 900/1000
[22-8] Deep-ONMF 1000/1000
[22-8] UjaNet-H fold 1/5
[22-8] UjaNet-H fold 2/5
[22-8] UjaNet-H fold 3/5
[22-8] UjaNet-H fold 4/5
[22-8] UjaNet-H fold 5/5
[worker 0] 43/93 decreciente 22-8
[22-16-11-8] Deep-ONMF 1/1000
[22-16-11-8] Deep-ONMF 100/1000
[22-16-11-8] Deep-ONMF 200/1000
[22-16-11-8] Deep-ONMF 300/1000
[22-16-11-8] Deep-ONMF 400/1000
[22-16-11-8] Deep-ONMF 500/1000
[22-16-11-8] Deep-ONMF 600/1000
[22-16-11-8] Deep-ONMF 700/1000
[22-16-11-8] Deep-ONMF 800/1000
[22-16-11-8] Deep-ONMF 900/1000
[22-16-11-8] Deep-ONMF 1000/1000
[22-16-11-8] UjaNet-H fold 1/5
[22-16-11-8] UjaNet-H fold 2/5
[22-16-11-8] UjaNet-H fold 3/5
[22-16-11-8] UjaNet-H fold 4/5
[22-16-11-8] UjaNet-H fold 5/5
[worker 0] 44/93 decreciente 22-16-11-8
[22-15-10] Deep-ONMF 1/1000
[22-15-10] Deep-ONMF 100/1000
[22-15-10] Deep-ONMF 200/1000
[22-15-10] Deep-ONMF 300/1000
[22-15-10] Deep-ONMF 400/1000
[22-15-10] Deep-ONMF 500/1000
[22-15-10] Deep-ONMF 600/1000
[22-15-10] Deep-ONMF 700/1000
[22-15-10] Deep-ONMF 800/1000
[22-15-10] Deep-ONMF 900/1000
[22-15-10] Deep-ONMF 1000/1000
[22-15-10] UjaNet-H fold 1/5
[22-15-10] UjaNet-H fold 2/5
[22-15-10] UjaNet-H fold 3/5
[22-15-10] UjaNet-H fold 4/5
[22-15-10] UjaNet-H fold 5/5
[worker 0] 45/93 decreciente 22-15-10
[20-2] Deep-ONMF 1/1000
[20-2] Deep-ONMF 100/1000
[20-2] Deep-ONMF 200/1000
[20-2] Deep-ONMF 300/1000
[20-2] Deep-ONMF 400/1000
[20-2] Deep-ONMF 500/1000
[20-2] Deep-ONMF 600/1000
[20-2] Deep-ONMF 700/1000
[20-2] Deep-ONMF 800/1000
[20-2] Deep-ONMF 900/1000
[20-2] Deep-ONMF 1000/1000
[20-2] UjaNet-H fold 1/5
[20-2] UjaNet-H fold 2/5
[20-2] UjaNet-H fold 3/5
[20-2] UjaNet-H fold 4/5
[20-2] UjaNet-H fold 5/5
[worker 0] 46/93 decreciente 20-2
[20-9-4-2] Deep-ONMF 1/1000
[20-9-4-2] Deep-ONMF 100/1000
[20-9-4-2] Deep-ONMF 200/1000
[20-9-4-2] Deep-ONMF 300/1000
[20-9-4-2] Deep-ONMF 400/1000
[20-9-4-2] Deep-ONMF 500/1000
[20-9-4-2] Deep-ONMF 600/1000
[20-9-4-2] Deep-ONMF 700/1000
[20-9-4-2] Deep-ONMF 800/1000
[20-9-4-2] Deep-ONMF 900/1000
[20-9-4-2] Deep-ONMF 1000/1000
[20-9-4-2] UjaNet-H fold 1/5
[20-9-4-2] UjaNet-H fold 2/5
[20-9-4-2] UjaNet-H fold 3/5
[20-9-4-2] UjaNet-H fold 4/5
[20-9-4-2] UjaNet-H fold 5/5
[worker 0] 47/93 decreciente 20-9-4-2
[20-9-4] Deep-ONMF 1/1000
[20-9-4] Deep-ONMF 100/1000
[20-9-4] Deep-ONMF 200/1000
[20-9-4] Deep-ONMF 300/1000
[20-9-4] Deep-ONMF 400/1000
[20-9-4] Deep-ONMF 500/1000
[20-9-4] Deep-ONMF 600/1000
[20-9-4] Deep-ONMF 700/1000
[20-9-4] Deep-ONMF 800/1000
[20-9-4] Deep-ONMF 900/1000
[20-9-4] Deep-ONMF 1000/1000
[20-9-4] UjaNet-H fold 1/5
[20-9-4] UjaNet-H fold 2/5
[20-9-4] UjaNet-H fold 3/5
[20-9-4] UjaNet-H fold 4/5
[20-9-4] UjaNet-H fold 5/5
[worker 0] 48/93 decreciente 20-9-4
[20-6] Deep-ONMF 1/1000
[20-6] Deep-ONMF 100/1000
[20-6] Deep-ONMF 200/1000
[20-6] Deep-ONMF 300/1000
[20-6] Deep-ONMF 400/1000
[20-6] Deep-ONMF 500/1000
[20-6] Deep-ONMF 600/1000
[20-6] Deep-ONMF 700/1000
[20-6] Deep-ONMF 800/1000
[20-6] Deep-ONMF 900/1000
[20-6] Deep-ONMF 1000/1000
[20-6] UjaNet-H fold 1/5
[20-6] UjaNet-H fold 2/5
[20-6] UjaNet-H fold 3/5
[20-6] UjaNet-H fold 4/5
[20-6] UjaNet-H fold 5/5
[worker 0] 49/93 decreciente 20-6
[20-13-9-6] Deep-ONMF 1/1000
[20-13-9-6] Deep-ONMF 100/1000
[20-13-9-6] Deep-ONMF 200/1000
[20-13-9-6] Deep-ONMF 300/1000
[20-13-9-6] Deep-ONMF 400/1000
[20-13-9-6] Deep-ONMF 500/1000
[20-13-9-6] Deep-ONMF 600/1000
[20-13-9-6] Deep-ONMF 700/1000
[20-13-9-6] Deep-ONMF 800/1000
[20-13-9-6] Deep-ONMF 900/1000
[20-13-9-6] Deep-ONMF 1000/1000
[20-13-9-6] UjaNet-H fold 1/5
[20-13-9-6] UjaNet-H fold 2/5
[20-13-9-6] UjaNet-H fold 3/5
[20-13-9-6] UjaNet-H fold 4/5
[20-13-9-6] UjaNet-H fold 5/5
[worker 0] 50/93 decreciente 20-13-9-6
[20-13-8] Deep-ONMF 1/1000
[20-13-8] Deep-ONMF 100/1000
[20-13-8] Deep-ONMF 200/1000
[20-13-8] Deep-ONMF 300/1000
[20-13-8] Deep-ONMF 400/1000
[20-13-8] Deep-ONMF 500/1000
[20-13-8] Deep-ONMF 600/1000
[20-13-8] Deep-ONMF 700/1000
[20-13-8] Deep-ONMF 800/1000
[20-13-8] Deep-ONMF 900/1000
[20-13-8] Deep-ONMF 1000/1000
[20-13-8] UjaNet-H fold 1/5
[20-13-8] UjaNet-H fold 2/5
[20-13-8] UjaNet-H fold 3/5
[20-13-8] UjaNet-H fold 4/5
[20-13-8] UjaNet-H fold 5/5
[worker 0] 51/93 decreciente 20-13-8
[worker 0] 52/93 decreciente 20-10
[20-16-13-10] Deep-ONMF 1/1000
[20-16-13-10] Deep-ONMF 100/1000
[20-16-13-10] Deep-ONMF 200/1000
[20-16-13-10] Deep-ONMF 300/1000
[20-16-13-10] Deep-ONMF 400/1000
[20-16-13-10] Deep-ONMF 500/1000
[20-16-13-10] Deep-ONMF 600/1000
[20-16-13-10] Deep-ONMF 700/1000
[20-16-13-10] Deep-ONMF 800/1000
[20-16-13-10] Deep-ONMF 900/1000
[20-16-13-10] Deep-ONMF 1000/1000
[20-16-13-10] UjaNet-H fold 1/5
[20-16-13-10] UjaNet-H fold 2/5
[20-16-13-10] UjaNet-H fold 3/5
[20-16-13-10] UjaNet-H fold 4/5
[20-16-13-10] UjaNet-H fold 5/5
[worker 0] 53/93 decreciente 20-16-13-10
[18-6-2] Deep-ONMF 1/1000
[18-6-2] Deep-ONMF 100/1000
[18-6-2] Deep-ONMF 200/1000
[18-6-2] Deep-ONMF 300/1000
[18-6-2] Deep-ONMF 400/1000
[18-6-2] Deep-ONMF 500/1000
[18-6-2] Deep-ONMF 600/1000
[18-6-2] Deep-ONMF 700/1000
[18-6-2] Deep-ONMF 800/1000
[18-6-2] Deep-ONMF 900/1000
[18-6-2] Deep-ONMF 1000/1000
[18-6-2] UjaNet-H fold 1/5
[18-6-2] UjaNet-H fold 2/5
[18-6-2] UjaNet-H fold 3/5
[18-6-2] UjaNet-H fold 4/5
[18-6-2] UjaNet-H fold 5/5
[worker 0] 54/93 decreciente 18-6-2
[18-4] Deep-ONMF 1/1000
[18-4] Deep-ONMF 100/1000
[18-4] Deep-ONMF 200/1000
[18-4] Deep-ONMF 300/1000
[18-4] Deep-ONMF 400/1000
[18-4] Deep-ONMF 500/1000
[18-4] Deep-ONMF 600/1000
[18-4] Deep-ONMF 700/1000
[18-4] Deep-ONMF 800/1000
[18-4] Deep-ONMF 900/1000
[18-4] Deep-ONMF 1000/1000
[18-4] UjaNet-H fold 1/5
[18-4] UjaNet-H fold 2/5
[18-4] UjaNet-H fold 3/5
[18-4] UjaNet-H fold 4/5
[18-4] UjaNet-H fold 5/5
[worker 0] 55/93 decreciente 18-4
[18-11-7-4] Deep-ONMF 1/1000
[18-11-7-4] Deep-ONMF 100/1000
[18-11-7-4] Deep-ONMF 200/1000
[18-11-7-4] Deep-ONMF 300/1000
[18-11-7-4] Deep-ONMF 400/1000
[18-11-7-4] Deep-ONMF 500/1000
[18-11-7-4] Deep-ONMF 600/1000
[18-11-7-4] Deep-ONMF 700/1000
[18-11-7-4] Deep-ONMF 800/1000
[18-11-7-4] Deep-ONMF 900/1000
[18-11-7-4] Deep-ONMF 1000/1000
[18-11-7-4] UjaNet-H fold 1/5
[18-11-7-4] UjaNet-H fold 2/5
[18-11-7-4] UjaNet-H fold 3/5
[18-11-7-4] UjaNet-H fold 4/5
[18-11-7-4] UjaNet-H fold 5/5
[worker 0] 56/93 decreciente 18-11-7-4
[18-10-6] Deep-ONMF 1/1000
[18-10-6] Deep-ONMF 100/1000
[18-10-6] Deep-ONMF 200/1000
[18-10-6] Deep-ONMF 300/1000
[18-10-6] Deep-ONMF 400/1000
[18-10-6] Deep-ONMF 500/1000
[18-10-6] Deep-ONMF 600/1000
[18-10-6] Deep-ONMF 700/1000
[18-10-6] Deep-ONMF 800/1000
[18-10-6] Deep-ONMF 900/1000
[18-10-6] Deep-ONMF 1000/1000
[18-10-6] UjaNet-H fold 1/5
[18-10-6] UjaNet-H fold 2/5
[18-10-6] UjaNet-H fold 3/5
[18-10-6] UjaNet-H fold 4/5
[18-10-6] UjaNet-H fold 5/5
[worker 0] 57/93 decreciente 18-10-6
[18-8] Deep-ONMF 1/1000
[18-8] Deep-ONMF 100/1000
[18-8] Deep-ONMF 200/1000
[18-8] Deep-ONMF 300/1000
[18-8] Deep-ONMF 400/1000
[18-8] Deep-ONMF 500/1000
[18-8] Deep-ONMF 600/1000
[18-8] Deep-ONMF 700/1000
[18-8] Deep-ONMF 800/1000
[18-8] Deep-ONMF 900/1000
[18-8] Deep-ONMF 1000/1000
[18-8] UjaNet-H fold 1/5
[18-8] UjaNet-H fold 2/5
[18-8] UjaNet-H fold 3/5
[18-8] UjaNet-H fold 4/5
[18-8] UjaNet-H fold 5/5
[worker 0] 58/93 decreciente 18-8
[18-14-10-8] Deep-ONMF 1/1000
[18-14-10-8] Deep-ONMF 100/1000
[18-14-10-8] Deep-ONMF 200/1000
[18-14-10-8] Deep-ONMF 300/1000
[18-14-10-8] Deep-ONMF 400/1000
[18-14-10-8] Deep-ONMF 500/1000
[18-14-10-8] Deep-ONMF 600/1000
[18-14-10-8] Deep-ONMF 700/1000
[18-14-10-8] Deep-ONMF 800/1000
[18-14-10-8] Deep-ONMF 900/1000
[18-14-10-8] Deep-ONMF 1000/1000
[18-14-10-8] UjaNet-H fold 1/5
[18-14-10-8] UjaNet-H fold 2/5
[18-14-10-8] UjaNet-H fold 3/5
[18-14-10-8] UjaNet-H fold 4/5
[18-14-10-8] UjaNet-H fold 5/5
[worker 0] 59/93 decreciente 18-14-10-8
[18-13-10] Deep-ONMF 1/1000
[18-13-10] Deep-ONMF 100/1000
[18-13-10] Deep-ONMF 200/1000
[18-13-10] Deep-ONMF 300/1000
[18-13-10] Deep-ONMF 400/1000
[18-13-10] Deep-ONMF 500/1000
[18-13-10] Deep-ONMF 600/1000
[18-13-10] Deep-ONMF 700/1000
[18-13-10] Deep-ONMF 800/1000
[18-13-10] Deep-ONMF 900/1000
[18-13-10] Deep-ONMF 1000/1000
[18-13-10] UjaNet-H fold 1/5
[18-13-10] UjaNet-H fold 2/5
[18-13-10] UjaNet-H fold 3/5
[18-13-10] UjaNet-H fold 4/5
[18-13-10] UjaNet-H fold 5/5
[worker 0] 60/93 decreciente 18-13-10
[16-2] Deep-ONMF 1/1000
[16-2] Deep-ONMF 100/1000
[16-2] Deep-ONMF 200/1000
[16-2] Deep-ONMF 300/1000
[16-2] Deep-ONMF 400/1000
[16-2] Deep-ONMF 500/1000
[16-2] Deep-ONMF 600/1000
[16-2] Deep-ONMF 700/1000
[16-2] Deep-ONMF 800/1000
[16-2] Deep-ONMF 900/1000
[16-2] Deep-ONMF 1000/1000
[16-2] UjaNet-H fold 1/5
[16-2] UjaNet-H fold 2/5
[16-2] UjaNet-H fold 3/5
[16-2] UjaNet-H fold 4/5
[16-2] UjaNet-H fold 5/5
[worker 0] 61/93 decreciente 16-2
[16-8-4-2] Deep-ONMF 1/1000
[16-8-4-2] Deep-ONMF 100/1000
[16-8-4-2] Deep-ONMF 200/1000
[16-8-4-2] Deep-ONMF 300/1000
[16-8-4-2] Deep-ONMF 400/1000
[16-8-4-2] Deep-ONMF 500/1000
[16-8-4-2] Deep-ONMF 600/1000
[16-8-4-2] Deep-ONMF 700/1000
[16-8-4-2] Deep-ONMF 800/1000
[16-8-4-2] Deep-ONMF 900/1000
[16-8-4-2] Deep-ONMF 1000/1000
[16-8-4-2] UjaNet-H fold 1/5
[16-8-4-2] UjaNet-H fold 2/5
[16-8-4-2] UjaNet-H fold 3/5
[16-8-4-2] UjaNet-H fold 4/5
[16-8-4-2] UjaNet-H fold 5/5
[worker 0] 62/93 decreciente 16-8-4-2
[16-8-4] Deep-ONMF 1/1000
[16-8-4] Deep-ONMF 100/1000
[16-8-4] Deep-ONMF 200/1000
[16-8-4] Deep-ONMF 300/1000
[16-8-4] Deep-ONMF 400/1000
[16-8-4] Deep-ONMF 500/1000
[16-8-4] Deep-ONMF 600/1000
[16-8-4] Deep-ONMF 700/1000
[16-8-4] Deep-ONMF 800/1000
[16-8-4] Deep-ONMF 900/1000
[16-8-4] Deep-ONMF 1000/1000
[16-8-4] UjaNet-H fold 1/5
[16-8-4] UjaNet-H fold 2/5
[16-8-4] UjaNet-H fold 3/5
[16-8-4] UjaNet-H fold 4/5
[16-8-4] UjaNet-H fold 5/5
[worker 0] 63/93 decreciente 16-8-4
[16-6] Deep-ONMF 1/1000
[16-6] Deep-ONMF 100/1000
[16-6] Deep-ONMF 200/1000
[16-6] Deep-ONMF 300/1000
[16-6] Deep-ONMF 400/1000
[16-6] Deep-ONMF 500/1000
[16-6] Deep-ONMF 600/1000
[16-6] Deep-ONMF 700/1000
[16-6] Deep-ONMF 800/1000
[16-6] Deep-ONMF 900/1000
[16-6] Deep-ONMF 1000/1000
[16-6] UjaNet-H fold 1/5
[16-6] UjaNet-H fold 2/5
[16-6] UjaNet-H fold 3/5
[16-6] UjaNet-H fold 4/5
[16-6] UjaNet-H fold 5/5
[worker 0] 64/93 decreciente 16-6
[16-12-8-6] Deep-ONMF 1/1000
[16-12-8-6] Deep-ONMF 100/1000
[16-12-8-6] Deep-ONMF 200/1000
[16-12-8-6] Deep-ONMF 300/1000
[16-12-8-6] Deep-ONMF 400/1000
[16-12-8-6] Deep-ONMF 500/1000
[16-12-8-6] Deep-ONMF 600/1000
[16-12-8-6] Deep-ONMF 700/1000
[16-12-8-6] Deep-ONMF 800/1000
[16-12-8-6] Deep-ONMF 900/1000
[16-12-8-6] Deep-ONMF 1000/1000
[16-12-8-6] UjaNet-H fold 1/5
[16-12-8-6] UjaNet-H fold 2/5
[16-12-8-6] UjaNet-H fold 3/5
[16-12-8-6] UjaNet-H fold 4/5
[16-12-8-6] UjaNet-H fold 5/5
[worker 0] 65/93 decreciente 16-12-8-6
[16-11-8] Deep-ONMF 1/1000
[16-11-8] Deep-ONMF 100/1000
[16-11-8] Deep-ONMF 200/1000
[16-11-8] Deep-ONMF 300/1000
[16-11-8] Deep-ONMF 400/1000
[16-11-8] Deep-ONMF 500/1000
[16-11-8] Deep-ONMF 600/1000
[16-11-8] Deep-ONMF 700/1000
[16-11-8] Deep-ONMF 800/1000
[16-11-8] Deep-ONMF 900/1000
[16-11-8] Deep-ONMF 1000/1000
[16-11-8] UjaNet-H fold 1/5
[16-11-8] UjaNet-H fold 2/5
[16-11-8] UjaNet-H fold 3/5
[16-11-8] UjaNet-H fold 4/5
[16-11-8] UjaNet-H fold 5/5
[worker 0] 66/93 decreciente 16-11-8
[worker 0] 67/93 decreciente 16-10
[16-14-12-10] Deep-ONMF 1/1000
[16-14-12-10] Deep-ONMF 100/1000
[16-14-12-10] Deep-ONMF 200/1000
[16-14-12-10] Deep-ONMF 300/1000
[16-14-12-10] Deep-ONMF 400/1000
[16-14-12-10] Deep-ONMF 500/1000
[16-14-12-10] Deep-ONMF 600/1000
[16-14-12-10] Deep-ONMF 700/1000
[16-14-12-10] Deep-ONMF 800/1000
[16-14-12-10] Deep-ONMF 900/1000
[16-14-12-10] Deep-ONMF 1000/1000
[16-14-12-10] UjaNet-H fold 1/5
[16-14-12-10] UjaNet-H fold 2/5
[16-14-12-10] UjaNet-H fold 3/5
[16-14-12-10] UjaNet-H fold 4/5
[16-14-12-10] UjaNet-H fold 5/5
[worker 0] 68/93 decreciente 16-14-12-10
[14-5-2] Deep-ONMF 1/1000
[14-5-2] Deep-ONMF 100/1000
[14-5-2] Deep-ONMF 200/1000
[14-5-2] Deep-ONMF 300/1000
[14-5-2] Deep-ONMF 400/1000
[14-5-2] Deep-ONMF 500/1000
[14-5-2] Deep-ONMF 600/1000
[14-5-2] Deep-ONMF 700/1000
[14-5-2] Deep-ONMF 800/1000
[14-5-2] Deep-ONMF 900/1000
[14-5-2] Deep-ONMF 1000/1000
[14-5-2] UjaNet-H fold 1/5
[14-5-2] UjaNet-H fold 2/5
[14-5-2] UjaNet-H fold 3/5
[14-5-2] UjaNet-H fold 4/5
[14-5-2] UjaNet-H fold 5/5
[worker 0] 69/93 decreciente 14-5-2
[14-4] Deep-ONMF 1/1000
[14-4] Deep-ONMF 100/1000
[14-4] Deep-ONMF 200/1000
[14-4] Deep-ONMF 300/1000
[14-4] Deep-ONMF 400/1000
[14-4] Deep-ONMF 500/1000
[14-4] Deep-ONMF 600/1000
[14-4] Deep-ONMF 700/1000
[14-4] Deep-ONMF 800/1000
[14-4] Deep-ONMF 900/1000
[14-4] Deep-ONMF 1000/1000
[14-4] UjaNet-H fold 1/5
[14-4] UjaNet-H fold 2/5
[14-4] UjaNet-H fold 3/5
[14-4] UjaNet-H fold 4/5
[14-4] UjaNet-H fold 5/5
[worker 0] 70/93 decreciente 14-4
[14-9-6-4] Deep-ONMF 1/1000
[14-9-6-4] Deep-ONMF 100/1000
[14-9-6-4] Deep-ONMF 200/1000
[14-9-6-4] Deep-ONMF 300/1000
[14-9-6-4] Deep-ONMF 400/1000
[14-9-6-4] Deep-ONMF 500/1000
[14-9-6-4] Deep-ONMF 600/1000
[14-9-6-4] Deep-ONMF 700/1000
[14-9-6-4] Deep-ONMF 800/1000
[14-9-6-4] Deep-ONMF 900/1000
[14-9-6-4] Deep-ONMF 1000/1000
[14-9-6-4] UjaNet-H fold 1/5
[14-9-6-4] UjaNet-H fold 2/5
[14-9-6-4] UjaNet-H fold 3/5
[14-9-6-4] UjaNet-H fold 4/5
[14-9-6-4] UjaNet-H fold 5/5
[worker 0] 71/93 decreciente 14-9-6-4
[14-9-6] Deep-ONMF 1/1000
[14-9-6] Deep-ONMF 100/1000
[14-9-6] Deep-ONMF 200/1000
[14-9-6] Deep-ONMF 300/1000
[14-9-6] Deep-ONMF 400/1000
[14-9-6] Deep-ONMF 500/1000
[14-9-6] Deep-ONMF 600/1000
[14-9-6] Deep-ONMF 700/1000
[14-9-6] Deep-ONMF 800/1000
[14-9-6] Deep-ONMF 900/1000
[14-9-6] Deep-ONMF 1000/1000
[14-9-6] UjaNet-H fold 1/5
[14-9-6] UjaNet-H fold 2/5
[14-9-6] UjaNet-H fold 3/5
[14-9-6] UjaNet-H fold 4/5
[14-9-6] UjaNet-H fold 5/5
[worker 0] 72/93 decreciente 14-9-6
[worker 0] 73/93 decreciente 14-8
[14-12-10-8] Deep-ONMF 1/1000
[14-12-10-8] Deep-ONMF 100/1000
[14-12-10-8] Deep-ONMF 200/1000
[14-12-10-8] Deep-ONMF 300/1000
[14-12-10-8] Deep-ONMF 400/1000
[14-12-10-8] Deep-ONMF 500/1000
[14-12-10-8] Deep-ONMF 600/1000
[14-12-10-8] Deep-ONMF 700/1000
[14-12-10-8] Deep-ONMF 800/1000
[14-12-10-8] Deep-ONMF 900/1000
[14-12-10-8] Deep-ONMF 1000/1000
[14-12-10-8] UjaNet-H fold 1/5
[14-12-10-8] UjaNet-H fold 2/5
[14-12-10-8] UjaNet-H fold 3/5
[14-12-10-8] UjaNet-H fold 4/5
[14-12-10-8] UjaNet-H fold 5/5
[worker 0] 74/93 decreciente 14-12-10-8
[14-12-10] Deep-ONMF 1/1000
[14-12-10] Deep-ONMF 100/1000
[14-12-10] Deep-ONMF 200/1000
[14-12-10] Deep-ONMF 300/1000
[14-12-10] Deep-ONMF 400/1000
[14-12-10] Deep-ONMF 500/1000
[14-12-10] Deep-ONMF 600/1000
[14-12-10] Deep-ONMF 700/1000
[14-12-10] Deep-ONMF 800/1000
[14-12-10] Deep-ONMF 900/1000
[14-12-10] Deep-ONMF 1000/1000
[14-12-10] UjaNet-H fold 1/5
[14-12-10] UjaNet-H fold 2/5
[14-12-10] UjaNet-H fold 3/5
[14-12-10] UjaNet-H fold 4/5
[14-12-10] UjaNet-H fold 5/5
[worker 0] 75/93 decreciente 14-12-10
[12-2] Deep-ONMF 1/1000
[12-2] Deep-ONMF 100/1000
[12-2] Deep-ONMF 200/1000
[12-2] Deep-ONMF 300/1000
[12-2] Deep-ONMF 400/1000
[12-2] Deep-ONMF 500/1000
[12-2] Deep-ONMF 600/1000
[12-2] Deep-ONMF 700/1000
[12-2] Deep-ONMF 800/1000
[12-2] Deep-ONMF 900/1000
[12-2] Deep-ONMF 1000/1000
[12-2] UjaNet-H fold 1/5
[12-2] UjaNet-H fold 2/5
[12-2] UjaNet-H fold 3/5
[12-2] UjaNet-H fold 4/5
[12-2] UjaNet-H fold 5/5
[worker 0] 76/93 decreciente 12-2
[12-7-4-2] Deep-ONMF 1/1000
[12-7-4-2] Deep-ONMF 100/1000
[12-7-4-2] Deep-ONMF 200/1000
[12-7-4-2] Deep-ONMF 300/1000
[12-7-4-2] Deep-ONMF 400/1000
[12-7-4-2] Deep-ONMF 500/1000
[12-7-4-2] Deep-ONMF 600/1000
[12-7-4-2] Deep-ONMF 700/1000
[12-7-4-2] Deep-ONMF 800/1000
[12-7-4-2] Deep-ONMF 900/1000
[12-7-4-2] Deep-ONMF 1000/1000
[12-7-4-2] UjaNet-H fold 1/5
[12-7-4-2] UjaNet-H fold 2/5
[12-7-4-2] UjaNet-H fold 3/5
[12-7-4-2] UjaNet-H fold 4/5
[12-7-4-2] UjaNet-H fold 5/5
[worker 0] 77/93 decreciente 12-7-4-2
[12-7-4] Deep-ONMF 1/1000
[12-7-4] Deep-ONMF 100/1000
[12-7-4] Deep-ONMF 200/1000
[12-7-4] Deep-ONMF 300/1000
[12-7-4] Deep-ONMF 400/1000
[12-7-4] Deep-ONMF 500/1000
[12-7-4] Deep-ONMF 600/1000
[12-7-4] Deep-ONMF 700/1000
[12-7-4] Deep-ONMF 800/1000
[12-7-4] Deep-ONMF 900/1000
[12-7-4] Deep-ONMF 1000/1000
[12-7-4] UjaNet-H fold 1/5
[12-7-4] UjaNet-H fold 2/5
[12-7-4] UjaNet-H fold 3/5
[12-7-4] UjaNet-H fold 4/5
[12-7-4] UjaNet-H fold 5/5
[worker 0] 78/93 decreciente 12-7-4
[worker 0] 79/93 decreciente 12-6
[12-10-8-6] Deep-ONMF 1/1000
[12-10-8-6] Deep-ONMF 100/1000
[12-10-8-6] Deep-ONMF 200/1000
[12-10-8-6] Deep-ONMF 300/1000
[12-10-8-6] Deep-ONMF 400/1000
[12-10-8-6] Deep-ONMF 500/1000
[12-10-8-6] Deep-ONMF 600/1000
[12-10-8-6] Deep-ONMF 700/1000
[12-10-8-6] Deep-ONMF 800/1000
[12-10-8-6] Deep-ONMF 900/1000
[12-10-8-6] Deep-ONMF 1000/1000
[12-10-8-6] UjaNet-H fold 1/5
[12-10-8-6] UjaNet-H fold 2/5
[12-10-8-6] UjaNet-H fold 3/5
[12-10-8-6] UjaNet-H fold 4/5
[12-10-8-6] UjaNet-H fold 5/5
[worker 0] 80/93 decreciente 12-10-8-6
[12-10-8] Deep-ONMF 1/1000
[12-10-8] Deep-ONMF 100/1000
[12-10-8] Deep-ONMF 200/1000
[12-10-8] Deep-ONMF 300/1000
[12-10-8] Deep-ONMF 400/1000
[12-10-8] Deep-ONMF 500/1000
[12-10-8] Deep-ONMF 600/1000
[12-10-8] Deep-ONMF 700/1000
[12-10-8] Deep-ONMF 800/1000
[12-10-8] Deep-ONMF 900/1000
[12-10-8] Deep-ONMF 1000/1000[worker 0] 1/93 decreciente 32-2
[worker 0] 2/93 decreciente 32-11-4
[worker 0] 3/93 decreciente 32-18-10-6
[worker 0] 4/93 decreciente 32-10
[worker 0] 5/93 decreciente 30-8-2
[worker 0] 6/93 decreciente 30-15-8-4
[worker 0] 7/93 decreciente 30-8
[worker 0] 8/93 decreciente 30-17-10
[worker 0] 9/93 decreciente 28-12-5-2
[worker 0] 10/93 decreciente 28-6
[worker 0] 11/93 decreciente 28-15-8
[worker 0] 12/93 decreciente 28-20-14-10
[worker 0] 13/93 decreciente 26-4
[worker 0] 14/93 decreciente 26-12-6
[worker 0] 15/93 decreciente 26-18-12-8
[worker 0] 16/93 decreciente 24-2
[worker 0] 17/93 decreciente 24-10-4
[worker 0] 18/93 decreciente 24-15-10-6
[worker 0] 19/93 decreciente 24-10
[worker 0] 20/93 decreciente 22-7-2
[worker 0] 21/93 decreciente 22-12-7-4
[worker 0] 22/93 decreciente 22-8
[worker 0] 23/93 decreciente 22-15-10
[worker 0] 24/93 decreciente 20-9-4-2
[worker 0] 25/93 decreciente 20-6
[worker 0] 26/93 decreciente 20-13-8
[worker 0] 27/93 decreciente 20-16-13-10
[worker 0] 28/93 decreciente 18-4
[worker 0] 29/93 decreciente 18-10-6
[worker 0] 30/93 decreciente 18-14-10-8
[worker 0] 31/93 decreciente 16-2
[worker 0] 32/93 decreciente 16-8-4
[worker 0] 33/93 decreciente 16-12-8-6
[worker 0] 34/93 decreciente 16-10
[worker 0] 35/93 decreciente 14-5-2
[worker 0] 36/93 decreciente 14-9-6-4
[worker 0] 37/93 decreciente 14-8
[worker 0] 38/93 decreciente 14-12-10
[worker 0] 39/93 decreciente 12-7-4-2
[worker 0] 40/93 decreciente 12-6
[worker 0] 41/93 decreciente 12-10-8
[worker 0] 42/93 decreciente 12-11-11-10
[worker 0] 43/93 decreciente 10-4
[worker 0] 44/93 decreciente 10-8-6
[worker 0] 45/93 decreciente 10-9-9-8
[worker 0] 46/93 decreciente 8-4
[8-7-6] Deep-ONMF 1/1000
[8-7-6] Deep-ONMF 100/1000
[8-7-6] Deep-ONMF 200/1000
[8-7-6] Deep-ONMF 300/1000
[8-7-6] Deep-ONMF 400/1000
[8-7-6] Deep-ONMF 500/1000
[8-7-6] Deep-ONMF 600/1000
[8-7-6] Deep-ONMF 700/1000
[8-7-6] Deep-ONMF 800/1000
[8-7-6] Deep-ONMF 900/1000
[8-7-6] Deep-ONMF 1000/1000
[8-7-6] UjaNet-H fold 1/5
[8-7-6] UjaNet-H fold 2/5
[8-7-6] UjaNet-H fold 3/5
[8-7-6] UjaNet-H fold 4/5
[8-7-6] UjaNet-H fold 5/5
[worker 0] 47/93 decreciente 8-7-6
[worker 0] 48/93 creciente 2-5-13-32
[worker 0] 49/93 creciente 6-32
[worker 0] 50/93 creciente 8-16-32
[worker 0] 51/93 creciente 10-15-22-32
[worker 0] 52/93 creciente 4-30
[worker 0] 53/93 creciente 6-13-30
[worker 0] 54/93 creciente 8-12-19-30
[worker 0] 55/93 creciente 2-28
[worker 0] 56/93 creciente 4-11-28
[worker 0] 57/93 creciente 6-10-17-28
[worker 0] 58/93 creciente 10-28
[worker 0] 59/93 creciente 2-7-26
[worker 0] 60/93 creciente 4-7-14-26
[worker 0] 61/93 creciente 8-26
[worker 0] 62/93 creciente 10-16-26
[worker 0] 63/93 creciente 2-5-10-24
[worker 0] 64/93 creciente 6-24
[worker 0] 65/93 creciente 8-14-24
[10-13-18-24] UjaNet-H fold 3/5
[10-13-18-24] UjaNet-H fold 4/5
[10-13-18-24] UjaNet-H fold 5/5
[worker 0] 66/93 creciente 10-13-18-24
[4-22] Deep-ONMF 1/1000
[4-22] Deep-ONMF 100/1000
[4-22] Deep-ONMF 200/1000
[4-22] Deep-ONMF 300/1000
[4-22] Deep-ONMF 400/1000
[4-22] Deep-ONMF 500/1000
[4-22] Deep-ONMF 600/1000
[4-22] Deep-ONMF 700/1000
[4-22] Deep-ONMF 800/1000
[4-22] Deep-ONMF 900/1000
[4-22] Deep-ONMF 1000/1000
[4-22] UjaNet-H fold 1/5
[4-22] UjaNet-H fold 2/5
[4-22] UjaNet-H fold 3/5
[4-22] UjaNet-H fold 4/5
[4-22] UjaNet-H fold 5/5
[worker 0] 67/93 creciente 4-22
[6-11-22] Deep-ONMF 1/1000
[6-11-22] Deep-ONMF 100/1000
[6-11-22] Deep-ONMF 200/1000
[6-11-22] Deep-ONMF 300/1000
[6-11-22] Deep-ONMF 400/1000
[6-11-22] Deep-ONMF 500/1000
[6-11-22] Deep-ONMF 600/1000
[6-11-22] Deep-ONMF 700/1000
[6-11-22] Deep-ONMF 800/1000
[6-11-22] Deep-ONMF 900/1000
[6-11-22] Deep-ONMF 1000/1000
[6-11-22] UjaNet-H fold 1/5
[6-11-22] UjaNet-H fold 2/5
[6-11-22] UjaNet-H fold 3/5
[6-11-22] UjaNet-H fold 4/5
[6-11-22] UjaNet-H fold 5/5
[worker 0] 68/93 creciente 6-11-22
[8-11-16-22] Deep-ONMF 1/1000
[8-11-16-22] Deep-ONMF 100/1000
[8-11-16-22] Deep-ONMF 200/1000
[8-11-16-22] Deep-ONMF 300/1000
[8-11-16-22] Deep-ONMF 400/1000
[8-11-16-22] Deep-ONMF 500/1000
[8-11-16-22] Deep-ONMF 600/1000
[8-11-16-22] Deep-ONMF 700/1000
[8-11-16-22] Deep-ONMF 800/1000
[8-11-16-22] Deep-ONMF 900/1000
[8-11-16-22] Deep-ONMF 1000/1000
[8-11-16-22] UjaNet-H fold 1/5
[8-11-16-22] UjaNet-H fold 2/5
[8-11-16-22] UjaNet-H fold 3/5
[8-11-16-22] UjaNet-H fold 4/5
[8-11-16-22] UjaNet-H fold 5/5
[worker 0] 69/93 creciente 8-11-16-22
[2-20] Deep-ONMF 1/1000
[2-20] Deep-ONMF 100/1000
[2-20] Deep-ONMF 200/1000
[2-20] Deep-ONMF 300/1000
[2-20] Deep-ONMF 400/1000
[2-20] Deep-ONMF 500/1000
[2-20] Deep-ONMF 600/1000
[2-20] Deep-ONMF 700/1000
[2-20] Deep-ONMF 800/1000
[2-20] Deep-ONMF 900/1000
[2-20] Deep-ONMF 1000/1000
[2-20] UjaNet-H fold 1/5
[2-20] UjaNet-H fold 2/5
[2-20] UjaNet-H fold 3/5
[2-20] UjaNet-H fold 4/5
[2-20] UjaNet-H fold 5/5
[worker 0] 70/93 creciente 2-20
[4-9-20] Deep-ONMF 1/1000
[4-9-20] Deep-ONMF 100/1000
[4-9-20] Deep-ONMF 200/1000
[4-9-20] Deep-ONMF 300/1000
[4-9-20] Deep-ONMF 400/1000
[4-9-20] Deep-ONMF 500/1000
[4-9-20] Deep-ONMF 600/1000
[4-9-20] Deep-ONMF 700/1000
[4-9-20] Deep-ONMF 800/1000
[4-9-20] Deep-ONMF 900/1000
[4-9-20] Deep-ONMF 1000/1000
[4-9-20] UjaNet-H fold 1/5
[4-9-20] UjaNet-H fold 2/5
[4-9-20] UjaNet-H fold 3/5
[4-9-20] UjaNet-H fold 4/5
[4-9-20] UjaNet-H fold 5/5
[worker 0] 71/93 creciente 4-9-20
[6-9-13-20] Deep-ONMF 1/1000
[6-9-13-20] Deep-ONMF 100/1000
[6-9-13-20] Deep-ONMF 200/1000
[6-9-13-20] Deep-ONMF 300/1000
[6-9-13-20] Deep-ONMF 400/1000
[6-9-13-20] Deep-ONMF 500/1000
[6-9-13-20] Deep-ONMF 600/1000
[6-9-13-20] Deep-ONMF 700/1000
[6-9-13-20] Deep-ONMF 800/1000
[6-9-13-20] Deep-ONMF 900/1000
[6-9-13-20] Deep-ONMF 1000/1000
[6-9-13-20] UjaNet-H fold 1/5
[6-9-13-20] UjaNet-H fold 2/5
[6-9-13-20] UjaNet-H fold 3/5
[6-9-13-20] UjaNet-H fold 4/5
[6-9-13-20] UjaNet-H fold 5/5
[worker 0] 72/93 creciente 6-9-13-20
[10-20] Deep-ONMF 1/1000
[10-20] Deep-ONMF 100/1000
[10-20] Deep-ONMF 200/1000
[10-20] Deep-ONMF 300/1000
[10-20] Deep-ONMF 400/1000
[10-20] Deep-ONMF 500/1000
[10-20] Deep-ONMF 600/1000
[10-20] Deep-ONMF 700/1000
[10-20] Deep-ONMF 800/1000
[10-20] Deep-ONMF 900/1000
[10-20] Deep-ONMF 1000/1000
[10-20] UjaNet-H fold 1/5
[10-20] UjaNet-H fold 2/5
[10-20] UjaNet-H fold 3/5
[10-20] UjaNet-H fold 4/5
[10-20] UjaNet-H fold 5/5
[worker 0] 73/93 creciente 10-20
[2-6-18] Deep-ONMF 1/1000
[2-6-18] Deep-ONMF 100/1000
[2-6-18] Deep-ONMF 200/1000
[2-6-18] Deep-ONMF 300/1000
[2-6-18] Deep-ONMF 400/1000
[2-6-18] Deep-ONMF 500/1000
[2-6-18] Deep-ONMF 600/1000
[2-6-18] Deep-ONMF 700/1000
[2-6-18] Deep-ONMF 800/1000
[2-6-18] Deep-ONMF 900/1000
[2-6-18] Deep-ONMF 1000/1000
[2-6-18] UjaNet-H fold 1/5
[2-6-18] UjaNet-H fold 2/5
[2-6-18] UjaNet-H fold 3/5
[2-6-18] UjaNet-H fold 4/5
[2-6-18] UjaNet-H fold 5/5
[worker 0] 74/93 creciente 2-6-18
[4-7-11-18] Deep-ONMF 1/1000
[4-7-11-18] Deep-ONMF 100/1000
[4-7-11-18] Deep-ONMF 200/1000
[4-7-11-18] Deep-ONMF 300/1000
[4-7-11-18] Deep-ONMF 400/1000
[4-7-11-18] Deep-ONMF 500/1000
[4-7-11-18] Deep-ONMF 600/1000
[4-7-11-18] Deep-ONMF 700/1000
[4-7-11-18] Deep-ONMF 800/1000
[4-7-11-18] Deep-ONMF 900/1000
[4-7-11-18] Deep-ONMF 1000/1000
[4-7-11-18] UjaNet-H fold 1/5
[4-7-11-18] UjaNet-H fold 2/5
[4-7-11-18] UjaNet-H fold 3/5
[4-7-11-18] UjaNet-H fold 4/5
[4-7-11-18] UjaNet-H fold 5/5
[worker 0] 75/93 creciente 4-7-11-18
[8-18] Deep-ONMF 1/1000
[8-18] Deep-ONMF 100/1000
[8-18] Deep-ONMF 200/1000
[8-18] Deep-ONMF 300/1000
[8-18] Deep-ONMF 400/1000
[8-18] Deep-ONMF 500/1000
[8-18] Deep-ONMF 600/1000
[8-18] Deep-ONMF 700/1000
[8-18] Deep-ONMF 800/1000
[8-18] Deep-ONMF 900/1000
[8-18] Deep-ONMF 1000/1000
[8-18] UjaNet-H fold 1/5
[8-18] UjaNet-H fold 2/5
[8-18] UjaNet-H fold 3/5
[8-18] UjaNet-H fold 4/5
[8-18] UjaNet-H fold 5/5
[worker 0] 76/93 creciente 8-18
[10-13-18] Deep-ONMF 1/1000
[10-13-18] Deep-ONMF 100/1000
[10-13-18] Deep-ONMF 200/1000
[10-13-18] Deep-ONMF 300/1000
[10-13-18] Deep-ONMF 400/1000
[10-13-18] Deep-ONMF 500/1000
[10-13-18] Deep-ONMF 600/1000
[10-13-18] Deep-ONMF 700/1000
[10-13-18] Deep-ONMF 800/1000
[10-13-18] Deep-ONMF 900/1000
[10-13-18] Deep-ONMF 1000/1000
[10-13-18] UjaNet-H fold 1/5
[10-13-18] UjaNet-H fold 2/5
[10-13-18] UjaNet-H fold 3/5
[10-13-18] UjaNet-H fold 4/5
[10-13-18] UjaNet-H fold 5/5
[worker 0] 77/93 creciente 10-13-18
[2-4-8-16] Deep-ONMF 1/1000
[2-4-8-16] Deep-ONMF 100/1000
[2-4-8-16] Deep-ONMF 200/1000
[2-4-8-16] Deep-ONMF 300/1000
[2-4-8-16] Deep-ONMF 400/1000
[2-4-8-16] Deep-ONMF 500/1000
[2-4-8-16] Deep-ONMF 600/1000
[2-4-8-16] Deep-ONMF 700/1000
[2-4-8-16] Deep-ONMF 800/1000
[2-4-8-16] Deep-ONMF 900/1000
[2-4-8-16] Deep-ONMF 1000/1000
[2-4-8-16] UjaNet-H fold 1/5
[2-4-8-16] UjaNet-H fold 2/5
[2-4-8-16] UjaNet-H fold 3/5
[2-4-8-16] UjaNet-H fold 4/5
[2-4-8-16] UjaNet-H fold 5/5
[worker 0] 78/93 creciente 2-4-8-16
[6-16] Deep-ONMF 1/1000
[6-16] Deep-ONMF 100/1000
[6-16] Deep-ONMF 200/1000
[6-16] Deep-ONMF 300/1000
[6-16] Deep-ONMF 400/1000
[6-16] Deep-ONMF 500/1000
[6-16] Deep-ONMF 600/1000
[6-16] Deep-ONMF 700/1000
[6-16] Deep-ONMF 800/1000
[6-16] Deep-ONMF 900/1000
[6-16] Deep-ONMF 1000/1000
[6-16] UjaNet-H fold 1/5
[6-16] UjaNet-H fold 2/5
[6-16] UjaNet-H fold 3/5
[6-16] UjaNet-H fold 4/5
[6-16] UjaNet-H fold 5/5
[worker 0] 79/93 creciente 6-16
[8-11-16] Deep-ONMF 1/1000
[8-11-16] Deep-ONMF 100/1000
[8-11-16] Deep-ONMF 200/1000
[8-11-16] Deep-ONMF 300/1000
[8-11-16] Deep-ONMF 400/1000
[8-11-16] Deep-ONMF 500/1000
[8-11-16] Deep-ONMF 600/1000
[8-11-16] Deep-ONMF 700/1000
[8-11-16] Deep-ONMF 800/1000
[8-11-16] Deep-ONMF 900/1000
[8-11-16] Deep-ONMF 1000/1000
[8-11-16] UjaNet-H fold 1/5
[8-11-16] UjaNet-H fold 2/5
[8-11-16] UjaNet-H fold 3/5
[8-11-16] UjaNet-H fold 4/5
[8-11-16] UjaNet-H fold 5/5
[worker 0] 80/93 creciente 8-11-16
[10-12-14-16] Deep-ONMF 1/1000
[10-12-14-16] Deep-ONMF 100/1000
[10-12-14-16] Deep-ONMF 200/1000
[10-12-14-16] Deep-ONMF 300/1000
[10-12-14-16] Deep-ONMF 400/1000
[10-12-14-16] Deep-ONMF 500/1000
[10-12-14-16] Deep-ONMF 600/1000
[10-12-14-16] Deep-ONMF 700/1000
[10-12-14-16] Deep-ONMF 800/1000
[10-12-14-16] Deep-ONMF 900/1000
[10-12-14-16] Deep-ONMF 1000/1000
[10-12-14-16] UjaNet-H fold 1/5
[10-12-14-16] UjaNet-H fold 2/5
[10-12-14-16] UjaNet-H fold 3/5
[10-12-14-16] UjaNet-H fold 4/5
[10-12-14-16] UjaNet-H fold 5/5
[worker 0] 81/93 creciente 10-12-14-16
[4-14] Deep-ONMF 1/1000
[4-14] Deep-ONMF 100/1000
[4-14] Deep-ONMF 200/1000
[4-14] Deep-ONMF 300/1000
[4-14] Deep-ONMF 400/1000
[4-14] Deep-ONMF 500/1000
[4-14] Deep-ONMF 600/1000
[4-14] Deep-ONMF 700/1000
[4-14] Deep-ONMF 800/1000
[4-14] Deep-ONMF 900/1000
[4-14] Deep-ONMF 1000/1000
[4-14] UjaNet-H fold 1/5
[4-14] UjaNet-H fold 2/5
[4-14] UjaNet-H fold 3/5
[4-14] UjaNet-H fold 4/5
[4-14] UjaNet-H fold 5/5
[worker 0] 82/93 creciente 4-14
[6-9-14] Deep-ONMF 1/1000
[6-9-14] Deep-ONMF 100/1000
[6-9-14] Deep-ONMF 200/1000
[6-9-14] Deep-ONMF 300/1000
[6-9-14] Deep-ONMF 400/1000
[6-9-14] Deep-ONMF 500/1000
[6-9-14] Deep-ONMF 600/1000
[6-9-14] Deep-ONMF 700/1000
[6-9-14] Deep-ONMF 800/1000
[6-9-14] Deep-ONMF 900/1000
[6-9-14] Deep-ONMF 1000/1000
[6-9-14] UjaNet-H fold 1/5
[6-9-14] UjaNet-H fold 2/5
[6-9-14] UjaNet-H fold 3/5
[6-9-14] UjaNet-H fold 4/5
[6-9-14] UjaNet-H fold 5/5
[worker 0] 83/93 creciente 6-9-14
[8-10-12-14] Deep-ONMF 1/1000
[8-10-12-14] Deep-ONMF 100/1000
[8-10-12-14] Deep-ONMF 200/1000
[8-10-12-14] Deep-ONMF 300/1000
[8-10-12-14] Deep-ONMF 400/1000
[8-10-12-14] Deep-ONMF 500/1000
[8-10-12-14] Deep-ONMF 600/1000
[8-10-12-14] Deep-ONMF 700/1000
[8-10-12-14] Deep-ONMF 800/1000
[8-10-12-14] Deep-ONMF 900/1000
[8-10-12-14] Deep-ONMF 1000/1000
[8-10-12-14] UjaNet-H fold 1/5
[8-10-12-14] UjaNet-H fold 2/5
[8-10-12-14] UjaNet-H fold 3/5
[8-10-12-14] UjaNet-H fold 4/5
[8-10-12-14] UjaNet-H fold 5/5
[worker 0] 84/93 creciente 8-10-12-14
[2-12] Deep-ONMF 1/1000
[2-12] Deep-ONMF 100/1000
[2-12] Deep-ONMF 200/1000
[2-12] Deep-ONMF 300/1000
[2-12] Deep-ONMF 400/1000
[2-12] Deep-ONMF 500/1000
[2-12] Deep-ONMF 600/1000
[2-12] Deep-ONMF 700/1000
[2-12] Deep-ONMF 800/1000
[2-12] Deep-ONMF 900/1000
[2-12] Deep-ONMF 1000/1000
[2-12] UjaNet-H fold 1/5
[2-12] UjaNet-H fold 2/5
[2-12] UjaNet-H fold 3/5
[2-12] UjaNet-H fold 4/5
[2-12] UjaNet-H fold 5/5
[worker 0] 85/93 creciente 2-12
[4-7-12] Deep-ONMF 1/1000
[4-7-12] Deep-ONMF 100/1000
[4-7-12] Deep-ONMF 200/1000
[4-7-12] Deep-ONMF 300/1000
[4-7-12] Deep-ONMF 400/1000
[4-7-12] Deep-ONMF 500/1000
[4-7-12] Deep-ONMF 600/1000
[4-7-12] Deep-ONMF 700/1000
[4-7-12] Deep-ONMF 800/1000
[4-7-12] Deep-ONMF 900/1000
[4-7-12] Deep-ONMF 1000/1000
[4-7-12] UjaNet-H fold 1/5
[4-7-12] UjaNet-H fold 2/5
[4-7-12] UjaNet-H fold 3/5
[4-7-12] UjaNet-H fold 4/5
[4-7-12] UjaNet-H fold 5/5
[worker 0] 86/93 creciente 4-7-12
[6-8-10-12] Deep-ONMF 1/1000
[6-8-10-12] Deep-ONMF 100/1000
[6-8-10-12] Deep-ONMF 200/1000
[6-8-10-12] Deep-ONMF 300/1000
[6-8-10-12] Deep-ONMF 400/1000
[6-8-10-12] Deep-ONMF 500/1000
[6-8-10-12] Deep-ONMF 600/1000
[6-8-10-12] Deep-ONMF 700/1000
[6-8-10-12] Deep-ONMF 800/1000
[6-8-10-12] Deep-ONMF 900/1000
[6-8-10-12] Deep-ONMF 1000/1000
[6-8-10-12] UjaNet-H fold 1/5
[6-8-10-12] UjaNet-H fold 2/5
[6-8-10-12] UjaNet-H fold 3/5
[6-8-10-12] UjaNet-H fold 4/5
[6-8-10-12] UjaNet-H fold 5/5
[worker 0] 87/93 creciente 6-8-10-12
[10-12] Deep-ONMF 1/1000
[10-12] Deep-ONMF 100/1000
[10-12] Deep-ONMF 200/1000
[10-12] Deep-ONMF 300/1000
[10-12] Deep-ONMF 400/1000
[10-12] Deep-ONMF 500/1000
[10-12] Deep-ONMF 600/1000
[10-12] Deep-ONMF 700/1000
[10-12] Deep-ONMF 800/1000
[10-12] Deep-ONMF 900/1000
[10-12] Deep-ONMF 1000/1000
[10-12] UjaNet-H fold 1/5
[10-12] UjaNet-H fold 2/5
[10-12] UjaNet-H fold 3/5
[10-12] UjaNet-H fold 4/5
[10-12] UjaNet-H fold 5/5
[worker 0] 88/93 creciente 10-12
[2-4-10] Deep-ONMF 1/1000
[2-4-10] Deep-ONMF 100/1000
[2-4-10] Deep-ONMF 200/1000
[2-4-10] Deep-ONMF 300/1000
[2-4-10] Deep-ONMF 400/1000
[2-4-10] Deep-ONMF 500/1000
[2-4-10] Deep-ONMF 600/1000
[2-4-10] Deep-ONMF 700/1000
[2-4-10] Deep-ONMF 800/1000
[2-4-10] Deep-ONMF 900/1000
[2-4-10] Deep-ONMF 1000/1000
[2-4-10] UjaNet-H fold 1/5
[2-4-10] UjaNet-H fold 2/5
[2-4-10] UjaNet-H fold 3/5
[2-4-10] UjaNet-H fold 4/5
[2-4-10] UjaNet-H fold 5/5
[worker 0] 89/93 creciente 2-4-10
[4-5-7-10] Deep-ONMF 1/1000
[4-5-7-10] Deep-ONMF 100/1000
[4-5-7-10] Deep-ONMF 200/1000
[4-5-7-10] Deep-ONMF 300/1000
[4-5-7-10] Deep-ONMF 400/1000
[4-5-7-10] Deep-ONMF 500/1000
[4-5-7-10] Deep-ONMF 600/1000
[4-5-7-10] Deep-ONMF 700/1000
[4-5-7-10] Deep-ONMF 800/1000
[4-5-7-10] Deep-ONMF 900/1000
[4-5-7-10] Deep-ONMF 1000/1000
[4-5-7-10] UjaNet-H fold 1/5
[4-5-7-10] UjaNet-H fold 2/5
[4-5-7-10] UjaNet-H fold 3/5
[4-5-7-10] UjaNet-H fold 4/5
[4-5-7-10] UjaNet-H fold 5/5
[worker 0] 90/93 creciente 4-5-7-10
[8-10] Deep-ONMF 1/1000
[8-10] Deep-ONMF 100/1000
[8-10] Deep-ONMF 200/1000
[8-10] Deep-ONMF 300/1000
[8-10] Deep-ONMF 400/1000
[8-10] Deep-ONMF 500/1000
[8-10] Deep-ONMF 600/1000
[8-10] Deep-ONMF 700/1000
[8-10] Deep-ONMF 800/1000
[8-10] Deep-ONMF 900/1000
[8-10] Deep-ONMF 1000/1000
[8-10] UjaNet-H fold 1/5
[8-10] UjaNet-H fold 2/5
[8-10] UjaNet-H fold 3/5
[8-10] UjaNet-H fold 4/5
[8-10] UjaNet-H fold 5/5
[worker 0] 91/93 creciente 8-10
[2-4-8] Deep-ONMF 1/1000
[2-4-8] Deep-ONMF 100/1000
[2-4-8] Deep-ONMF 200/1000
[2-4-8] Deep-ONMF 300/1000
[2-4-8] Deep-ONMF 400/1000
[2-4-8] Deep-ONMF 500/1000
[2-4-8] Deep-ONMF 600/1000
[2-4-8] Deep-ONMF 700/1000
[2-4-8] Deep-ONMF 800/1000
[2-4-8] Deep-ONMF 900/1000
[2-4-8] Deep-ONMF 1000/1000
[2-4-8] UjaNet-H fold 1/5
[2-4-8] UjaNet-H fold 2/5
[2-4-8] UjaNet-H fold 3/5
[2-4-8] UjaNet-H fold 4/5
[2-4-8] UjaNet-H fold 5/5
[worker 0] 92/93 creciente 2-4-8
[4-5-6-8] Deep-ONMF 1/1000
[4-5-6-8] Deep-ONMF 100/1000
[4-5-6-8] Deep-ONMF 200/1000
[4-5-6-8] Deep-ONMF 300/1000
[4-5-6-8] Deep-ONMF 400/1000
[4-5-6-8] Deep-ONMF 500/1000
[4-5-6-8] Deep-ONMF 600/1000
[4-5-6-8] Deep-ONMF 700/1000
[4-5-6-8] Deep-ONMF 800/1000
[4-5-6-8] Deep-ONMF 900/1000
[4-5-6-8] Deep-ONMF 1000/1000
[4-5-6-8] UjaNet-H fold 1/5
[4-5-6-8] UjaNet-H fold 2/5
[4-5-6-8] UjaNet-H fold 3/5
[4-5-6-8] UjaNet-H fold 4/5
[4-5-6-8] UjaNet-H fold 5/5
[worker 0] 93/93 creciente 4-5-6-8
