[2-8-32] Deep-ONMF 700/1000
[2-8-32] Deep-ONMF 800/1000
[2-8-32] Deep-ONMF 900/1000
[2-8-32] Deep-ONMF 1000/1000
[worker 3] 1/93 creciente 2-8-32
[worker 3] 2/93 creciente 4-32
[worker 3] 3/93 creciente 4-8-16-32
[worker 3] 4/93 creciente 6-14-32
[worker 3] 5/93 creciente 8-32
[8-13-20-32] UjaNet-H fold 5/5
[worker 3] 6/93 creciente 8-13-20-32
[10-18-32] UjaNet-H fold 2/5
[10-18-32] UjaNet-H fold 3/5
[10-18-32] UjaNet-H fold 4/5
[10-18-32] UjaNet-H fold 5/5
[worker 3] 7/93 creciente 10-18-32
[2-30] Deep-ONMF 1/1000
[2-30] Deep-ONMF 100/1000
[2-30] Deep-ONMF 200/1000
[2-30] Deep-ONMF 300/1000
[2-30] Deep-ONMF 400/1000
[2-30] Deep-ONMF 500/1000
[2-30] Deep-ONMF 600/1000
[2-30] Deep-ONMF 700/1000
[2-30] Deep-ONMF 800/1000
[2-30] Deep-ONMF 900/1000
[2-30] Deep-ONMF 1000/1000
[2-30] UjaNet-H fold 1/5
[2-30] UjaNet-H fold 2/5
[2-30] UjaNet-H fold 3/5
[2-30] UjaNet-H fold 4/5
[2-30] UjaNet-H fold 5/5
[worker 3] 8/93 creciente 2-30
[2-5-12-30] Deep-ONMF 1/1000
[2-5-12-30] Deep-ONMF 100/1000
[2-5-12-30] Deep-ONMF 200/1000
[2-5-12-30] Deep-ONMF 300/1000
[2-5-12-30] Deep-ONMF 400/1000
[2-5-12-30] Deep-ONMF 500/1000
[2-5-12-30] Deep-ONMF 600/1000
[2-5-12-30] Deep-ONMF 700/1000
[2-5-12-30] Deep-ONMF 800/1000
[2-5-12-30] Deep-ONMF 900/1000
[2-5-12-30] Deep-ONMF 1000/1000
[2-5-12-30] UjaNet-H fold 1/5
[2-5-12-30] UjaNet-H fold 2/5
[2-5-12-30] UjaNet-H fold 3/5
[2-5-12-30] UjaNet-H fold 4/5
[2-5-12-30] UjaNet-H fold 5/5
[worker 3] 9/93 creciente 2-5-12-30
[4-11-30] Deep-ONMF 1/1000
[4-11-30] Deep-ONMF 100/1000
[4-11-30] Deep-ONMF 200/1000
[4-11-30] Deep-ONMF 300/1000
[4-11-30] Deep-ONMF 400/1000
[4-11-30] Deep-ONMF 500/1000
[4-11-30] Deep-ONMF 600/1000
[4-11-30] Deep-ONMF 700/1000
[4-11-30] Deep-ONMF 800/1000
[4-11-30] Deep-ONMF 900/1000
[4-11-30] Deep-ONMF 1000/1000
[4-11-30] UjaNet-H fold 1/5
[4-11-30] UjaNet-H fold 2/5
[4-11-30] UjaNet-H fold 3/5
[4-11-30] UjaNet-H fold 4/5
[4-11-30] UjaNet-H fold 5/5
[worker 3] 10/93 creciente 4-11-30
[6-30] Deep-ONMF 1/1000
[6-30] Deep-ONMF 100/1000
[6-30] Deep-ONMF 200/1000
[6-30] Deep-ONMF 300/1000
[6-30] Deep-ONMF 400/1000
[6-30] Deep-ONMF 500/1000
[6-30] Deep-ONMF 600/1000
[6-30] Deep-ONMF 700/1000
[6-30] Deep-ONMF 800/1000
[6-30] Deep-ONMF 900/1000
[6-30] Deep-ONMF 1000/1000
[6-30] UjaNet-H fold 1/5
[6-30] UjaNet-H fold 2/5
[6-30] UjaNet-H fold 3/5
[6-30] UjaNet-H fold 4/5
[6-30] UjaNet-H fold 5/5
[worker 3] 11/93 creciente 6-30
[6-10-18-30] Deep-ONMF 1/1000
[6-10-18-30] Deep-ONMF 100/1000
[6-10-18-30] Deep-ONMF 200/1000
[6-10-18-30] Deep-ONMF 300/1000
[6-10-18-30] Deep-ONMF 400/1000
[6-10-18-30] Deep-ONMF 500/1000
[6-10-18-30] Deep-ONMF 600/1000
[6-10-18-30] Deep-ONMF 700/1000
[6-10-18-30] Deep-ONMF 800/1000
[6-10-18-30] Deep-ONMF 900/1000
[6-10-18-30] Deep-ONMF 1000/1000
[6-10-18-30] UjaNet-H fold 1/5
[6-10-18-30] UjaNet-H fold 2/5
[6-10-18-30] UjaNet-H fold 3/5
[6-10-18-30] UjaNet-H fold 4/5
[6-10-18-30] UjaNet-H fold 5/5
[worker 3] 12/93 creciente 6-10-18-30
[8-15-30] Deep-ONMF 1/1000
[8-15-30] Deep-ONMF 100/1000
[8-15-30] Deep-ONMF 200/1000
[8-15-30] Deep-ONMF 300/1000
[8-15-30] Deep-ONMF 400/1000
[8-15-30] Deep-ONMF 500/1000
[8-15-30] Deep-ONMF 600/1000
[8-15-30] Deep-ONMF 700/1000
[8-15-30] Deep-ONMF 800/1000
[8-15-30] Deep-ONMF 900/1000
[8-15-30] Deep-ONMF 1000/1000
[8-15-30] UjaNet-H fold 1/5
[8-15-30] UjaNet-H fold 2/5
[8-15-30] UjaNet-H fold 3/5
[8-15-30] UjaNet-H fold 4/5
[8-15-30] UjaNet-H fold 5/5
[worker 3] 13/93 creciente 8-15-30
[10-30] Deep-ONMF 1/1000
[10-30] Deep-ONMF 100/1000
[10-30] Deep-ONMF 200/1000
[10-30] Deep-ONMF 300/1000
[10-30] Deep-ONMF 400/1000
[10-30] Deep-ONMF 500/1000
[10-30] Deep-ONMF 600/1000
[10-30] Deep-ONMF 700/1000
[10-30] Deep-ONMF 800/1000
[10-30] Deep-ONMF 900/1000
[10-30] Deep-ONMF 1000/1000
[10-30] UjaNet-H fold 1/5
[10-30] UjaNet-H fold 2/5
[10-30] UjaNet-H fold 3/5
[10-30] UjaNet-H fold 4/5
[10-30] UjaNet-H fold 5/5
[worker 3] 14/93 creciente 10-30
[10-14-21-30] Deep-ONMF 1/1000
[10-14-21-30] Deep-ONMF 100/1000
[10-14-21-30] Deep-ONMF 200/1000
[10-14-21-30] Deep-ONMF 300/1000
[10-14-21-30] Deep-ONMF 400/1000
[10-14-21-30] Deep-ONMF 500/1000
[10-14-21-30] Deep-ONMF 600/1000
[10-14-21-30] Deep-ONMF 700/1000
[10-14-21-30] Deep-ONMF 800/1000
[10-14-21-30] Deep-ONMF 900/1000
[10-14-21-30] Deep-ONMF 1000/1000
[10-14-21-30] UjaNet-H fold 1/5
[10-14-21-30] UjaNet-H fold 2/5
[10-14-21-30] UjaNet-H fold 3/5
[10-14-21-30] UjaNet-H fold 4/5
[10-14-21-30] UjaNet-H fold 5/5
[worker 3] 15/93 creciente 10-14-21-30
[2-7-28] Deep-ONMF 1/1000
[2-7-28] Deep-ONMF 100/1000
[2-7-28] Deep-ONMF 200/1000
[2-7-28] Deep-ONMF 300/1000
[2-7-28] Deep-ONMF 400/1000
[2-7-28] Deep-ONMF 500/1000
[2-7-28] Deep-ONMF 600/1000
[2-7-28] Deep-ONMF 700/1000
[2-7-28] Deep-ONMF 800/1000
[2-7-28] Deep-ONMF 900/1000
[2-7-28] Deep-ONMF 1000/1000
[2-7-28] UjaNet-H fold 1/5
[2-7-28] UjaNet-H fold 2/5
[2-7-28] UjaNet-H fold 3/5
[2-7-28] UjaNet-H fold 4/5
[2-7-28] UjaNet-H fold 5/5
[worker 3] 16/93 creciente 2-7-28
[4-28] Deep-ONMF 1/1000
[4-28] Deep-ONMF 100/1000
[4-28] Deep-ONMF 200/1000
[4-28] Deep-ONMF 300/1000
[4-28] Deep-ONMF 400/1000
[4-28] Deep-ONMF 500/1000
[4-28] Deep-ONMF 600/1000
[4-28] Deep-ONMF 700/1000
[4-28] Deep-ONMF 800/1000
[4-28] Deep-ONMF 900/1000
[4-28] Deep-ONMF 1000/1000
[4-28] UjaNet-H fold 1/5
[4-28] UjaNet-H fold 2/5
[4-28] UjaNet-H fold 3/5
[4-28] UjaNet-H fold 4/5
[4-28] UjaNet-H fold 5/5
[worker 3] 17/93 creciente 4-28
[4-8-15-28] Deep-ONMF 1/1000
[4-8-15-28] Deep-ONMF 100/1000
[4-8-15-28] Deep-ONMF 200/1000
[4-8-15-28] Deep-ONMF 300/1000
[4-8-15-28] Deep-ONMF 400/1000
[4-8-15-28] Deep-ONMF 500/1000
[4-8-15-28] Deep-ONMF 600/1000
[4-8-15-28] Deep-ONMF 700/1000
[4-8-15-28] Deep-ONMF 800/1000
[4-8-15-28] Deep-ONMF 900/1000
[4-8-15-28] Deep-ONMF 1000/1000
[4-8-15-28] UjaNet-H fold 1/5
[4-8-15-28] UjaNet-H fold 2/5
[4-8-15-28] UjaNet-H fold 3/5
[4-8-15-28] UjaNet-H fold 4/5
[4-8-15-28] UjaNet-H fold 5/5
[worker 3] 18/93 creciente 4-8-15-28
[6-13-28] Deep-ONMF 1/1000
[6-13-28] Deep-ONMF 100/1000
[6-13-28] Deep-ONMF 200/1000
[6-13-28] Deep-ONMF 300/1000
[6-13-28] Deep-ONMF 400/1000
[6-13-28] Deep-ONMF 500/1000
[6-13-28] Deep-ONMF 600/1000
[6-13-28] Deep-ONMF 700/1000
[6-13-28] Deep-ONMF 800/1000
[6-13-28] Deep-ONMF 900/1000
[6-13-28] Deep-ONMF 1000/1000
[6-13-28] UjaNet-H fold 1/5
[6-13-28] UjaNet-H fold 2/5
[6-13-28] UjaNet-H fold 3/5
[6-13-28] UjaNet-H fold 4/5
[6-13-28] UjaNet-H fold 5/5
[worker 3] 19/93 creciente 6-13-28
[8-28] Deep-ONMF 1/1000
[8-28] Deep-ONMF 100/1000
[8-28] Deep-ONMF 200/1000
[8-28] Deep-ONMF 300/1000
[8-28] Deep-ONMF 400/1000
[8-28] Deep-ONMF 500/1000
[8-28] Deep-ONMF 600/1000
[8-28] Deep-ONMF 700/1000
[8-28] Deep-ONMF 800/1000
[8-28] Deep-ONMF 900/1000
[8-28] Deep-ONMF 1000/1000
[8-28] UjaNet-H fold 1/5
[8-28] UjaNet-H fold 2/5
[8-28] UjaNet-H fold 3/5
[8-28] UjaNet-H fold 4/5
[8-28] UjaNet-H fold 5/5
[worker 3] 20/93 creciente 8-28
[8-12-18-28] Deep-ONMF 1/1000
[8-12-18-28] Deep-ONMF 100/1000
[8-12-18-28] Deep-ONMF 200/1000
[8-12-18-28] Deep-ONMF 300/1000
[8-12-18-28] Deep-ONMF 400/1000
[8-12-18-28] Deep-ONMF 500/1000
[8-12-18-28] Deep-ONMF 600/1000
[8-12-18-28] Deep-ONMF 700/1000
[8-12-18-28] Deep-ONMF 800/1000
[8-12-18-28] Deep-ONMF 900/1000
[8-12-18-28] Deep-ONMF 1000/1000
[8-12-18-28] UjaNet-H fold 1/5
[8-12-18-28] UjaNet-H fold 2/5
[8-12-18-28] UjaNet-H fold 3/5
[8-12-18-28] UjaNet-H fold 4/5
[8-12-18-28] UjaNet-H fold 5/5
[worker 3] 21/93 creciente 8-12-18-28
[10-17-28] Deep-ONMF 1/1000
[10-17-28] Deep-ONMF 100/1000
[10-17-28] Deep-ONMF 200/1000
[10-17-28] Deep-ONMF 300/1000
[10-17-28] Deep-ONMF 400/1000
[10-17-28] Deep-ONMF 500/1000
[10-17-28] Deep-ONMF 600/1000
[10-17-28] Deep-ONMF 700/1000
[10-17-28] Deep-ONMF 800/1000
[10-17-28] Deep-ONMF 900/1000
[10-17-28] Deep-ONMF 1000/1000
[10-17-28] UjaNet-H fold 1/5
[10-17-28] UjaNet-H fold 2/5
[10-17-28] UjaNet-H fold 3/5
[10-17-28] UjaNet-H fold 4/5
[10-17-28] UjaNet-H fold 5/5
[worker 3] 22/93 creciente 10-17-28
[2-26] Deep-ONMF 1/1000
[2-26] Deep-ONMF 100/1000
[2-26] Deep-ONMF 200/1000
[2-26] Deep-ONMF 300/1000
[2-26] Deep-ONMF 400/1000
[2-26] Deep-ONMF 500/1000
[2-26] Deep-ONMF 600/1000
[2-26] Deep-ONMF 700/1000
[2-26] Deep-ONMF 800/1000
[2-26] Deep-ONMF 900/1000
[2-26] Deep-ONMF 1000/1000
[2-26] UjaNet-H fold 1/5
[2-26] UjaNet-H fold 2/5
[2-26] UjaNet-H fold 3/5
[2-26] UjaNet-H fold 4/5
[2-26] UjaNet-H fold 5/5
[worker 3] 23/93 creciente 2-26
[2-5-11-26] Deep-ONMF 1/1000
[2-5-11-26] Deep-ONMF 100/1000
[2-5-11-26] Deep-ONMF 200/1000
[2-5-11-26] Deep-ONMF 300/1000
[2-5-11-26] Deep-ONMF 400/1000
[2-5-11-26] Deep-ONMF 500/1000
[2-5-11-26] Deep-ONMF 600/1000
[2-5-11-26] Deep-ONMF 700/1000
[2-5-11-26] Deep-ONMF 800/1000
[2-5-11-26] Deep-ONMF 900/1000
[2-5-11-26] Deep-ONMF 1000/1000
[2-5-11-26] UjaNet-H fold 1/5
[2-5-11-26] UjaNet-H fold 2/5
[2-5-11-26] UjaNet-H fold 3/5
[2-5-11-26] UjaNet-H fold 4/5
[2-5-11-26] UjaNet-H fold 5/5
[worker 3] 24/93 creciente 2-5-11-26
[4-10-26] Deep-ONMF 1/1000
[4-10-26] Deep-ONMF 100/1000
[4-10-26] Deep-ONMF 200/1000
[4-10-26] Deep-ONMF 300/1000
[4-10-26] Deep-ONMF 400/1000
[4-10-26] Deep-ONMF 500/1000
[4-10-26] Deep-ONMF 600/1000
[4-10-26] Deep-ONMF 700/1000
[4-10-26] Deep-ONMF 800/1000
[4-10-26] Deep-ONMF 900/1000
[4-10-26] Deep-ONMF 1000/1000
[4-10-26] UjaNet-H fold 1/5
[4-10-26] UjaNet-H fold 2/5
[4-10-26] UjaNet-H fold 3/5
[4-10-26] UjaNet-H fold 4/5
[4-10-26] UjaNet-H fold 5/5
[worker 3] 25/93 creciente 4-10-26
[6-26] Deep-ONMF 1/1000
[6-26] Deep-ONMF 100/1000
[6-26] Deep-ONMF 200/1000
[6-26] Deep-ONMF 300/1000
[6-26] Deep-ONMF 400/1000
[6-26] Deep-ONMF 500/1000
[6-26] Deep-ONMF 600/1000
[6-26] Deep-ONMF 700/1000
[6-26] Deep-ONMF 800/1000
[6-26] Deep-ONMF 900/1000
[6-26] Deep-ONMF 1000/1000
[6-26] UjaNet-H fold 1/5
[6-26] UjaNet-H fold 2/5
[6-26] UjaNet-H fold 3/5
[6-26] UjaNet-H fold 4/5
[6-26] UjaNet-H fold 5/5
[worker 3] 26/93 creciente 6-26
[6-10-16-26] Deep-ONMF 1/1000
[6-10-16-26] Deep-ONMF 100/1000
[6-10-16-26] Deep-ONMF 200/1000
[6-10-16-26] Deep-ONMF 300/1000
[6-10-16-26] Deep-ONMF 400/1000
[6-10-16-26] Deep-ONMF 500/1000
[6-10-16-26] Deep-ONMF 600/1000
[6-10-16-26] Deep-ONMF 700/1000
[6-10-16-26] Deep-ONMF 800/1000
[6-10-16-26] Deep-ONMF 900/1000
[6-10-16-26] Deep-ONMF 1000/1000
[6-10-16-26] UjaNet-H fold 1/5
[6-10-16-26] UjaNet-H fold 2/5
[6-10-16-26] UjaNet-H fold 3/5
[6-10-16-26] UjaNet-H fold 4/5
[6-10-16-26] UjaNet-H fold 5/5
[worker 3] 27/93 creciente 6-10-16-26
[8-14-26] Deep-ONMF 1/1000
[8-14-26] Deep-ONMF 100/1000
[8-14-26] Deep-ONMF 200/1000
[8-14-26] Deep-ONMF 300/1000
[8-14-26] Deep-ONMF 400/1000
[8-14-26] Deep-ONMF 500/1000
[8-14-26] Deep-ONMF 600/1000
[8-14-26] Deep-ONMF 700/1000
[8-14-26] Deep-ONMF 800/1000
[8-14-26] Deep-ONMF 900/1000
[8-14-26] Deep-ONMF 1000/1000
[8-14-26] UjaNet-H fold 1/5
[8-14-26] UjaNet-H fold 2/5
[8-14-26] UjaNet-H fold 3/5
[8-14-26] UjaNet-H fold 4/5
[8-14-26] UjaNet-H fold 5/5
[worker 3] 28/93 creciente 8-14-26
[10-26] Deep-ONMF 1/1000
[10-26] Deep-ONMF 100/1000
[10-26] Deep-ONMF 200/1000
[10-26] Deep-ONMF 300/1000
[10-26] Deep-ONMF 400/1000
[10-26] Deep-ONMF 500/1000
[10-26] Deep-ONMF 600/1000
[10-26] Deep-ONMF 700/1000
[10-26] Deep-ONMF 800/1000
[10-26] Deep-ONMF 900/1000
[10-26] Deep-ONMF 1000/1000
[10-26] UjaNet-H fold 1/5
[10-26] UjaNet-H fold 2/5
[10-26] UjaNet-H fold 3/5
[10-26] UjaNet-H fold 4/5
[10-26] UjaNet-H fold 5/5
[worker 3] 29/93 creciente 10-26
[10-14-19-26] Deep-ONMF 1/1000
[10-14-19-26] Deep-ONMF 100/1000
[10-14-19-26] Deep-ONMF 200/1000
[10-14-19-26] Deep-ONMF 300/1000
[10-14-19-26] Deep-ONMF 400/1000
[10-14-19-26] Deep-ONMF 500/1000
[10-14-19-26] Deep-ONMF 600/1000
[10-14-19-26] Deep-ONMF 700/1000
[10-14-19-26] Deep-ONMF 800/1000
[10-14-19-26] Deep-ONMF 900/1000
[10-14-19-26] Deep-ONMF 1000/1000
[10-14-19-26] UjaNet-H fold 1/5
[10-14-19-26] UjaNet-H fold 2/5
[10-14-19-26] UjaNet-H fold 3/5
[10-14-19-26] UjaNet-H fold 4/5
[10-14-19-26] UjaNet-H fold 5/5
[worker 3] 30/93 creciente 10-14-19-26
[2-7-24] Deep-ONMF 1/1000
[2-7-24] Deep-ONMF 100/1000
[2-7-24] Deep-ONMF 200/1000
[2-7-24] Deep-ONMF 300/1000
[2-7-24] Deep-ONMF 400/1000
[2-7-24] Deep-ONMF 500/1000
[2-7-24] Deep-ONMF 600/1000
[2-7-24] Deep-ONMF 700/1000
[2-7-24] Deep-ONMF 800/1000
[2-7-24] Deep-ONMF 900/1000
[2-7-24] Deep-ONMF 1000/1000
[2-7-24] UjaNet-H fold 1/5
[2-7-24] UjaNet-H fold 2/5
[2-7-24] UjaNet-H fold 3/5
[2-7-24] UjaNet-H fold 4/5
[2-7-24] UjaNet-H fold 5/5
[worker 3] 31/93 creciente 2-7-24
[4-24] Deep-ONMF 1/1000
[4-24] Deep-ONMF 100/1000
[4-24] Deep-ONMF 200/1000
[4-24] Deep-ONMF 300/1000
[4-24] Deep-ONMF 400/1000
[4-24] Deep-ONMF 500/1000
[4-24] Deep-ONMF 600/1000
[4-24] Deep-ONMF 700/1000
[4-24] Deep-ONMF 800/1000
[4-24] Deep-ONMF 900/1000
[4-24] Deep-ONMF 1000/1000
[4-24] UjaNet-H fold 1/5
[4-24] UjaNet-H fold 2/5
[4-24] UjaNet-H fold 3/5
[4-24] UjaNet-H fold 4/5
[4-24] UjaNet-H fold 5/5
[worker 3] 32/93 creciente 4-24
[4-7-13-24] Deep-ONMF 1/1000
[4-7-13-24] Deep-ONMF 100/1000
[4-7-13-24] Deep-ONMF 200/1000
[4-7-13-24] Deep-ONMF 300/1000
[4-7-13-24] Deep-ONMF 400/1000
[4-7-13-24] Deep-ONMF 500/1000
[4-7-13-24] Deep-ONMF 600/1000
[4-7-13-24] Deep-ONMF 700/1000
[4-7-13-24] Deep-ONMF 800/1000
[4-7-13-24] Deep-ONMF 900/1000
[4-7-13-24] Deep-ONMF 1000/1000
[4-7-13-24] UjaNet-H fold 1/5
[4-7-13-24] UjaNet-H fold 2/5
[4-7-13-24] UjaNet-H fold 3/5
[4-7-13-24] UjaNet-H fold 4/5
[4-7-13-24] UjaNet-H fold 5/5
[worker 3] 33/93 creciente 4-7-13-24
[6-12-24] Deep-ONMF 1/1000
[6-12-24] Deep-ONMF 100/1000
[6-12-24] Deep-ONMF 200/1000
[6-12-24] Deep-ONMF 300/1000
[6-12-24] Deep-ONMF 400/1000
[6-12-24] Deep-ONMF 500/1000
[6-12-24] Deep-ONMF 600/1000
[6-12-24] Deep-ONMF 700/1000
[6-12-24] Deep-ONMF 800/1000
[6-12-24] Deep-ONMF 900/1000
[6-12-24] Deep-ONMF 1000/1000
[6-12-24] UjaNet-H fold 1/5
[6-12-24] UjaNet-H fold 2/5
[6-12-24] UjaNet-H fold 3/5
[6-12-24] UjaNet-H fold 4/5
[6-12-24] UjaNet-H fold 5/5
[worker 3] 34/93 creciente 6-12-24
[8-24] Deep-ONMF 1/1000
[8-24] Deep-ONMF 100/1000
[8-24] Deep-ONMF 200/1000
[8-24] Deep-ONMF 300/1000
[8-24] Deep-ONMF 400/1000
[8-24] Deep-ONMF 500/1000
[8-24] Deep-ONMF 600/1000
[8-24] Deep-ONMF 700/1000
[8-24] Deep-ONMF 800/1000
[8-24] Deep-ONMF 900/1000
[8-24] Deep-ONMF 1000/1000
[8-24] UjaNet-H fold 1/5
[8-24] UjaNet-H fold 2/5
[8-24] UjaNet-H fold 3/5
[8-24] UjaNet-H fold 4/5
[8-24] UjaNet-H fold 5/5
[worker 3] 35/93 creciente 8-24
[8-12-17-24] Deep-ONMF 1/1000
[8-12-17-24] Deep-ONMF 100/1000
[8-12-17-24] Deep-ONMF 200/1000
[8-12-17-24] Deep-ONMF 300/1000
[8-12-17-24] Deep-ONMF 400/1000
[8-12-17-24] Deep-ONMF 500/1000
[8-12-17-24] Deep-ONMF 600/1000
[8-12-17-24] Deep-ONMF 700/1000
[8-12-17-24] Deep-ONMF 800/1000
[8-12-17-24] Deep-ONMF 900/1000
[8-12-17-24] Deep-ONMF 1000/1000
[8-12-17-24] UjaNet-H fold 1/5
[8-12-17-24] UjaNet-H fold 2/5
[8-12-17-24] UjaNet-H fold 3/5
[8-12-17-24] UjaNet-H fold 4/5
[8-12-17-24] UjaNet-H fold 5/5
[worker 3] 36/93 creciente 8-12-17-24
[10-15-24] Deep-ONMF 1/1000
[10-15-24] Deep-ONMF 100/1000
[10-15-24] Deep-ONMF 200/1000
[10-15-24] Deep-ONMF 300/1000
[10-15-24] Deep-ONMF 400/1000
[10-15-24] Deep-ONMF 500/1000
[10-15-24] Deep-ONMF 600/1000
[10-15-24] Deep-ONMF 700/1000
[10-15-24] Deep-ONMF 800/1000
[10-15-24] Deep-ONMF 900/1000
[10-15-24] Deep-ONMF 1000/1000
[10-15-24] UjaNet-H fold 1/5
[10-15-24] UjaNet-H fold 2/5
[10-15-24] UjaNet-H fold 3/5
[10-15-24] UjaNet-H fold 4/5
[10-15-24] UjaNet-H fold 5/5
[worker 3] 37/93 creciente 10-15-24
[2-22] Deep-ONMF 1/1000
[2-22] Deep-ONMF 100/1000
[2-22] Deep-ONMF 200/1000
[2-22] Deep-ONMF 300/1000
[2-22] Deep-ONMF 400/1000
[2-22] Deep-ONMF 500/1000
[2-22] Deep-ONMF 600/1000
[2-22] Deep-ONMF 700/1000
[2-22] Deep-ONMF 800/1000
[2-22] Deep-ONMF 900/1000
[2-22] Deep-ONMF 1000/1000
[2-22] UjaNet-H fold 1/5
[2-22] UjaNet-H fold 2/5
[2-22] UjaNet-H fold 3/5
[2-22] UjaNet-H fold 4/5
[2-22] UjaNet-H fold 5/5
[worker 3] 38/93 creciente 2-22
[2-4-10-22] Deep-ONMF 1/1000
[2-4-10-22] Deep-ONMF 100/1000
[2-4-10-22] Deep-ONMF 200/1000
[2-4-10-22] Deep-ONMF 300/1000
[2-4-10-22] Deep-ONMF 400/1000
[2-4-10-22] Deep-ONMF 500/1000
[2-4-10-22] Deep-ONMF 600/1000
[2-4-10-22] Deep-ONMF 700/1000[worker 3] 1/93 decreciente 32-4
[worker 3] 2/93 decreciente 32-14-6
[worker 3] 3/93 decreciente 32-20-13-8
[worker 3] 4/93 decreciente 30-2
[worker 3] 5/93 decreciente 30-11-4
[worker 3] 6/93 decreciente 30-18-10-6
[worker 3] 7/93 decreciente 30-10
[worker 3] 8/93 decreciente 28-7-2
[worker 3] 9/93 decreciente 28-15-8-4
[worker 3] 10/93 decreciente 28-8
[worker 3] 11/93 decreciente 28-17-10
[worker 3] 12/93 decreciente 26-11-5-2
[worker 3] 13/93 decreciente 26-6
[worker 3] 14/93 decreciente 26-14-8
[worker 3] 15/93 decreciente 26-19-14-10
[worker 3] 16/93 decreciente 24-4
[worker 3] 17/93 decreciente 24-12-6
[worker 3] 18/93 decreciente 24-17-12-8
[worker 3] 19/93 decreciente 22-2
[worker 3] 20/93 decreciente 22-9-4
[worker 3] 21/93 decreciente 22-14-9-6
[worker 3] 22/93 decreciente 22-10
[worker 3] 23/93 decreciente 20-6-2
[worker 3] 24/93 decreciente 20-12-7-4
[worker 3] 25/93 decreciente 20-8
[worker 3] 26/93 decreciente 20-14-10
[worker 3] 27/93 decreciente 18-9-4-2
[worker 3] 28/93 decreciente 18-6
[worker 3] 29/93 decreciente 18-12-8
[worker 3] 30/93 decreciente 18-15-12-10
[worker 3] 31/93 decreciente 16-4
[worker 3] 32/93 decreciente 16-10-6
[worker 3] 33/93 decreciente 16-13-10-8
[worker 3] 34/93 decreciente 14-2
[worker 3] 35/93 decreciente 14-7-4
[worker 3] 36/93 decreciente 14-11-8-6
[worker 3] 37/93 decreciente 14-10
[worker 3] 38/93 decreciente 12-5-2
[worker 3] 39/93 decreciente 12-8-6-4
[worker 3] 40/93 decreciente 12-8
[worker 3] 41/93 decreciente 12-11-10
[worker 3] 42/93 decreciente 10-6-3-2
[worker 3] 43/93 decreciente 10-6
[10-9-8] UjaNet-H fold 3/5
[10-9-8] UjaNet-H fold 4/5
[10-9-8] UjaNet-H fold 5/5
[worker 3] 44/93 decreciente 10-9-8
[8-5-3-2] Deep-ONMF 1/1000
[8-5-3-2] Deep-ONMF 100/1000
[8-5-3-2] Deep-ONMF 200/1000
[8-5-3-2] Deep-ONMF 300/1000
[8-5-3-2] Deep-ONMF 400/1000
[8-5-3-2] Deep-ONMF 500/1000
[8-5-3-2] Deep-ONMF 600/1000
[8-5-3-2] Deep-ONMF 700/1000
[8-5-3-2] Deep-ONMF 800/1000
[8-5-3-2] Deep-ONMF 900/1000
[8-5-3-2] Deep-ONMF 1000/1000
[8-5-3-2] UjaNet-H fold 1/5
[8-5-3-2] UjaNet-H fold 2/5
[8-5-3-2] UjaNet-H fold 3/5
[8-5-3-2] UjaNet-H fold 4/5
[8-5-3-2] UjaNet-H fold 5/5
[worker 3] 45/93 decreciente 8-5-3-2
[worker 3] 46/93 decreciente 8-6
[worker 3] 47/93 creciente 2-8-32
[worker 3] 48/93 creciente 4-8-16-32
[worker 3] 49/93 creciente 8-32
[worker 3] 50/93 creciente 10-18-32
[worker 3] 51/93 creciente 2-5-12-30
[worker 3] 52/93 creciente 6-30
[worker 3] 53/93 creciente 8-15-30
[worker 3] 54/93 creciente 10-14-21-30
[worker 3] 55/93 creciente 4-28
[worker 3] 56/93 creciente 6-13-28
[worker 3] 57/93 creciente 8-12-18-28
[worker 3] 58/93 creciente 2-26
[worker 3] 59/93 creciente 4-10-26
[worker 3] 60/93 creciente 6-10-16-26
[worker 3] 61/93 creciente 10-26
[worker 3] 62/93 creciente 2-7-24
[worker 3] 63/93 creciente 4-7-13-24
[worker 3] 64/93 creciente 8-24
[worker 3] 65/93 creciente 10-15-24
[2-4-10-22] UjaNet-H fold 1/5
[2-4-10-22] UjaNet-H fold 2/5
[2-4-10-22] UjaNet-H fold 3/5
[2-4-10-22] UjaNet-H fold 4/5
[2-4-10-22] UjaNet-H fold 5/5
[worker 3] 66/93 creciente 2-4-10-22
[6-22] Deep-ONMF 1/1000
[6-22] Deep-ONMF 100/1000
[6-22] Deep-ONMF 200/1000
[6-22] Deep-ONMF 300/1000
[6-22] Deep-ONMF 400/1000
[6-22] Deep-ONMF 500/1000
[6-22] Deep-ONMF 600/1000
[6-22] Deep-ONMF 700/1000
[6-22] Deep-ONMF 800/1000
[6-22] Deep-ONMF 900/1000
[6-22] Deep-ONMF 1000/1000
[6-22] UjaNet-H fold 1/5
[6-22] UjaNet-H fold 2/5
[6-22] UjaNet-H fold 3/5
[6-22] UjaNet-H fold 4/5
[6-22] UjaNet-H fold 5/5
[worker 3] 67/93 creciente 6-22
[8-13-22] Deep-ONMF 1/1000
[8-13-22] Deep-ONMF 100/1000
[8-13-22] Deep-ONMF 200/1000
[8-13-22] Deep-ONMF 300/1000
[8-13-22] Deep-ONMF 400/1000
[8-13-22] Deep-ONMF 500/1000
[8-13-22] Deep-ONMF 600/1000
[8-13-22] Deep-ONMF 700/1000
[8-13-22] Deep-ONMF 800/1000
[8-13-22] Deep-ONMF 900/1000
[8-13-22] Deep-ONMF 1000/1000
[8-13-22] UjaNet-H fold 1/5
[8-13-22] UjaNet-H fold 2/5
[8-13-22] UjaNet-H fold 3/5
[8-13-22] UjaNet-H fold 4/5
[8-13-22] UjaNet-H fold 5/5
[worker 3] 68/93 creciente 8-13-22
[10-13-17-22] Deep-ONMF 1/1000
[10-13-17-22] Deep-ONMF 100/1000
[10-13-17-22] Deep-ONMF 200/1000
[10-13-17-22] Deep-ONMF 300/1000
[10-13-17-22] Deep-ONMF 400/1000
[10-13-17-22] Deep-ONMF 500/1000
[10-13-17-22] Deep-ONMF 600/1000
[10-13-17-22] Deep-ONMF 700/1000
[10-13-17-22] Deep-ONMF 800/1000
[10-13-17-22] Deep-ONMF 900/1000
[10-13-17-22] Deep-ONMF 1000/1000
[10-13-17-22] UjaNet-H fold 1/5
[10-13-17-22] UjaNet-H fold 2/5
[10-13-17-22] UjaNet-H fold 3/5
[10-13-17-22] UjaNet-H fold 4/5
[10-13-17-22] UjaNet-H fold 5/5
[worker 3] 69/93 creciente 10-13-17-22
[4-20] Deep-ONMF 1/1000
[4-20] Deep-ONMF 100/1000
[4-20] Deep-ONMF 200/1000
[4-20] Deep-ONMF 300/1000
[4-20] Deep-ONMF 400/1000
[4-20] Deep-ONMF 500/1000
[4-20] Deep-ONMF 600/1000
[4-20] Deep-ONMF 700/1000
[4-20] Deep-ONMF 800/1000
[4-20] Deep-ONMF 900/1000
[4-20] Deep-ONMF 1000/1000
[4-20] UjaNet-H fold 1/5
[4-20] UjaNet-H fold 2/5
[4-20] UjaNet-H fold 3/5
[4-20] UjaNet-H fold 4/5
[4-20] UjaNet-H fold 5/5
[worker 3] 70/93 creciente 4-20
[6-11-20] Deep-ONMF 1/1000
[6-11-20] Deep-ONMF 100/1000
[6-11-20] Deep-ONMF 200/1000
[6-11-20] Deep-ONMF 300/1000
[6-11-20] Deep-ONMF 400/1000
[6-11-20] Deep-ONMF 500/1000
[6-11-20] Deep-ONMF 600/1000
[6-11-20] Deep-ONMF 700/1000
[6-11-20] Deep-ONMF 800/1000
[6-11-20] Deep-ONMF 900/1000
[6-11-20] Deep-ONMF 1000/1000
[6-11-20] UjaNet-H fold 1/5
[6-11-20] UjaNet-H fold 2/5
[6-11-20] UjaNet-H fold 3/5
[6-11-20] UjaNet-H fold 4/5
[6-11-20] UjaNet-H fold 5/5
[worker 3] 71/93 creciente 6-11-20
[8-11-15-20] Deep-ONMF 1/1000
[8-11-15-20] Deep-ONMF 100/1000
[8-11-15-20] Deep-ONMF 200/1000
[8-11-15-20] Deep-ONMF 300/1000
[8-11-15-20] Deep-ONMF 400/1000
[8-11-15-20] Deep-ONMF 500/1000
[8-11-15-20] Deep-ONMF 600/1000
[8-11-15-20] Deep-ONMF 700/1000
[8-11-15-20] Deep-ONMF 800/1000
[8-11-15-20] Deep-ONMF 900/1000
[8-11-15-20] Deep-ONMF 1000/1000
[8-11-15-20] UjaNet-H fold 1/5
[8-11-15-20] UjaNet-H fold 2/5
[8-11-15-20] UjaNet-H fold 3/5
[8-11-15-20] UjaNet-H fold 4/5
[8-11-15-20] UjaNet-H fold 5/5
[worker 3] 72/93 creciente 8-11-15-20
[2-18] Deep-ONMF 1/1000
[2-18] Deep-ONMF 100/1000
[2-18] Deep-ONMF 200/1000
[2-18] Deep-ONMF 300/1000
[2-18] Deep-ONMF 400/1000
[2-18] Deep-ONMF 500/1000
[2-18] Deep-ONMF 600/1000
[2-18] Deep-ONMF 700/1000
[2-18] Deep-ONMF 800/1000
[2-18] Deep-ONMF 900/1000
[2-18] Deep-ONMF 1000/1000
[2-18] UjaNet-H fold 1/5
[2-18] UjaNet-H fold 2/5
[2-18] UjaNet-H fold 3/5
[2-18] UjaNet-H fold 4/5
[2-18] UjaNet-H fold 5/5
[worker 3] 73/93 creciente 2-18
[4-8-18] Deep-ONMF 1/1000
[4-8-18] Deep-ONMF 100/1000
[4-8-18] Deep-ONMF 200/1000
[4-8-18] Deep-ONMF 300/1000
[4-8-18] Deep-ONMF 400/1000
[4-8-18] Deep-ONMF 500/1000
[4-8-18] Deep-ONMF 600/1000
[4-8-18] Deep-ONMF 700/1000
[4-8-18] Deep-ONMF 800/1000
[4-8-18] Deep-ONMF 900/1000
[4-8-18] Deep-ONMF 1000/1000
[4-8-18] UjaNet-H fold 1/5
[4-8-18] UjaNet-H fold 2/5
[4-8-18] UjaNet-H fold 3/5
[4-8-18] UjaNet-H fold 4/5
[4-8-18] UjaNet-H fold 5/5
[worker 3] 74/93 creciente 4-8-18
[6-9-12-18] Deep-ONMF 1/1000
[6-9-12-18] Deep-ONMF 100/1000
[6-9-12-18] Deep-ONMF 200/1000
[6-9-12-18] Deep-ONMF 300/1000
[6-9-12-18] Deep-ONMF 400/1000
[6-9-12-18] Deep-ONMF 500/1000
[6-9-12-18] Deep-ONMF 600/1000
[6-9-12-18] Deep-ONMF 700/1000
[6-9-12-18] Deep-ONMF 800/1000
[6-9-12-18] Deep-ONMF 900/1000
[6-9-12-18] Deep-ONMF 1000/1000
[6-9-12-18] UjaNet-H fold 1/5
[6-9-12-18] UjaNet-H fold 2/5
[6-9-12-18] UjaNet-H fold 3/5
[6-9-12-18] UjaNet-H fold 4/5
[6-9-12-18] UjaNet-H fold 5/5
[worker 3] 75/93 creciente 6-9-12-18
[10-18] Deep-ONMF 1/1000
[10-18] Deep-ONMF 100/1000
[10-18] Deep-ONMF 200/1000
[10-18] Deep-ONMF 300/1000
[10-18] Deep-ONMF 400/1000
[10-18] Deep-ONMF 500/1000
[10-18] Deep-ONMF 600/1000
[10-18] Deep-ONMF 700/1000
[10-18] Deep-ONMF 800/1000
[10-18] Deep-ONMF 900/1000
[10-18] Deep-ONMF 1000/1000
[10-18] UjaNet-H fold 1/5
[10-18] UjaNet-H fold 2/5
[10-18] UjaNet-H fold 3/5
[10-18] UjaNet-H fold 4/5
[10-18] UjaNet-H fold 5/5
[worker 3] 76/93 creciente 10-18
[2-6-16] Deep-ONMF 1/1000
[2-6-16] Deep-ONMF 100/1000
[2-6-16] Deep-ONMF 200/1000
[2-6-16] Deep-ONMF 300/1000
[2-6-16] Deep-ONMF 400/1000
[2-6-16] Deep-ONMF 500/1000
[2-6-16] Deep-ONMF 600/1000
[2-6-16] Deep-ONMF 700/1000
[2-6-16] Deep-ONMF 800/1000
[2-6-16] Deep-ONMF 900/1000
[2-6-16] Deep-ONMF 1000/1000
[2-6-16] UjaNet-H fold 1/5
[2-6-16] UjaNet-H fold 2/5
[2-6-16] UjaNet-H fold 3/5
[2-6-16] UjaNet-H fold 4/5
[2-6-16] UjaNet-H fold 5/5
[worker 3] 77/93 creciente 2-6-16
[4-6-10-16] Deep-ONMF 1/1000
[4-6-10-16] Deep-ONMF 100/1000
[4-6-10-16] Deep-ONMF 200/1000
[4-6-10-16] Deep-ONMF 300/1000
[4-6-10-16] Deep-ONMF 400/1000
[4-6-10-16] Deep-ONMF 500/1000
[4-6-10-16] Deep-ONMF 600/1000
[4-6-10-16] Deep-ONMF 700/1000
[4-6-10-16] Deep-ONMF 800/1000
[4-6-10-16] Deep-ONMF 900/1000
[4-6-10-16] Deep-ONMF 1000/1000
[4-6-10-16] UjaNet-H fold 1/5
[4-6-10-16] UjaNet-H fold 2/5
[4-6-10-16] UjaNet-H fold 3/5
[4-6-10-16] UjaNet-H fold 4/5
[4-6-10-16] UjaNet-H fold 5/5
[worker 3] 78/93 creciente 4-6-10-16
[8-16] Deep-ONMF 1/1000
[8-16] Deep-ONMF 100/1000
[8-16] Deep-ONMF 200/1000
[8-16] Deep-ONMF 300/1000
[8-16] Deep-ONMF 400/1000
[8-16] Deep-ONMF 500/1000
[8-16] Deep-ONMF 600/1000
[8-16] Deep-ONMF 700/1000
[8-16] Deep-ONMF 800/1000
[8-16] Deep-ONMF 900/1000
[8-16] Deep-ONMF 1000/1000
[8-16] UjaNet-H fold 1/5
[8-16] UjaNet-H fold 2/5
[8-16] UjaNet-H fold 3/5
[8-16] UjaNet-H fold 4/5
[8-16] UjaNet-H fold 5/5
[worker 3] 79/93 creciente 8-16
[10-13-16] Deep-ONMF 1/1000
[10-13-16] Deep-ONMF 100/1000
[10-13-16] Deep-ONMF 200/1000
[10-13-16] Deep-ONMF 300/1000
[10-13-16] Deep-ONMF 400/1000
[10-13-16] Deep-ONMF 500/1000
[10-13-16] Deep-ONMF 600/1000
[10-13-16] Deep-ONMF 700/1000
[10-13-16] Deep-ONMF 800/1000
[10-13-16] Deep-ONMF 900/1000
[10-13-16] Deep-ONMF 1000/1000
[10-13-16] UjaNet-H fold 1/5
[10-13-16] UjaNet-H fold 2/5
[10-13-16] UjaNet-H fold 3/5
[10-13-16] UjaNet-H fold 4/5
[10-13-16] UjaNet-H fold 5/5
[worker 3] 80/93 creciente 10-13-16
[2-4-7-14] Deep-ONMF 1/1000
[2-4-7-14] Deep-ONMF 100/1000
[2-4-7-14] Deep-ONMF 200/1000
[2-4-7-14] Deep-ONMF 300/1000
[2-4-7-14] Deep-ONMF 400/1000
[2-4-7-14] Deep-ONMF 500/1000
[2-4-7-14] Deep-ONMF 600/1000
[2-4-7-14] Deep-ONMF 700/1000
[2-4-7-14] Deep-ONMF 800/1000
[2-4-7-14] Deep-ONMF 900/1000
[2-4-7-14] Deep-ONMF 1000/1000
[2-4-7-14] UjaNet-H fold 1/5
[2-4-7-14] UjaNet-H fold 2/5
[2-4-7-14] UjaNet-H fold 3/5
[2-4-7-14] UjaNet-H fold 4/5
[2-4-7-14] UjaNet-H fold 5/5
[worker 3] 81/93 creciente 2-4-7-14
[6-14] Deep-ONMF 1/1000
[6-14] Deep-ONMF 100/1000
[6-14] Deep-ONMF 200/1000
[6-14] Deep-ONMF 300/1000
[6-14] Deep-ONMF 400/1000
[6-14] Deep-ONMF 500/1000
[6-14] Deep-ONMF 600/1000
[6-14] Deep-ONMF 700/1000
[6-14] Deep-ONMF 800/1000
[6-14] Deep-ONMF 900/1000
[6-14] Deep-ONMF 1000/1000
[6-14] UjaNet-H fold 1/5
[6-14] UjaNet-H fold 2/5
[6-14] UjaNet-H fold 3/5
[6-14] UjaNet-H fold 4/5
[6-14] UjaNet-H fold 5/5
[worker 3] 82/93 creciente 6-14
[8-11-14] Deep-ONMF 1/1000
[8-11-14] Deep-ONMF 100/1000
[8-11-14] Deep-ONMF 200/1000
[8-11-14] Deep-ONMF 300/1000
[8-11-14] Deep-ONMF 400/1000
[8-11-14] Deep-ONMF 500/1000
[8-11-14] Deep-ONMF 600/1000
[8-11-14] Deep-ONMF 700/1000
[8-11-14] Deep-ONMF 800/1000
[8-11-14] Deep-ONMF 900/1000
[8-11-14] Deep-ONMF 1000/1000
[8-11-14] UjaNet-H fold 1/5
[8-11-14] UjaNet-H fold 2/5
[8-11-14] UjaNet-H fold 3/5
[8-11-14] UjaNet-H fold 4/5
[8-11-14] UjaNet-H fold 5/5
[worker 3] 83/93 creciente 8-11-14
[10-11-13-14] Deep-ONMF 1/1000
[10-11-13-14] Deep-ONMF 100/1000
[10-11-13-14] Deep-ONMF 200/1000
[10-11-13-14] Deep-ONMF 300/1000
[10-11-13-14] Deep-ONMF 400/1000
[10-11-13-14] Deep-ONMF 500/1000
[10-11-13-14] Deep-ONMF 600/1000
[10-11-13-14] Deep-ONMF 700/1000
[10-11-13-14] Deep-ONMF 800/1000
[10-11-13-14] Deep-ONMF 900/1000
[10-11-13-14] Deep-ONMF 1000/1000
[10-11-13-14] UjaNet-H fold 1/5
[10-11-13-14] UjaNet-H fold 2/5
[10-11-13-14] UjaNet-H fold 3/5
[10-11-13-14] UjaNet-H fold 4/5
[10-11-13-14] UjaNet-H fold 5/5
[worker 3] 84/93 creciente 10-11-13-14
[4-12] Deep-ONMF 1/1000
[4-12] Deep-ONMF 100/1000
[4-12] Deep-ONMF 200/1000
[4-12] Deep-ONMF 300/1000
[4-12] Deep-ONMF 400/1000
[4-12] Deep-ONMF 500/1000
[4-12] Deep-ONMF 600/1000
[4-12] Deep-ONMF 700/1000
[4-12] Deep-ONMF 800/1000
[4-12] Deep-ONMF 900/1000
[4-12] Deep-ONMF 1000/1000
[4-12] UjaNet-H fold 1/5
[4-12] UjaNet-H fold 2/5
[4-12] UjaNet-H fold 3/5
[4-12] UjaNet-H fold 4/5
[4-12] UjaNet-H fold 5/5
[worker 3] 85/93 creciente 4-12
[6-8-12] Deep-ONMF 1/1000
[6-8-12] Deep-ONMF 100/1000
[6-8-12] Deep-ONMF 200/1000
[6-8-12] Deep-ONMF 300/1000
[6-8-12] Deep-ONMF 400/1000
[6-8-12] Deep-ONMF 500/1000
[6-8-12] Deep-ONMF 600/1000
[6-8-12] Deep-ONMF 700/1000
[6-8-12] Deep-ONMF 800/1000
[6-8-12] Deep-ONMF 900/1000
[6-8-12] Deep-ONMF 1000/1000
[6-8-12] UjaNet-H fold 1/5
[6-8-12] UjaNet-H fold 2/5
[6-8-12] UjaNet-H fold 3/5
[6-8-12] UjaNet-H fold 4/5
[6-8-12] UjaNet-H fold 5/5
[worker 3] 86/93 creciente 6-8-12
[8-9-10-12] Deep-ONMF 1/1000
[8-9-10-12] Deep-ONMF 100/1000
[8-9-10-12] Deep-ONMF 200/1000
[8-9-10-12] Deep-ONMF 300/1000
[8-9-10-12] Deep-ONMF 400/1000
[8-9-10-12] Deep-ONMF 500/1000
[8-9-10-12] Deep-ONMF 600/1000
[8-9-10-12] Deep-ONMF 700/1000
[8-9-10-12] Deep-ONMF 800/1000
[8-9-10-12] Deep-ONMF 900/1000
[8-9-10-12] Deep-ONMF 1000/1000
[8-9-10-12] UjaNet-H fold 1/5
[8-9-10-12] UjaNet-H fold 2/5
[8-9-10-12] UjaNet-H fold 3/5
[8-9-10-12] UjaNet-H fold 4/5
[8-9-10-12] UjaNet-H fold 5/5
[worker 3] 87/93 creciente 8-9-10-12
[2-10] Deep-ONMF 1/1000
[2-10] Deep-ONMF 100/1000
[2-10] Deep-ONMF 200/1000
[2-10] Deep-ONMF 300/1000
[2-10] Deep-ONMF 400/1000
[2-10] Deep-ONMF 500/1000
[2-10] Deep-ONMF 600/1000
[2-10] Deep-ONMF 700/1000
[2-10] Deep-ONMF 800/1000
[2-10] Deep-ONMF 900/1000
[2-10] Deep-ONMF 1000/1000
[2-10] UjaNet-H fold 1/5
[2-10] UjaNet-H fold 2/5
[2-10] UjaNet-H fold 3/5
[2-10] UjaNet-H fold 4/5
[2-10] UjaNet-H fold 5/5
[worker 3] 88/93 creciente 2-10
[4-6-10] Deep-ONMF 1/1000
[4-6-10] Deep-ONMF 100/1000
[4-6-10] Deep-ONMF 200/1000
[4-6-10] Deep-ONMF 300/1000
[4-6-10] Deep-ONMF 400/1000
[4-6-10] Deep-ONMF 500/1000
[4-6-10] Deep-ONMF 600/1000
[4-6-10] Deep-ONMF 700/1000
[4-6-10] Deep-ONMF 800/1000
[4-6-10] Deep-ONMF 900/1000
[4-6-10] Deep-ONMF 1000/1000
[4-6-10] UjaNet-H fold 1/5
[4-6-10] UjaNet-H fold 2/5
[4-6-10] UjaNet-H fold 3/5
[4-6-10] UjaNet-H fold 4/5
[4-6-10] UjaNet-H fold 5/5
[worker 3] 89/93 creciente 4-6-10
[6-7-8-10] Deep-ONMF 1/1000
[6-7-8-10] Deep-ONMF 100/1000
[6-7-8-10] Deep-ONMF 200/1000
[6-7-8-10] Deep-ONMF 300/1000
[6-7-8-10] Deep-ONMF 400/1000
[6-7-8-10] Deep-ONMF 500/1000
[6-7-8-10] Deep-ONMF 600/1000
[6-7-8-10] Deep-ONMF 700/1000
[6-7-8-10] Deep-ONMF 800/1000
[6-7-8-10] Deep-ONMF 900/1000
[6-7-8-10] Deep-ONMF 1000/1000
[6-7-8-10] UjaNet-H fold 1/5
[6-7-8-10] UjaNet-H fold 2/5
[6-7-8-10] UjaNet-H fold 3/5
[6-7-8-10] UjaNet-H fold 4/5
[6-7-8-10] UjaNet-H fold 5/5
[worker 3] 90/93 creciente 6-7-8-10
[2-8] Deep-ONMF 1/1000
[2-8] Deep-ONMF 100/1000
[2-8] Deep-ONMF 200/1000
[2-8] Deep-ONMF 300/1000
[2-8] Deep-ONMF 400/1000
[2-8] Deep-ONMF 500/1000
[2-8] Deep-ONMF 600/1000
[2-8] Deep-ONMF 700/1000
[2-8] Deep-ONMF 800/1000
[2-8] Deep-ONMF 900/1000
[2-8] Deep-ONMF 1000/1000
[2-8] UjaNet-H fold 1/5
[2-8] UjaNet-H fold 2/5
[2-8] UjaNet-H fold 3/5
[2-8] UjaNet-H fold 4/5
[2-8] UjaNet-H fold 5/5
[worker 3] 91/93 creciente 2-8
[4-6-8] Deep-ONMF 1/1000
[4-6-8] Deep-ONMF 100/1000
[4-6-8] Deep-ONMF 200/1000
[4-6-8] Deep-ONMF 300/1000
[4-6-8] Deep-ONMF 400/1000
[4-6-8] Deep-ONMF 500/1000
[4-6-8] Deep-ONMF 600/1000
[4-6-8] Deep-ONMF 700/1000
[4-6-8] Deep-ONMF 800/1000
[4-6-8] Deep-ONMF 900/1000
[4-6-8] Deep-ONMF 1000/1000
[4-6-8] UjaNet-H fold 1/5
[4-6-8] UjaNet-H fold 2/5
[4-6-8] UjaNet-H fold 3/5
[4-6-8] UjaNet-H fold 4/5
[4-6-8] UjaNet-H fold 5/5
[worker 3] 92/93 creciente 4-6-8
[6-7-7-8] Deep-ONMF 1/1000
[6-7-7-8] Deep-ONMF 100/1000
[6-7-7-8] Deep-ONMF 200/1000
[6-7-7-8] Deep-ONMF 300/1000
[6-7-7-8] Deep-ONMF 400/1000
[6-7-7-8] Deep-ONMF 500/1000
[6-7-7-8] Deep-ONMF 600/1000
[6-7-7-8] Deep-ONMF 700/1000
[6-7-7-8] Deep-ONMF 800/1000
[6-7-7-8] Deep-ONMF 900/1000
[6-7-7-8] Deep-ONMF 1000/1000
[6-7-7-8] UjaNet-H fold 1/5
[6-7-7-8] UjaNet-H fold 2/5
[6-7-7-8] UjaNet-H fold 3/5
[6-7-7-8] UjaNet-H fold 4/5
[6-7-7-8] UjaNet-H fold 5/5
[worker 3] 93/93 creciente 6-7-7-8
