[extraccion 8-14] 1/1000 audios
[extraccion 8-14] 25/1000 audios
[extraccion 8-14] 50/1000 audios
[extraccion 8-14] 75/1000 audios
[extraccion 8-14] 100/1000 audios
[extraccion 8-14] 125/1000 audios
[extraccion 8-14] 150/1000 audios
[extraccion 8-14] 175/1000 audios
[extraccion 8-14] 200/1000 audios
[extraccion 8-14] 225/1000 audios
[extraccion 8-14] 250/1000 audios
[extraccion 8-14] 275/1000 audios
[extraccion 8-14] 300/1000 audios
[extraccion 8-14] 325/1000 audios
[extraccion 8-14] 350/1000 audios
[extraccion 8-14] 375/1000 audios
[extraccion 8-14] 400/1000 audios
[extraccion 8-14] 425/1000 audios
[extraccion 8-14] 450/1000 audios
[extraccion 8-14] 475/1000 audios
[extraccion 8-14] 500/1000 audios
[extraccion 8-14] 525/1000 audios
[extraccion 8-14] 550/1000 audios
[extraccion 8-14] 575/1000 audios
[extraccion 8-14] 600/1000 audios
[extraccion 8-14] 625/1000 audios
[extraccion 8-14] 650/1000 audios
[extraccion 8-14] 675/1000 audios
[extraccion 8-14] 700/1000 audios
[extraccion 8-14] 725/1000 audios
[extraccion 8-14] 750/1000 audios
[extraccion 8-14] 775/1000 audios
[extraccion 8-14] 800/1000 audios
[extraccion 8-14] 825/1000 audios
[extraccion 8-14] 850/1000 audios
[extraccion 8-14] 875/1000 audios
[extraccion 8-14] 900/1000 audios
[extraccion 8-14] 925/1000 audios
[extraccion 8-14] 950/1000 audios
[extraccion 8-14] 975/1000 audios
[extraccion 8-14] 1000/1000 audios
[8-14] SVM DeepONMF_W fold 1
[8-14] SVM DeepONMF_W fold 2
[8-14] SVM DeepONMF_W fold 3
[8-14] SVM DeepONMF_W fold 4
[8-14] SVM DeepONMF_W fold 5
[8-14] KNN DeepONMF_W fold 1
[8-14] KNN DeepONMF_W fold 2
[8-14] KNN DeepONMF_W fold 3
[8-14] KNN DeepONMF_W fold 4
[8-14] KNN DeepONMF_W fold 5
[8-14] UjaNet DeepONMF_W fold 1
[8-14] UjaNet DeepONMF_W fold 2
[8-14] UjaNet DeepONMF_W fold 3
[8-14] UjaNet DeepONMF_W fold 4
[8-14] UjaNet DeepONMF_W fold 5
[8-14] SVM DeepONMF_H2 fold 1
[8-14] SVM DeepONMF_H2 fold 2
[8-14] SVM DeepONMF_H2 fold 3
[8-14] SVM DeepONMF_H2 fold 4
[8-14] SVM DeepONMF_H2 fold 5
[8-14] KNN DeepONMF_H2 fold 1
[8-14] KNN DeepONMF_H2 fold 2
[8-14] KNN DeepONMF_H2 fold 3
[8-14] KNN DeepONMF_H2 fold 4
[8-14] KNN DeepONMF_H2 fold 5
[8-14] UjaNet DeepONMF_H2 fold 1
[8-14] UjaNet DeepONMF_H2 fold 2
[8-14] UjaNet DeepONMF_H2 fold 3
[8-14] UjaNet DeepONMF_H2 fold 4
[8-14] UjaNet DeepONMF_H2 fold 5
[extraccion 10-17] 1/1000 audios
[extraccion 10-17] 25/1000 audios
[extraccion 10-17] 50/1000 audios
[extraccion 10-17] 75/1000 audios
[extraccion 10-17] 100/1000 audios
[extraccion 10-17] 125/1000 audios
[extraccion 10-17] 150/1000 audios
[extraccion 10-17] 175/1000 audios
[extraccion 10-17] 200/1000 audios
[extraccion 10-17] 225/1000 audios
[extraccion 10-17] 250/1000 audios
[extraccion 10-17] 275/1000 audios
[extraccion 10-17] 300/1000 audios
[extraccion 10-17] 325/1000 audios
[extraccion 10-17] 350/1000 audios
[extraccion 10-17] 375/1000 audios
[extraccion 10-17] 400/1000 audios
[extraccion 10-17] 425/1000 audios
[extraccion 10-17] 450/1000 audios
[extraccion 10-17] 475/1000 audios
[extraccion 10-17] 500/1000 audios
[extraccion 10-17] 525/1000 audios
[extraccion 10-17] 550/1000 audios
[extraccion 10-17] 575/1000 audios
[extraccion 10-17] 600/1000 audios
[extraccion 10-17] 625/1000 audios
[extraccion 10-17] 650/1000 audios
[extraccion 10-17] 675/1000 audios
[extraccion 10-17] 700/1000 audios
[extraccion 10-17] 725/1000 audios
[extraccion 10-17] 750/1000 audios
[extraccion 10-17] 775/1000 audios
[extraccion 10-17] 800/1000 audios
[extraccion 10-17] 825/1000 audios
[extraccion 10-17] 850/1000 audios
[extraccion 10-17] 875/1000 audios
[extraccion 10-17] 900/1000 audios
[extraccion 10-17] 925/1000 audios
[extraccion 10-17] 950/1000 audios
[extraccion 10-17] 975/1000 audios
[extraccion 10-17] 1000/1000 audios
[10-17] SVM DeepONMF_W fold 1
[10-17] SVM DeepONMF_W fold 2
[10-17] SVM DeepONMF_W fold 3
[10-17] SVM DeepONMF_W fold 4
[10-17] SVM DeepONMF_W fold 5
[10-17] KNN DeepONMF_W fold 1
[10-17] KNN DeepONMF_W fold 2
[10-17] KNN DeepONMF_W fold 3
[10-17] KNN DeepONMF_W fold 4
[10-17] KNN DeepONMF_W fold 5
[10-17] UjaNet DeepONMF_W fold 1
[10-17] UjaNet DeepONMF_W fold 2
[10-17] UjaNet DeepONMF_W fold 3
[10-17] UjaNet DeepONMF_W fold 4
[10-17] UjaNet DeepONMF_W fold 5
[10-17] SVM DeepONMF_H2 fold 1
[10-17] SVM DeepONMF_H2 fold 2
[10-17] SVM DeepONMF_H2 fold 3
[10-17] SVM DeepONMF_H2 fold 4
[10-17] SVM DeepONMF_H2 fold 5
[10-17] KNN DeepONMF_H2 fold 1
[10-17] KNN DeepONMF_H2 fold 2
[10-17] KNN DeepONMF_H2 fold 3
[10-17] KNN DeepONMF_H2 fold 4
[10-17] KNN DeepONMF_H2 fold 5
[10-17] UjaNet DeepONMF_H2 fold 1
[10-17] UjaNet DeepONMF_H2 fold 2
[10-17] UjaNet DeepONMF_H2 fold 3
[10-17] UjaNet DeepONMF_H2 fold 4
[10-17] UjaNet DeepONMF_H2 fold 5
[extraccion 4-7] 1/1000 audios
[extraccion 4-7] 25/1000 audios
[extraccion 4-7] 50/1000 audios
[extraccion 4-7] 75/1000 audios
[extraccion 4-7] 100/1000 audios
[extraccion 4-7] 125/1000 audios
[extraccion 4-7] 150/1000 audios
[extraccion 4-7] 175/1000 audios
[extraccion 4-7] 200/1000 audios
[extraccion 4-7] 225/1000 audios
[extraccion 4-7] 250/1000 audios
[extraccion 4-7] 275/1000 audios
[extraccion 4-7] 300/1000 audios
[extraccion 4-7] 325/1000 audios
[extraccion 4-7] 350/1000 audios
[extraccion 4-7] 375/1000 audios
[extraccion 4-7] 400/1000 audios
[extraccion 4-7] 425/1000 audios
[extraccion 4-7] 450/1000 audios
[extraccion 4-7] 475/1000 audios
[extraccion 4-7] 500/1000 audios
[extraccion 4-7] 525/1000 audios
[extraccion 4-7] 550/1000 audios
[extraccion 4-7] 575/1000 audios
[extraccion 4-7] 600/1000 audios
[extraccion 4-7] 625/1000 audios
[extraccion 4-7] 650/1000 audios
[extraccion 4-7] 675/1000 audios
[extraccion 4-7] 700/1000 audios
[extraccion 4-7] 725/1000 audios
[extraccion 4-7] 750/1000 audios
[extraccion 4-7] 775/1000 audios
[extraccion 4-7] 800/1000 audios
[extraccion 4-7] 825/1000 audios
[extraccion 4-7] 850/1000 audios
[extraccion 4-7] 875/1000 audios
[extraccion 4-7] 900/1000 audios
[extraccion 4-7] 925/1000 audios
[extraccion 4-7] 950/1000 audios
[extraccion 4-7] 975/1000 audios
[extraccion 4-7] 1000/1000 audios
[4-7] SVM DeepONMF_W fold 1
[4-7] SVM DeepONMF_W fold 2
[4-7] SVM DeepONMF_W fold 3
[4-7] SVM DeepONMF_W fold 4
[4-7] SVM DeepONMF_W fold 5
[4-7] KNN DeepONMF_W fold 1
[4-7] KNN DeepONMF_W fold 2
[4-7] KNN DeepONMF_W fold 3
[4-7] KNN DeepONMF_W fold 4
[4-7] KNN DeepONMF_W fold 5
[4-7] UjaNet DeepONMF_W fold 1
[4-7] UjaNet DeepONMF_W fold 2
[4-7] UjaNet DeepONMF_W fold 3
[4-7] UjaNet DeepONMF_W fold 4
[4-7] UjaNet DeepONMF_W fold 5
[4-7] SVM DeepONMF_H2 fold 1
[4-7] SVM DeepONMF_H2 fold 2
[4-7] SVM DeepONMF_H2 fold 3
[4-7] SVM DeepONMF_H2 fold 4
[4-7] SVM DeepONMF_H2 fold 5
[4-7] KNN DeepONMF_H2 fold 1
[4-7] KNN DeepONMF_H2 fold 2
[4-7] KNN DeepONMF_H2 fold 3
[4-7] KNN DeepONMF_H2 fold 4
[4-7] KNN DeepONMF_H2 fold 5
[4-7] UjaNet DeepONMF_H2 fold 1
[4-7] UjaNet DeepONMF_H2 fold 2
[4-7] UjaNet DeepONMF_H2 fold 3
[4-7] UjaNet DeepONMF_H2 fold 4
[4-7] UjaNet DeepONMF_H2 fold 5
