Traceback (most recent call last):
  File "C:\Users\armga\OneDrive\Escritorio\TFG\Implementacion_last\3 pruebas de juan\prueba para encontrar mejor solucion\ultima prueba juan\ejecutar_ultima_prueba.py", line 21, in <module>
    main()
    ~~~~^^
  File "C:\Users\armga\OneDrive\Escritorio\TFG\Implementacion_last\3 pruebas de juan\prueba para encontrar mejor solucion\ultima prueba juan\codigo\ultima_juan\flujo.py", line 626, in main
    resultado = ejecutar(
        args.datos,
    ...<3 lines>...
        args.solo_informe,
    )
  File "C:\Users\armga\OneDrive\Escritorio\TFG\Implementacion_last\3 pruebas de juan\prueba para encontrar mejor solucion\ultima prueba juan\codigo\ultima_juan\flujo.py", line 560, in ejecutar
    matrices, _ = generar_matrices_confusion(
                  ~~~~~~~~~~~~~~~~~~~~~~~~~~^
        seleccion,
        ^^^^^^^^^^
    ...<6 lines>...
        carpeta_resultados / "matrices_confusion",
        ^^^^^^^^^^^^^^^^^^^^^^^^^^^^^^^^^^^^^^^^^^
    )
    ^
  File "C:\Users\armga\OneDrive\Escritorio\TFG\Implementacion_last\3 pruebas de juan\prueba para encontrar mejor solucion\ultima prueba juan\codigo\ultima_juan\matrices.py", line 139, in generar_matrices_confusion
    np.fill_diagonal(errores.values, 0)
    ~~~~~~~~~~~~~~~~^^^^^^^^^^^^^^^^^^^
  File "C:\Users\armga\AppData\Local\Programs\Python\Python313\Lib\site-packages\numpy\lib\_index_tricks_impl.py", line 923, in fill_diagonal
    a.flat[:end:step] = val
    ~~~~~~^^^^^^^^^^^
ValueError: underlying array is read-only
