[extraccion 6-5-4-3-2] 1/1000 audios
[extraccion 6-5-4-3-2] 25/1000 audios
[extraccion 6-5-4-3-2] 50/1000 audios
[extraccion 6-5-4-3-2] 75/1000 audios
[extraccion 6-5-4-3-2] 100/1000 audios
[extraccion 6-5-4-3-2] 125/1000 audios
[extraccion 6-5-4-3-2] 150/1000 audios
[extraccion 6-5-4-3-2] 175/1000 audios
[extraccion 6-5-4-3-2] 200/1000 audios
[extraccion 6-5-4-3-2] 225/1000 audios
[extraccion 6-5-4-3-2] 250/1000 audios
[extraccion 6-5-4-3-2] 275/1000 audios
[extraccion 6-5-4-3-2] 300/1000 audios
[extraccion 6-5-4-3-2] 325/1000 audios
[extraccion 6-5-4-3-2] 350/1000 audios
[extraccion 6-5-4-3-2] 375/1000 audios
[extraccion 6-5-4-3-2] 400/1000 audios
[extraccion 6-5-4-3-2] 425/1000 audios
[extraccion 6-5-4-3-2] 450/1000 audios
[extraccion 6-5-4-3-2] 475/1000 audios
[extraccion 6-5-4-3-2] 500/1000 audios
[extraccion 6-5-4-3-2] 525/1000 audios
[extraccion 6-5-4-3-2] 550/1000 audios
[extraccion 6-5-4-3-2] 575/1000 audios
[extraccion 6-5-4-3-2] 600/1000 audios
[extraccion 6-5-4-3-2] 625/1000 audios
[extraccion 6-5-4-3-2] 650/1000 audios
[extraccion 6-5-4-3-2] 675/1000 audios
[extraccion 6-5-4-3-2] 700/1000 audios
[extraccion 6-5-4-3-2] 725/1000 audios
[extraccion 6-5-4-3-2] 750/1000 audios
[extraccion 6-5-4-3-2] 775/1000 audios
[extraccion 6-5-4-3-2] 800/1000 audios
[extraccion 6-5-4-3-2] 825/1000 audios
[extraccion 6-5-4-3-2] 850/1000 audios
[extraccion 6-5-4-3-2] 875/1000 audios
[extraccion 6-5-4-3-2] 900/1000 audios
[extraccion 6-5-4-3-2] 925/1000 audios
[extraccion 6-5-4-3-2] 950/1000 audios
[extraccion 6-5-4-3-2] 975/1000 audios
[extraccion 6-5-4-3-2] 1000/1000 audios
[6-5-4-3-2] SVM DeepONMF_W fold 1
[6-5-4-3-2] SVM DeepONMF_W fold 2
[6-5-4-3-2] SVM DeepONMF_W fold 3
[6-5-4-3-2] SVM DeepONMF_W fold 4
[6-5-4-3-2] SVM DeepONMF_W fold 5
[6-5-4-3-2] KNN DeepONMF_W fold 1
[6-5-4-3-2] KNN DeepONMF_W fold 2
[6-5-4-3-2] KNN DeepONMF_W fold 3
[6-5-4-3-2] KNN DeepONMF_W fold 4
[6-5-4-3-2] KNN DeepONMF_W fold 5
[6-5-4-3-2] UjaNet DeepONMF_W fold 1
[6-5-4-3-2] UjaNet DeepONMF_W fold 2
[6-5-4-3-2] UjaNet DeepONMF_W fold 3
[6-5-4-3-2] UjaNet DeepONMF_W fold 4
[6-5-4-3-2] UjaNet DeepONMF_W fold 5
[6-5-4-3-2] SVM DeepONMF_H5 fold 1
[6-5-4-3-2] SVM DeepONMF_H5 fold 2
[6-5-4-3-2] SVM DeepONMF_H5 fold 3
[6-5-4-3-2] SVM DeepONMF_H5 fold 4
[6-5-4-3-2] SVM DeepONMF_H5 fold 5
[6-5-4-3-2] KNN DeepONMF_H5 fold 1
[6-5-4-3-2] KNN DeepONMF_H5 fold 2
[6-5-4-3-2] KNN DeepONMF_H5 fold 3
[6-5-4-3-2] KNN DeepONMF_H5 fold 4
[6-5-4-3-2] KNN DeepONMF_H5 fold 5
[6-5-4-3-2] UjaNet DeepONMF_H5 fold 1
[6-5-4-3-2] UjaNet DeepONMF_H5 fold 2
[6-5-4-3-2] UjaNet DeepONMF_H5 fold 3
[6-5-4-3-2] UjaNet DeepONMF_H5 fold 4
[6-5-4-3-2] UjaNet DeepONMF_H5 fold 5
[extraccion 20-5-4-3-2] 1/1000 audios
[extraccion 20-5-4-3-2] 25/1000 audios
[extraccion 20-5-4-3-2] 50/1000 audios
[extraccion 20-5-4-3-2] 75/1000 audios
[extraccion 20-5-4-3-2] 100/1000 audios
[extraccion 20-5-4-3-2] 125/1000 audios
[extraccion 20-5-4-3-2] 150/1000 audios
[extraccion 20-5-4-3-2] 175/1000 audios
[extraccion 20-5-4-3-2] 200/1000 audios
[extraccion 20-5-4-3-2] 225/1000 audios
[extraccion 20-5-4-3-2] 250/1000 audios
[extraccion 20-5-4-3-2] 275/1000 audios
[extraccion 20-5-4-3-2] 300/1000 audios
[extraccion 20-5-4-3-2] 325/1000 audios
[extraccion 20-5-4-3-2] 350/1000 audios
[extraccion 20-5-4-3-2] 375/1000 audios
[extraccion 20-5-4-3-2] 400/1000 audios
[extraccion 20-5-4-3-2] 425/1000 audios
[extraccion 20-5-4-3-2] 450/1000 audios
[extraccion 20-5-4-3-2] 475/1000 audios
[extraccion 20-5-4-3-2] 500/1000 audios
[extraccion 20-5-4-3-2] 525/1000 audios
[extraccion 20-5-4-3-2] 550/1000 audios
[extraccion 20-5-4-3-2] 575/1000 audios
[extraccion 20-5-4-3-2] 600/1000 audios
[extraccion 20-5-4-3-2] 625/1000 audios
[extraccion 20-5-4-3-2] 650/1000 audios
[extraccion 20-5-4-3-2] 675/1000 audios
[extraccion 20-5-4-3-2] 700/1000 audios
[extraccion 20-5-4-3-2] 725/1000 audios
[extraccion 20-5-4-3-2] 750/1000 audios
[extraccion 20-5-4-3-2] 775/1000 audios
[extraccion 20-5-4-3-2] 800/1000 audios
[extraccion 20-5-4-3-2] 825/1000 audios
[extraccion 20-5-4-3-2] 850/1000 audios
[extraccion 20-5-4-3-2] 875/1000 audios
[extraccion 20-5-4-3-2] 900/1000 audios
[extraccion 20-5-4-3-2] 925/1000 audios
[extraccion 20-5-4-3-2] 950/1000 audios
[extraccion 20-5-4-3-2] 975/1000 audios
[extraccion 20-5-4-3-2] 1000/1000 audios
[20-5-4-3-2] SVM DeepONMF_W fold 1
[20-5-4-3-2] SVM DeepONMF_W fold 2
[20-5-4-3-2] SVM DeepONMF_W fold 3
[20-5-4-3-2] SVM DeepONMF_W fold 4
[20-5-4-3-2] SVM DeepONMF_W fold 5
[20-5-4-3-2] KNN DeepONMF_W fold 1
[20-5-4-3-2] KNN DeepONMF_W fold 2
[20-5-4-3-2] KNN DeepONMF_W fold 3
[20-5-4-3-2] KNN DeepONMF_W fold 4
[20-5-4-3-2] KNN DeepONMF_W fold 5
[20-5-4-3-2] UjaNet DeepONMF_W fold 1
[20-5-4-3-2] UjaNet DeepONMF_W fold 2
[20-5-4-3-2] UjaNet DeepONMF_W fold 3
[20-5-4-3-2] UjaNet DeepONMF_W fold 4
[20-5-4-3-2] UjaNet DeepONMF_W fold 5
[20-5-4-3-2] SVM DeepONMF_H5 fold 1
[20-5-4-3-2] SVM DeepONMF_H5 fold 2
[20-5-4-3-2] SVM DeepONMF_H5 fold 3
[20-5-4-3-2] SVM DeepONMF_H5 fold 4
[20-5-4-3-2] SVM DeepONMF_H5 fold 5
[20-5-4-3-2] KNN DeepONMF_H5 fold 1
[20-5-4-3-2] KNN DeepONMF_H5 fold 2
[20-5-4-3-2] KNN DeepONMF_H5 fold 3
[20-5-4-3-2] KNN DeepONMF_H5 fold 4
[20-5-4-3-2] KNN DeepONMF_H5 fold 5
[20-5-4-3-2] UjaNet DeepONMF_H5 fold 1
[20-5-4-3-2] UjaNet DeepONMF_H5 fold 2
[20-5-4-3-2] UjaNet DeepONMF_H5 fold 3
[20-5-4-3-2] UjaNet DeepONMF_H5 fold 4
[20-5-4-3-2] UjaNet DeepONMF_H5 fold 5
[extraccion 20-19-4-3-2] 1/1000 audios
[extraccion 20-19-4-3-2] 25/1000 audios
[extraccion 20-19-4-3-2] 50/1000 audios
[extraccion 20-19-4-3-2] 75/1000 audios
[extraccion 20-19-4-3-2] 100/1000 audios
[extraccion 20-19-4-3-2] 125/1000 audios
[extraccion 20-19-4-3-2] 150/1000 audios
[extraccion 20-19-4-3-2] 175/1000 audios
[extraccion 20-19-4-3-2] 200/1000 audios
[extraccion 20-19-4-3-2] 225/1000 audios
[extraccion 20-19-4-3-2] 250/1000 audios
[extraccion 20-19-4-3-2] 275/1000 audios
[extraccion 20-19-4-3-2] 300/1000 audios
[extraccion 20-19-4-3-2] 325/1000 audios
[extraccion 20-19-4-3-2] 350/1000 audios
[extraccion 20-19-4-3-2] 375/1000 audios
[extraccion 20-19-4-3-2] 400/1000 audios
[extraccion 20-19-4-3-2] 425/1000 audios
[extraccion 20-19-4-3-2] 450/1000 audios
[extraccion 20-19-4-3-2] 475/1000 audios
[extraccion 20-19-4-3-2] 500/1000 audios
[extraccion 20-19-4-3-2] 525/1000 audios
[extraccion 20-19-4-3-2] 550/1000 audios
[extraccion 20-19-4-3-2] 575/1000 audios
[extraccion 20-19-4-3-2] 600/1000 audios
[extraccion 20-19-4-3-2] 625/1000 audios
[extraccion 20-19-4-3-2] 650/1000 audios
[extraccion 20-19-4-3-2] 675/1000 audios
[extraccion 20-19-4-3-2] 700/1000 audios
[extraccion 20-19-4-3-2] 725/1000 audios
[extraccion 20-19-4-3-2] 750/1000 audios
[extraccion 20-19-4-3-2] 775/1000 audios
[extraccion 20-19-4-3-2] 800/1000 audios
[extraccion 20-19-4-3-2] 825/1000 audios
[extraccion 20-19-4-3-2] 850/1000 audios
[extraccion 20-19-4-3-2] 875/1000 audios
[extraccion 20-19-4-3-2] 900/1000 audios
[extraccion 20-19-4-3-2] 925/1000 audios
[extraccion 20-19-4-3-2] 950/1000 audios
[extraccion 20-19-4-3-2] 975/1000 audios
[extraccion 20-19-4-3-2] 1000/1000 audios
[20-19-4-3-2] SVM DeepONMF_W fold 1
[20-19-4-3-2] SVM DeepONMF_W fold 2
[20-19-4-3-2] SVM DeepONMF_W fold 3
[20-19-4-3-2] SVM DeepONMF_W fold 4
[20-19-4-3-2] SVM DeepONMF_W fold 5
[20-19-4-3-2] KNN DeepONMF_W fold 1
[20-19-4-3-2] KNN DeepONMF_W fold 2
[20-19-4-3-2] KNN DeepONMF_W fold 3
[20-19-4-3-2] KNN DeepONMF_W fold 4
[20-19-4-3-2] KNN DeepONMF_W fold 5
[20-19-4-3-2] UjaNet DeepONMF_W fold 1
[20-19-4-3-2] UjaNet DeepONMF_W fold 2
[20-19-4-3-2] UjaNet DeepONMF_W fold 3
[20-19-4-3-2] UjaNet DeepONMF_W fold 4
[20-19-4-3-2] UjaNet DeepONMF_W fold 5
[20-19-4-3-2] SVM DeepONMF_H5 fold 1
[20-19-4-3-2] SVM DeepONMF_H5 fold 2
[20-19-4-3-2] SVM DeepONMF_H5 fold 3
[20-19-4-3-2] SVM DeepONMF_H5 fold 4
[20-19-4-3-2] SVM DeepONMF_H5 fold 5
[20-19-4-3-2] KNN DeepONMF_H5 fold 1
[20-19-4-3-2] KNN DeepONMF_H5 fold 2
[20-19-4-3-2] KNN DeepONMF_H5 fold 3
[20-19-4-3-2] KNN DeepONMF_H5 fold 4
[20-19-4-3-2] KNN DeepONMF_H5 fold 5
[20-19-4-3-2] UjaNet DeepONMF_H5 fold 1
[20-19-4-3-2] UjaNet DeepONMF_H5 fold 2
[20-19-4-3-2] UjaNet DeepONMF_H5 fold 3
[20-19-4-3-2] UjaNet DeepONMF_H5 fold 4
[20-19-4-3-2] UjaNet DeepONMF_H5 fold 5
[extraccion 20-19-18-3-2] 1/1000 audios
[extraccion 20-19-18-3-2] 25/1000 audios
[extraccion 20-19-18-3-2] 50/1000 audios
[extraccion 20-19-18-3-2] 75/1000 audios
[extraccion 20-19-18-3-2] 100/1000 audios
[extraccion 20-19-18-3-2] 125/1000 audios
[extraccion 20-19-18-3-2] 150/1000 audios
[extraccion 20-19-18-3-2] 175/1000 audios
[extraccion 20-19-18-3-2] 200/1000 audios
[extraccion 20-19-18-3-2] 225/1000 audios
[extraccion 20-19-18-3-2] 250/1000 audios
[extraccion 20-19-18-3-2] 275/1000 audios
[extraccion 20-19-18-3-2] 300/1000 audios
[extraccion 20-19-18-3-2] 325/1000 audios
[extraccion 20-19-18-3-2] 350/1000 audios
[extraccion 20-19-18-3-2] 375/1000 audios
[extraccion 20-19-18-3-2] 400/1000 audios
[extraccion 20-19-18-3-2] 425/1000 audios
[extraccion 20-19-18-3-2] 450/1000 audios
[extraccion 20-19-18-3-2] 475/1000 audios
[extraccion 20-19-18-3-2] 500/1000 audios
[extraccion 20-19-18-3-2] 525/1000 audios
[extraccion 20-19-18-3-2] 550/1000 audios
[extraccion 20-19-18-3-2] 575/1000 audios
[extraccion 20-19-18-3-2] 600/1000 audios
[extraccion 20-19-18-3-2] 625/1000 audios
[extraccion 20-19-18-3-2] 650/1000 audios
[extraccion 20-19-18-3-2] 675/1000 audios
[extraccion 20-19-18-3-2] 700/1000 audios
[extraccion 20-19-18-3-2] 725/1000 audios
[extraccion 20-19-18-3-2] 750/1000 audios
[extraccion 20-19-18-3-2] 775/1000 audios
[extraccion 20-19-18-3-2] 800/1000 audios
[extraccion 20-19-18-3-2] 825/1000 audios
[extraccion 20-19-18-3-2] 850/1000 audios
[extraccion 20-19-18-3-2] 875/1000 audios
[extraccion 20-19-18-3-2] 900/1000 audios
[extraccion 20-19-18-3-2] 925/1000 audios
[extraccion 20-19-18-3-2] 950/1000 audios
[extraccion 20-19-18-3-2] 975/1000 audios
[extraccion 20-19-18-3-2] 1000/1000 audios
[20-19-18-3-2] SVM DeepONMF_W fold 1
[20-19-18-3-2] SVM DeepONMF_W fold 2
[20-19-18-3-2] SVM DeepONMF_W fold 3
[20-19-18-3-2] SVM DeepONMF_W fold 4
[20-19-18-3-2] SVM DeepONMF_W fold 5
[20-19-18-3-2] KNN DeepONMF_W fold 1
[20-19-18-3-2] KNN DeepONMF_W fold 2
[20-19-18-3-2] KNN DeepONMF_W fold 3
[20-19-18-3-2] KNN DeepONMF_W fold 4
[20-19-18-3-2] KNN DeepONMF_W fold 5
[20-19-18-3-2] UjaNet DeepONMF_W fold 1
[20-19-18-3-2] UjaNet DeepONMF_W fold 2
[20-19-18-3-2] UjaNet DeepONMF_W fold 3
[20-19-18-3-2] UjaNet DeepONMF_W fold 4
[20-19-18-3-2] UjaNet DeepONMF_W fold 5
[20-19-18-3-2] SVM DeepONMF_H5 fold 1
[20-19-18-3-2] SVM DeepONMF_H5 fold 2
[20-19-18-3-2] SVM DeepONMF_H5 fold 3
[20-19-18-3-2] SVM DeepONMF_H5 fold 4
[20-19-18-3-2] SVM DeepONMF_H5 fold 5
[20-19-18-3-2] KNN DeepONMF_H5 fold 1
[20-19-18-3-2] KNN DeepONMF_H5 fold 2
[20-19-18-3-2] KNN DeepONMF_H5 fold 3
[20-19-18-3-2] KNN DeepONMF_H5 fold 4
[20-19-18-3-2] KNN DeepONMF_H5 fold 5
[20-19-18-3-2] UjaNet DeepONMF_H5 fold 1
[20-19-18-3-2] UjaNet DeepONMF_H5 fold 2
[20-19-18-3-2] UjaNet DeepONMF_H5 fold 3
[20-19-18-3-2] UjaNet DeepONMF_H5 fold 4
[20-19-18-3-2] UjaNet DeepONMF_H5 fold 5
[extraccion 20-19-18-17-2] 1/1000 audios
[extraccion 20-19-18-17-2] 25/1000 audios
[extraccion 20-19-18-17-2] 50/1000 audios
[extraccion 20-19-18-17-2] 75/1000 audios
[extraccion 20-19-18-17-2] 100/1000 audios
[extraccion 20-19-18-17-2] 125/1000 audios
[extraccion 20-19-18-17-2] 150/1000 audios
[extraccion 20-19-18-17-2] 175/1000 audios
[extraccion 20-19-18-17-2] 200/1000 audios
[extraccion 20-19-18-17-2] 225/1000 audios
[extraccion 20-19-18-17-2] 250/1000 audios
[extraccion 20-19-18-17-2] 275/1000 audios
[extraccion 20-19-18-17-2] 300/1000 audios
[extraccion 20-19-18-17-2] 325/1000 audios
[extraccion 20-19-18-17-2] 350/1000 audios
[extraccion 20-19-18-17-2] 375/1000 audios
[extraccion 20-19-18-17-2] 400/1000 audios
[extraccion 20-19-18-17-2] 425/1000 audios
[extraccion 20-19-18-17-2] 450/1000 audios
[extraccion 20-19-18-17-2] 475/1000 audios
[extraccion 20-19-18-17-2] 500/1000 audios
[extraccion 20-19-18-17-2] 525/1000 audios
[extraccion 20-19-18-17-2] 550/1000 audios
[extraccion 20-19-18-17-2] 575/1000 audios
[extraccion 20-19-18-17-2] 600/1000 audios
[extraccion 20-19-18-17-2] 625/1000 audios
[extraccion 20-19-18-17-2] 650/1000 audios
[extraccion 20-19-18-17-2] 675/1000 audios
[extraccion 20-19-18-17-2] 700/1000 audios
[extraccion 20-19-18-17-2] 725/1000 audios
[extraccion 20-19-18-17-2] 750/1000 audios
[extraccion 20-19-18-17-2] 775/1000 audios
[extraccion 20-19-18-17-2] 800/1000 audios
[extraccion 20-19-18-17-2] 825/1000 audios
[extraccion 20-19-18-17-2] 850/1000 audios
[extraccion 20-19-18-17-2] 875/1000 audios
[extraccion 20-19-18-17-2] 900/1000 audios
[extraccion 20-19-18-17-2] 925/1000 audios
[extraccion 20-19-18-17-2] 950/1000 audios
[extraccion 20-19-18-17-2] 975/1000 audios
[extraccion 20-19-18-17-2] 1000/1000 audios
[20-19-18-17-2] SVM DeepONMF_W fold 1
[20-19-18-17-2] SVM DeepONMF_W fold 2
[20-19-18-17-2] SVM DeepONMF_W fold 3
[20-19-18-17-2] SVM DeepONMF_W fold 4
[20-19-18-17-2] SVM DeepONMF_W fold 5
[20-19-18-17-2] KNN DeepONMF_W fold 1
[20-19-18-17-2] KNN DeepONMF_W fold 2
[20-19-18-17-2] KNN DeepONMF_W fold 3
[20-19-18-17-2] KNN DeepONMF_W fold 4
[20-19-18-17-2] KNN DeepONMF_W fold 5
[20-19-18-17-2] UjaNet DeepONMF_W fold 1
[20-19-18-17-2] UjaNet DeepONMF_W fold 2
[20-19-18-17-2] UjaNet DeepONMF_W fold 3
[20-19-18-17-2] UjaNet DeepONMF_W fold 4
[20-19-18-17-2] UjaNet DeepONMF_W fold 5
[20-19-18-17-2] SVM DeepONMF_H5 fold 1
[20-19-18-17-2] SVM DeepONMF_H5 fold 2
[20-19-18-17-2] SVM DeepONMF_H5 fold 3
[20-19-18-17-2] SVM DeepONMF_H5 fold 4
[20-19-18-17-2] SVM DeepONMF_H5 fold 5
[20-19-18-17-2] KNN DeepONMF_H5 fold 1
[20-19-18-17-2] KNN DeepONMF_H5 fold 2
[20-19-18-17-2] KNN DeepONMF_H5 fold 3
[20-19-18-17-2] KNN DeepONMF_H5 fold 4
[20-19-18-17-2] KNN DeepONMF_H5 fold 5
[20-19-18-17-2] UjaNet DeepONMF_H5 fold 1
[20-19-18-17-2] UjaNet DeepONMF_H5 fold 2
[20-19-18-17-2] UjaNet DeepONMF_H5 fold 3
[20-19-18-17-2] UjaNet DeepONMF_H5 fold 4
[20-19-18-17-2] UjaNet DeepONMF_H5 fold 5
[extraccion 20-19-18-17-16] 1/1000 audios
[extraccion 20-19-18-17-16] 25/1000 audios
[extraccion 20-19-18-17-16] 50/1000 audios
[extraccion 20-19-18-17-16] 75/1000 audios
[extraccion 20-19-18-17-16] 100/1000 audios
[extraccion 20-19-18-17-16] 125/1000 audios
[extraccion 20-19-18-17-16] 150/1000 audios
[extraccion 20-19-18-17-16] 175/1000 audios
[extraccion 20-19-18-17-16] 200/1000 audios
[extraccion 20-19-18-17-16] 225/1000 audios
[extraccion 20-19-18-17-16] 250/1000 audios
[extraccion 20-19-18-17-16] 275/1000 audios
[extraccion 20-19-18-17-16] 300/1000 audios
[extraccion 20-19-18-17-16] 325/1000 audios
[extraccion 20-19-18-17-16] 350/1000 audios
[extraccion 20-19-18-17-16] 375/1000 audios
[extraccion 20-19-18-17-16] 400/1000 audios
[extraccion 20-19-18-17-16] 425/1000 audios
[extraccion 20-19-18-17-16] 450/1000 audios
[extraccion 20-19-18-17-16] 475/1000 audios
[extraccion 20-19-18-17-16] 500/1000 audios
[extraccion 20-19-18-17-16] 525/1000 audios
[extraccion 20-19-18-17-16] 550/1000 audios
[extraccion 20-19-18-17-16] 575/1000 audios
[extraccion 20-19-18-17-16] 600/1000 audios
[extraccion 20-19-18-17-16] 625/1000 audios
[extraccion 20-19-18-17-16] 650/1000 audios
[extraccion 20-19-18-17-16] 675/1000 audios
[extraccion 20-19-18-17-16] 700/1000 audios
[extraccion 20-19-18-17-16] 725/1000 audios
[extraccion 20-19-18-17-16] 750/1000 audios
[extraccion 20-19-18-17-16] 775/1000 audios
[extraccion 20-19-18-17-16] 800/1000 audios
[extraccion 20-19-18-17-16] 825/1000 audios
[extraccion 20-19-18-17-16] 850/1000 audios
[extraccion 20-19-18-17-16] 875/1000 audios
[extraccion 20-19-18-17-16] 900/1000 audios
[extraccion 20-19-18-17-16] 925/1000 audios
[extraccion 20-19-18-17-16] 950/1000 audios
[extraccion 20-19-18-17-16] 975/1000 audios
[extraccion 20-19-18-17-16] 1000/1000 audios
[20-19-18-17-16] SVM DeepONMF_W fold 1
[20-19-18-17-16] SVM DeepONMF_W fold 2
[20-19-18-17-16] SVM DeepONMF_W fold 3
[20-19-18-17-16] SVM DeepONMF_W fold 4
[20-19-18-17-16] SVM DeepONMF_W fold 5
[20-19-18-17-16] KNN DeepONMF_W fold 1
[20-19-18-17-16] KNN DeepONMF_W fold 2
[20-19-18-17-16] KNN DeepONMF_W fold 3
[20-19-18-17-16] KNN DeepONMF_W fold 4
[20-19-18-17-16] KNN DeepONMF_W fold 5
[20-19-18-17-16] UjaNet DeepONMF_W fold 1
[20-19-18-17-16] UjaNet DeepONMF_W fold 2
[20-19-18-17-16] UjaNet DeepONMF_W fold 3
[20-19-18-17-16] UjaNet DeepONMF_W fold 4
[20-19-18-17-16] UjaNet DeepONMF_W fold 5
[20-19-18-17-16] SVM DeepONMF_H5 fold 1
[20-19-18-17-16] SVM DeepONMF_H5 fold 2
[20-19-18-17-16] SVM DeepONMF_H5 fold 3
[20-19-18-17-16] SVM DeepONMF_H5 fold 4
[20-19-18-17-16] SVM DeepONMF_H5 fold 5
[20-19-18-17-16] KNN DeepONMF_H5 fold 1
[20-19-18-17-16] KNN DeepONMF_H5 fold 2
[20-19-18-17-16] KNN DeepONMF_H5 fold 3
[20-19-18-17-16] KNN DeepONMF_H5 fold 4
[20-19-18-17-16] KNN DeepONMF_H5 fold 5
[20-19-18-17-16] UjaNet DeepONMF_H5 fold 1
[20-19-18-17-16] UjaNet DeepONMF_H5 fold 2
[20-19-18-17-16] UjaNet DeepONMF_H5 fold 3
[20-19-18-17-16] UjaNet DeepONMF_H5 fold 4
[20-19-18-17-16] UjaNet DeepONMF_H5 fold 5
[extraccion 20-19-18-11-9] 1/1000 audios
[extraccion 20-19-18-11-9] 25/1000 audios
[extraccion 20-19-18-11-9] 50/1000 audios
[extraccion 20-19-18-11-9] 75/1000 audios
[extraccion 20-19-18-11-9] 100/1000 audios
[extraccion 20-19-18-11-9] 125/1000 audios
[extraccion 20-19-18-11-9] 150/1000 audios
[extraccion 20-19-18-11-9] 175/1000 audios
[extraccion 20-19-18-11-9] 200/1000 audios
[extraccion 20-19-18-11-9] 225/1000 audios
[extraccion 20-19-18-11-9] 250/1000 audios
[extraccion 20-19-18-11-9] 275/1000 audios
[extraccion 20-19-18-11-9] 300/1000 audios
[extraccion 20-19-18-11-9] 325/1000 audios
[extraccion 20-19-18-11-9] 350/1000 audios
[extraccion 20-19-18-11-9] 375/1000 audios
[extraccion 20-19-18-11-9] 400/1000 audios
[extraccion 20-19-18-11-9] 425/1000 audios
[extraccion 20-19-18-11-9] 450/1000 audios
[extraccion 20-19-18-11-9] 475/1000 audios
[extraccion 20-19-18-11-9] 500/1000 audios
[extraccion 20-19-18-11-9] 525/1000 audios
[extraccion 20-19-18-11-9] 550/1000 audios
[extraccion 20-19-18-11-9] 575/1000 audios
[extraccion 20-19-18-11-9] 600/1000 audios
[extraccion 20-19-18-11-9] 625/1000 audios
[extraccion 20-19-18-11-9] 650/1000 audios
[extraccion 20-19-18-11-9] 675/1000 audios
[extraccion 20-19-18-11-9] 700/1000 audios
[extraccion 20-19-18-11-9] 725/1000 audios
[extraccion 20-19-18-11-9] 750/1000 audios
[extraccion 20-19-18-11-9] 775/1000 audios
[extraccion 20-19-18-11-9] 800/1000 audios
[extraccion 20-19-18-11-9] 825/1000 audios
[extraccion 20-19-18-11-9] 850/1000 audios
[extraccion 20-19-18-11-9] 875/1000 audios
[extraccion 20-19-18-11-9] 900/1000 audios
[extraccion 20-19-18-11-9] 925/1000 audios
[extraccion 20-19-18-11-9] 950/1000 audios
[extraccion 20-19-18-11-9] 975/1000 audios
[extraccion 20-19-18-11-9] 1000/1000 audios
[20-19-18-11-9] SVM DeepONMF_W fold 1
[20-19-18-11-9] SVM DeepONMF_W fold 2
[20-19-18-11-9] SVM DeepONMF_W fold 3
[20-19-18-11-9] SVM DeepONMF_W fold 4
[20-19-18-11-9] SVM DeepONMF_W fold 5
[20-19-18-11-9] KNN DeepONMF_W fold 1
[20-19-18-11-9] KNN DeepONMF_W fold 2
[20-19-18-11-9] KNN DeepONMF_W fold 3
[20-19-18-11-9] KNN DeepONMF_W fold 4
[20-19-18-11-9] KNN DeepONMF_W fold 5
[20-19-18-11-9] UjaNet DeepONMF_W fold 1
[20-19-18-11-9] UjaNet DeepONMF_W fold 2
[20-19-18-11-9] UjaNet DeepONMF_W fold 3
[20-19-18-11-9] UjaNet DeepONMF_W fold 4
[20-19-18-11-9] UjaNet DeepONMF_W fold 5
[20-19-18-11-9] SVM DeepONMF_H5 fold 1
[20-19-18-11-9] SVM DeepONMF_H5 fold 2
[20-19-18-11-9] SVM DeepONMF_H5 fold 3
[20-19-18-11-9] SVM DeepONMF_H5 fold 4
[20-19-18-11-9] SVM DeepONMF_H5 fold 5
[20-19-18-11-9] KNN DeepONMF_H5 fold 1
[20-19-18-11-9] KNN DeepONMF_H5 fold 2
[20-19-18-11-9] KNN DeepONMF_H5 fold 3
[20-19-18-11-9] KNN DeepONMF_H5 fold 4
[20-19-18-11-9] KNN DeepONMF_H5 fold 5
[20-19-18-11-9] UjaNet DeepONMF_H5 fold 1
[20-19-18-11-9] UjaNet DeepONMF_H5 fold 2
[20-19-18-11-9] UjaNet DeepONMF_H5 fold 3
[20-19-18-11-9] UjaNet DeepONMF_H5 fold 4
[20-19-18-11-9] UjaNet DeepONMF_H5 fold 5
[extraccion 20-19-18-10-2] 1/1000 audios
[extraccion 20-19-18-10-2] 25/1000 audios
[extraccion 20-19-18-10-2] 50/1000 audios
[extraccion 20-19-18-10-2] 75/1000 audios
[extraccion 20-19-18-10-2] 100/1000 audios
[extraccion 20-19-18-10-2] 125/1000 audios
[extraccion 20-19-18-10-2] 150/1000 audios
[extraccion 20-19-18-10-2] 175/1000 audios
[extraccion 20-19-18-10-2] 200/1000 audios
[extraccion 20-19-18-10-2] 225/1000 audios
[extraccion 20-19-18-10-2] 250/1000 audios
[extraccion 20-19-18-10-2] 275/1000 audios
[extraccion 20-19-18-10-2] 300/1000 audios
[extraccion 20-19-18-10-2] 325/1000 audios
[extraccion 20-19-18-10-2] 350/1000 audios
[extraccion 20-19-18-10-2] 375/1000 audios
[extraccion 20-19-18-10-2] 400/1000 audios
[extraccion 20-19-18-10-2] 425/1000 audios
[extraccion 20-19-18-10-2] 450/1000 audios
[extraccion 20-19-18-10-2] 475/1000 audios
[extraccion 20-19-18-10-2] 500/1000 audios
[extraccion 20-19-18-10-2] 525/1000 audios
[extraccion 20-19-18-10-2] 550/1000 audios
[extraccion 20-19-18-10-2] 575/1000 audios
[extraccion 20-19-18-10-2] 600/1000 audios
[extraccion 20-19-18-10-2] 625/1000 audios
[extraccion 20-19-18-10-2] 650/1000 audios
[extraccion 20-19-18-10-2] 675/1000 audios
[extraccion 20-19-18-10-2] 700/1000 audios
[extraccion 20-19-18-10-2] 725/1000 audios
[extraccion 20-19-18-10-2] 750/1000 audios
[extraccion 20-19-18-10-2] 775/1000 audios
[extraccion 20-19-18-10-2] 800/1000 audios
[extraccion 20-19-18-10-2] 825/1000 audios
[extraccion 20-19-18-10-2] 850/1000 audios
[extraccion 20-19-18-10-2] 875/1000 audios
[extraccion 20-19-18-10-2] 900/1000 audios
[extraccion 20-19-18-10-2] 925/1000 audios
[extraccion 20-19-18-10-2] 950/1000 audios
[extraccion 20-19-18-10-2] 975/1000 audios
[extraccion 20-19-18-10-2] 1000/1000 audios
[20-19-18-10-2] SVM DeepONMF_W fold 1
[20-19-18-10-2] SVM DeepONMF_W fold 2
[20-19-18-10-2] SVM DeepONMF_W fold 3
[20-19-18-10-2] SVM DeepONMF_W fold 4
[20-19-18-10-2] SVM DeepONMF_W fold 5
[20-19-18-10-2] KNN DeepONMF_W fold 1
[20-19-18-10-2] KNN DeepONMF_W fold 2
[20-19-18-10-2] KNN DeepONMF_W fold 3
[20-19-18-10-2] KNN DeepONMF_W fold 4
[20-19-18-10-2] KNN DeepONMF_W fold 5
[20-19-18-10-2] UjaNet DeepONMF_W fold 1
[20-19-18-10-2] UjaNet DeepONMF_W fold 2
[20-19-18-10-2] UjaNet DeepONMF_W fold 3
[20-19-18-10-2] UjaNet DeepONMF_W fold 4
[20-19-18-10-2] UjaNet DeepONMF_W fold 5
[20-19-18-10-2] SVM DeepONMF_H5 fold 1
[20-19-18-10-2] SVM DeepONMF_H5 fold 2
[20-19-18-10-2] SVM DeepONMF_H5 fold 3
[20-19-18-10-2] SVM DeepONMF_H5 fold 4
[20-19-18-10-2] SVM DeepONMF_H5 fold 5
[20-19-18-10-2] KNN DeepONMF_H5 fold 1
[20-19-18-10-2] KNN DeepONMF_H5 fold 2
[20-19-18-10-2] KNN DeepONMF_H5 fold 3
[20-19-18-10-2] KNN DeepONMF_H5 fold 4
[20-19-18-10-2] KNN DeepONMF_H5 fold 5
[20-19-18-10-2] UjaNet DeepONMF_H5 fold 1
[20-19-18-10-2] UjaNet DeepONMF_H5 fold 2
[20-19-18-10-2] UjaNet DeepONMF_H5 fold 3
[20-19-18-10-2] UjaNet DeepONMF_H5 fold 4
[20-19-18-10-2] UjaNet DeepONMF_H5 fold 5
[extraccion 20-19-11-3-2] 1/1000 audios
[extraccion 20-19-11-3-2] 25/1000 audios
[extraccion 20-19-11-3-2] 50/1000 audios
[extraccion 20-19-11-3-2] 75/1000 audios
[extraccion 20-19-11-3-2] 100/1000 audios
[extraccion 20-19-11-3-2] 125/1000 audios
[extraccion 20-19-11-3-2] 150/1000 audios
[extraccion 20-19-11-3-2] 175/1000 audios
[extraccion 20-19-11-3-2] 200/1000 audios
[extraccion 20-19-11-3-2] 225/1000 audios
[extraccion 20-19-11-3-2] 250/1000 audios
[extraccion 20-19-11-3-2] 275/1000 audios
[extraccion 20-19-11-3-2] 300/1000 audios
[extraccion 20-19-11-3-2] 325/1000 audios
[extraccion 20-19-11-3-2] 350/1000 audios
[extraccion 20-19-11-3-2] 375/1000 audios
[extraccion 20-19-11-3-2] 400/1000 audios
[extraccion 20-19-11-3-2] 425/1000 audios
[extraccion 20-19-11-3-2] 450/1000 audios
[extraccion 20-19-11-3-2] 475/1000 audios
[extraccion 20-19-11-3-2] 500/1000 audios
[extraccion 20-19-11-3-2] 525/1000 audios
[extraccion 20-19-11-3-2] 550/1000 audios
[extraccion 20-19-11-3-2] 575/1000 audios
[extraccion 20-19-11-3-2] 600/1000 audios
[extraccion 20-19-11-3-2] 625/1000 audios
[extraccion 20-19-11-3-2] 650/1000 audios
[extraccion 20-19-11-3-2] 675/1000 audios
[extraccion 20-19-11-3-2] 700/1000 audios
[extraccion 20-19-11-3-2] 725/1000 audios
[extraccion 20-19-11-3-2] 750/1000 audios
[extraccion 20-19-11-3-2] 775/1000 audios
[extraccion 20-19-11-3-2] 800/1000 audios
[extraccion 20-19-11-3-2] 825/1000 audios
[extraccion 20-19-11-3-2] 850/1000 audios
[extraccion 20-19-11-3-2] 875/1000 audios
[extraccion 20-19-11-3-2] 900/1000 audios
[extraccion 20-19-11-3-2] 925/1000 audios
[extraccion 20-19-11-3-2] 950/1000 audios
[extraccion 20-19-11-3-2] 975/1000 audios
[extraccion 20-19-11-3-2] 1000/1000 audios
[20-19-11-3-2] SVM DeepONMF_W fold 1
[20-19-11-3-2] SVM DeepONMF_W fold 2
[20-19-11-3-2] SVM DeepONMF_W fold 3
[20-19-11-3-2] SVM DeepONMF_W fold 4
[20-19-11-3-2] SVM DeepONMF_W fold 5
[20-19-11-3-2] KNN DeepONMF_W fold 1
[20-19-11-3-2] KNN DeepONMF_W fold 2
[20-19-11-3-2] KNN DeepONMF_W fold 3
[20-19-11-3-2] KNN DeepONMF_W fold 4
[20-19-11-3-2] KNN DeepONMF_W fold 5
[20-19-11-3-2] UjaNet DeepONMF_W fold 1
[20-19-11-3-2] UjaNet DeepONMF_W fold 2
[20-19-11-3-2] UjaNet DeepONMF_W fold 3
[20-19-11-3-2] UjaNet DeepONMF_W fold 4
[20-19-11-3-2] UjaNet DeepONMF_W fold 5
[20-19-11-3-2] SVM DeepONMF_H5 fold 1
[20-19-11-3-2] SVM DeepONMF_H5 fold 2
[20-19-11-3-2] SVM DeepONMF_H5 fold 3
[20-19-11-3-2] SVM DeepONMF_H5 fold 4
[20-19-11-3-2] SVM DeepONMF_H5 fold 5
[20-19-11-3-2] KNN DeepONMF_H5 fold 1
[20-19-11-3-2] KNN DeepONMF_H5 fold 2
[20-19-11-3-2] KNN DeepONMF_H5 fold 3
[20-19-11-3-2] KNN DeepONMF_H5 fold 4
[20-19-11-3-2] KNN DeepONMF_H5 fold 5
[20-19-11-3-2] UjaNet DeepONMF_H5 fold 1
[20-19-11-3-2] UjaNet DeepONMF_H5 fold 2
[20-19-11-3-2] UjaNet DeepONMF_H5 fold 3
[20-19-11-3-2] UjaNet DeepONMF_H5 fold 4
[20-19-11-3-2] UjaNet DeepONMF_H5 fold 5
[extraccion 20-19-11-10-9] 1/1000 audios
[extraccion 20-19-11-10-9] 25/1000 audios
[extraccion 20-19-11-10-9] 50/1000 audios
[extraccion 20-19-11-10-9] 75/1000 audios
[extraccion 20-19-11-10-9] 100/1000 audios
[extraccion 20-19-11-10-9] 125/1000 audios
[extraccion 20-19-11-10-9] 150/1000 audios
[extraccion 20-19-11-10-9] 175/1000 audios
[extraccion 20-19-11-10-9] 200/1000 audios
[extraccion 20-19-11-10-9] 225/1000 audios
[extraccion 20-19-11-10-9] 250/1000 audios
[extraccion 20-19-11-10-9] 275/1000 audios
[extraccion 20-19-11-10-9] 300/1000 audios
[extraccion 20-19-11-10-9] 325/1000 audios
[extraccion 20-19-11-10-9] 350/1000 audios
[extraccion 20-19-11-10-9] 375/1000 audios
[extraccion 20-19-11-10-9] 400/1000 audios
[extraccion 20-19-11-10-9] 425/1000 audios
[extraccion 20-19-11-10-9] 450/1000 audios
[extraccion 20-19-11-10-9] 475/1000 audios
[extraccion 20-19-11-10-9] 500/1000 audios
[extraccion 20-19-11-10-9] 525/1000 audios
[extraccion 20-19-11-10-9] 550/1000 audios
[extraccion 20-19-11-10-9] 575/1000 audios
[extraccion 20-19-11-10-9] 600/1000 audios
[extraccion 20-19-11-10-9] 625/1000 audios
[extraccion 20-19-11-10-9] 650/1000 audios
[extraccion 20-19-11-10-9] 675/1000 audios
[extraccion 20-19-11-10-9] 700/1000 audios
[extraccion 20-19-11-10-9] 725/1000 audios
[extraccion 20-19-11-10-9] 750/1000 audios
[extraccion 20-19-11-10-9] 775/1000 audios
[extraccion 20-19-11-10-9] 800/1000 audios
[extraccion 20-19-11-10-9] 825/1000 audios
[extraccion 20-19-11-10-9] 850/1000 audios
[extraccion 20-19-11-10-9] 875/1000 audios
[extraccion 20-19-11-10-9] 900/1000 audios
[extraccion 20-19-11-10-9] 925/1000 audios
[extraccion 20-19-11-10-9] 950/1000 audios
[extraccion 20-19-11-10-9] 975/1000 audios
[extraccion 20-19-11-10-9] 1000/1000 audios
[20-19-11-10-9] SVM DeepONMF_W fold 1
[20-19-11-10-9] SVM DeepONMF_W fold 2
[20-19-11-10-9] SVM DeepONMF_W fold 3
[20-19-11-10-9] SVM DeepONMF_W fold 4
[20-19-11-10-9] SVM DeepONMF_W fold 5
[20-19-11-10-9] KNN DeepONMF_W fold 1
[20-19-11-10-9] KNN DeepONMF_W fold 2
[20-19-11-10-9] KNN DeepONMF_W fold 3
[20-19-11-10-9] KNN DeepONMF_W fold 4
[20-19-11-10-9] KNN DeepONMF_W fold 5
[20-19-11-10-9] UjaNet DeepONMF_W fold 1
[20-19-11-10-9] UjaNet DeepONMF_W fold 2
[20-19-11-10-9] UjaNet DeepONMF_W fold 3
[20-19-11-10-9] UjaNet DeepONMF_W fold 4
[20-19-11-10-9] UjaNet DeepONMF_W fold 5
[20-19-11-10-9] SVM DeepONMF_H5 fold 1
[20-19-11-10-9] SVM DeepONMF_H5 fold 2
[20-19-11-10-9] SVM DeepONMF_H5 fold 3
[20-19-11-10-9] SVM DeepONMF_H5 fold 4
[20-19-11-10-9] SVM DeepONMF_H5 fold 5
[20-19-11-10-9] KNN DeepONMF_H5 fold 1
[20-19-11-10-9] KNN DeepONMF_H5 fold 2
[20-19-11-10-9] KNN DeepONMF_H5 fold 3
[20-19-11-10-9] KNN DeepONMF_H5 fold 4
[20-19-11-10-9] KNN DeepONMF_H5 fold 5
[20-19-11-10-9] UjaNet DeepONMF_H5 fold 1
[20-19-11-10-9] UjaNet DeepONMF_H5 fold 2
[20-19-11-10-9] UjaNet DeepONMF_H5 fold 3
[20-19-11-10-9] UjaNet DeepONMF_H5 fold 4
[20-19-11-10-9] UjaNet DeepONMF_H5 fold 5
[extraccion 20-12-4-3-2] 1/1000 audios
[extraccion 20-12-4-3-2] 25/1000 audios
[extraccion 20-12-4-3-2] 50/1000 audios
[extraccion 20-12-4-3-2] 75/1000 audios
[extraccion 20-12-4-3-2] 100/1000 audios
[extraccion 20-12-4-3-2] 125/1000 audios
[extraccion 20-12-4-3-2] 150/1000 audios
[extraccion 20-12-4-3-2] 175/1000 audios
[extraccion 20-12-4-3-2] 200/1000 audios
[extraccion 20-12-4-3-2] 225/1000 audios
[extraccion 20-12-4-3-2] 250/1000 audios
[extraccion 20-12-4-3-2] 275/1000 audios
[extraccion 20-12-4-3-2] 300/1000 audios
[extraccion 20-12-4-3-2] 325/1000 audios
[extraccion 20-12-4-3-2] 350/1000 audios
[extraccion 20-12-4-3-2] 375/1000 audios
[extraccion 20-12-4-3-2] 400/1000 audios
[extraccion 20-12-4-3-2] 425/1000 audios
[extraccion 20-12-4-3-2] 450/1000 audios
[extraccion 20-12-4-3-2] 475/1000 audios
[extraccion 20-12-4-3-2] 500/1000 audios
[extraccion 20-12-4-3-2] 525/1000 audios
[extraccion 20-12-4-3-2] 550/1000 audios
[extraccion 20-12-4-3-2] 575/1000 audios
[extraccion 20-12-4-3-2] 600/1000 audios
[extraccion 20-12-4-3-2] 625/1000 audios
[extraccion 20-12-4-3-2] 650/1000 audios
[extraccion 20-12-4-3-2] 675/1000 audios
[extraccion 20-12-4-3-2] 700/1000 audios
[extraccion 20-12-4-3-2] 725/1000 audios
[extraccion 20-12-4-3-2] 750/1000 audios
[extraccion 20-12-4-3-2] 775/1000 audios
[extraccion 20-12-4-3-2] 800/1000 audios
[extraccion 20-12-4-3-2] 825/1000 audios
[extraccion 20-12-4-3-2] 850/1000 audios
[extraccion 20-12-4-3-2] 875/1000 audios
[extraccion 20-12-4-3-2] 900/1000 audios
[extraccion 20-12-4-3-2] 925/1000 audios
[extraccion 20-12-4-3-2] 950/1000 audios
[extraccion 20-12-4-3-2] 975/1000 audios
[extraccion 20-12-4-3-2] 1000/1000 audios
[20-12-4-3-2] SVM DeepONMF_W fold 1
[20-12-4-3-2] SVM DeepONMF_W fold 2
[20-12-4-3-2] SVM DeepONMF_W fold 3
[20-12-4-3-2] SVM DeepONMF_W fold 4
[20-12-4-3-2] SVM DeepONMF_W fold 5
[20-12-4-3-2] KNN DeepONMF_W fold 1
[20-12-4-3-2] KNN DeepONMF_W fold 2
[20-12-4-3-2] KNN DeepONMF_W fold 3
[20-12-4-3-2] KNN DeepONMF_W fold 4
[20-12-4-3-2] KNN DeepONMF_W fold 5
[20-12-4-3-2] UjaNet DeepONMF_W fold 1
[20-12-4-3-2] UjaNet DeepONMF_W fold 2
[20-12-4-3-2] UjaNet DeepONMF_W fold 3
[20-12-4-3-2] UjaNet DeepONMF_W fold 4
[20-12-4-3-2] UjaNet DeepONMF_W fold 5
[20-12-4-3-2] SVM DeepONMF_H5 fold 1
[20-12-4-3-2] SVM DeepONMF_H5 fold 2
[20-12-4-3-2] SVM DeepONMF_H5 fold 3
[20-12-4-3-2] SVM DeepONMF_H5 fold 4
[20-12-4-3-2] SVM DeepONMF_H5 fold 5
[20-12-4-3-2] KNN DeepONMF_H5 fold 1
[20-12-4-3-2] KNN DeepONMF_H5 fold 2
[20-12-4-3-2] KNN DeepONMF_H5 fold 3
[20-12-4-3-2] KNN DeepONMF_H5 fold 4
[20-12-4-3-2] KNN DeepONMF_H5 fold 5
[20-12-4-3-2] UjaNet DeepONMF_H5 fold 1
[20-12-4-3-2] UjaNet DeepONMF_H5 fold 2
[20-12-4-3-2] UjaNet DeepONMF_H5 fold 3
[20-12-4-3-2] UjaNet DeepONMF_H5 fold 4
[20-12-4-3-2] UjaNet DeepONMF_H5 fold 5
[extraccion 20-12-11-10-9] 1/1000 audios
[extraccion 20-12-11-10-9] 25/1000 audios
[extraccion 20-12-11-10-9] 50/1000 audios
[extraccion 20-12-11-10-9] 75/1000 audios
[extraccion 20-12-11-10-9] 100/1000 audios
[extraccion 20-12-11-10-9] 125/1000 audios
[extraccion 20-12-11-10-9] 150/1000 audios
[extraccion 20-12-11-10-9] 175/1000 audios
[extraccion 20-12-11-10-9] 200/1000 audios
[extraccion 20-12-11-10-9] 225/1000 audios
[extraccion 20-12-11-10-9] 250/1000 audios
[extraccion 20-12-11-10-9] 275/1000 audios
[extraccion 20-12-11-10-9] 300/1000 audios
[extraccion 20-12-11-10-9] 325/1000 audios
[extraccion 20-12-11-10-9] 350/1000 audios
[extraccion 20-12-11-10-9] 375/1000 audios
[extraccion 20-12-11-10-9] 400/1000 audios
[extraccion 20-12-11-10-9] 425/1000 audios
[extraccion 20-12-11-10-9] 450/1000 audios
[extraccion 20-12-11-10-9] 475/1000 audios
[extraccion 20-12-11-10-9] 500/1000 audios
[extraccion 20-12-11-10-9] 525/1000 audios
[extraccion 20-12-11-10-9] 550/1000 audios
[extraccion 20-12-11-10-9] 575/1000 audios
[extraccion 20-12-11-10-9] 600/1000 audios
[extraccion 20-12-11-10-9] 625/1000 audios
[extraccion 20-12-11-10-9] 650/1000 audios
[extraccion 20-12-11-10-9] 675/1000 audios
[extraccion 20-12-11-10-9] 700/1000 audios
[extraccion 20-12-11-10-9] 725/1000 audios
[extraccion 20-12-11-10-9] 750/1000 audios
[extraccion 20-12-11-10-9] 775/1000 audios
[extraccion 20-12-11-10-9] 800/1000 audios
[extraccion 20-12-11-10-9] 825/1000 audios
[extraccion 20-12-11-10-9] 850/1000 audios
[extraccion 20-12-11-10-9] 875/1000 audios
[extraccion 20-12-11-10-9] 900/1000 audios
[extraccion 20-12-11-10-9] 925/1000 audios
[extraccion 20-12-11-10-9] 950/1000 audios
[extraccion 20-12-11-10-9] 975/1000 audios
[extraccion 20-12-11-10-9] 1000/1000 audios
[20-12-11-10-9] SVM DeepONMF_W fold 1
[20-12-11-10-9] SVM DeepONMF_W fold 2
[20-12-11-10-9] SVM DeepONMF_W fold 3
[20-12-11-10-9] SVM DeepONMF_W fold 4
[20-12-11-10-9] SVM DeepONMF_W fold 5
[20-12-11-10-9] KNN DeepONMF_W fold 1
[20-12-11-10-9] KNN DeepONMF_W fold 2
[20-12-11-10-9] KNN DeepONMF_W fold 3
[20-12-11-10-9] KNN DeepONMF_W fold 4
[20-12-11-10-9] KNN DeepONMF_W fold 5
[20-12-11-10-9] UjaNet DeepONMF_W fold 1
[20-12-11-10-9] UjaNet DeepONMF_W fold 2
[20-12-11-10-9] UjaNet DeepONMF_W fold 3
[20-12-11-10-9] UjaNet DeepONMF_W fold 4
[20-12-11-10-9] UjaNet DeepONMF_W fold 5
[20-12-11-10-9] SVM DeepONMF_H5 fold 1
[20-12-11-10-9] SVM DeepONMF_H5 fold 2
[20-12-11-10-9] SVM DeepONMF_H5 fold 3
[20-12-11-10-9] SVM DeepONMF_H5 fold 4
[20-12-11-10-9] SVM DeepONMF_H5 fold 5
[20-12-11-10-9] KNN DeepONMF_H5 fold 1
[20-12-11-10-9] KNN DeepONMF_H5 fold 2
[20-12-11-10-9] KNN DeepONMF_H5 fold 3
[20-12-11-10-9] KNN DeepONMF_H5 fold 4
[20-12-11-10-9] KNN DeepONMF_H5 fold 5
[20-12-11-10-9] UjaNet DeepONMF_H5 fold 1
[20-12-11-10-9] UjaNet DeepONMF_H5 fold 2
[20-12-11-10-9] UjaNet DeepONMF_H5 fold 3
[20-12-11-10-9] UjaNet DeepONMF_H5 fold 4
[20-12-11-10-9] UjaNet DeepONMF_H5 fold 5
[extraccion 16-15-14-3-2] 1/1000 audios
[extraccion 16-15-14-3-2] 25/1000 audios
[extraccion 16-15-14-3-2] 50/1000 audios
[extraccion 16-15-14-3-2] 75/1000 audios
[extraccion 16-15-14-3-2] 100/1000 audios
[extraccion 16-15-14-3-2] 125/1000 audios
[extraccion 16-15-14-3-2] 150/1000 audios
[extraccion 16-15-14-3-2] 175/1000 audios
[extraccion 16-15-14-3-2] 200/1000 audios
[extraccion 16-15-14-3-2] 225/1000 audios
[extraccion 16-15-14-3-2] 250/1000 audios
[extraccion 16-15-14-3-2] 275/1000 audios
[extraccion 16-15-14-3-2] 300/1000 audios
[extraccion 16-15-14-3-2] 325/1000 audios
[extraccion 16-15-14-3-2] 350/1000 audios
[extraccion 16-15-14-3-2] 375/1000 audios
[extraccion 16-15-14-3-2] 400/1000 audios
[extraccion 16-15-14-3-2] 425/1000 audios
[extraccion 16-15-14-3-2] 450/1000 audios
[extraccion 16-15-14-3-2] 475/1000 audios
[extraccion 16-15-14-3-2] 500/1000 audios
[extraccion 16-15-14-3-2] 525/1000 audios
[extraccion 16-15-14-3-2] 550/1000 audios
[extraccion 16-15-14-3-2] 575/1000 audios
[extraccion 16-15-14-3-2] 600/1000 audios
[extraccion 16-15-14-3-2] 625/1000 audios
[extraccion 16-15-14-3-2] 650/1000 audios
[extraccion 16-15-14-3-2] 675/1000 audios
[extraccion 16-15-14-3-2] 700/1000 audios
[extraccion 16-15-14-3-2] 725/1000 audios
[extraccion 16-15-14-3-2] 750/1000 audios
[extraccion 16-15-14-3-2] 775/1000 audios
[extraccion 16-15-14-3-2] 800/1000 audios
[extraccion 16-15-14-3-2] 825/1000 audios
[extraccion 16-15-14-3-2] 850/1000 audios
[extraccion 16-15-14-3-2] 875/1000 audios
[extraccion 16-15-14-3-2] 900/1000 audios
[extraccion 16-15-14-3-2] 925/1000 audios
[extraccion 16-15-14-3-2] 950/1000 audios
[extraccion 16-15-14-3-2] 975/1000 audios
[extraccion 16-15-14-3-2] 1000/1000 audios
[16-15-14-3-2] SVM DeepONMF_W fold 1
[16-15-14-3-2] SVM DeepONMF_W fold 2
[16-15-14-3-2] SVM DeepONMF_W fold 3
[16-15-14-3-2] SVM DeepONMF_W fold 4
[16-15-14-3-2] SVM DeepONMF_W fold 5
[16-15-14-3-2] KNN DeepONMF_W fold 1
[16-15-14-3-2] KNN DeepONMF_W fold 2
[16-15-14-3-2] KNN DeepONMF_W fold 3
[16-15-14-3-2] KNN DeepONMF_W fold 4
[16-15-14-3-2] KNN DeepONMF_W fold 5
[16-15-14-3-2] UjaNet DeepONMF_W fold 1
[16-15-14-3-2] UjaNet DeepONMF_W fold 2
[16-15-14-3-2] UjaNet DeepONMF_W fold 3
[16-15-14-3-2] UjaNet DeepONMF_W fold 4
[16-15-14-3-2] UjaNet DeepONMF_W fold 5
[16-15-14-3-2] SVM DeepONMF_H5 fold 1
[16-15-14-3-2] SVM DeepONMF_H5 fold 2
[16-15-14-3-2] SVM DeepONMF_H5 fold 3
[16-15-14-3-2] SVM DeepONMF_H5 fold 4
[16-15-14-3-2] SVM DeepONMF_H5 fold 5
[16-15-14-3-2] KNN DeepONMF_H5 fold 1
[16-15-14-3-2] KNN DeepONMF_H5 fold 2
[16-15-14-3-2] KNN DeepONMF_H5 fold 3
[16-15-14-3-2] KNN DeepONMF_H5 fold 4
[16-15-14-3-2] KNN DeepONMF_H5 fold 5
[16-15-14-3-2] UjaNet DeepONMF_H5 fold 1
[16-15-14-3-2] UjaNet DeepONMF_H5 fold 2
[16-15-14-3-2] UjaNet DeepONMF_H5 fold 3
[16-15-14-3-2] UjaNet DeepONMF_H5 fold 4
[16-15-14-3-2] UjaNet DeepONMF_H5 fold 5
[extraccion 16-15-14-13-2] 1/1000 audios
[extraccion 16-15-14-13-2] 25/1000 audios
[extraccion 16-15-14-13-2] 50/1000 audios
[extraccion 16-15-14-13-2] 75/1000 audios
[extraccion 16-15-14-13-2] 100/1000 audios
[extraccion 16-15-14-13-2] 125/1000 audios
[extraccion 16-15-14-13-2] 150/1000 audios
[extraccion 16-15-14-13-2] 175/1000 audios
[extraccion 16-15-14-13-2] 200/1000 audios
[extraccion 16-15-14-13-2] 225/1000 audios
[extraccion 16-15-14-13-2] 250/1000 audios
[extraccion 16-15-14-13-2] 275/1000 audios
[extraccion 16-15-14-13-2] 300/1000 audios
[extraccion 16-15-14-13-2] 325/1000 audios
[extraccion 16-15-14-13-2] 350/1000 audios
[extraccion 16-15-14-13-2] 375/1000 audios
[extraccion 16-15-14-13-2] 400/1000 audios
[extraccion 16-15-14-13-2] 425/1000 audios
[extraccion 16-15-14-13-2] 450/1000 audios
[extraccion 16-15-14-13-2] 475/1000 audios
[extraccion 16-15-14-13-2] 500/1000 audios
[extraccion 16-15-14-13-2] 525/1000 audios
[extraccion 16-15-14-13-2] 550/1000 audios
[extraccion 16-15-14-13-2] 575/1000 audios
[extraccion 16-15-14-13-2] 600/1000 audios
[extraccion 16-15-14-13-2] 625/1000 audios
[extraccion 16-15-14-13-2] 650/1000 audios
[extraccion 16-15-14-13-2] 675/1000 audios
[extraccion 16-15-14-13-2] 700/1000 audios
[extraccion 16-15-14-13-2] 725/1000 audios
[extraccion 16-15-14-13-2] 750/1000 audios
[extraccion 16-15-14-13-2] 775/1000 audios
[extraccion 16-15-14-13-2] 800/1000 audios
[extraccion 16-15-14-13-2] 825/1000 audios
[extraccion 16-15-14-13-2] 850/1000 audios
[extraccion 16-15-14-13-2] 875/1000 audios
[extraccion 16-15-14-13-2] 900/1000 audios
[extraccion 16-15-14-13-2] 925/1000 audios
[extraccion 16-15-14-13-2] 950/1000 audios
[extraccion 16-15-14-13-2] 975/1000 audios
[extraccion 16-15-14-13-2] 1000/1000 audios
[16-15-14-13-2] SVM DeepONMF_W fold 1
[16-15-14-13-2] SVM DeepONMF_W fold 2
[16-15-14-13-2] SVM DeepONMF_W fold 3
[16-15-14-13-2] SVM DeepONMF_W fold 4
[16-15-14-13-2] SVM DeepONMF_W fold 5
[16-15-14-13-2] KNN DeepONMF_W fold 1
[16-15-14-13-2] KNN DeepONMF_W fold 2
[16-15-14-13-2] KNN DeepONMF_W fold 3
[16-15-14-13-2] KNN DeepONMF_W fold 4
[16-15-14-13-2] KNN DeepONMF_W fold 5
[16-15-14-13-2] UjaNet DeepONMF_W fold 1
[16-15-14-13-2] UjaNet DeepONMF_W fold 2
[16-15-14-13-2] UjaNet DeepONMF_W fold 3
[16-15-14-13-2] UjaNet DeepONMF_W fold 4
[16-15-14-13-2] UjaNet DeepONMF_W fold 5
[16-15-14-13-2] SVM DeepONMF_H5 fold 1
[16-15-14-13-2] SVM DeepONMF_H5 fold 2
[16-15-14-13-2] SVM DeepONMF_H5 fold 3
[16-15-14-13-2] SVM DeepONMF_H5 fold 4
[16-15-14-13-2] SVM DeepONMF_H5 fold 5
[16-15-14-13-2] KNN DeepONMF_H5 fold 1
[16-15-14-13-2] KNN DeepONMF_H5 fold 2
[16-15-14-13-2] KNN DeepONMF_H5 fold 3
[16-15-14-13-2] KNN DeepONMF_H5 fold 4
[16-15-14-13-2] KNN DeepONMF_H5 fold 5
[16-15-14-13-2] UjaNet DeepONMF_H5 fold 1
[16-15-14-13-2] UjaNet DeepONMF_H5 fold 2
[16-15-14-13-2] UjaNet DeepONMF_H5 fold 3
[16-15-14-13-2] UjaNet DeepONMF_H5 fold 4
[16-15-14-13-2] UjaNet DeepONMF_H5 fold 5
[extraccion 15-14-13-12-11] 1/1000 audios
[extraccion 15-14-13-12-11] 25/1000 audios
[extraccion 15-14-13-12-11] 50/1000 audios
[extraccion 15-14-13-12-11] 75/1000 audios
[extraccion 15-14-13-12-11] 100/1000 audios
[extraccion 15-14-13-12-11] 125/1000 audios
[extraccion 15-14-13-12-11] 150/1000 audios
[extraccion 15-14-13-12-11] 175/1000 audios
[extraccion 15-14-13-12-11] 200/1000 audios
[extraccion 15-14-13-12-11] 225/1000 audios
[extraccion 15-14-13-12-11] 250/1000 audios
[extraccion 15-14-13-12-11] 275/1000 audios
[extraccion 15-14-13-12-11] 300/1000 audios
[extraccion 15-14-13-12-11] 325/1000 audios
[extraccion 15-14-13-12-11] 350/1000 audios
[extraccion 15-14-13-12-11] 375/1000 audios
[extraccion 15-14-13-12-11] 400/1000 audios
[extraccion 15-14-13-12-11] 425/1000 audios
[extraccion 15-14-13-12-11] 450/1000 audios
[extraccion 15-14-13-12-11] 475/1000 audios
[extraccion 15-14-13-12-11] 500/1000 audios
[extraccion 15-14-13-12-11] 525/1000 audios
[extraccion 15-14-13-12-11] 550/1000 audios
[extraccion 15-14-13-12-11] 575/1000 audios
[extraccion 15-14-13-12-11] 600/1000 audios
[extraccion 15-14-13-12-11] 625/1000 audios
[extraccion 15-14-13-12-11] 650/1000 audios
[extraccion 15-14-13-12-11] 675/1000 audios
[extraccion 15-14-13-12-11] 700/1000 audios
[extraccion 15-14-13-12-11] 725/1000 audios
[extraccion 15-14-13-12-11] 750/1000 audios
[extraccion 15-14-13-12-11] 775/1000 audios
[extraccion 15-14-13-12-11] 800/1000 audios
[extraccion 15-14-13-12-11] 825/1000 audios
[extraccion 15-14-13-12-11] 850/1000 audios
[extraccion 15-14-13-12-11] 875/1000 audios
[extraccion 15-14-13-12-11] 900/1000 audios
[extraccion 15-14-13-12-11] 925/1000 audios
[extraccion 15-14-13-12-11] 950/1000 audios
[extraccion 15-14-13-12-11] 975/1000 audios
[extraccion 15-14-13-12-11] 1000/1000 audios
[15-14-13-12-11] SVM DeepONMF_W fold 1
[15-14-13-12-11] SVM DeepONMF_W fold 2
[15-14-13-12-11] SVM DeepONMF_W fold 3
[15-14-13-12-11] SVM DeepONMF_W fold 4
[15-14-13-12-11] SVM DeepONMF_W fold 5
[15-14-13-12-11] KNN DeepONMF_W fold 1
[15-14-13-12-11] KNN DeepONMF_W fold 2
[15-14-13-12-11] KNN DeepONMF_W fold 3
[15-14-13-12-11] KNN DeepONMF_W fold 4
[15-14-13-12-11] KNN DeepONMF_W fold 5
[15-14-13-12-11] UjaNet DeepONMF_W fold 1
[15-14-13-12-11] UjaNet DeepONMF_W fold 2
[15-14-13-12-11] UjaNet DeepONMF_W fold 3
[15-14-13-12-11] UjaNet DeepONMF_W fold 4
[15-14-13-12-11] UjaNet DeepONMF_W fold 5
[15-14-13-12-11] SVM DeepONMF_H5 fold 1
[15-14-13-12-11] SVM DeepONMF_H5 fold 2
[15-14-13-12-11] SVM DeepONMF_H5 fold 3
[15-14-13-12-11] SVM DeepONMF_H5 fold 4
[15-14-13-12-11] SVM DeepONMF_H5 fold 5
[15-14-13-12-11] KNN DeepONMF_H5 fold 1
[15-14-13-12-11] KNN DeepONMF_H5 fold 2
[15-14-13-12-11] KNN DeepONMF_H5 fold 3
[15-14-13-12-11] KNN DeepONMF_H5 fold 4
[15-14-13-12-11] KNN DeepONMF_H5 fold 5
[15-14-13-12-11] UjaNet DeepONMF_H5 fold 1
[15-14-13-12-11] UjaNet DeepONMF_H5 fold 2
[15-14-13-12-11] UjaNet DeepONMF_H5 fold 3
[15-14-13-12-11] UjaNet DeepONMF_H5 fold 4
[15-14-13-12-11] UjaNet DeepONMF_H5 fold 5
[extraccion 15-11-8-6-4] 1/1000 audios
[extraccion 15-11-8-6-4] 25/1000 audios
[extraccion 15-11-8-6-4] 50/1000 audios
[extraccion 15-11-8-6-4] 75/1000 audios
[extraccion 15-11-8-6-4] 100/1000 audios
[extraccion 15-11-8-6-4] 125/1000 audios
[extraccion 15-11-8-6-4] 150/1000 audios
[extraccion 15-11-8-6-4] 175/1000 audios
[extraccion 15-11-8-6-4] 200/1000 audios
[extraccion 15-11-8-6-4] 225/1000 audios
[extraccion 15-11-8-6-4] 250/1000 audios
[extraccion 15-11-8-6-4] 275/1000 audios
[extraccion 15-11-8-6-4] 300/1000 audios
[extraccion 15-11-8-6-4] 325/1000 audios
[extraccion 15-11-8-6-4] 350/1000 audios
[extraccion 15-11-8-6-4] 375/1000 audios
[extraccion 15-11-8-6-4] 400/1000 audios
[extraccion 15-11-8-6-4] 425/1000 audios
[extraccion 15-11-8-6-4] 450/1000 audios
[extraccion 15-11-8-6-4] 475/1000 audios
[extraccion 15-11-8-6-4] 500/1000 audios
[extraccion 15-11-8-6-4] 525/1000 audios
[extraccion 15-11-8-6-4] 550/1000 audios
[extraccion 15-11-8-6-4] 575/1000 audios
[extraccion 15-11-8-6-4] 600/1000 audios
[extraccion 15-11-8-6-4] 625/1000 audios
[extraccion 15-11-8-6-4] 650/1000 audios
[extraccion 15-11-8-6-4] 675/1000 audios
[extraccion 15-11-8-6-4] 700/1000 audios
[extraccion 15-11-8-6-4] 725/1000 audios
[extraccion 15-11-8-6-4] 750/1000 audios
[extraccion 15-11-8-6-4] 775/1000 audios
[extraccion 15-11-8-6-4] 800/1000 audios
[extraccion 15-11-8-6-4] 825/1000 audios
[extraccion 15-11-8-6-4] 850/1000 audios
[extraccion 15-11-8-6-4] 875/1000 audios
[extraccion 15-11-8-6-4] 900/1000 audios
[extraccion 15-11-8-6-4] 925/1000 audios
[extraccion 15-11-8-6-4] 950/1000 audios
[extraccion 15-11-8-6-4] 975/1000 audios
[extraccion 15-11-8-6-4] 1000/1000 audios
[15-11-8-6-4] SVM DeepONMF_W fold 1
[15-11-8-6-4] SVM DeepONMF_W fold 2
[15-11-8-6-4] SVM DeepONMF_W fold 3
[15-11-8-6-4] SVM DeepONMF_W fold 4
[15-11-8-6-4] SVM DeepONMF_W fold 5
[15-11-8-6-4] KNN DeepONMF_W fold 1
[15-11-8-6-4] KNN DeepONMF_W fold 2
[15-11-8-6-4] KNN DeepONMF_W fold 3
[15-11-8-6-4] KNN DeepONMF_W fold 4
[15-11-8-6-4] KNN DeepONMF_W fold 5
[15-11-8-6-4] UjaNet DeepONMF_W fold 1
[15-11-8-6-4] UjaNet DeepONMF_W fold 2
[15-11-8-6-4] UjaNet DeepONMF_W fold 3
[15-11-8-6-4] UjaNet DeepONMF_W fold 4
[15-11-8-6-4] UjaNet DeepONMF_W fold 5
[15-11-8-6-4] SVM DeepONMF_H5 fold 1
[15-11-8-6-4] SVM DeepONMF_H5 fold 2
[15-11-8-6-4] SVM DeepONMF_H5 fold 3
[15-11-8-6-4] SVM DeepONMF_H5 fold 4
[15-11-8-6-4] SVM DeepONMF_H5 fold 5
[15-11-8-6-4] KNN DeepONMF_H5 fold 1
[15-11-8-6-4] KNN DeepONMF_H5 fold 2
[15-11-8-6-4] KNN DeepONMF_H5 fold 3
[15-11-8-6-4] KNN DeepONMF_H5 fold 4
[15-11-8-6-4] KNN DeepONMF_H5 fold 5
[15-11-8-6-4] UjaNet DeepONMF_H5 fold 1
[15-11-8-6-4] UjaNet DeepONMF_H5 fold 2
[15-11-8-6-4] UjaNet DeepONMF_H5 fold 3
[15-11-8-6-4] UjaNet DeepONMF_H5 fold 4
[15-11-8-6-4] UjaNet DeepONMF_H5 fold 5
[extraccion 14-12-9-6-3] 1/1000 audios
[extraccion 14-12-9-6-3] 25/1000 audios
[extraccion 14-12-9-6-3] 50/1000 audios
[extraccion 14-12-9-6-3] 75/1000 audios
[extraccion 14-12-9-6-3] 100/1000 audios
[extraccion 14-12-9-6-3] 125/1000 audios
[extraccion 14-12-9-6-3] 150/1000 audios
[extraccion 14-12-9-6-3] 175/1000 audios
[extraccion 14-12-9-6-3] 200/1000 audios
[extraccion 14-12-9-6-3] 225/1000 audios
[extraccion 14-12-9-6-3] 250/1000 audios
[extraccion 14-12-9-6-3] 275/1000 audios
[extraccion 14-12-9-6-3] 300/1000 audios
[extraccion 14-12-9-6-3] 325/1000 audios
[extraccion 14-12-9-6-3] 350/1000 audios
[extraccion 14-12-9-6-3] 375/1000 audios
[extraccion 14-12-9-6-3] 400/1000 audios
[extraccion 14-12-9-6-3] 425/1000 audios
[extraccion 14-12-9-6-3] 450/1000 audios
[extraccion 14-12-9-6-3] 475/1000 audios
[extraccion 14-12-9-6-3] 500/1000 audios
[extraccion 14-12-9-6-3] 525/1000 audios
[extraccion 14-12-9-6-3] 550/1000 audios
[extraccion 14-12-9-6-3] 575/1000 audios
[extraccion 14-12-9-6-3] 600/1000 audios
[extraccion 14-12-9-6-3] 625/1000 audios
[extraccion 14-12-9-6-3] 650/1000 audios
[extraccion 14-12-9-6-3] 675/1000 audios
[extraccion 14-12-9-6-3] 700/1000 audios
[extraccion 14-12-9-6-3] 725/1000 audios
[extraccion 14-12-9-6-3] 750/1000 audios
[extraccion 14-12-9-6-3] 775/1000 audios
[extraccion 14-12-9-6-3] 800/1000 audios
[extraccion 14-12-9-6-3] 825/1000 audios
[extraccion 14-12-9-6-3] 850/1000 audios
[extraccion 14-12-9-6-3] 875/1000 audios
[extraccion 14-12-9-6-3] 900/1000 audios
[extraccion 14-12-9-6-3] 925/1000 audios
[extraccion 14-12-9-6-3] 950/1000 audios
[extraccion 14-12-9-6-3] 975/1000 audios
[extraccion 14-12-9-6-3] 1000/1000 audios
[14-12-9-6-3] SVM DeepONMF_W fold 1
[14-12-9-6-3] SVM DeepONMF_W fold 2
[14-12-9-6-3] SVM DeepONMF_W fold 3
[14-12-9-6-3] SVM DeepONMF_W fold 4
[14-12-9-6-3] SVM DeepONMF_W fold 5
[14-12-9-6-3] KNN DeepONMF_W fold 1
[14-12-9-6-3] KNN DeepONMF_W fold 2
[14-12-9-6-3] KNN DeepONMF_W fold 3
[14-12-9-6-3] KNN DeepONMF_W fold 4
[14-12-9-6-3] KNN DeepONMF_W fold 5
[14-12-9-6-3] UjaNet DeepONMF_W fold 1
[14-12-9-6-3] UjaNet DeepONMF_W fold 2
[14-12-9-6-3] UjaNet DeepONMF_W fold 3
[14-12-9-6-3] UjaNet DeepONMF_W fold 4
[14-12-9-6-3] UjaNet DeepONMF_W fold 5
[14-12-9-6-3] SVM DeepONMF_H5 fold 1
[14-12-9-6-3] SVM DeepONMF_H5 fold 2
[14-12-9-6-3] SVM DeepONMF_H5 fold 3
[14-12-9-6-3] SVM DeepONMF_H5 fold 4
[14-12-9-6-3] SVM DeepONMF_H5 fold 5
[14-12-9-6-3] KNN DeepONMF_H5 fold 1
[14-12-9-6-3] KNN DeepONMF_H5 fold 2
[14-12-9-6-3] KNN DeepONMF_H5 fold 3
[14-12-9-6-3] KNN DeepONMF_H5 fold 4
[14-12-9-6-3] KNN DeepONMF_H5 fold 5
[14-12-9-6-3] UjaNet DeepONMF_H5 fold 1
[14-12-9-6-3] UjaNet DeepONMF_H5 fold 2
[14-12-9-6-3] UjaNet DeepONMF_H5 fold 3
[14-12-9-6-3] UjaNet DeepONMF_H5 fold 4
[14-12-9-6-3] UjaNet DeepONMF_H5 fold 5
[extraccion 14-12-8-6-4] 1/1000 audios
[extraccion 14-12-8-6-4] 25/1000 audios
[extraccion 14-12-8-6-4] 50/1000 audios
[extraccion 14-12-8-6-4] 75/1000 audios
[extraccion 14-12-8-6-4] 100/1000 audios
[extraccion 14-12-8-6-4] 125/1000 audios
[extraccion 14-12-8-6-4] 150/1000 audios
[extraccion 14-12-8-6-4] 175/1000 audios
[extraccion 14-12-8-6-4] 200/1000 audios
[extraccion 14-12-8-6-4] 225/1000 audios
[extraccion 14-12-8-6-4] 250/1000 audios
[extraccion 14-12-8-6-4] 275/1000 audios
[extraccion 14-12-8-6-4] 300/1000 audios
[extraccion 14-12-8-6-4] 325/1000 audios
[extraccion 14-12-8-6-4] 350/1000 audios
[extraccion 14-12-8-6-4] 375/1000 audios
[extraccion 14-12-8-6-4] 400/1000 audios
[extraccion 14-12-8-6-4] 425/1000 audios
[extraccion 14-12-8-6-4] 450/1000 audios
[extraccion 14-12-8-6-4] 475/1000 audios
[extraccion 14-12-8-6-4] 500/1000 audios
[extraccion 14-12-8-6-4] 525/1000 audios
[extraccion 14-12-8-6-4] 550/1000 audios
[extraccion 14-12-8-6-4] 575/1000 audios
[extraccion 14-12-8-6-4] 600/1000 audios
[extraccion 14-12-8-6-4] 625/1000 audios
[extraccion 14-12-8-6-4] 650/1000 audios
[extraccion 14-12-8-6-4] 675/1000 audios
[extraccion 14-12-8-6-4] 700/1000 audios
[extraccion 14-12-8-6-4] 725/1000 audios
[extraccion 14-12-8-6-4] 750/1000 audios
[extraccion 14-12-8-6-4] 775/1000 audios
[extraccion 14-12-8-6-4] 800/1000 audios
[extraccion 14-12-8-6-4] 825/1000 audios
[extraccion 14-12-8-6-4] 850/1000 audios
[extraccion 14-12-8-6-4] 875/1000 audios
[extraccion 14-12-8-6-4] 900/1000 audios
[extraccion 14-12-8-6-4] 925/1000 audios
[extraccion 14-12-8-6-4] 950/1000 audios
[extraccion 14-12-8-6-4] 975/1000 audios
[extraccion 14-12-8-6-4] 1000/1000 audios
[14-12-8-6-4] SVM DeepONMF_W fold 1
[14-12-8-6-4] SVM DeepONMF_W fold 2
[14-12-8-6-4] SVM DeepONMF_W fold 3
[14-12-8-6-4] SVM DeepONMF_W fold 4
[14-12-8-6-4] SVM DeepONMF_W fold 5
[14-12-8-6-4] KNN DeepONMF_W fold 1
[14-12-8-6-4] KNN DeepONMF_W fold 2
[14-12-8-6-4] KNN DeepONMF_W fold 3
[14-12-8-6-4] KNN DeepONMF_W fold 4
[14-12-8-6-4] KNN DeepONMF_W fold 5
[14-12-8-6-4] UjaNet DeepONMF_W fold 1
[14-12-8-6-4] UjaNet DeepONMF_W fold 2
[14-12-8-6-4] UjaNet DeepONMF_W fold 3
[14-12-8-6-4] UjaNet DeepONMF_W fold 4
[14-12-8-6-4] UjaNet DeepONMF_W fold 5
[14-12-8-6-4] SVM DeepONMF_H5 fold 1
[14-12-8-6-4] SVM DeepONMF_H5 fold 2
[14-12-8-6-4] SVM DeepONMF_H5 fold 3
[14-12-8-6-4] SVM DeepONMF_H5 fold 4
[14-12-8-6-4] SVM DeepONMF_H5 fold 5
[14-12-8-6-4] KNN DeepONMF_H5 fold 1
[14-12-8-6-4] KNN DeepONMF_H5 fold 2
[14-12-8-6-4] KNN DeepONMF_H5 fold 3
[14-12-8-6-4] KNN DeepONMF_H5 fold 4
[14-12-8-6-4] KNN DeepONMF_H5 fold 5
[14-12-8-6-4] UjaNet DeepONMF_H5 fold 1
[14-12-8-6-4] UjaNet DeepONMF_H5 fold 2
[14-12-8-6-4] UjaNet DeepONMF_H5 fold 3
[14-12-8-6-4] UjaNet DeepONMF_H5 fold 4
[14-12-8-6-4] UjaNet DeepONMF_H5 fold 5
[extraccion 14-11-9-6-4] 1/1000 audios
[extraccion 14-11-9-6-4] 25/1000 audios
[extraccion 14-11-9-6-4] 50/1000 audios
[extraccion 14-11-9-6-4] 75/1000 audios
[extraccion 14-11-9-6-4] 100/1000 audios
[extraccion 14-11-9-6-4] 125/1000 audios
[extraccion 14-11-9-6-4] 150/1000 audios
[extraccion 14-11-9-6-4] 175/1000 audios
[extraccion 14-11-9-6-4] 200/1000 audios
[extraccion 14-11-9-6-4] 225/1000 audios
[extraccion 14-11-9-6-4] 250/1000 audios
[extraccion 14-11-9-6-4] 275/1000 audios
[extraccion 14-11-9-6-4] 300/1000 audios
[extraccion 14-11-9-6-4] 325/1000 audios
[extraccion 14-11-9-6-4] 350/1000 audios
[extraccion 14-11-9-6-4] 375/1000 audios
[extraccion 14-11-9-6-4] 400/1000 audios
[extraccion 14-11-9-6-4] 425/1000 audios
[extraccion 14-11-9-6-4] 450/1000 audios
[extraccion 14-11-9-6-4] 475/1000 audios
[extraccion 14-11-9-6-4] 500/1000 audios
[extraccion 14-11-9-6-4] 525/1000 audios
[extraccion 14-11-9-6-4] 550/1000 audios
[extraccion 14-11-9-6-4] 575/1000 audios
[extraccion 14-11-9-6-4] 600/1000 audios
[extraccion 14-11-9-6-4] 625/1000 audios
[extraccion 14-11-9-6-4] 650/1000 audios
[extraccion 14-11-9-6-4] 675/1000 audios
[extraccion 14-11-9-6-4] 700/1000 audios
[extraccion 14-11-9-6-4] 725/1000 audios
[extraccion 14-11-9-6-4] 750/1000 audios
[extraccion 14-11-9-6-4] 775/1000 audios
[extraccion 14-11-9-6-4] 800/1000 audios
[extraccion 14-11-9-6-4] 825/1000 audios
[extraccion 14-11-9-6-4] 850/1000 audios
[extraccion 14-11-9-6-4] 875/1000 audios
[extraccion 14-11-9-6-4] 900/1000 audios
[extraccion 14-11-9-6-4] 925/1000 audios
[extraccion 14-11-9-6-4] 950/1000 audios
[extraccion 14-11-9-6-4] 975/1000 audios
[extraccion 14-11-9-6-4] 1000/1000 audios
[14-11-9-6-4] SVM DeepONMF_W fold 1
[14-11-9-6-4] SVM DeepONMF_W fold 2
[14-11-9-6-4] SVM DeepONMF_W fold 3
[14-11-9-6-4] SVM DeepONMF_W fold 4
[14-11-9-6-4] SVM DeepONMF_W fold 5
[14-11-9-6-4] KNN DeepONMF_W fold 1
[14-11-9-6-4] KNN DeepONMF_W fold 2
[14-11-9-6-4] KNN DeepONMF_W fold 3
[14-11-9-6-4] KNN DeepONMF_W fold 4
[14-11-9-6-4] KNN DeepONMF_W fold 5
[14-11-9-6-4] UjaNet DeepONMF_W fold 1
[14-11-9-6-4] UjaNet DeepONMF_W fold 2
[14-11-9-6-4] UjaNet DeepONMF_W fold 3
[14-11-9-6-4] UjaNet DeepONMF_W fold 4
[14-11-9-6-4] UjaNet DeepONMF_W fold 5
[14-11-9-6-4] SVM DeepONMF_H5 fold 1
[14-11-9-6-4] SVM DeepONMF_H5 fold 2
[14-11-9-6-4] SVM DeepONMF_H5 fold 3
[14-11-9-6-4] SVM DeepONMF_H5 fold 4
[14-11-9-6-4] SVM DeepONMF_H5 fold 5
[14-11-9-6-4] KNN DeepONMF_H5 fold 1
[14-11-9-6-4] KNN DeepONMF_H5 fold 2
[14-11-9-6-4] KNN DeepONMF_H5 fold 3
[14-11-9-6-4] KNN DeepONMF_H5 fold 4
[14-11-9-6-4] KNN DeepONMF_H5 fold 5
[14-11-9-6-4] UjaNet DeepONMF_H5 fold 1
[14-11-9-6-4] UjaNet DeepONMF_H5 fold 2
[14-11-9-6-4] UjaNet DeepONMF_H5 fold 3
[14-11-9-6-4] UjaNet DeepONMF_H5 fold 4
[14-11-9-6-4] UjaNet DeepONMF_H5 fold 5
[extraccion 14-11-8-7-4] 1/1000 audios
[extraccion 14-11-8-7-4] 25/1000 audios
[extraccion 14-11-8-7-4] 50/1000 audios
[extraccion 14-11-8-7-4] 75/1000 audios
[extraccion 14-11-8-7-4] 100/1000 audios
[extraccion 14-11-8-7-4] 125/1000 audios
[extraccion 14-11-8-7-4] 150/1000 audios
[extraccion 14-11-8-7-4] 175/1000 audios
[extraccion 14-11-8-7-4] 200/1000 audios
[extraccion 14-11-8-7-4] 225/1000 audios
[extraccion 14-11-8-7-4] 250/1000 audios
[extraccion 14-11-8-7-4] 275/1000 audios
[extraccion 14-11-8-7-4] 300/1000 audios
[extraccion 14-11-8-7-4] 325/1000 audios
[extraccion 14-11-8-7-4] 350/1000 audios
[extraccion 14-11-8-7-4] 375/1000 audios
[extraccion 14-11-8-7-4] 400/1000 audios
[extraccion 14-11-8-7-4] 425/1000 audios
[extraccion 14-11-8-7-4] 450/1000 audios
[extraccion 14-11-8-7-4] 475/1000 audios
[extraccion 14-11-8-7-4] 500/1000 audios
[extraccion 14-11-8-7-4] 525/1000 audios
[extraccion 14-11-8-7-4] 550/1000 audios
[extraccion 14-11-8-7-4] 575/1000 audios
[extraccion 14-11-8-7-4] 600/1000 audios
[extraccion 14-11-8-7-4] 625/1000 audios
[extraccion 14-11-8-7-4] 650/1000 audios
[extraccion 14-11-8-7-4] 675/1000 audios
[extraccion 14-11-8-7-4] 700/1000 audios
[extraccion 14-11-8-7-4] 725/1000 audios
[extraccion 14-11-8-7-4] 750/1000 audios
[extraccion 14-11-8-7-4] 775/1000 audios
[extraccion 14-11-8-7-4] 800/1000 audios
[extraccion 14-11-8-7-4] 825/1000 audios
[extraccion 14-11-8-7-4] 850/1000 audios
[extraccion 14-11-8-7-4] 875/1000 audios
[extraccion 14-11-8-7-4] 900/1000 audios
[extraccion 14-11-8-7-4] 925/1000 audios
[extraccion 14-11-8-7-4] 950/1000 audios
[extraccion 14-11-8-7-4] 975/1000 audios
[extraccion 14-11-8-7-4] 1000/1000 audios
[14-11-8-7-4] SVM DeepONMF_W fold 1
[14-11-8-7-4] SVM DeepONMF_W fold 2
[14-11-8-7-4] SVM DeepONMF_W fold 3
[14-11-8-7-4] SVM DeepONMF_W fold 4
[14-11-8-7-4] SVM DeepONMF_W fold 5
[14-11-8-7-4] KNN DeepONMF_W fold 1
[14-11-8-7-4] KNN DeepONMF_W fold 2
[14-11-8-7-4] KNN DeepONMF_W fold 3
[14-11-8-7-4] KNN DeepONMF_W fold 4
[14-11-8-7-4] KNN DeepONMF_W fold 5
[14-11-8-7-4] UjaNet DeepONMF_W fold 1
[14-11-8-7-4] UjaNet DeepONMF_W fold 2
[14-11-8-7-4] UjaNet DeepONMF_W fold 3
[14-11-8-7-4] UjaNet DeepONMF_W fold 4
[14-11-8-7-4] UjaNet DeepONMF_W fold 5
[14-11-8-7-4] SVM DeepONMF_H5 fold 1
[14-11-8-7-4] SVM DeepONMF_H5 fold 2
[14-11-8-7-4] SVM DeepONMF_H5 fold 3
[14-11-8-7-4] SVM DeepONMF_H5 fold 4
[14-11-8-7-4] SVM DeepONMF_H5 fold 5
[14-11-8-7-4] KNN DeepONMF_H5 fold 1
[14-11-8-7-4] KNN DeepONMF_H5 fold 2
[14-11-8-7-4] KNN DeepONMF_H5 fold 3
[14-11-8-7-4] KNN DeepONMF_H5 fold 4
[14-11-8-7-4] KNN DeepONMF_H5 fold 5
[14-11-8-7-4] UjaNet DeepONMF_H5 fold 1
[14-11-8-7-4] UjaNet DeepONMF_H5 fold 2
[14-11-8-7-4] UjaNet DeepONMF_H5 fold 3
[14-11-8-7-4] UjaNet DeepONMF_H5 fold 4
[14-11-8-7-4] UjaNet DeepONMF_H5 fold 5
[extraccion 14-11-8-6-5] 1/1000 audios
[extraccion 14-11-8-6-5] 25/1000 audios
[extraccion 14-11-8-6-5] 50/1000 audios
[extraccion 14-11-8-6-5] 75/1000 audios
[extraccion 14-11-8-6-5] 100/1000 audios
[extraccion 14-11-8-6-5] 125/1000 audios
[extraccion 14-11-8-6-5] 150/1000 audios
[extraccion 14-11-8-6-5] 175/1000 audios
[extraccion 14-11-8-6-5] 200/1000 audios
[extraccion 14-11-8-6-5] 225/1000 audios
[extraccion 14-11-8-6-5] 250/1000 audios
[extraccion 14-11-8-6-5] 275/1000 audios
[extraccion 14-11-8-6-5] 300/1000 audios
[extraccion 14-11-8-6-5] 325/1000 audios
[extraccion 14-11-8-6-5] 350/1000 audios
[extraccion 14-11-8-6-5] 375/1000 audios
[extraccion 14-11-8-6-5] 400/1000 audios
[extraccion 14-11-8-6-5] 425/1000 audios
[extraccion 14-11-8-6-5] 450/1000 audios
[extraccion 14-11-8-6-5] 475/1000 audios
[extraccion 14-11-8-6-5] 500/1000 audios
[extraccion 14-11-8-6-5] 525/1000 audios
[extraccion 14-11-8-6-5] 550/1000 audios
[extraccion 14-11-8-6-5] 575/1000 audios
[extraccion 14-11-8-6-5] 600/1000 audios
[extraccion 14-11-8-6-5] 625/1000 audios
[extraccion 14-11-8-6-5] 650/1000 audios
[extraccion 14-11-8-6-5] 675/1000 audios
[extraccion 14-11-8-6-5] 700/1000 audios
[extraccion 14-11-8-6-5] 725/1000 audios
[extraccion 14-11-8-6-5] 750/1000 audios
[extraccion 14-11-8-6-5] 775/1000 audios
[extraccion 14-11-8-6-5] 800/1000 audios
[extraccion 14-11-8-6-5] 825/1000 audios
[extraccion 14-11-8-6-5] 850/1000 audios
[extraccion 14-11-8-6-5] 875/1000 audios
[extraccion 14-11-8-6-5] 900/1000 audios
[extraccion 14-11-8-6-5] 925/1000 audios
[extraccion 14-11-8-6-5] 950/1000 audios
[extraccion 14-11-8-6-5] 975/1000 audios
[extraccion 14-11-8-6-5] 1000/1000 audios
[14-11-8-6-5] SVM DeepONMF_W fold 1
[14-11-8-6-5] SVM DeepONMF_W fold 2
[14-11-8-6-5] SVM DeepONMF_W fold 3
[14-11-8-6-5] SVM DeepONMF_W fold 4
[14-11-8-6-5] SVM DeepONMF_W fold 5
[14-11-8-6-5] KNN DeepONMF_W fold 1
[14-11-8-6-5] KNN DeepONMF_W fold 2
[14-11-8-6-5] KNN DeepONMF_W fold 3
[14-11-8-6-5] KNN DeepONMF_W fold 4
[14-11-8-6-5] KNN DeepONMF_W fold 5
[14-11-8-6-5] UjaNet DeepONMF_W fold 1
[14-11-8-6-5] UjaNet DeepONMF_W fold 2
[14-11-8-6-5] UjaNet DeepONMF_W fold 3
[14-11-8-6-5] UjaNet DeepONMF_W fold 4
[14-11-8-6-5] UjaNet DeepONMF_W fold 5
[14-11-8-6-5] SVM DeepONMF_H5 fold 1
[14-11-8-6-5] SVM DeepONMF_H5 fold 2
[14-11-8-6-5] SVM DeepONMF_H5 fold 3
[14-11-8-6-5] SVM DeepONMF_H5 fold 4
[14-11-8-6-5] SVM DeepONMF_H5 fold 5
[14-11-8-6-5] KNN DeepONMF_H5 fold 1
[14-11-8-6-5] KNN DeepONMF_H5 fold 2
[14-11-8-6-5] KNN DeepONMF_H5 fold 3
[14-11-8-6-5] KNN DeepONMF_H5 fold 4
[14-11-8-6-5] KNN DeepONMF_H5 fold 5
[14-11-8-6-5] UjaNet DeepONMF_H5 fold 1
[14-11-8-6-5] UjaNet DeepONMF_H5 fold 2
[14-11-8-6-5] UjaNet DeepONMF_H5 fold 3
[14-11-8-6-5] UjaNet DeepONMF_H5 fold 4
[14-11-8-6-5] UjaNet DeepONMF_H5 fold 5
[extraccion 14-11-8-6-3] 1/1000 audios
[extraccion 14-11-8-6-3] 25/1000 audios
[extraccion 14-11-8-6-3] 50/1000 audios
[extraccion 14-11-8-6-3] 75/1000 audios
[extraccion 14-11-8-6-3] 100/1000 audios
[extraccion 14-11-8-6-3] 125/1000 audios
[extraccion 14-11-8-6-3] 150/1000 audios
[extraccion 14-11-8-6-3] 175/1000 audios
[extraccion 14-11-8-6-3] 200/1000 audios
[extraccion 14-11-8-6-3] 225/1000 audios
[extraccion 14-11-8-6-3] 250/1000 audios
[extraccion 14-11-8-6-3] 275/1000 audios
[extraccion 14-11-8-6-3] 300/1000 audios
[extraccion 14-11-8-6-3] 325/1000 audios
[extraccion 14-11-8-6-3] 350/1000 audios
[extraccion 14-11-8-6-3] 375/1000 audios
[extraccion 14-11-8-6-3] 400/1000 audios
[extraccion 14-11-8-6-3] 425/1000 audios
[extraccion 14-11-8-6-3] 450/1000 audios
[extraccion 14-11-8-6-3] 475/1000 audios
[extraccion 14-11-8-6-3] 500/1000 audios
[extraccion 14-11-8-6-3] 525/1000 audios
[extraccion 14-11-8-6-3] 550/1000 audios
[extraccion 14-11-8-6-3] 575/1000 audios
[extraccion 14-11-8-6-3] 600/1000 audios
[extraccion 14-11-8-6-3] 625/1000 audios
[extraccion 14-11-8-6-3] 650/1000 audios
[extraccion 14-11-8-6-3] 675/1000 audios
[extraccion 14-11-8-6-3] 700/1000 audios
[extraccion 14-11-8-6-3] 725/1000 audios
[extraccion 14-11-8-6-3] 750/1000 audios
[extraccion 14-11-8-6-3] 775/1000 audios
[extraccion 14-11-8-6-3] 800/1000 audios
[extraccion 14-11-8-6-3] 825/1000 audios
[extraccion 14-11-8-6-3] 850/1000 audios
[extraccion 14-11-8-6-3] 875/1000 audios
[extraccion 14-11-8-6-3] 900/1000 audios
[extraccion 14-11-8-6-3] 925/1000 audios
[extraccion 14-11-8-6-3] 950/1000 audios
[extraccion 14-11-8-6-3] 975/1000 audios
[extraccion 14-11-8-6-3] 1000/1000 audios
[14-11-8-6-3] SVM DeepONMF_W fold 1
[14-11-8-6-3] SVM DeepONMF_W fold 2
[14-11-8-6-3] SVM DeepONMF_W fold 3
[14-11-8-6-3] SVM DeepONMF_W fold 4
[14-11-8-6-3] SVM DeepONMF_W fold 5
[14-11-8-6-3] KNN DeepONMF_W fold 1
[14-11-8-6-3] KNN DeepONMF_W fold 2
[14-11-8-6-3] KNN DeepONMF_W fold 3
[14-11-8-6-3] KNN DeepONMF_W fold 4
[14-11-8-6-3] KNN DeepONMF_W fold 5
[14-11-8-6-3] UjaNet DeepONMF_W fold 1
[14-11-8-6-3] UjaNet DeepONMF_W fold 2
[14-11-8-6-3] UjaNet DeepONMF_W fold 3
[14-11-8-6-3] UjaNet DeepONMF_W fold 4
[14-11-8-6-3] UjaNet DeepONMF_W fold 5
[14-11-8-6-3] SVM DeepONMF_H5 fold 1
[14-11-8-6-3] SVM DeepONMF_H5 fold 2
[14-11-8-6-3] SVM DeepONMF_H5 fold 3
[14-11-8-6-3] SVM DeepONMF_H5 fold 4
[14-11-8-6-3] SVM DeepONMF_H5 fold 5
[14-11-8-6-3] KNN DeepONMF_H5 fold 1
[14-11-8-6-3] KNN DeepONMF_H5 fold 2
[14-11-8-6-3] KNN DeepONMF_H5 fold 3
[14-11-8-6-3] KNN DeepONMF_H5 fold 4
[14-11-8-6-3] KNN DeepONMF_H5 fold 5
[14-11-8-6-3] UjaNet DeepONMF_H5 fold 1
[14-11-8-6-3] UjaNet DeepONMF_H5 fold 2
[14-11-8-6-3] UjaNet DeepONMF_H5 fold 3
[14-11-8-6-3] UjaNet DeepONMF_H5 fold 4
[14-11-8-6-3] UjaNet DeepONMF_H5 fold 5
[extraccion 14-11-8-5-4] 1/1000 audios
[extraccion 14-11-8-5-4] 25/1000 audios
[extraccion 14-11-8-5-4] 50/1000 audios
[extraccion 14-11-8-5-4] 75/1000 audios
[extraccion 14-11-8-5-4] 100/1000 audios
[extraccion 14-11-8-5-4] 125/1000 audios
[extraccion 14-11-8-5-4] 150/1000 audios
[extraccion 14-11-8-5-4] 175/1000 audios
[extraccion 14-11-8-5-4] 200/1000 audios
[extraccion 14-11-8-5-4] 225/1000 audios
[extraccion 14-11-8-5-4] 250/1000 audios
[extraccion 14-11-8-5-4] 275/1000 audios
[extraccion 14-11-8-5-4] 300/1000 audios
[extraccion 14-11-8-5-4] 325/1000 audios
[extraccion 14-11-8-5-4] 350/1000 audios
[extraccion 14-11-8-5-4] 375/1000 audios
[extraccion 14-11-8-5-4] 400/1000 audios
[extraccion 14-11-8-5-4] 425/1000 audios
[extraccion 14-11-8-5-4] 450/1000 audios
[extraccion 14-11-8-5-4] 475/1000 audios
[extraccion 14-11-8-5-4] 500/1000 audios
[extraccion 14-11-8-5-4] 525/1000 audios
[extraccion 14-11-8-5-4] 550/1000 audios
[extraccion 14-11-8-5-4] 575/1000 audios
[extraccion 14-11-8-5-4] 600/1000 audios
[extraccion 14-11-8-5-4] 625/1000 audios
[extraccion 14-11-8-5-4] 650/1000 audios
[extraccion 14-11-8-5-4] 675/1000 audios
[extraccion 14-11-8-5-4] 700/1000 audios
[extraccion 14-11-8-5-4] 725/1000 audios
[extraccion 14-11-8-5-4] 750/1000 audios
[extraccion 14-11-8-5-4] 775/1000 audios
[extraccion 14-11-8-5-4] 800/1000 audios
[extraccion 14-11-8-5-4] 825/1000 audios
[extraccion 14-11-8-5-4] 850/1000 audios
[extraccion 14-11-8-5-4] 875/1000 audios
[extraccion 14-11-8-5-4] 900/1000 audios
[extraccion 14-11-8-5-4] 925/1000 audios
[extraccion 14-11-8-5-4] 950/1000 audios
[extraccion 14-11-8-5-4] 975/1000 audios
[extraccion 14-11-8-5-4] 1000/1000 audios
[14-11-8-5-4] SVM DeepONMF_W fold 1
[14-11-8-5-4] SVM DeepONMF_W fold 2
[14-11-8-5-4] SVM DeepONMF_W fold 3
[14-11-8-5-4] SVM DeepONMF_W fold 4
[14-11-8-5-4] SVM DeepONMF_W fold 5
[14-11-8-5-4] KNN DeepONMF_W fold 1
[14-11-8-5-4] KNN DeepONMF_W fold 2
[14-11-8-5-4] KNN DeepONMF_W fold 3
[14-11-8-5-4] KNN DeepONMF_W fold 4
[14-11-8-5-4] KNN DeepONMF_W fold 5
[14-11-8-5-4] UjaNet DeepONMF_W fold 1
[14-11-8-5-4] UjaNet DeepONMF_W fold 2
[14-11-8-5-4] UjaNet DeepONMF_W fold 3
[14-11-8-5-4] UjaNet DeepONMF_W fold 4
[14-11-8-5-4] UjaNet DeepONMF_W fold 5
[14-11-8-5-4] SVM DeepONMF_H5 fold 1
[14-11-8-5-4] SVM DeepONMF_H5 fold 2
[14-11-8-5-4] SVM DeepONMF_H5 fold 3
[14-11-8-5-4] SVM DeepONMF_H5 fold 4
[14-11-8-5-4] SVM DeepONMF_H5 fold 5
[14-11-8-5-4] KNN DeepONMF_H5 fold 1
[14-11-8-5-4] KNN DeepONMF_H5 fold 2
[14-11-8-5-4] KNN DeepONMF_H5 fold 3
[14-11-8-5-4] KNN DeepONMF_H5 fold 4
[14-11-8-5-4] KNN DeepONMF_H5 fold 5
[14-11-8-5-4] UjaNet DeepONMF_H5 fold 1
[14-11-8-5-4] UjaNet DeepONMF_H5 fold 2
[14-11-8-5-4] UjaNet DeepONMF_H5 fold 3
[14-11-8-5-4] UjaNet DeepONMF_H5 fold 4
[14-11-8-5-4] UjaNet DeepONMF_H5 fold 5
[extraccion 14-11-7-6-4] 1/1000 audios
[extraccion 14-11-7-6-4] 25/1000 audios
[extraccion 14-11-7-6-4] 50/1000 audios
[extraccion 14-11-7-6-4] 75/1000 audios
[extraccion 14-11-7-6-4] 100/1000 audios
[extraccion 14-11-7-6-4] 125/1000 audios
[extraccion 14-11-7-6-4] 150/1000 audios
[extraccion 14-11-7-6-4] 175/1000 audios
[extraccion 14-11-7-6-4] 200/1000 audios
[extraccion 14-11-7-6-4] 225/1000 audios
[extraccion 14-11-7-6-4] 250/1000 audios
[extraccion 14-11-7-6-4] 275/1000 audios
[extraccion 14-11-7-6-4] 300/1000 audios
[extraccion 14-11-7-6-4] 325/1000 audios
[extraccion 14-11-7-6-4] 350/1000 audios
[extraccion 14-11-7-6-4] 375/1000 audios
[extraccion 14-11-7-6-4] 400/1000 audios
[extraccion 14-11-7-6-4] 425/1000 audios
[extraccion 14-11-7-6-4] 450/1000 audios
[extraccion 14-11-7-6-4] 475/1000 audios
[extraccion 14-11-7-6-4] 500/1000 audios
[extraccion 14-11-7-6-4] 525/1000 audios
[extraccion 14-11-7-6-4] 550/1000 audios
[extraccion 14-11-7-6-4] 575/1000 audios
[extraccion 14-11-7-6-4] 600/1000 audios
[extraccion 14-11-7-6-4] 625/1000 audios
[extraccion 14-11-7-6-4] 650/1000 audios
[extraccion 14-11-7-6-4] 675/1000 audios
[extraccion 14-11-7-6-4] 700/1000 audios
[extraccion 14-11-7-6-4] 725/1000 audios
[extraccion 14-11-7-6-4] 750/1000 audios
[extraccion 14-11-7-6-4] 775/1000 audios
[extraccion 14-11-7-6-4] 800/1000 audios
[extraccion 14-11-7-6-4] 825/1000 audios
[extraccion 14-11-7-6-4] 850/1000 audios
[extraccion 14-11-7-6-4] 875/1000 audios
[extraccion 14-11-7-6-4] 900/1000 audios
[extraccion 14-11-7-6-4] 925/1000 audios
[extraccion 14-11-7-6-4] 950/1000 audios
[extraccion 14-11-7-6-4] 975/1000 audios
[extraccion 14-11-7-6-4] 1000/1000 audios
[14-11-7-6-4] SVM DeepONMF_W fold 1
[14-11-7-6-4] SVM DeepONMF_W fold 2
[14-11-7-6-4] SVM DeepONMF_W fold 3
[14-11-7-6-4] SVM DeepONMF_W fold 4
[14-11-7-6-4] SVM DeepONMF_W fold 5
[14-11-7-6-4] KNN DeepONMF_W fold 1
[14-11-7-6-4] KNN DeepONMF_W fold 2
[14-11-7-6-4] KNN DeepONMF_W fold 3
[14-11-7-6-4] KNN DeepONMF_W fold 4
[14-11-7-6-4] KNN DeepONMF_W fold 5
[14-11-7-6-4] UjaNet DeepONMF_W fold 1
[14-11-7-6-4] UjaNet DeepONMF_W fold 2
[14-11-7-6-4] UjaNet DeepONMF_W fold 3
[14-11-7-6-4] UjaNet DeepONMF_W fold 4
[14-11-7-6-4] UjaNet DeepONMF_W fold 5
[14-11-7-6-4] SVM DeepONMF_H5 fold 1
[14-11-7-6-4] SVM DeepONMF_H5 fold 2
[14-11-7-6-4] SVM DeepONMF_H5 fold 3
[14-11-7-6-4] SVM DeepONMF_H5 fold 4
[14-11-7-6-4] SVM DeepONMF_H5 fold 5
[14-11-7-6-4] KNN DeepONMF_H5 fold 1
[14-11-7-6-4] KNN DeepONMF_H5 fold 2
[14-11-7-6-4] KNN DeepONMF_H5 fold 3
[14-11-7-6-4] KNN DeepONMF_H5 fold 4
[14-11-7-6-4] KNN DeepONMF_H5 fold 5
[14-11-7-6-4] UjaNet DeepONMF_H5 fold 1
[14-11-7-6-4] UjaNet DeepONMF_H5 fold 2
[14-11-7-6-4] UjaNet DeepONMF_H5 fold 3
[14-11-7-6-4] UjaNet DeepONMF_H5 fold 4
[14-11-7-6-4] UjaNet DeepONMF_H5 fold 5
[extraccion 14-10-8-6-4] 1/1000 audios
[extraccion 14-10-8-6-4] 25/1000 audios
[extraccion 14-10-8-6-4] 50/1000 audios
[extraccion 14-10-8-6-4] 75/1000 audios
[extraccion 14-10-8-6-4] 100/1000 audios
[extraccion 14-10-8-6-4] 125/1000 audios
[extraccion 14-10-8-6-4] 150/1000 audios
[extraccion 14-10-8-6-4] 175/1000 audios
[extraccion 14-10-8-6-4] 200/1000 audios
[extraccion 14-10-8-6-4] 225/1000 audios
[extraccion 14-10-8-6-4] 250/1000 audios
[extraccion 14-10-8-6-4] 275/1000 audios
[extraccion 14-10-8-6-4] 300/1000 audios
[extraccion 14-10-8-6-4] 325/1000 audios
[extraccion 14-10-8-6-4] 350/1000 audios
[extraccion 14-10-8-6-4] 375/1000 audios
[extraccion 14-10-8-6-4] 400/1000 audios
[extraccion 14-10-8-6-4] 425/1000 audios
[extraccion 14-10-8-6-4] 450/1000 audios
[extraccion 14-10-8-6-4] 475/1000 audios
[extraccion 14-10-8-6-4] 500/1000 audios
[extraccion 14-10-8-6-4] 525/1000 audios
[extraccion 14-10-8-6-4] 550/1000 audios
[extraccion 14-10-8-6-4] 575/1000 audios
[extraccion 14-10-8-6-4] 600/1000 audios
[extraccion 14-10-8-6-4] 625/1000 audios
[extraccion 14-10-8-6-4] 650/1000 audios
[extraccion 14-10-8-6-4] 675/1000 audios
[extraccion 14-10-8-6-4] 700/1000 audios
[extraccion 14-10-8-6-4] 725/1000 audios
[extraccion 14-10-8-6-4] 750/1000 audios
[extraccion 14-10-8-6-4] 775/1000 audios
[extraccion 14-10-8-6-4] 800/1000 audios
[extraccion 14-10-8-6-4] 825/1000 audios
[extraccion 14-10-8-6-4] 850/1000 audios
[extraccion 14-10-8-6-4] 875/1000 audios
[extraccion 14-10-8-6-4] 900/1000 audios
[extraccion 14-10-8-6-4] 925/1000 audios
[extraccion 14-10-8-6-4] 950/1000 audios
[extraccion 14-10-8-6-4] 975/1000 audios
[extraccion 14-10-8-6-4] 1000/1000 audios
[14-10-8-6-4] SVM DeepONMF_W fold 1
[14-10-8-6-4] SVM DeepONMF_W fold 2
[14-10-8-6-4] SVM DeepONMF_W fold 3
[14-10-8-6-4] SVM DeepONMF_W fold 4
[14-10-8-6-4] SVM DeepONMF_W fold 5
[14-10-8-6-4] KNN DeepONMF_W fold 1
[14-10-8-6-4] KNN DeepONMF_W fold 2
[14-10-8-6-4] KNN DeepONMF_W fold 3
[14-10-8-6-4] KNN DeepONMF_W fold 4
[14-10-8-6-4] KNN DeepONMF_W fold 5
[14-10-8-6-4] UjaNet DeepONMF_W fold 1
[14-10-8-6-4] UjaNet DeepONMF_W fold 2
[14-10-8-6-4] UjaNet DeepONMF_W fold 3
[14-10-8-6-4] UjaNet DeepONMF_W fold 4
[14-10-8-6-4] UjaNet DeepONMF_W fold 5
[14-10-8-6-4] SVM DeepONMF_H5 fold 1
[14-10-8-6-4] SVM DeepONMF_H5 fold 2
[14-10-8-6-4] SVM DeepONMF_H5 fold 3
[14-10-8-6-4] SVM DeepONMF_H5 fold 4
[14-10-8-6-4] SVM DeepONMF_H5 fold 5
[14-10-8-6-4] KNN DeepONMF_H5 fold 1
[14-10-8-6-4] KNN DeepONMF_H5 fold 2
[14-10-8-6-4] KNN DeepONMF_H5 fold 3
[14-10-8-6-4] KNN DeepONMF_H5 fold 4
[14-10-8-6-4] KNN DeepONMF_H5 fold 5
[14-10-8-6-4] UjaNet DeepONMF_H5 fold 1
[14-10-8-6-4] UjaNet DeepONMF_H5 fold 2
[14-10-8-6-4] UjaNet DeepONMF_H5 fold 3
[14-10-8-6-4] UjaNet DeepONMF_H5 fold 4
[14-10-8-6-4] UjaNet DeepONMF_H5 fold 5
[extraccion 13-11-8-6-4] 1/1000 audios
[extraccion 13-11-8-6-4] 25/1000 audios
[extraccion 13-11-8-6-4] 50/1000 audios
[extraccion 13-11-8-6-4] 75/1000 audios
[extraccion 13-11-8-6-4] 100/1000 audios
[extraccion 13-11-8-6-4] 125/1000 audios
[extraccion 13-11-8-6-4] 150/1000 audios
[extraccion 13-11-8-6-4] 175/1000 audios
[extraccion 13-11-8-6-4] 200/1000 audios
[extraccion 13-11-8-6-4] 225/1000 audios
[extraccion 13-11-8-6-4] 250/1000 audios
[extraccion 13-11-8-6-4] 275/1000 audios
[extraccion 13-11-8-6-4] 300/1000 audios
[extraccion 13-11-8-6-4] 325/1000 audios
[extraccion 13-11-8-6-4] 350/1000 audios
[extraccion 13-11-8-6-4] 375/1000 audios
[extraccion 13-11-8-6-4] 400/1000 audios
[extraccion 13-11-8-6-4] 425/1000 audios
[extraccion 13-11-8-6-4] 450/1000 audios
[extraccion 13-11-8-6-4] 475/1000 audios
[extraccion 13-11-8-6-4] 500/1000 audios
[extraccion 13-11-8-6-4] 525/1000 audios
[extraccion 13-11-8-6-4] 550/1000 audios
[extraccion 13-11-8-6-4] 575/1000 audios
[extraccion 13-11-8-6-4] 600/1000 audios
[extraccion 13-11-8-6-4] 625/1000 audios
[extraccion 13-11-8-6-4] 650/1000 audios
[extraccion 13-11-8-6-4] 675/1000 audios
[extraccion 13-11-8-6-4] 700/1000 audios
[extraccion 13-11-8-6-4] 725/1000 audios
[extraccion 13-11-8-6-4] 750/1000 audios
[extraccion 13-11-8-6-4] 775/1000 audios
[extraccion 13-11-8-6-4] 800/1000 audios
[extraccion 13-11-8-6-4] 825/1000 audios
[extraccion 13-11-8-6-4] 850/1000 audios
[extraccion 13-11-8-6-4] 875/1000 audios
[extraccion 13-11-8-6-4] 900/1000 audios
[extraccion 13-11-8-6-4] 925/1000 audios
[extraccion 13-11-8-6-4] 950/1000 audios
[extraccion 13-11-8-6-4] 975/1000 audios
[extraccion 13-11-8-6-4] 1000/1000 audios
[13-11-8-6-4] SVM DeepONMF_W fold 1
[13-11-8-6-4] SVM DeepONMF_W fold 2
[13-11-8-6-4] SVM DeepONMF_W fold 3
[13-11-8-6-4] SVM DeepONMF_W fold 4
[13-11-8-6-4] SVM DeepONMF_W fold 5
[13-11-8-6-4] KNN DeepONMF_W fold 1
[13-11-8-6-4] KNN DeepONMF_W fold 2
[13-11-8-6-4] KNN DeepONMF_W fold 3
[13-11-8-6-4] KNN DeepONMF_W fold 4
[13-11-8-6-4] KNN DeepONMF_W fold 5
[13-11-8-6-4] UjaNet DeepONMF_W fold 1
[13-11-8-6-4] UjaNet DeepONMF_W fold 2
[13-11-8-6-4] UjaNet DeepONMF_W fold 3
[13-11-8-6-4] UjaNet DeepONMF_W fold 4
[13-11-8-6-4] UjaNet DeepONMF_W fold 5
[13-11-8-6-4] SVM DeepONMF_H5 fold 1
[13-11-8-6-4] SVM DeepONMF_H5 fold 2
[13-11-8-6-4] SVM DeepONMF_H5 fold 3
[13-11-8-6-4] SVM DeepONMF_H5 fold 4
[13-11-8-6-4] SVM DeepONMF_H5 fold 5
[13-11-8-6-4] KNN DeepONMF_H5 fold 1
[13-11-8-6-4] KNN DeepONMF_H5 fold 2
[13-11-8-6-4] KNN DeepONMF_H5 fold 3
[13-11-8-6-4] KNN DeepONMF_H5 fold 4
[13-11-8-6-4] KNN DeepONMF_H5 fold 5
[13-11-8-6-4] UjaNet DeepONMF_H5 fold 1
[13-11-8-6-4] UjaNet DeepONMF_H5 fold 2
[13-11-8-6-4] UjaNet DeepONMF_H5 fold 3
[13-11-8-6-4] UjaNet DeepONMF_H5 fold 4
[13-11-8-6-4] UjaNet DeepONMF_H5 fold 5
[extraccion 13-10-8-6-4] 1/1000 audios
[extraccion 13-10-8-6-4] 25/1000 audios
[extraccion 13-10-8-6-4] 50/1000 audios
[extraccion 13-10-8-6-4] 75/1000 audios
[extraccion 13-10-8-6-4] 100/1000 audios
[extraccion 13-10-8-6-4] 125/1000 audios
[extraccion 13-10-8-6-4] 150/1000 audios
[extraccion 13-10-8-6-4] 175/1000 audios
[extraccion 13-10-8-6-4] 200/1000 audios
[extraccion 13-10-8-6-4] 225/1000 audios
[extraccion 13-10-8-6-4] 250/1000 audios
[extraccion 13-10-8-6-4] 275/1000 audios
[extraccion 13-10-8-6-4] 300/1000 audios
[extraccion 13-10-8-6-4] 325/1000 audios
[extraccion 13-10-8-6-4] 350/1000 audios
[extraccion 13-10-8-6-4] 375/1000 audios
[extraccion 13-10-8-6-4] 400/1000 audios
[extraccion 13-10-8-6-4] 425/1000 audios
[extraccion 13-10-8-6-4] 450/1000 audios
[extraccion 13-10-8-6-4] 475/1000 audios
[extraccion 13-10-8-6-4] 500/1000 audios
[extraccion 13-10-8-6-4] 525/1000 audios
[extraccion 13-10-8-6-4] 550/1000 audios
[extraccion 13-10-8-6-4] 575/1000 audios
[extraccion 13-10-8-6-4] 600/1000 audios
[extraccion 13-10-8-6-4] 625/1000 audios
[extraccion 13-10-8-6-4] 650/1000 audios
[extraccion 13-10-8-6-4] 675/1000 audios
[extraccion 13-10-8-6-4] 700/1000 audios
[extraccion 13-10-8-6-4] 725/1000 audios
[extraccion 13-10-8-6-4] 750/1000 audios
[extraccion 13-10-8-6-4] 775/1000 audios
[extraccion 13-10-8-6-4] 800/1000 audios
[extraccion 13-10-8-6-4] 825/1000 audios
[extraccion 13-10-8-6-4] 850/1000 audios
[extraccion 13-10-8-6-4] 875/1000 audios
[extraccion 13-10-8-6-4] 900/1000 audios
[extraccion 13-10-8-6-4] 925/1000 audios
[extraccion 13-10-8-6-4] 950/1000 audios
[extraccion 13-10-8-6-4] 975/1000 audios
[extraccion 13-10-8-6-4] 1000/1000 audios
[13-10-8-6-4] SVM DeepONMF_W fold 1
[13-10-8-6-4] SVM DeepONMF_W fold 2
[13-10-8-6-4] SVM DeepONMF_W fold 3
[13-10-8-6-4] SVM DeepONMF_W fold 4
[13-10-8-6-4] SVM DeepONMF_W fold 5
[13-10-8-6-4] KNN DeepONMF_W fold 1
[13-10-8-6-4] KNN DeepONMF_W fold 2
[13-10-8-6-4] KNN DeepONMF_W fold 3
[13-10-8-6-4] KNN DeepONMF_W fold 4
[13-10-8-6-4] KNN DeepONMF_W fold 5
[13-10-8-6-4] UjaNet DeepONMF_W fold 1
[13-10-8-6-4] UjaNet DeepONMF_W fold 2
[13-10-8-6-4] UjaNet DeepONMF_W fold 3
[13-10-8-6-4] UjaNet DeepONMF_W fold 4
[13-10-8-6-4] UjaNet DeepONMF_W fold 5
[13-10-8-6-4] SVM DeepONMF_H5 fold 1
[13-10-8-6-4] SVM DeepONMF_H5 fold 2
[13-10-8-6-4] SVM DeepONMF_H5 fold 3
[13-10-8-6-4] SVM DeepONMF_H5 fold 4
[13-10-8-6-4] SVM DeepONMF_H5 fold 5
[13-10-8-6-4] KNN DeepONMF_H5 fold 1
[13-10-8-6-4] KNN DeepONMF_H5 fold 2
[13-10-8-6-4] KNN DeepONMF_H5 fold 3
[13-10-8-6-4] KNN DeepONMF_H5 fold 4
[13-10-8-6-4] KNN DeepONMF_H5 fold 5
[13-10-8-6-4] UjaNet DeepONMF_H5 fold 1
[13-10-8-6-4] UjaNet DeepONMF_H5 fold 2
[13-10-8-6-4] UjaNet DeepONMF_H5 fold 3
[13-10-8-6-4] UjaNet DeepONMF_H5 fold 4
[13-10-8-6-4] UjaNet DeepONMF_H5 fold 5
[extraccion 12-9-8-6-4] 1/1000 audios
[extraccion 12-9-8-6-4] 25/1000 audios
[extraccion 12-9-8-6-4] 50/1000 audios
[extraccion 12-9-8-6-4] 75/1000 audios
[extraccion 12-9-8-6-4] 100/1000 audios
[extraccion 12-9-8-6-4] 125/1000 audios
[extraccion 12-9-8-6-4] 150/1000 audios
[extraccion 12-9-8-6-4] 175/1000 audios
[extraccion 12-9-8-6-4] 200/1000 audios
[extraccion 12-9-8-6-4] 225/1000 audios
[extraccion 12-9-8-6-4] 250/1000 audios
[extraccion 12-9-8-6-4] 275/1000 audios
[extraccion 12-9-8-6-4] 300/1000 audios
[extraccion 12-9-8-6-4] 325/1000 audios
[extraccion 12-9-8-6-4] 350/1000 audios
[extraccion 12-9-8-6-4] 375/1000 audios
[extraccion 12-9-8-6-4] 400/1000 audios
[extraccion 12-9-8-6-4] 425/1000 audios
[extraccion 12-9-8-6-4] 450/1000 audios
[extraccion 12-9-8-6-4] 475/1000 audios
[extraccion 12-9-8-6-4] 500/1000 audios
[extraccion 12-9-8-6-4] 525/1000 audios
[extraccion 12-9-8-6-4] 550/1000 audios
[extraccion 12-9-8-6-4] 575/1000 audios
[extraccion 12-9-8-6-4] 600/1000 audios
[extraccion 12-9-8-6-4] 625/1000 audios
[extraccion 12-9-8-6-4] 650/1000 audios
[extraccion 12-9-8-6-4] 675/1000 audios
[extraccion 12-9-8-6-4] 700/1000 audios
[extraccion 12-9-8-6-4] 725/1000 audios
[extraccion 12-9-8-6-4] 750/1000 audios
[extraccion 12-9-8-6-4] 775/1000 audios
[extraccion 12-9-8-6-4] 800/1000 audios
[extraccion 12-9-8-6-4] 825/1000 audios
[extraccion 12-9-8-6-4] 850/1000 audios
[extraccion 12-9-8-6-4] 875/1000 audios
[extraccion 12-9-8-6-4] 900/1000 audios
[extraccion 12-9-8-6-4] 925/1000 audios
[extraccion 12-9-8-6-4] 950/1000 audios
[extraccion 12-9-8-6-4] 975/1000 audios
[extraccion 12-9-8-6-4] 1000/1000 audios
[12-9-8-6-4] SVM DeepONMF_W fold 1
[12-9-8-6-4] SVM DeepONMF_W fold 2
[12-9-8-6-4] SVM DeepONMF_W fold 3
[12-9-8-6-4] SVM DeepONMF_W fold 4
[12-9-8-6-4] SVM DeepONMF_W fold 5
[12-9-8-6-4] KNN DeepONMF_W fold 1
[12-9-8-6-4] KNN DeepONMF_W fold 2
[12-9-8-6-4] KNN DeepONMF_W fold 3
[12-9-8-6-4] KNN DeepONMF_W fold 4
[12-9-8-6-4] KNN DeepONMF_W fold 5
[12-9-8-6-4] UjaNet DeepONMF_W fold 1
[12-9-8-6-4] UjaNet DeepONMF_W fold 2
[12-9-8-6-4] UjaNet DeepONMF_W fold 3
[12-9-8-6-4] UjaNet DeepONMF_W fold 4
[12-9-8-6-4] UjaNet DeepONMF_W fold 5
[12-9-8-6-4] SVM DeepONMF_H5 fold 1
[12-9-8-6-4] SVM DeepONMF_H5 fold 2
[12-9-8-6-4] SVM DeepONMF_H5 fold 3
[12-9-8-6-4] SVM DeepONMF_H5 fold 4
[12-9-8-6-4] SVM DeepONMF_H5 fold 5
[12-9-8-6-4] KNN DeepONMF_H5 fold 1
[12-9-8-6-4] KNN DeepONMF_H5 fold 2
[12-9-8-6-4] KNN DeepONMF_H5 fold 3
[12-9-8-6-4] KNN DeepONMF_H5 fold 4
[12-9-8-6-4] KNN DeepONMF_H5 fold 5
[12-9-8-6-4] UjaNet DeepONMF_H5 fold 1
[12-9-8-6-4] UjaNet DeepONMF_H5 fold 2
[12-9-8-6-4] UjaNet DeepONMF_H5 fold 3
[12-9-8-6-4] UjaNet DeepONMF_H5 fold 4
[12-9-8-6-4] UjaNet DeepONMF_H5 fold 5
[extraccion 12-11-8-6-4] 1/1000 audios
[extraccion 12-11-8-6-4] 25/1000 audios
[extraccion 12-11-8-6-4] 50/1000 audios
[extraccion 12-11-8-6-4] 75/1000 audios
[extraccion 12-11-8-6-4] 100/1000 audios
[extraccion 12-11-8-6-4] 125/1000 audios
[extraccion 12-11-8-6-4] 150/1000 audios
[extraccion 12-11-8-6-4] 175/1000 audios
[extraccion 12-11-8-6-4] 200/1000 audios
[extraccion 12-11-8-6-4] 225/1000 audios
[extraccion 12-11-8-6-4] 250/1000 audios
[extraccion 12-11-8-6-4] 275/1000 audios
[extraccion 12-11-8-6-4] 300/1000 audios
[extraccion 12-11-8-6-4] 325/1000 audios
[extraccion 12-11-8-6-4] 350/1000 audios
[extraccion 12-11-8-6-4] 375/1000 audios
[extraccion 12-11-8-6-4] 400/1000 audios
[extraccion 12-11-8-6-4] 425/1000 audios
[extraccion 12-11-8-6-4] 450/1000 audios
[extraccion 12-11-8-6-4] 475/1000 audios
[extraccion 12-11-8-6-4] 500/1000 audios
[extraccion 12-11-8-6-4] 525/1000 audios
[extraccion 12-11-8-6-4] 550/1000 audios
[extraccion 12-11-8-6-4] 575/1000 audios
[extraccion 12-11-8-6-4] 600/1000 audios
[extraccion 12-11-8-6-4] 625/1000 audios
[extraccion 12-11-8-6-4] 650/1000 audios
[extraccion 12-11-8-6-4] 675/1000 audios
[extraccion 12-11-8-6-4] 700/1000 audios
[extraccion 12-11-8-6-4] 725/1000 audios
[extraccion 12-11-8-6-4] 750/1000 audios
[extraccion 12-11-8-6-4] 775/1000 audios
[extraccion 12-11-8-6-4] 800/1000 audios
[extraccion 12-11-8-6-4] 825/1000 audios
[extraccion 12-11-8-6-4] 850/1000 audios
[extraccion 12-11-8-6-4] 875/1000 audios
[extraccion 12-11-8-6-4] 900/1000 audios
[extraccion 12-11-8-6-4] 925/1000 audios
[extraccion 12-11-8-6-4] 950/1000 audios
[extraccion 12-11-8-6-4] 975/1000 audios
[extraccion 12-11-8-6-4] 1000/1000 audios
[12-11-8-6-4] SVM DeepONMF_W fold 1
[12-11-8-6-4] SVM DeepONMF_W fold 2
[12-11-8-6-4] SVM DeepONMF_W fold 3
[12-11-8-6-4] SVM DeepONMF_W fold 4
[12-11-8-6-4] SVM DeepONMF_W fold 5
[12-11-8-6-4] KNN DeepONMF_W fold 1
[12-11-8-6-4] KNN DeepONMF_W fold 2
[12-11-8-6-4] KNN DeepONMF_W fold 3
[12-11-8-6-4] KNN DeepONMF_W fold 4
[12-11-8-6-4] KNN DeepONMF_W fold 5
[12-11-8-6-4] UjaNet DeepONMF_W fold 1
[12-11-8-6-4] UjaNet DeepONMF_W fold 2
[12-11-8-6-4] UjaNet DeepONMF_W fold 3
[12-11-8-6-4] UjaNet DeepONMF_W fold 4
[12-11-8-6-4] UjaNet DeepONMF_W fold 5
[12-11-8-6-4] SVM DeepONMF_H5 fold 1
[12-11-8-6-4] SVM DeepONMF_H5 fold 2
[12-11-8-6-4] SVM DeepONMF_H5 fold 3
[12-11-8-6-4] SVM DeepONMF_H5 fold 4
[12-11-8-6-4] SVM DeepONMF_H5 fold 5
[12-11-8-6-4] KNN DeepONMF_H5 fold 1
[12-11-8-6-4] KNN DeepONMF_H5 fold 2
[12-11-8-6-4] KNN DeepONMF_H5 fold 3
[12-11-8-6-4] KNN DeepONMF_H5 fold 4
[12-11-8-6-4] KNN DeepONMF_H5 fold 5
[12-11-8-6-4] UjaNet DeepONMF_H5 fold 1
[12-11-8-6-4] UjaNet DeepONMF_H5 fold 2
[12-11-8-6-4] UjaNet DeepONMF_H5 fold 3
[12-11-8-6-4] UjaNet DeepONMF_H5 fold 4
[12-11-8-6-4] UjaNet DeepONMF_H5 fold 5
[extraccion 12-10-9-6-4] 1/1000 audios
[extraccion 12-10-9-6-4] 25/1000 audios
[extraccion 12-10-9-6-4] 50/1000 audios
[extraccion 12-10-9-6-4] 75/1000 audios
[extraccion 12-10-9-6-4] 100/1000 audios
[extraccion 12-10-9-6-4] 125/1000 audios
[extraccion 12-10-9-6-4] 150/1000 audios
[extraccion 12-10-9-6-4] 175/1000 audios
[extraccion 12-10-9-6-4] 200/1000 audios
[extraccion 12-10-9-6-4] 225/1000 audios
[extraccion 12-10-9-6-4] 250/1000 audios
[extraccion 12-10-9-6-4] 275/1000 audios
[extraccion 12-10-9-6-4] 300/1000 audios
[extraccion 12-10-9-6-4] 325/1000 audios
[extraccion 12-10-9-6-4] 350/1000 audios
[extraccion 12-10-9-6-4] 375/1000 audios
[extraccion 12-10-9-6-4] 400/1000 audios
[extraccion 12-10-9-6-4] 425/1000 audios
[extraccion 12-10-9-6-4] 450/1000 audios
[extraccion 12-10-9-6-4] 475/1000 audios
[extraccion 12-10-9-6-4] 500/1000 audios
[extraccion 12-10-9-6-4] 525/1000 audios
[extraccion 12-10-9-6-4] 550/1000 audios
[extraccion 12-10-9-6-4] 575/1000 audios
[extraccion 12-10-9-6-4] 600/1000 audios
[extraccion 12-10-9-6-4] 625/1000 audios
[extraccion 12-10-9-6-4] 650/1000 audios
[extraccion 12-10-9-6-4] 675/1000 audios
[extraccion 12-10-9-6-4] 700/1000 audios
[extraccion 12-10-9-6-4] 725/1000 audios
[extraccion 12-10-9-6-4] 750/1000 audios
[extraccion 12-10-9-6-4] 775/1000 audios
[extraccion 12-10-9-6-4] 800/1000 audios
[extraccion 12-10-9-6-4] 825/1000 audios
[extraccion 12-10-9-6-4] 850/1000 audios
[extraccion 12-10-9-6-4] 875/1000 audios
[extraccion 12-10-9-6-4] 900/1000 audios
[extraccion 12-10-9-6-4] 925/1000 audios
[extraccion 12-10-9-6-4] 950/1000 audios
[extraccion 12-10-9-6-4] 975/1000 audios
[extraccion 12-10-9-6-4] 1000/1000 audios
[12-10-9-6-4] SVM DeepONMF_W fold 1
[12-10-9-6-4] SVM DeepONMF_W fold 2
[12-10-9-6-4] SVM DeepONMF_W fold 3
[12-10-9-6-4] SVM DeepONMF_W fold 4
[12-10-9-6-4] SVM DeepONMF_W fold 5
[12-10-9-6-4] KNN DeepONMF_W fold 1
[12-10-9-6-4] KNN DeepONMF_W fold 2
[12-10-9-6-4] KNN DeepONMF_W fold 3
[12-10-9-6-4] KNN DeepONMF_W fold 4
[12-10-9-6-4] KNN DeepONMF_W fold 5
[12-10-9-6-4] UjaNet DeepONMF_W fold 1
[12-10-9-6-4] UjaNet DeepONMF_W fold 2
[12-10-9-6-4] UjaNet DeepONMF_W fold 3
[12-10-9-6-4] UjaNet DeepONMF_W fold 4
[12-10-9-6-4] UjaNet DeepONMF_W fold 5
[12-10-9-6-4] SVM DeepONMF_H5 fold 1
[12-10-9-6-4] SVM DeepONMF_H5 fold 2
[12-10-9-6-4] SVM DeepONMF_H5 fold 3
[12-10-9-6-4] SVM DeepONMF_H5 fold 4
[12-10-9-6-4] SVM DeepONMF_H5 fold 5
[12-10-9-6-4] KNN DeepONMF_H5 fold 1
[12-10-9-6-4] KNN DeepONMF_H5 fold 2
[12-10-9-6-4] KNN DeepONMF_H5 fold 3
[12-10-9-6-4] KNN DeepONMF_H5 fold 4
[12-10-9-6-4] KNN DeepONMF_H5 fold 5
[12-10-9-6-4] UjaNet DeepONMF_H5 fold 1
[12-10-9-6-4] UjaNet DeepONMF_H5 fold 2
[12-10-9-6-4] UjaNet DeepONMF_H5 fold 3
[12-10-9-6-4] UjaNet DeepONMF_H5 fold 4
[12-10-9-6-4] UjaNet DeepONMF_H5 fold 5
[extraccion 12-10-8-7-4] 1/1000 audios
[extraccion 12-10-8-7-4] 25/1000 audios
[extraccion 12-10-8-7-4] 50/1000 audios
[extraccion 12-10-8-7-4] 75/1000 audios
[extraccion 12-10-8-7-4] 100/1000 audios
[extraccion 12-10-8-7-4] 125/1000 audios
[extraccion 12-10-8-7-4] 150/1000 audios
[extraccion 12-10-8-7-4] 175/1000 audios
[extraccion 12-10-8-7-4] 200/1000 audios
[extraccion 12-10-8-7-4] 225/1000 audios
[extraccion 12-10-8-7-4] 250/1000 audios
[extraccion 12-10-8-7-4] 275/1000 audios
[extraccion 12-10-8-7-4] 300/1000 audios
[extraccion 12-10-8-7-4] 325/1000 audios
[extraccion 12-10-8-7-4] 350/1000 audios
[extraccion 12-10-8-7-4] 375/1000 audios
[extraccion 12-10-8-7-4] 400/1000 audios
[extraccion 12-10-8-7-4] 425/1000 audios
[extraccion 12-10-8-7-4] 450/1000 audios
[extraccion 12-10-8-7-4] 475/1000 audios
[extraccion 12-10-8-7-4] 500/1000 audios
[extraccion 12-10-8-7-4] 525/1000 audios
[extraccion 12-10-8-7-4] 550/1000 audios
[extraccion 12-10-8-7-4] 575/1000 audios
[extraccion 12-10-8-7-4] 600/1000 audios
[extraccion 12-10-8-7-4] 625/1000 audios
[extraccion 12-10-8-7-4] 650/1000 audios
[extraccion 12-10-8-7-4] 675/1000 audios
[extraccion 12-10-8-7-4] 700/1000 audios
[extraccion 12-10-8-7-4] 725/1000 audios
[extraccion 12-10-8-7-4] 750/1000 audios
[extraccion 12-10-8-7-4] 775/1000 audios
[extraccion 12-10-8-7-4] 800/1000 audios
[extraccion 12-10-8-7-4] 825/1000 audios
[extraccion 12-10-8-7-4] 850/1000 audios
[extraccion 12-10-8-7-4] 875/1000 audios
[extraccion 12-10-8-7-4] 900/1000 audios
[extraccion 12-10-8-7-4] 925/1000 audios
[extraccion 12-10-8-7-4] 950/1000 audios
[extraccion 12-10-8-7-4] 975/1000 audios
[extraccion 12-10-8-7-4] 1000/1000 audios
[12-10-8-7-4] UjaNet DeepONMF_W fold 4
[12-10-8-7-4] UjaNet DeepONMF_W fold 5
[12-10-8-7-4] SVM DeepONMF_H5 fold 1
[12-10-8-7-4] SVM DeepONMF_H5 fold 2
[12-10-8-7-4] SVM DeepONMF_H5 fold 3
[12-10-8-7-4] SVM DeepONMF_H5 fold 4
[12-10-8-7-4] SVM DeepONMF_H5 fold 5
[12-10-8-7-4] KNN DeepONMF_H5 fold 1
[12-10-8-7-4] KNN DeepONMF_H5 fold 2
[12-10-8-7-4] KNN DeepONMF_H5 fold 3
[12-10-8-7-4] KNN DeepONMF_H5 fold 4
[12-10-8-7-4] KNN DeepONMF_H5 fold 5
[12-10-8-7-4] UjaNet DeepONMF_H5 fold 1
[12-10-8-7-4] UjaNet DeepONMF_H5 fold 2
[12-10-8-7-4] UjaNet DeepONMF_H5 fold 3
[12-10-8-7-4] UjaNet DeepONMF_H5 fold 4
[12-10-8-7-4] UjaNet DeepONMF_H5 fold 5
