[extraccion 3-8] 1/1000 audios
[extraccion 3-8] 25/1000 audios
[extraccion 3-8] 50/1000 audios
[extraccion 3-8] 75/1000 audios
[extraccion 3-8] 100/1000 audios
[extraccion 3-8] 125/1000 audios
[extraccion 3-8] 150/1000 audios
[extraccion 3-8] 175/1000 audios
[extraccion 3-8] 200/1000 audios
[extraccion 3-8] 225/1000 audios
[extraccion 3-8] 250/1000 audios
[extraccion 3-8] 275/1000 audios
[extraccion 3-8] 300/1000 audios
[extraccion 3-8] 325/1000 audios
[extraccion 3-8] 350/1000 audios
[extraccion 3-8] 375/1000 audios
[extraccion 3-8] 400/1000 audios
[extraccion 3-8] 425/1000 audios
[extraccion 3-8] 450/1000 audios
[extraccion 3-8] 475/1000 audios
[extraccion 3-8] 500/1000 audios
[extraccion 3-8] 525/1000 audios
[extraccion 3-8] 550/1000 audios
[extraccion 3-8] 575/1000 audios
[extraccion 3-8] 600/1000 audios
[extraccion 3-8] 625/1000 audios
[extraccion 3-8] 650/1000 audios
[extraccion 3-8] 675/1000 audios
[extraccion 3-8] 700/1000 audios
[extraccion 3-8] 725/1000 audios
[extraccion 3-8] 750/1000 audios
[extraccion 3-8] 775/1000 audios
[extraccion 3-8] 800/1000 audios
[extraccion 3-8] 825/1000 audios
[extraccion 3-8] 850/1000 audios
[extraccion 3-8] 875/1000 audios
[extraccion 3-8] 900/1000 audios
[extraccion 3-8] 925/1000 audios
[extraccion 3-8] 950/1000 audios
[extraccion 3-8] 975/1000 audios
[extraccion 3-8] 1000/1000 audios
[3-8] SVM DeepONMF_W fold 1
[3-8] SVM DeepONMF_W fold 2
[3-8] SVM DeepONMF_W fold 3
[3-8] SVM DeepONMF_W fold 4
[3-8] SVM DeepONMF_W fold 5
[3-8] KNN DeepONMF_W fold 1
[3-8] KNN DeepONMF_W fold 2
[3-8] KNN DeepONMF_W fold 3
[3-8] KNN DeepONMF_W fold 4
[3-8] KNN DeepONMF_W fold 5
[3-8] UjaNet DeepONMF_W fold 1
[3-8] UjaNet DeepONMF_W fold 2
[3-8] UjaNet DeepONMF_W fold 3
[3-8] UjaNet DeepONMF_W fold 4
[3-8] UjaNet DeepONMF_W fold 5
[3-8] SVM DeepONMF_H2 fold 1
[3-8] SVM DeepONMF_H2 fold 2
[3-8] SVM DeepONMF_H2 fold 3
[3-8] SVM DeepONMF_H2 fold 4
[3-8] SVM DeepONMF_H2 fold 5
[3-8] KNN DeepONMF_H2 fold 1
[3-8] KNN DeepONMF_H2 fold 2
[3-8] KNN DeepONMF_H2 fold 3
[3-8] KNN DeepONMF_H2 fold 4
[3-8] KNN DeepONMF_H2 fold 5
[3-8] UjaNet DeepONMF_H2 fold 1
[3-8] UjaNet DeepONMF_H2 fold 2
[3-8] UjaNet DeepONMF_H2 fold 3
[3-8] UjaNet DeepONMF_H2 fold 4
[3-8] UjaNet DeepONMF_H2 fold 5
[extraccion 3-7] 1/1000 audios
[extraccion 3-7] 25/1000 audios
[extraccion 3-7] 50/1000 audios
[extraccion 3-7] 75/1000 audios
[extraccion 3-7] 100/1000 audios
[extraccion 3-7] 125/1000 audios
[extraccion 3-7] 150/1000 audios
[extraccion 3-7] 175/1000 audios
[extraccion 3-7] 200/1000 audios
[extraccion 3-7] 225/1000 audios
[extraccion 3-7] 250/1000 audios
[extraccion 3-7] 275/1000 audios
[extraccion 3-7] 300/1000 audios
[extraccion 3-7] 325/1000 audios
[extraccion 3-7] 350/1000 audios
[extraccion 3-7] 375/1000 audios
[extraccion 3-7] 400/1000 audios
[extraccion 3-7] 425/1000 audios
[extraccion 3-7] 450/1000 audios
[extraccion 3-7] 475/1000 audios
[extraccion 3-7] 500/1000 audios
[extraccion 3-7] 525/1000 audios
[extraccion 3-7] 550/1000 audios
[extraccion 3-7] 575/1000 audios
[extraccion 3-7] 600/1000 audios
[extraccion 3-7] 625/1000 audios
[extraccion 3-7] 650/1000 audios
[extraccion 3-7] 675/1000 audios
[extraccion 3-7] 700/1000 audios
[extraccion 3-7] 725/1000 audios
[extraccion 3-7] 750/1000 audios
[extraccion 3-7] 775/1000 audios
[extraccion 3-7] 800/1000 audios
[extraccion 3-7] 825/1000 audios
[extraccion 3-7] 850/1000 audios
[extraccion 3-7] 875/1000 audios
[extraccion 3-7] 900/1000 audios
[extraccion 3-7] 925/1000 audios
[extraccion 3-7] 950/1000 audios
[extraccion 3-7] 975/1000 audios
[extraccion 3-7] 1000/1000 audios
[3-7] SVM DeepONMF_W fold 1
[3-7] SVM DeepONMF_W fold 2
[3-7] SVM DeepONMF_W fold 3
[3-7] SVM DeepONMF_W fold 4
[3-7] SVM DeepONMF_W fold 5
[3-7] KNN DeepONMF_W fold 1
[3-7] KNN DeepONMF_W fold 2
[3-7] KNN DeepONMF_W fold 3
[3-7] KNN DeepONMF_W fold 4
[3-7] KNN DeepONMF_W fold 5
[3-7] UjaNet DeepONMF_W fold 1
[3-7] UjaNet DeepONMF_W fold 2
[3-7] UjaNet DeepONMF_W fold 3
[3-7] UjaNet DeepONMF_W fold 4
[3-7] UjaNet DeepONMF_W fold 5
[3-7] SVM DeepONMF_H2 fold 1
[3-7] SVM DeepONMF_H2 fold 2
[3-7] SVM DeepONMF_H2 fold 3
[3-7] SVM DeepONMF_H2 fold 4
[3-7] SVM DeepONMF_H2 fold 5
[3-7] KNN DeepONMF_H2 fold 1
[3-7] KNN DeepONMF_H2 fold 2
[3-7] KNN DeepONMF_H2 fold 3
[3-7] KNN DeepONMF_H2 fold 4
[3-7] KNN DeepONMF_H2 fold 5
[3-7] UjaNet DeepONMF_H2 fold 1
[3-7] UjaNet DeepONMF_H2 fold 2
[3-7] UjaNet DeepONMF_H2 fold 3
[3-7] UjaNet DeepONMF_H2 fold 4
[3-7] UjaNet DeepONMF_H2 fold 5
[extraccion 2-3-4-20] 1/1000 audios
[extraccion 2-3-4-20] 25/1000 audios
[extraccion 2-3-4-20] 50/1000 audios
[extraccion 2-3-4-20] 75/1000 audios
[extraccion 2-3-4-20] 100/1000 audios
[extraccion 2-3-4-20] 125/1000 audios
[extraccion 2-3-4-20] 150/1000 audios
[extraccion 2-3-4-20] 175/1000 audios
[extraccion 2-3-4-20] 200/1000 audios
[extraccion 2-3-4-20] 225/1000 audios
[extraccion 2-3-4-20] 250/1000 audios
[extraccion 2-3-4-20] 275/1000 audios
[extraccion 2-3-4-20] 300/1000 audios
[extraccion 2-3-4-20] 325/1000 audios
[extraccion 2-3-4-20] 350/1000 audios
[extraccion 2-3-4-20] 375/1000 audios
[extraccion 2-3-4-20] 400/1000 audios
[extraccion 2-3-4-20] 425/1000 audios
[extraccion 2-3-4-20] 450/1000 audios
[extraccion 2-3-4-20] 475/1000 audios
[extraccion 2-3-4-20] 500/1000 audios
[extraccion 2-3-4-20] 525/1000 audios
[extraccion 2-3-4-20] 550/1000 audios
[extraccion 2-3-4-20] 575/1000 audios
[extraccion 2-3-4-20] 600/1000 audios
[extraccion 2-3-4-20] 625/1000 audios
[extraccion 2-3-4-20] 650/1000 audios
[extraccion 2-3-4-20] 675/1000 audios
[extraccion 2-3-4-20] 700/1000 audios
[extraccion 2-3-4-20] 725/1000 audios
[extraccion 2-3-4-20] 750/1000 audios
[extraccion 2-3-4-20] 775/1000 audios
[extraccion 2-3-4-20] 800/1000 audios
[extraccion 2-3-4-20] 825/1000 audios
[extraccion 2-3-4-20] 850/1000 audios
[extraccion 2-3-4-20] 875/1000 audios
[extraccion 2-3-4-20] 900/1000 audios
[extraccion 2-3-4-20] 925/1000 audios
[extraccion 2-3-4-20] 950/1000 audios
[extraccion 2-3-4-20] 975/1000 audios
[extraccion 2-3-4-20] 1000/1000 audios
[2-3-4-20] SVM DeepONMF_W fold 1
[2-3-4-20] SVM DeepONMF_W fold 2
[2-3-4-20] SVM DeepONMF_W fold 3
[2-3-4-20] SVM DeepONMF_W fold 4
[2-3-4-20] SVM DeepONMF_W fold 5
[2-3-4-20] KNN DeepONMF_W fold 1
[2-3-4-20] KNN DeepONMF_W fold 2
[2-3-4-20] KNN DeepONMF_W fold 3
[2-3-4-20] KNN DeepONMF_W fold 4
[2-3-4-20] KNN DeepONMF_W fold 5
[2-3-4-20] UjaNet DeepONMF_W fold 1
[2-3-4-20] UjaNet DeepONMF_W fold 2
[2-3-4-20] UjaNet DeepONMF_W fold 3
[2-3-4-20] UjaNet DeepONMF_W fold 4
[2-3-4-20] UjaNet DeepONMF_W fold 5
[2-3-4-20] SVM DeepONMF_H4 fold 1
[2-3-4-20] SVM DeepONMF_H4 fold 2
[2-3-4-20] SVM DeepONMF_H4 fold 3
[2-3-4-20] SVM DeepONMF_H4 fold 4
[2-3-4-20] SVM DeepONMF_H4 fold 5
[2-3-4-20] KNN DeepONMF_H4 fold 1
[2-3-4-20] KNN DeepONMF_H4 fold 2
[2-3-4-20] KNN DeepONMF_H4 fold 3
[2-3-4-20] KNN DeepONMF_H4 fold 4
[2-3-4-20] KNN DeepONMF_H4 fold 5
[2-3-4-20] UjaNet DeepONMF_H4 fold 1
[2-3-4-20] UjaNet DeepONMF_H4 fold 2
[2-3-4-20] UjaNet DeepONMF_H4 fold 3
[2-3-4-20] UjaNet DeepONMF_H4 fold 4
[2-3-4-20] UjaNet DeepONMF_H4 fold 5
[extraccion 7-8-9] 1/1000 audios
[extraccion 7-8-9] 25/1000 audios
[extraccion 7-8-9] 50/1000 audios
[extraccion 7-8-9] 75/1000 audios
[extraccion 7-8-9] 100/1000 audios
[extraccion 7-8-9] 125/1000 audios
[extraccion 7-8-9] 150/1000 audios
[extraccion 7-8-9] 175/1000 audios
[extraccion 7-8-9] 200/1000 audios
[extraccion 7-8-9] 225/1000 audios
[extraccion 7-8-9] 250/1000 audios
[extraccion 7-8-9] 275/1000 audios
[extraccion 7-8-9] 300/1000 audios
[extraccion 7-8-9] 325/1000 audios
[extraccion 7-8-9] 350/1000 audios
[extraccion 7-8-9] 375/1000 audios
[extraccion 7-8-9] 400/1000 audios
[extraccion 7-8-9] 425/1000 audios
[extraccion 7-8-9] 450/1000 audios
[extraccion 7-8-9] 475/1000 audios
[extraccion 7-8-9] 500/1000 audios
[extraccion 7-8-9] 525/1000 audios
[extraccion 7-8-9] 550/1000 audios
[extraccion 7-8-9] 575/1000 audios
[extraccion 7-8-9] 600/1000 audios
[extraccion 7-8-9] 625/1000 audios
[extraccion 7-8-9] 650/1000 audios
[extraccion 7-8-9] 675/1000 audios
[extraccion 7-8-9] 700/1000 audios
[extraccion 7-8-9] 725/1000 audios
[extraccion 7-8-9] 750/1000 audios
[extraccion 7-8-9] 775/1000 audios
[extraccion 7-8-9] 800/1000 audios
[extraccion 7-8-9] 825/1000 audios
[extraccion 7-8-9] 850/1000 audios
[extraccion 7-8-9] 875/1000 audios
[extraccion 7-8-9] 900/1000 audios
[extraccion 7-8-9] 925/1000 audios
[extraccion 7-8-9] 950/1000 audios
[extraccion 7-8-9] 975/1000 audios
[extraccion 7-8-9] 1000/1000 audios
[7-8-9] SVM DeepONMF_W fold 1
[7-8-9] SVM DeepONMF_W fold 2
[7-8-9] SVM DeepONMF_W fold 3
[7-8-9] SVM DeepONMF_W fold 4
[7-8-9] SVM DeepONMF_W fold 5
[7-8-9] KNN DeepONMF_W fold 1
[7-8-9] KNN DeepONMF_W fold 2
[7-8-9] KNN DeepONMF_W fold 3
[7-8-9] KNN DeepONMF_W fold 4
[7-8-9] KNN DeepONMF_W fold 5
[7-8-9] UjaNet DeepONMF_W fold 1
[7-8-9] UjaNet DeepONMF_W fold 2
[7-8-9] UjaNet DeepONMF_W fold 3
[7-8-9] UjaNet DeepONMF_W fold 4
[7-8-9] UjaNet DeepONMF_W fold 5
[7-8-9] SVM DeepONMF_H3 fold 1
[7-8-9] SVM DeepONMF_H3 fold 2
[7-8-9] SVM DeepONMF_H3 fold 3
[7-8-9] SVM DeepONMF_H3 fold 4
[7-8-9] SVM DeepONMF_H3 fold 5
[7-8-9] KNN DeepONMF_H3 fold 1
[7-8-9] KNN DeepONMF_H3 fold 2
[7-8-9] KNN DeepONMF_H3 fold 3
[7-8-9] KNN DeepONMF_H3 fold 4
[7-8-9] KNN DeepONMF_H3 fold 5
[7-8-9] UjaNet DeepONMF_H3 fold 1
[7-8-9] UjaNet DeepONMF_H3 fold 2
[7-8-9] UjaNet DeepONMF_H3 fold 3
[7-8-9] UjaNet DeepONMF_H3 fold 4
[7-8-9] UjaNet DeepONMF_H3 fold 5
