[extraccion 9-7-5-4] 1/1000 audios
[extraccion 9-7-5-4] 25/1000 audios
[extraccion 9-7-5-4] 50/1000 audios
[extraccion 9-7-5-4] 75/1000 audios
[extraccion 9-7-5-4] 100/1000 audios
[extraccion 9-7-5-4] 125/1000 audios
[extraccion 9-7-5-4] 150/1000 audios
[extraccion 9-7-5-4] 175/1000 audios
[extraccion 9-7-5-4] 200/1000 audios
[extraccion 9-7-5-4] 225/1000 audios
[extraccion 9-7-5-4] 250/1000 audios
[extraccion 9-7-5-4] 275/1000 audios
[extraccion 9-7-5-4] 300/1000 audios
[extraccion 9-7-5-4] 325/1000 audios
[extraccion 9-7-5-4] 350/1000 audios
[extraccion 9-7-5-4] 375/1000 audios
[extraccion 9-7-5-4] 400/1000 audios
[extraccion 9-7-5-4] 425/1000 audios
[extraccion 9-7-5-4] 450/1000 audios
[extraccion 9-7-5-4] 475/1000 audios
[extraccion 9-7-5-4] 500/1000 audios
[extraccion 9-7-5-4] 525/1000 audios
[extraccion 9-7-5-4] 550/1000 audios
[extraccion 9-7-5-4] 575/1000 audios
[extraccion 9-7-5-4] 600/1000 audios
[extraccion 9-7-5-4] 625/1000 audios
[extraccion 9-7-5-4] 650/1000 audios
[extraccion 9-7-5-4] 675/1000 audios
[extraccion 9-7-5-4] 700/1000 audios
[extraccion 9-7-5-4] 725/1000 audios
[extraccion 9-7-5-4] 750/1000 audios
[extraccion 9-7-5-4] 775/1000 audios
[extraccion 9-7-5-4] 800/1000 audios
[extraccion 9-7-5-4] 825/1000 audios
[extraccion 9-7-5-4] 850/1000 audios
[extraccion 9-7-5-4] 875/1000 audios
[extraccion 9-7-5-4] 900/1000 audios
[extraccion 9-7-5-4] 925/1000 audios
[extraccion 9-7-5-4] 950/1000 audios
[extraccion 9-7-5-4] 975/1000 audios
[extraccion 9-7-5-4] 1000/1000 audios
[9-7-5-4] SVM DeepONMF_W fold 1
[9-7-5-4] SVM DeepONMF_W fold 2
[9-7-5-4] SVM DeepONMF_W fold 3
[9-7-5-4] SVM DeepONMF_W fold 4
[9-7-5-4] SVM DeepONMF_W fold 5
[9-7-5-4] KNN DeepONMF_W fold 1
[9-7-5-4] KNN DeepONMF_W fold 2
[9-7-5-4] KNN DeepONMF_W fold 3
[9-7-5-4] KNN DeepONMF_W fold 4
[9-7-5-4] KNN DeepONMF_W fold 5
[9-7-5-4] UjaNet DeepONMF_W fold 1
[9-7-5-4] UjaNet DeepONMF_W fold 2
[9-7-5-4] UjaNet DeepONMF_W fold 3
[9-7-5-4] UjaNet DeepONMF_W fold 4
[9-7-5-4] UjaNet DeepONMF_W fold 5
[9-7-5-4] SVM DeepONMF_H4 fold 1
[9-7-5-4] SVM DeepONMF_H4 fold 2
[9-7-5-4] SVM DeepONMF_H4 fold 3
[9-7-5-4] SVM DeepONMF_H4 fold 4
[9-7-5-4] SVM DeepONMF_H4 fold 5
[9-7-5-4] KNN DeepONMF_H4 fold 1
[9-7-5-4] KNN DeepONMF_H4 fold 2
[9-7-5-4] KNN DeepONMF_H4 fold 3
[9-7-5-4] KNN DeepONMF_H4 fold 4
[9-7-5-4] KNN DeepONMF_H4 fold 5
[9-7-5-4] UjaNet DeepONMF_H4 fold 1
[9-7-5-4] UjaNet DeepONMF_H4 fold 2
[9-7-5-4] UjaNet DeepONMF_H4 fold 3
[9-7-5-4] UjaNet DeepONMF_H4 fold 4
[9-7-5-4] UjaNet DeepONMF_H4 fold 5
[extraccion 9-7-6-3] 1/1000 audios
[extraccion 9-7-6-3] 25/1000 audios
[extraccion 9-7-6-3] 50/1000 audios
[extraccion 9-7-6-3] 75/1000 audios
[extraccion 9-7-6-3] 100/1000 audios
[extraccion 9-7-6-3] 125/1000 audios
[extraccion 9-7-6-3] 150/1000 audios
[extraccion 9-7-6-3] 175/1000 audios
[extraccion 9-7-6-3] 200/1000 audios
[extraccion 9-7-6-3] 225/1000 audios
[extraccion 9-7-6-3] 250/1000 audios
[extraccion 9-7-6-3] 275/1000 audios
[extraccion 9-7-6-3] 300/1000 audios
[extraccion 9-7-6-3] 325/1000 audios
[extraccion 9-7-6-3] 350/1000 audios
[extraccion 9-7-6-3] 375/1000 audios
[extraccion 9-7-6-3] 400/1000 audios
[extraccion 9-7-6-3] 425/1000 audios
[extraccion 9-7-6-3] 450/1000 audios
[extraccion 9-7-6-3] 475/1000 audios
[extraccion 9-7-6-3] 500/1000 audios
[extraccion 9-7-6-3] 525/1000 audios
[extraccion 9-7-6-3] 550/1000 audios
[extraccion 9-7-6-3] 575/1000 audios
[extraccion 9-7-6-3] 600/1000 audios
[extraccion 9-7-6-3] 625/1000 audios
[extraccion 9-7-6-3] 650/1000 audios
[extraccion 9-7-6-3] 675/1000 audios
[extraccion 9-7-6-3] 700/1000 audios
[extraccion 9-7-6-3] 725/1000 audios
[extraccion 9-7-6-3] 750/1000 audios
[extraccion 9-7-6-3] 775/1000 audios
[extraccion 9-7-6-3] 800/1000 audios
[extraccion 9-7-6-3] 825/1000 audios
[extraccion 9-7-6-3] 850/1000 audios
[extraccion 9-7-6-3] 875/1000 audios
[extraccion 9-7-6-3] 900/1000 audios
[extraccion 9-7-6-3] 925/1000 audios
[extraccion 9-7-6-3] 950/1000 audios
[extraccion 9-7-6-3] 975/1000 audios
[extraccion 9-7-6-3] 1000/1000 audios
[9-7-6-3] SVM DeepONMF_W fold 1
[9-7-6-3] SVM DeepONMF_W fold 2
[9-7-6-3] SVM DeepONMF_W fold 3
[9-7-6-3] SVM DeepONMF_W fold 4
[9-7-6-3] SVM DeepONMF_W fold 5
[9-7-6-3] KNN DeepONMF_W fold 1
[9-7-6-3] KNN DeepONMF_W fold 2
[9-7-6-3] KNN DeepONMF_W fold 3
[9-7-6-3] KNN DeepONMF_W fold 4
[9-7-6-3] KNN DeepONMF_W fold 5
[9-7-6-3] UjaNet DeepONMF_W fold 1
[9-7-6-3] UjaNet DeepONMF_W fold 2
[9-7-6-3] UjaNet DeepONMF_W fold 3
[9-7-6-3] UjaNet DeepONMF_W fold 4
[9-7-6-3] UjaNet DeepONMF_W fold 5
[9-7-6-3] SVM DeepONMF_H4 fold 1
[9-7-6-3] SVM DeepONMF_H4 fold 2
[9-7-6-3] SVM DeepONMF_H4 fold 3
[9-7-6-3] SVM DeepONMF_H4 fold 4
[9-7-6-3] SVM DeepONMF_H4 fold 5
[9-7-6-3] KNN DeepONMF_H4 fold 1
[9-7-6-3] KNN DeepONMF_H4 fold 2
[9-7-6-3] KNN DeepONMF_H4 fold 3
[9-7-6-3] KNN DeepONMF_H4 fold 4
[9-7-6-3] KNN DeepONMF_H4 fold 5
[9-7-6-3] UjaNet DeepONMF_H4 fold 1
[9-7-6-3] UjaNet DeepONMF_H4 fold 2
[9-7-6-3] UjaNet DeepONMF_H4 fold 3
[9-7-6-3] UjaNet DeepONMF_H4 fold 4
[9-7-6-3] UjaNet DeepONMF_H4 fold 5
[extraccion 9-8-5-3] 1/1000 audios
[extraccion 9-8-5-3] 25/1000 audios
[extraccion 9-8-5-3] 50/1000 audios
[extraccion 9-8-5-3] 75/1000 audios
[extraccion 9-8-5-3] 100/1000 audios
[extraccion 9-8-5-3] 125/1000 audios
[extraccion 9-8-5-3] 150/1000 audios
[extraccion 9-8-5-3] 175/1000 audios
[extraccion 9-8-5-3] 200/1000 audios
[extraccion 9-8-5-3] 225/1000 audios
[extraccion 9-8-5-3] 250/1000 audios
[extraccion 9-8-5-3] 275/1000 audios
[extraccion 9-8-5-3] 300/1000 audios
[extraccion 9-8-5-3] 325/1000 audios
[extraccion 9-8-5-3] 350/1000 audios
[extraccion 9-8-5-3] 375/1000 audios
[extraccion 9-8-5-3] 400/1000 audios
[extraccion 9-8-5-3] 425/1000 audios
[extraccion 9-8-5-3] 450/1000 audios
[extraccion 9-8-5-3] 475/1000 audios
[extraccion 9-8-5-3] 500/1000 audios
[extraccion 9-8-5-3] 525/1000 audios
[extraccion 9-8-5-3] 550/1000 audios
[extraccion 9-8-5-3] 575/1000 audios
[extraccion 9-8-5-3] 600/1000 audios
[extraccion 9-8-5-3] 625/1000 audios
[extraccion 9-8-5-3] 650/1000 audios
[extraccion 9-8-5-3] 675/1000 audios
[extraccion 9-8-5-3] 700/1000 audios
[extraccion 9-8-5-3] 725/1000 audios
[extraccion 9-8-5-3] 750/1000 audios
[extraccion 9-8-5-3] 775/1000 audios
[extraccion 9-8-5-3] 800/1000 audios
[extraccion 9-8-5-3] 825/1000 audios
[extraccion 9-8-5-3] 850/1000 audios
[extraccion 9-8-5-3] 875/1000 audios
[extraccion 9-8-5-3] 900/1000 audios
[extraccion 9-8-5-3] 925/1000 audios
[extraccion 9-8-5-3] 950/1000 audios
[extraccion 9-8-5-3] 975/1000 audios
[extraccion 9-8-5-3] 1000/1000 audios
[9-8-5-3] SVM DeepONMF_W fold 1
[9-8-5-3] SVM DeepONMF_W fold 2
[9-8-5-3] SVM DeepONMF_W fold 3
[9-8-5-3] SVM DeepONMF_W fold 4
[9-8-5-3] SVM DeepONMF_W fold 5
[9-8-5-3] KNN DeepONMF_W fold 1
[9-8-5-3] KNN DeepONMF_W fold 2
[9-8-5-3] KNN DeepONMF_W fold 3
[9-8-5-3] KNN DeepONMF_W fold 4
[9-8-5-3] KNN DeepONMF_W fold 5
[9-8-5-3] UjaNet DeepONMF_W fold 1
[9-8-5-3] UjaNet DeepONMF_W fold 2
[9-8-5-3] UjaNet DeepONMF_W fold 3
[9-8-5-3] UjaNet DeepONMF_W fold 4
[9-8-5-3] UjaNet DeepONMF_W fold 5
[9-8-5-3] SVM DeepONMF_H4 fold 1
[9-8-5-3] SVM DeepONMF_H4 fold 2
[9-8-5-3] SVM DeepONMF_H4 fold 3
[9-8-5-3] SVM DeepONMF_H4 fold 4
[9-8-5-3] SVM DeepONMF_H4 fold 5
[9-8-5-3] KNN DeepONMF_H4 fold 1
[9-8-5-3] KNN DeepONMF_H4 fold 2
[9-8-5-3] KNN DeepONMF_H4 fold 3
[9-8-5-3] KNN DeepONMF_H4 fold 4
[9-8-5-3] KNN DeepONMF_H4 fold 5
[9-8-5-3] UjaNet DeepONMF_H4 fold 1
[9-8-5-3] UjaNet DeepONMF_H4 fold 2
[9-8-5-3] UjaNet DeepONMF_H4 fold 3
[9-8-5-3] UjaNet DeepONMF_H4 fold 4
[9-8-5-3] UjaNet DeepONMF_H4 fold 5
[extraccion 9-8-6-4] 1/1000 audios
[extraccion 9-8-6-4] 25/1000 audios
[extraccion 9-8-6-4] 50/1000 audios
[extraccion 9-8-6-4] 75/1000 audios
[extraccion 9-8-6-4] 100/1000 audios
[extraccion 9-8-6-4] 125/1000 audios
[extraccion 9-8-6-4] 150/1000 audios
[extraccion 9-8-6-4] 175/1000 audios
[extraccion 9-8-6-4] 200/1000 audios
[extraccion 9-8-6-4] 225/1000 audios
[extraccion 9-8-6-4] 250/1000 audios
[extraccion 9-8-6-4] 275/1000 audios
[extraccion 9-8-6-4] 300/1000 audios
[extraccion 9-8-6-4] 325/1000 audios
[extraccion 9-8-6-4] 350/1000 audios
[extraccion 9-8-6-4] 375/1000 audios
[extraccion 9-8-6-4] 400/1000 audios
[extraccion 9-8-6-4] 425/1000 audios
[extraccion 9-8-6-4] 450/1000 audios
[extraccion 9-8-6-4] 475/1000 audios
[extraccion 9-8-6-4] 500/1000 audios
[extraccion 9-8-6-4] 525/1000 audios
[extraccion 9-8-6-4] 550/1000 audios
[extraccion 9-8-6-4] 575/1000 audios
[extraccion 9-8-6-4] 600/1000 audios
[extraccion 9-8-6-4] 625/1000 audios
[extraccion 9-8-6-4] 650/1000 audios
[extraccion 9-8-6-4] 675/1000 audios
[extraccion 9-8-6-4] 700/1000 audios
[extraccion 9-8-6-4] 725/1000 audios
[extraccion 9-8-6-4] 750/1000 audios
[extraccion 9-8-6-4] 775/1000 audios
[extraccion 9-8-6-4] 800/1000 audios
[extraccion 9-8-6-4] 825/1000 audios
[extraccion 9-8-6-4] 850/1000 audios
[extraccion 9-8-6-4] 875/1000 audios
[extraccion 9-8-6-4] 900/1000 audios
[extraccion 9-8-6-4] 925/1000 audios
[extraccion 9-8-6-4] 950/1000 audios
[extraccion 9-8-6-4] 975/1000 audios
[extraccion 9-8-6-4] 1000/1000 audios
[9-8-6-4] SVM DeepONMF_W fold 1
[9-8-6-4] SVM DeepONMF_W fold 2
[9-8-6-4] SVM DeepONMF_W fold 3
[9-8-6-4] SVM DeepONMF_W fold 4
[9-8-6-4] SVM DeepONMF_W fold 5
[9-8-6-4] KNN DeepONMF_W fold 1
[9-8-6-4] KNN DeepONMF_W fold 2
[9-8-6-4] KNN DeepONMF_W fold 3
[9-8-6-4] KNN DeepONMF_W fold 4
[9-8-6-4] KNN DeepONMF_W fold 5
[9-8-6-4] UjaNet DeepONMF_W fold 1
[9-8-6-4] UjaNet DeepONMF_W fold 2
[9-8-6-4] UjaNet DeepONMF_W fold 3
[9-8-6-4] UjaNet DeepONMF_W fold 4
[9-8-6-4] UjaNet DeepONMF_W fold 5
[9-8-6-4] SVM DeepONMF_H4 fold 1
[9-8-6-4] SVM DeepONMF_H4 fold 2
[9-8-6-4] SVM DeepONMF_H4 fold 3
[9-8-6-4] SVM DeepONMF_H4 fold 4
[9-8-6-4] SVM DeepONMF_H4 fold 5
[9-8-6-4] KNN DeepONMF_H4 fold 1
[9-8-6-4] KNN DeepONMF_H4 fold 2
[9-8-6-4] KNN DeepONMF_H4 fold 3
[9-8-6-4] KNN DeepONMF_H4 fold 4
[9-8-6-4] KNN DeepONMF_H4 fold 5
[9-8-6-4] UjaNet DeepONMF_H4 fold 1
[9-8-6-4] UjaNet DeepONMF_H4 fold 2
[9-8-6-4] UjaNet DeepONMF_H4 fold 3
[9-8-6-4] UjaNet DeepONMF_H4 fold 4
[9-8-6-4] UjaNet DeepONMF_H4 fold 5
[extraccion 10-8-7-5-3] 1/1000 audios
[extraccion 10-8-7-5-3] 25/1000 audios
[extraccion 10-8-7-5-3] 50/1000 audios
[extraccion 10-8-7-5-3] 75/1000 audios
[extraccion 10-8-7-5-3] 100/1000 audios
[extraccion 10-8-7-5-3] 125/1000 audios
[extraccion 10-8-7-5-3] 150/1000 audios
[extraccion 10-8-7-5-3] 175/1000 audios
[extraccion 10-8-7-5-3] 200/1000 audios
[extraccion 10-8-7-5-3] 225/1000 audios
[extraccion 10-8-7-5-3] 250/1000 audios
[extraccion 10-8-7-5-3] 275/1000 audios
[extraccion 10-8-7-5-3] 300/1000 audios
[extraccion 10-8-7-5-3] 325/1000 audios
[extraccion 10-8-7-5-3] 350/1000 audios
[extraccion 10-8-7-5-3] 375/1000 audios
[extraccion 10-8-7-5-3] 400/1000 audios
[extraccion 10-8-7-5-3] 425/1000 audios
[extraccion 10-8-7-5-3] 450/1000 audios
[extraccion 10-8-7-5-3] 475/1000 audios
[extraccion 10-8-7-5-3] 500/1000 audios
[extraccion 10-8-7-5-3] 525/1000 audios
[extraccion 10-8-7-5-3] 550/1000 audios
[extraccion 10-8-7-5-3] 575/1000 audios
[extraccion 10-8-7-5-3] 600/1000 audios
[extraccion 10-8-7-5-3] 625/1000 audios
[extraccion 10-8-7-5-3] 650/1000 audios
[extraccion 10-8-7-5-3] 675/1000 audios
[extraccion 10-8-7-5-3] 700/1000 audios
[extraccion 10-8-7-5-3] 725/1000 audios
[extraccion 10-8-7-5-3] 750/1000 audios
[extraccion 10-8-7-5-3] 775/1000 audios
[extraccion 10-8-7-5-3] 800/1000 audios
[extraccion 10-8-7-5-3] 825/1000 audios
[extraccion 10-8-7-5-3] 850/1000 audios
[extraccion 10-8-7-5-3] 875/1000 audios
[extraccion 10-8-7-5-3] 900/1000 audios
[extraccion 10-8-7-5-3] 925/1000 audios
[extraccion 10-8-7-5-3] 950/1000 audios
[extraccion 10-8-7-5-3] 975/1000 audios
[extraccion 10-8-7-5-3] 1000/1000 audios
[10-8-7-5-3] SVM DeepONMF_W fold 1
[10-8-7-5-3] SVM DeepONMF_W fold 2
[10-8-7-5-3] SVM DeepONMF_W fold 3
[10-8-7-5-3] SVM DeepONMF_W fold 4
[10-8-7-5-3] SVM DeepONMF_W fold 5
[10-8-7-5-3] KNN DeepONMF_W fold 1
[10-8-7-5-3] KNN DeepONMF_W fold 2
[10-8-7-5-3] KNN DeepONMF_W fold 3
[10-8-7-5-3] KNN DeepONMF_W fold 4
[10-8-7-5-3] KNN DeepONMF_W fold 5
[10-8-7-5-3] UjaNet DeepONMF_W fold 1
[10-8-7-5-3] UjaNet DeepONMF_W fold 2
[10-8-7-5-3] UjaNet DeepONMF_W fold 3
[10-8-7-5-3] UjaNet DeepONMF_W fold 4
[10-8-7-5-3] UjaNet DeepONMF_W fold 5
[10-8-7-5-3] SVM DeepONMF_H5 fold 1
[10-8-7-5-3] SVM DeepONMF_H5 fold 2
[10-8-7-5-3] SVM DeepONMF_H5 fold 3
[10-8-7-5-3] SVM DeepONMF_H5 fold 4
[10-8-7-5-3] SVM DeepONMF_H5 fold 5
[10-8-7-5-3] KNN DeepONMF_H5 fold 1
[10-8-7-5-3] KNN DeepONMF_H5 fold 2
[10-8-7-5-3] KNN DeepONMF_H5 fold 3
[10-8-7-5-3] KNN DeepONMF_H5 fold 4
[10-8-7-5-3] KNN DeepONMF_H5 fold 5
[10-8-7-5-3] UjaNet DeepONMF_H5 fold 1
[10-8-7-5-3] UjaNet DeepONMF_H5 fold 2
[10-8-7-5-3] UjaNet DeepONMF_H5 fold 3
[10-8-7-5-3] UjaNet DeepONMF_H5 fold 4
[10-8-7-5-3] UjaNet DeepONMF_H5 fold 5
[extraccion 10-9-6-5-3] 1/1000 audios
[extraccion 10-9-6-5-3] 25/1000 audios
[extraccion 10-9-6-5-3] 50/1000 audios
[extraccion 10-9-6-5-3] 75/1000 audios
[extraccion 10-9-6-5-3] 100/1000 audios
[extraccion 10-9-6-5-3] 125/1000 audios
[extraccion 10-9-6-5-3] 150/1000 audios
[extraccion 10-9-6-5-3] 175/1000 audios
[extraccion 10-9-6-5-3] 200/1000 audios
[extraccion 10-9-6-5-3] 225/1000 audios
[extraccion 10-9-6-5-3] 250/1000 audios
[extraccion 10-9-6-5-3] 275/1000 audios
[extraccion 10-9-6-5-3] 300/1000 audios
[extraccion 10-9-6-5-3] 325/1000 audios
[extraccion 10-9-6-5-3] 350/1000 audios
[extraccion 10-9-6-5-3] 375/1000 audios
[extraccion 10-9-6-5-3] 400/1000 audios
[extraccion 10-9-6-5-3] 425/1000 audios
[extraccion 10-9-6-5-3] 450/1000 audios
[extraccion 10-9-6-5-3] 475/1000 audios
[extraccion 10-9-6-5-3] 500/1000 audios
[extraccion 10-9-6-5-3] 525/1000 audios
[extraccion 10-9-6-5-3] 550/1000 audios
[extraccion 10-9-6-5-3] 575/1000 audios
[extraccion 10-9-6-5-3] 600/1000 audios
[extraccion 10-9-6-5-3] 625/1000 audios
[extraccion 10-9-6-5-3] 650/1000 audios
[extraccion 10-9-6-5-3] 675/1000 audios
[extraccion 10-9-6-5-3] 700/1000 audios
[extraccion 10-9-6-5-3] 725/1000 audios
[extraccion 10-9-6-5-3] 750/1000 audios
[extraccion 10-9-6-5-3] 775/1000 audios
[extraccion 10-9-6-5-3] 800/1000 audios
[extraccion 10-9-6-5-3] 825/1000 audios
[extraccion 10-9-6-5-3] 850/1000 audios
[extraccion 10-9-6-5-3] 875/1000 audios
[extraccion 10-9-6-5-3] 900/1000 audios
[extraccion 10-9-6-5-3] 925/1000 audios
[extraccion 10-9-6-5-3] 950/1000 audios
[extraccion 10-9-6-5-3] 975/1000 audios
[extraccion 10-9-6-5-3] 1000/1000 audios
[10-9-6-5-3] SVM DeepONMF_W fold 1
[10-9-6-5-3] SVM DeepONMF_W fold 2
[10-9-6-5-3] SVM DeepONMF_W fold 3
[10-9-6-5-3] SVM DeepONMF_W fold 4
[10-9-6-5-3] SVM DeepONMF_W fold 5
[10-9-6-5-3] KNN DeepONMF_W fold 1
[10-9-6-5-3] KNN DeepONMF_W fold 2
[10-9-6-5-3] KNN DeepONMF_W fold 3
[10-9-6-5-3] KNN DeepONMF_W fold 4
[10-9-6-5-3] KNN DeepONMF_W fold 5
[10-9-6-5-3] UjaNet DeepONMF_W fold 1
[10-9-6-5-3] UjaNet DeepONMF_W fold 2
[10-9-6-5-3] UjaNet DeepONMF_W fold 3
[10-9-6-5-3] UjaNet DeepONMF_W fold 4
[10-9-6-5-3] UjaNet DeepONMF_W fold 5
[10-9-6-5-3] SVM DeepONMF_H5 fold 1
[10-9-6-5-3] SVM DeepONMF_H5 fold 2
[10-9-6-5-3] SVM DeepONMF_H5 fold 3
[10-9-6-5-3] SVM DeepONMF_H5 fold 4
[10-9-6-5-3] SVM DeepONMF_H5 fold 5
[10-9-6-5-3] KNN DeepONMF_H5 fold 1
[10-9-6-5-3] KNN DeepONMF_H5 fold 2
[10-9-6-5-3] KNN DeepONMF_H5 fold 3
[10-9-6-5-3] KNN DeepONMF_H5 fold 4
[10-9-6-5-3] KNN DeepONMF_H5 fold 5
[10-9-6-5-3] UjaNet DeepONMF_H5 fold 1
[10-9-6-5-3] UjaNet DeepONMF_H5 fold 2
[10-9-6-5-3] UjaNet DeepONMF_H5 fold 3
[10-9-6-5-3] UjaNet DeepONMF_H5 fold 4
[10-9-6-5-3] UjaNet DeepONMF_H5 fold 5
[extraccion 10-9-7-4-3] 1/1000 audios
[extraccion 10-9-7-4-3] 25/1000 audios
[extraccion 10-9-7-4-3] 50/1000 audios
[extraccion 10-9-7-4-3] 75/1000 audios
[extraccion 10-9-7-4-3] 100/1000 audios
[extraccion 10-9-7-4-3] 125/1000 audios
[extraccion 10-9-7-4-3] 150/1000 audios
[extraccion 10-9-7-4-3] 175/1000 audios
[extraccion 10-9-7-4-3] 200/1000 audios
[extraccion 10-9-7-4-3] 225/1000 audios
[extraccion 10-9-7-4-3] 250/1000 audios
[extraccion 10-9-7-4-3] 275/1000 audios
[extraccion 10-9-7-4-3] 300/1000 audios
[extraccion 10-9-7-4-3] 325/1000 audios
[extraccion 10-9-7-4-3] 350/1000 audios
[extraccion 10-9-7-4-3] 375/1000 audios
[extraccion 10-9-7-4-3] 400/1000 audios
[extraccion 10-9-7-4-3] 425/1000 audios
[extraccion 10-9-7-4-3] 450/1000 audios
[extraccion 10-9-7-4-3] 475/1000 audios
[extraccion 10-9-7-4-3] 500/1000 audios
[extraccion 10-9-7-4-3] 525/1000 audios
[extraccion 10-9-7-4-3] 550/1000 audios
[extraccion 10-9-7-4-3] 575/1000 audios
[extraccion 10-9-7-4-3] 600/1000 audios
[extraccion 10-9-7-4-3] 625/1000 audios
[extraccion 10-9-7-4-3] 650/1000 audios
[extraccion 10-9-7-4-3] 675/1000 audios
[extraccion 10-9-7-4-3] 700/1000 audios
[extraccion 10-9-7-4-3] 725/1000 audios
[extraccion 10-9-7-4-3] 750/1000 audios
[extraccion 10-9-7-4-3] 775/1000 audios
[extraccion 10-9-7-4-3] 800/1000 audios
[extraccion 10-9-7-4-3] 825/1000 audios
[extraccion 10-9-7-4-3] 850/1000 audios
[extraccion 10-9-7-4-3] 875/1000 audios
[extraccion 10-9-7-4-3] 900/1000 audios
[extraccion 10-9-7-4-3] 925/1000 audios
[extraccion 10-9-7-4-3] 950/1000 audios
[extraccion 10-9-7-4-3] 975/1000 audios
[extraccion 10-9-7-4-3] 1000/1000 audios
[10-9-7-4-3] SVM DeepONMF_W fold 1
[10-9-7-4-3] SVM DeepONMF_W fold 2
[10-9-7-4-3] SVM DeepONMF_W fold 3
[10-9-7-4-3] SVM DeepONMF_W fold 4
[10-9-7-4-3] SVM DeepONMF_W fold 5
[10-9-7-4-3] KNN DeepONMF_W fold 1
[10-9-7-4-3] KNN DeepONMF_W fold 2
[10-9-7-4-3] KNN DeepONMF_W fold 3
[10-9-7-4-3] KNN DeepONMF_W fold 4
[10-9-7-4-3] KNN DeepONMF_W fold 5
[10-9-7-4-3] UjaNet DeepONMF_W fold 1
[10-9-7-4-3] UjaNet DeepONMF_W fold 2
[10-9-7-4-3] UjaNet DeepONMF_W fold 3
[10-9-7-4-3] UjaNet DeepONMF_W fold 4
[10-9-7-4-3] UjaNet DeepONMF_W fold 5
[10-9-7-4-3] SVM DeepONMF_H5 fold 1
[10-9-7-4-3] SVM DeepONMF_H5 fold 2
[10-9-7-4-3] SVM DeepONMF_H5 fold 3
[10-9-7-4-3] SVM DeepONMF_H5 fold 4
[10-9-7-4-3] SVM DeepONMF_H5 fold 5
[10-9-7-4-3] KNN DeepONMF_H5 fold 1
[10-9-7-4-3] KNN DeepONMF_H5 fold 2
[10-9-7-4-3] KNN DeepONMF_H5 fold 3
[10-9-7-4-3] KNN DeepONMF_H5 fold 4
[10-9-7-4-3] KNN DeepONMF_H5 fold 5
[10-9-7-4-3] UjaNet DeepONMF_H5 fold 1
[10-9-7-4-3] UjaNet DeepONMF_H5 fold 2
[10-9-7-4-3] UjaNet DeepONMF_H5 fold 3
[10-9-7-4-3] UjaNet DeepONMF_H5 fold 4
[10-9-7-4-3] UjaNet DeepONMF_H5 fold 5
[extraccion 10-9-7-5-2] 1/1000 audios
[extraccion 10-9-7-5-2] 25/1000 audios
[extraccion 10-9-7-5-2] 50/1000 audios
[extraccion 10-9-7-5-2] 75/1000 audios
[extraccion 10-9-7-5-2] 100/1000 audios
[extraccion 10-9-7-5-2] 125/1000 audios
[extraccion 10-9-7-5-2] 150/1000 audios
[extraccion 10-9-7-5-2] 175/1000 audios
[extraccion 10-9-7-5-2] 200/1000 audios
[extraccion 10-9-7-5-2] 225/1000 audios
[extraccion 10-9-7-5-2] 250/1000 audios
[extraccion 10-9-7-5-2] 275/1000 audios
[extraccion 10-9-7-5-2] 300/1000 audios
[extraccion 10-9-7-5-2] 325/1000 audios
[extraccion 10-9-7-5-2] 350/1000 audios
[extraccion 10-9-7-5-2] 375/1000 audios
[extraccion 10-9-7-5-2] 400/1000 audios
[extraccion 10-9-7-5-2] 425/1000 audios
[extraccion 10-9-7-5-2] 450/1000 audios
[extraccion 10-9-7-5-2] 475/1000 audios
[extraccion 10-9-7-5-2] 500/1000 audios
[extraccion 10-9-7-5-2] 525/1000 audios
[extraccion 10-9-7-5-2] 550/1000 audios
[extraccion 10-9-7-5-2] 575/1000 audios
[extraccion 10-9-7-5-2] 600/1000 audios
[extraccion 10-9-7-5-2] 625/1000 audios
[extraccion 10-9-7-5-2] 650/1000 audios
[extraccion 10-9-7-5-2] 675/1000 audios
[extraccion 10-9-7-5-2] 700/1000 audios
[extraccion 10-9-7-5-2] 725/1000 audios
[extraccion 10-9-7-5-2] 750/1000 audios
[extraccion 10-9-7-5-2] 775/1000 audios
[extraccion 10-9-7-5-2] 800/1000 audios
[extraccion 10-9-7-5-2] 825/1000 audios
[extraccion 10-9-7-5-2] 850/1000 audios
[extraccion 10-9-7-5-2] 875/1000 audios
[extraccion 10-9-7-5-2] 900/1000 audios
[extraccion 10-9-7-5-2] 925/1000 audios
[extraccion 10-9-7-5-2] 950/1000 audios
[extraccion 10-9-7-5-2] 975/1000 audios
[extraccion 10-9-7-5-2] 1000/1000 audios
[10-9-7-5-2] SVM DeepONMF_W fold 1
[10-9-7-5-2] SVM DeepONMF_W fold 2
[10-9-7-5-2] SVM DeepONMF_W fold 3
[10-9-7-5-2] SVM DeepONMF_W fold 4
[10-9-7-5-2] SVM DeepONMF_W fold 5
[10-9-7-5-2] KNN DeepONMF_W fold 1
[10-9-7-5-2] KNN DeepONMF_W fold 2
[10-9-7-5-2] KNN DeepONMF_W fold 3
[10-9-7-5-2] KNN DeepONMF_W fold 4
[10-9-7-5-2] KNN DeepONMF_W fold 5
[10-9-7-5-2] UjaNet DeepONMF_W fold 1
[10-9-7-5-2] UjaNet DeepONMF_W fold 2
[10-9-7-5-2] UjaNet DeepONMF_W fold 3
[10-9-7-5-2] UjaNet DeepONMF_W fold 4
[10-9-7-5-2] UjaNet DeepONMF_W fold 5
[10-9-7-5-2] SVM DeepONMF_H5 fold 1
[10-9-7-5-2] SVM DeepONMF_H5 fold 2
[10-9-7-5-2] SVM DeepONMF_H5 fold 3
[10-9-7-5-2] SVM DeepONMF_H5 fold 4
[10-9-7-5-2] SVM DeepONMF_H5 fold 5
[10-9-7-5-2] KNN DeepONMF_H5 fold 1
[10-9-7-5-2] KNN DeepONMF_H5 fold 2
[10-9-7-5-2] KNN DeepONMF_H5 fold 3
[10-9-7-5-2] KNN DeepONMF_H5 fold 4
[10-9-7-5-2] KNN DeepONMF_H5 fold 5
[10-9-7-5-2] UjaNet DeepONMF_H5 fold 1
[10-9-7-5-2] UjaNet DeepONMF_H5 fold 2
[10-9-7-5-2] UjaNet DeepONMF_H5 fold 3
[10-9-7-5-2] UjaNet DeepONMF_H5 fold 4
[10-9-7-5-2] UjaNet DeepONMF_H5 fold 5
[extraccion 10-9-7-5-4] 1/1000 audios
[extraccion 10-9-7-5-4] 25/1000 audios
[extraccion 10-9-7-5-4] 50/1000 audios
[extraccion 10-9-7-5-4] 75/1000 audios
[extraccion 10-9-7-5-4] 100/1000 audios
[extraccion 10-9-7-5-4] 125/1000 audios
[extraccion 10-9-7-5-4] 150/1000 audios
[extraccion 10-9-7-5-4] 175/1000 audios
[extraccion 10-9-7-5-4] 200/1000 audios
[extraccion 10-9-7-5-4] 225/1000 audios
[extraccion 10-9-7-5-4] 250/1000 audios
[extraccion 10-9-7-5-4] 275/1000 audios
[extraccion 10-9-7-5-4] 300/1000 audios
[extraccion 10-9-7-5-4] 325/1000 audios
[extraccion 10-9-7-5-4] 350/1000 audios
[extraccion 10-9-7-5-4] 375/1000 audios
[extraccion 10-9-7-5-4] 400/1000 audios
[extraccion 10-9-7-5-4] 425/1000 audios
[extraccion 10-9-7-5-4] 450/1000 audios
[extraccion 10-9-7-5-4] 475/1000 audios
[extraccion 10-9-7-5-4] 500/1000 audios
[extraccion 10-9-7-5-4] 525/1000 audios
[extraccion 10-9-7-5-4] 550/1000 audios
[extraccion 10-9-7-5-4] 575/1000 audios
[extraccion 10-9-7-5-4] 600/1000 audios
[extraccion 10-9-7-5-4] 625/1000 audios
[extraccion 10-9-7-5-4] 650/1000 audios
[extraccion 10-9-7-5-4] 675/1000 audios
[extraccion 10-9-7-5-4] 700/1000 audios
[extraccion 10-9-7-5-4] 725/1000 audios
[extraccion 10-9-7-5-4] 750/1000 audios
[extraccion 10-9-7-5-4] 775/1000 audios
[extraccion 10-9-7-5-4] 800/1000 audios
[extraccion 10-9-7-5-4] 825/1000 audios
[extraccion 10-9-7-5-4] 850/1000 audios
[extraccion 10-9-7-5-4] 875/1000 audios
[extraccion 10-9-7-5-4] 900/1000 audios
[extraccion 10-9-7-5-4] 925/1000 audios
[extraccion 10-9-7-5-4] 950/1000 audios
[extraccion 10-9-7-5-4] 975/1000 audios
[extraccion 10-9-7-5-4] 1000/1000 audios
[10-9-7-5-4] SVM DeepONMF_W fold 1
[10-9-7-5-4] SVM DeepONMF_W fold 2
[10-9-7-5-4] SVM DeepONMF_W fold 3
[10-9-7-5-4] SVM DeepONMF_W fold 4
[10-9-7-5-4] SVM DeepONMF_W fold 5
[10-9-7-5-4] KNN DeepONMF_W fold 1
[10-9-7-5-4] KNN DeepONMF_W fold 2
[10-9-7-5-4] KNN DeepONMF_W fold 3
[10-9-7-5-4] KNN DeepONMF_W fold 4
[10-9-7-5-4] KNN DeepONMF_W fold 5
[10-9-7-5-4] UjaNet DeepONMF_W fold 1
[10-9-7-5-4] UjaNet DeepONMF_W fold 2
[10-9-7-5-4] UjaNet DeepONMF_W fold 3
[10-9-7-5-4] UjaNet DeepONMF_W fold 4
[10-9-7-5-4] UjaNet DeepONMF_W fold 5
[10-9-7-5-4] SVM DeepONMF_H5 fold 1
[10-9-7-5-4] SVM DeepONMF_H5 fold 2
[10-9-7-5-4] SVM DeepONMF_H5 fold 3
[10-9-7-5-4] SVM DeepONMF_H5 fold 4
[10-9-7-5-4] SVM DeepONMF_H5 fold 5
[10-9-7-5-4] KNN DeepONMF_H5 fold 1
[10-9-7-5-4] KNN DeepONMF_H5 fold 2
[10-9-7-5-4] KNN DeepONMF_H5 fold 3
[10-9-7-5-4] KNN DeepONMF_H5 fold 4
[10-9-7-5-4] KNN DeepONMF_H5 fold 5
[10-9-7-5-4] UjaNet DeepONMF_H5 fold 1
[10-9-7-5-4] UjaNet DeepONMF_H5 fold 2
[10-9-7-5-4] UjaNet DeepONMF_H5 fold 3
[10-9-7-5-4] UjaNet DeepONMF_H5 fold 4
[10-9-7-5-4] UjaNet DeepONMF_H5 fold 5
[extraccion 10-9-7-6-3] 1/1000 audios
[extraccion 10-9-7-6-3] 25/1000 audios
[extraccion 10-9-7-6-3] 50/1000 audios
[extraccion 10-9-7-6-3] 75/1000 audios
[extraccion 10-9-7-6-3] 100/1000 audios
[extraccion 10-9-7-6-3] 125/1000 audios
[extraccion 10-9-7-6-3] 150/1000 audios
[extraccion 10-9-7-6-3] 175/1000 audios
[extraccion 10-9-7-6-3] 200/1000 audios
[extraccion 10-9-7-6-3] 225/1000 audios
[extraccion 10-9-7-6-3] 250/1000 audios
[extraccion 10-9-7-6-3] 275/1000 audios
[extraccion 10-9-7-6-3] 300/1000 audios
[extraccion 10-9-7-6-3] 325/1000 audios
[extraccion 10-9-7-6-3] 350/1000 audios
[extraccion 10-9-7-6-3] 375/1000 audios
[extraccion 10-9-7-6-3] 400/1000 audios
[extraccion 10-9-7-6-3] 425/1000 audios
[extraccion 10-9-7-6-3] 450/1000 audios
[extraccion 10-9-7-6-3] 475/1000 audios
[extraccion 10-9-7-6-3] 500/1000 audios
[extraccion 10-9-7-6-3] 525/1000 audios
[extraccion 10-9-7-6-3] 550/1000 audios
[extraccion 10-9-7-6-3] 575/1000 audios
[extraccion 10-9-7-6-3] 600/1000 audios
[extraccion 10-9-7-6-3] 625/1000 audios
[extraccion 10-9-7-6-3] 650/1000 audios
[extraccion 10-9-7-6-3] 675/1000 audios
[extraccion 10-9-7-6-3] 700/1000 audios
[extraccion 10-9-7-6-3] 725/1000 audios
[extraccion 10-9-7-6-3] 750/1000 audios
[extraccion 10-9-7-6-3] 775/1000 audios
[extraccion 10-9-7-6-3] 800/1000 audios
[extraccion 10-9-7-6-3] 825/1000 audios
[extraccion 10-9-7-6-3] 850/1000 audios
[extraccion 10-9-7-6-3] 875/1000 audios
[extraccion 10-9-7-6-3] 900/1000 audios
[extraccion 10-9-7-6-3] 925/1000 audios
[extraccion 10-9-7-6-3] 950/1000 audios
[extraccion 10-9-7-6-3] 975/1000 audios
[extraccion 10-9-7-6-3] 1000/1000 audios
[10-9-7-6-3] SVM DeepONMF_W fold 1
[10-9-7-6-3] SVM DeepONMF_W fold 2
[10-9-7-6-3] SVM DeepONMF_W fold 3
[10-9-7-6-3] SVM DeepONMF_W fold 4
[10-9-7-6-3] SVM DeepONMF_W fold 5
[10-9-7-6-3] KNN DeepONMF_W fold 1
[10-9-7-6-3] KNN DeepONMF_W fold 2
[10-9-7-6-3] KNN DeepONMF_W fold 3
[10-9-7-6-3] KNN DeepONMF_W fold 4
[10-9-7-6-3] KNN DeepONMF_W fold 5
[10-9-7-6-3] UjaNet DeepONMF_W fold 1
[10-9-7-6-3] UjaNet DeepONMF_W fold 2
[10-9-7-6-3] UjaNet DeepONMF_W fold 3
[10-9-7-6-3] UjaNet DeepONMF_W fold 4
[10-9-7-6-3] UjaNet DeepONMF_W fold 5
[10-9-7-6-3] SVM DeepONMF_H5 fold 1
[10-9-7-6-3] SVM DeepONMF_H5 fold 2
[10-9-7-6-3] SVM DeepONMF_H5 fold 3
[10-9-7-6-3] SVM DeepONMF_H5 fold 4
[10-9-7-6-3] SVM DeepONMF_H5 fold 5
[10-9-7-6-3] KNN DeepONMF_H5 fold 1
[10-9-7-6-3] KNN DeepONMF_H5 fold 2
[10-9-7-6-3] KNN DeepONMF_H5 fold 3
[10-9-7-6-3] KNN DeepONMF_H5 fold 4
[10-9-7-6-3] KNN DeepONMF_H5 fold 5
[10-9-7-6-3] UjaNet DeepONMF_H5 fold 1
[10-9-7-6-3] UjaNet DeepONMF_H5 fold 2
[10-9-7-6-3] UjaNet DeepONMF_H5 fold 3
[10-9-7-6-3] UjaNet DeepONMF_H5 fold 4
[10-9-7-6-3] UjaNet DeepONMF_H5 fold 5
[extraccion 10-9-8-5-3] 1/1000 audios
[extraccion 10-9-8-5-3] 25/1000 audios
[extraccion 10-9-8-5-3] 50/1000 audios
[extraccion 10-9-8-5-3] 75/1000 audios
[extraccion 10-9-8-5-3] 100/1000 audios
[extraccion 10-9-8-5-3] 125/1000 audios
[extraccion 10-9-8-5-3] 150/1000 audios
[extraccion 10-9-8-5-3] 175/1000 audios
[extraccion 10-9-8-5-3] 200/1000 audios
[extraccion 10-9-8-5-3] 225/1000 audios
[extraccion 10-9-8-5-3] 250/1000 audios
[extraccion 10-9-8-5-3] 275/1000 audios
[extraccion 10-9-8-5-3] 300/1000 audios
[extraccion 10-9-8-5-3] 325/1000 audios
[extraccion 10-9-8-5-3] 350/1000 audios
[extraccion 10-9-8-5-3] 375/1000 audios
[extraccion 10-9-8-5-3] 400/1000 audios
[extraccion 10-9-8-5-3] 425/1000 audios
[extraccion 10-9-8-5-3] 450/1000 audios
[extraccion 10-9-8-5-3] 475/1000 audios
[extraccion 10-9-8-5-3] 500/1000 audios
[extraccion 10-9-8-5-3] 525/1000 audios
[extraccion 10-9-8-5-3] 550/1000 audios
[extraccion 10-9-8-5-3] 575/1000 audios
[extraccion 10-9-8-5-3] 600/1000 audios
[extraccion 10-9-8-5-3] 625/1000 audios
[extraccion 10-9-8-5-3] 650/1000 audios
[extraccion 10-9-8-5-3] 675/1000 audios
[extraccion 10-9-8-5-3] 700/1000 audios
[extraccion 10-9-8-5-3] 725/1000 audios
[extraccion 10-9-8-5-3] 750/1000 audios
[extraccion 10-9-8-5-3] 775/1000 audios
[extraccion 10-9-8-5-3] 800/1000 audios
[extraccion 10-9-8-5-3] 825/1000 audios
[extraccion 10-9-8-5-3] 850/1000 audios
[extraccion 10-9-8-5-3] 875/1000 audios
[extraccion 10-9-8-5-3] 900/1000 audios
[extraccion 10-9-8-5-3] 925/1000 audios
[extraccion 10-9-8-5-3] 950/1000 audios
[extraccion 10-9-8-5-3] 975/1000 audios
[extraccion 10-9-8-5-3] 1000/1000 audios
[10-9-8-5-3] SVM DeepONMF_W fold 1
[10-9-8-5-3] SVM DeepONMF_W fold 2
[10-9-8-5-3] SVM DeepONMF_W fold 3
[10-9-8-5-3] SVM DeepONMF_W fold 4
[10-9-8-5-3] SVM DeepONMF_W fold 5
[10-9-8-5-3] KNN DeepONMF_W fold 1
[10-9-8-5-3] KNN DeepONMF_W fold 2
[10-9-8-5-3] KNN DeepONMF_W fold 3
[10-9-8-5-3] KNN DeepONMF_W fold 4
[10-9-8-5-3] KNN DeepONMF_W fold 5
[10-9-8-5-3] UjaNet DeepONMF_W fold 1
[10-9-8-5-3] UjaNet DeepONMF_W fold 2
[10-9-8-5-3] UjaNet DeepONMF_W fold 3
[10-9-8-5-3] UjaNet DeepONMF_W fold 4
[10-9-8-5-3] UjaNet DeepONMF_W fold 5
[10-9-8-5-3] SVM DeepONMF_H5 fold 1
[10-9-8-5-3] SVM DeepONMF_H5 fold 2
[10-9-8-5-3] SVM DeepONMF_H5 fold 3
[10-9-8-5-3] SVM DeepONMF_H5 fold 4
[10-9-8-5-3] SVM DeepONMF_H5 fold 5
[10-9-8-5-3] KNN DeepONMF_H5 fold 1
[10-9-8-5-3] KNN DeepONMF_H5 fold 2
[10-9-8-5-3] KNN DeepONMF_H5 fold 3
[10-9-8-5-3] KNN DeepONMF_H5 fold 4
[10-9-8-5-3] KNN DeepONMF_H5 fold 5
[10-9-8-5-3] UjaNet DeepONMF_H5 fold 1
[10-9-8-5-3] UjaNet DeepONMF_H5 fold 2
[10-9-8-5-3] UjaNet DeepONMF_H5 fold 3
[10-9-8-5-3] UjaNet DeepONMF_H5 fold 4
[10-9-8-5-3] UjaNet DeepONMF_H5 fold 5
[extraccion 11-10-8-6-4] 1/1000 audios
[extraccion 11-10-8-6-4] 25/1000 audios
[extraccion 11-10-8-6-4] 50/1000 audios
[extraccion 11-10-8-6-4] 75/1000 audios
[extraccion 11-10-8-6-4] 100/1000 audios
[extraccion 11-10-8-6-4] 125/1000 audios
[extraccion 11-10-8-6-4] 150/1000 audios
[extraccion 11-10-8-6-4] 175/1000 audios
[extraccion 11-10-8-6-4] 200/1000 audios
[extraccion 11-10-8-6-4] 225/1000 audios
[extraccion 11-10-8-6-4] 250/1000 audios
[extraccion 11-10-8-6-4] 275/1000 audios
[extraccion 11-10-8-6-4] 300/1000 audios
[extraccion 11-10-8-6-4] 325/1000 audios
[extraccion 11-10-8-6-4] 350/1000 audios
[extraccion 11-10-8-6-4] 375/1000 audios
[extraccion 11-10-8-6-4] 400/1000 audios
[extraccion 11-10-8-6-4] 425/1000 audios
[extraccion 11-10-8-6-4] 450/1000 audios
[extraccion 11-10-8-6-4] 475/1000 audios
[extraccion 11-10-8-6-4] 500/1000 audios
[extraccion 11-10-8-6-4] 525/1000 audios
[extraccion 11-10-8-6-4] 550/1000 audios
[extraccion 11-10-8-6-4] 575/1000 audios
[extraccion 11-10-8-6-4] 600/1000 audios
[extraccion 11-10-8-6-4] 625/1000 audios
[extraccion 11-10-8-6-4] 650/1000 audios
[extraccion 11-10-8-6-4] 675/1000 audios
[extraccion 11-10-8-6-4] 700/1000 audios
[extraccion 11-10-8-6-4] 725/1000 audios
[extraccion 11-10-8-6-4] 750/1000 audios
[extraccion 11-10-8-6-4] 775/1000 audios
[extraccion 11-10-8-6-4] 800/1000 audios
[extraccion 11-10-8-6-4] 825/1000 audios
[extraccion 11-10-8-6-4] 850/1000 audios
[extraccion 11-10-8-6-4] 875/1000 audios
[extraccion 11-10-8-6-4] 900/1000 audios
[extraccion 11-10-8-6-4] 925/1000 audios
[extraccion 11-10-8-6-4] 950/1000 audios
[extraccion 11-10-8-6-4] 975/1000 audios
[extraccion 11-10-8-6-4] 1000/1000 audios
[11-10-8-6-4] SVM DeepONMF_W fold 1
[11-10-8-6-4] SVM DeepONMF_W fold 2
[11-10-8-6-4] SVM DeepONMF_W fold 3
[11-10-8-6-4] SVM DeepONMF_W fold 4
[11-10-8-6-4] SVM DeepONMF_W fold 5
[11-10-8-6-4] KNN DeepONMF_W fold 1
[11-10-8-6-4] KNN DeepONMF_W fold 2
[11-10-8-6-4] KNN DeepONMF_W fold 3
[11-10-8-6-4] KNN DeepONMF_W fold 4
[11-10-8-6-4] KNN DeepONMF_W fold 5
[11-10-8-6-4] UjaNet DeepONMF_W fold 1
[11-10-8-6-4] UjaNet DeepONMF_W fold 2
[11-10-8-6-4] UjaNet DeepONMF_W fold 3
[11-10-8-6-4] UjaNet DeepONMF_W fold 4
[11-10-8-6-4] UjaNet DeepONMF_W fold 5
[11-10-8-6-4] SVM DeepONMF_H5 fold 1
[11-10-8-6-4] SVM DeepONMF_H5 fold 2
[11-10-8-6-4] SVM DeepONMF_H5 fold 3
[11-10-8-6-4] SVM DeepONMF_H5 fold 4
[11-10-8-6-4] SVM DeepONMF_H5 fold 5
[11-10-8-6-4] KNN DeepONMF_H5 fold 1
[11-10-8-6-4] KNN DeepONMF_H5 fold 2
[11-10-8-6-4] KNN DeepONMF_H5 fold 3
[11-10-8-6-4] KNN DeepONMF_H5 fold 4
[11-10-8-6-4] KNN DeepONMF_H5 fold 5
[11-10-8-6-4] UjaNet DeepONMF_H5 fold 1
[11-10-8-6-4] UjaNet DeepONMF_H5 fold 2
[11-10-8-6-4] UjaNet DeepONMF_H5 fold 3
[11-10-8-6-4] UjaNet DeepONMF_H5 fold 4
[11-10-8-6-4] UjaNet DeepONMF_H5 fold 5
[extraccion 11-9-7-5-3] 1/1000 audios
[extraccion 11-9-7-5-3] 25/1000 audios
[extraccion 11-9-7-5-3] 50/1000 audios
[extraccion 11-9-7-5-3] 75/1000 audios
[extraccion 11-9-7-5-3] 100/1000 audios
[extraccion 11-9-7-5-3] 125/1000 audios
[extraccion 11-9-7-5-3] 150/1000 audios
[extraccion 11-9-7-5-3] 175/1000 audios
[extraccion 11-9-7-5-3] 200/1000 audios
[extraccion 11-9-7-5-3] 225/1000 audios
[extraccion 11-9-7-5-3] 250/1000 audios
[extraccion 11-9-7-5-3] 275/1000 audios
[extraccion 11-9-7-5-3] 300/1000 audios
[extraccion 11-9-7-5-3] 325/1000 audios
[extraccion 11-9-7-5-3] 350/1000 audios
[extraccion 11-9-7-5-3] 375/1000 audios
[extraccion 11-9-7-5-3] 400/1000 audios
[extraccion 11-9-7-5-3] 425/1000 audios
[extraccion 11-9-7-5-3] 450/1000 audios
[extraccion 11-9-7-5-3] 475/1000 audios
[extraccion 11-9-7-5-3] 500/1000 audios
[extraccion 11-9-7-5-3] 525/1000 audios
[extraccion 11-9-7-5-3] 550/1000 audios
[extraccion 11-9-7-5-3] 575/1000 audios
[extraccion 11-9-7-5-3] 600/1000 audios
[extraccion 11-9-7-5-3] 625/1000 audios
[extraccion 11-9-7-5-3] 650/1000 audios
[extraccion 11-9-7-5-3] 675/1000 audios
[extraccion 11-9-7-5-3] 700/1000 audios
[extraccion 11-9-7-5-3] 725/1000 audios
[extraccion 11-9-7-5-3] 750/1000 audios
[extraccion 11-9-7-5-3] 775/1000 audios
[extraccion 11-9-7-5-3] 800/1000 audios
[extraccion 11-9-7-5-3] 825/1000 audios
[extraccion 11-9-7-5-3] 850/1000 audios
[extraccion 11-9-7-5-3] 875/1000 audios
[extraccion 11-9-7-5-3] 900/1000 audios
[extraccion 11-9-7-5-3] 925/1000 audios
[extraccion 11-9-7-5-3] 950/1000 audios
[extraccion 11-9-7-5-3] 975/1000 audios
[extraccion 11-9-7-5-3] 1000/1000 audios
[11-9-7-5-3] SVM DeepONMF_W fold 1
[11-9-7-5-3] SVM DeepONMF_W fold 2
[11-9-7-5-3] SVM DeepONMF_W fold 3
[11-9-7-5-3] SVM DeepONMF_W fold 4
[11-9-7-5-3] SVM DeepONMF_W fold 5
[11-9-7-5-3] KNN DeepONMF_W fold 1
[11-9-7-5-3] KNN DeepONMF_W fold 2
[11-9-7-5-3] KNN DeepONMF_W fold 3
[11-9-7-5-3] KNN DeepONMF_W fold 4
[11-9-7-5-3] KNN DeepONMF_W fold 5
[11-9-7-5-3] UjaNet DeepONMF_W fold 1
[11-9-7-5-3] UjaNet DeepONMF_W fold 2
[11-9-7-5-3] UjaNet DeepONMF_W fold 3
[11-9-7-5-3] UjaNet DeepONMF_W fold 4
[11-9-7-5-3] UjaNet DeepONMF_W fold 5
[11-9-7-5-3] SVM DeepONMF_H5 fold 1
[11-9-7-5-3] SVM DeepONMF_H5 fold 2
[11-9-7-5-3] SVM DeepONMF_H5 fold 3
[11-9-7-5-3] SVM DeepONMF_H5 fold 4
[11-9-7-5-3] SVM DeepONMF_H5 fold 5
[11-9-7-5-3] KNN DeepONMF_H5 fold 1
[11-9-7-5-3] KNN DeepONMF_H5 fold 2
[11-9-7-5-3] KNN DeepONMF_H5 fold 3
[11-9-7-5-3] KNN DeepONMF_H5 fold 4
[11-9-7-5-3] KNN DeepONMF_H5 fold 5
[11-9-7-5-3] UjaNet DeepONMF_H5 fold 1
[11-9-7-5-3] UjaNet DeepONMF_H5 fold 2
[11-9-7-5-3] UjaNet DeepONMF_H5 fold 3
[11-9-7-5-3] UjaNet DeepONMF_H5 fold 4
[11-9-7-5-3] UjaNet DeepONMF_H5 fold 5
[extraccion 12-10-7-6-4] 1/1000 audios
[extraccion 12-10-7-6-4] 25/1000 audios
[extraccion 12-10-7-6-4] 50/1000 audios
[extraccion 12-10-7-6-4] 75/1000 audios
[extraccion 12-10-7-6-4] 100/1000 audios
[extraccion 12-10-7-6-4] 125/1000 audios
[extraccion 12-10-7-6-4] 150/1000 audios
[extraccion 12-10-7-6-4] 175/1000 audios
[extraccion 12-10-7-6-4] 200/1000 audios
[extraccion 12-10-7-6-4] 225/1000 audios
[extraccion 12-10-7-6-4] 250/1000 audios
[extraccion 12-10-7-6-4] 275/1000 audios
[extraccion 12-10-7-6-4] 300/1000 audios
[extraccion 12-10-7-6-4] 325/1000 audios
[extraccion 12-10-7-6-4] 350/1000 audios
[extraccion 12-10-7-6-4] 375/1000 audios
[extraccion 12-10-7-6-4] 400/1000 audios
[extraccion 12-10-7-6-4] 425/1000 audios
[extraccion 12-10-7-6-4] 450/1000 audios
[extraccion 12-10-7-6-4] 475/1000 audios
[extraccion 12-10-7-6-4] 500/1000 audios
[extraccion 12-10-7-6-4] 525/1000 audios
[extraccion 12-10-7-6-4] 550/1000 audios
[extraccion 12-10-7-6-4] 575/1000 audios
[extraccion 12-10-7-6-4] 600/1000 audios
[extraccion 12-10-7-6-4] 625/1000 audios
[extraccion 12-10-7-6-4] 650/1000 audios
[extraccion 12-10-7-6-4] 675/1000 audios
[extraccion 12-10-7-6-4] 700/1000 audios
[extraccion 12-10-7-6-4] 725/1000 audios
[extraccion 12-10-7-6-4] 750/1000 audios
[extraccion 12-10-7-6-4] 775/1000 audios
[extraccion 12-10-7-6-4] 800/1000 audios
[extraccion 12-10-7-6-4] 825/1000 audios
[extraccion 12-10-7-6-4] 850/1000 audios
[extraccion 12-10-7-6-4] 875/1000 audios
[extraccion 12-10-7-6-4] 900/1000 audios
[extraccion 12-10-7-6-4] 925/1000 audios
[extraccion 12-10-7-6-4] 950/1000 audios
[extraccion 12-10-7-6-4] 975/1000 audios
[extraccion 12-10-7-6-4] 1000/1000 audios
[12-10-7-6-4] SVM DeepONMF_W fold 1
[12-10-7-6-4] SVM DeepONMF_W fold 2
[12-10-7-6-4] SVM DeepONMF_W fold 3
[12-10-7-6-4] SVM DeepONMF_W fold 4
[12-10-7-6-4] SVM DeepONMF_W fold 5
[12-10-7-6-4] KNN DeepONMF_W fold 1
[12-10-7-6-4] KNN DeepONMF_W fold 2
[12-10-7-6-4] KNN DeepONMF_W fold 3
[12-10-7-6-4] KNN DeepONMF_W fold 4
[12-10-7-6-4] KNN DeepONMF_W fold 5
[12-10-7-6-4] UjaNet DeepONMF_W fold 1
[12-10-7-6-4] UjaNet DeepONMF_W fold 2
[12-10-7-6-4] UjaNet DeepONMF_W fold 3
[12-10-7-6-4] UjaNet DeepONMF_W fold 4
[12-10-7-6-4] UjaNet DeepONMF_W fold 5
[12-10-7-6-4] SVM DeepONMF_H5 fold 1
[12-10-7-6-4] SVM DeepONMF_H5 fold 2
[12-10-7-6-4] SVM DeepONMF_H5 fold 3
[12-10-7-6-4] SVM DeepONMF_H5 fold 4
[12-10-7-6-4] SVM DeepONMF_H5 fold 5
[12-10-7-6-4] KNN DeepONMF_H5 fold 1
[12-10-7-6-4] KNN DeepONMF_H5 fold 2
[12-10-7-6-4] KNN DeepONMF_H5 fold 3
[12-10-7-6-4] KNN DeepONMF_H5 fold 4
[12-10-7-6-4] KNN DeepONMF_H5 fold 5
[12-10-7-6-4] UjaNet DeepONMF_H5 fold 1
[12-10-7-6-4] UjaNet DeepONMF_H5 fold 2
[12-10-7-6-4] UjaNet DeepONMF_H5 fold 3
[12-10-7-6-4] UjaNet DeepONMF_H5 fold 4
[12-10-7-6-4] UjaNet DeepONMF_H5 fold 5
[extraccion 12-10-8-5-4] 1/1000 audios
[extraccion 12-10-8-5-4] 25/1000 audios
[extraccion 12-10-8-5-4] 50/1000 audios
[extraccion 12-10-8-5-4] 75/1000 audios
[extraccion 12-10-8-5-4] 100/1000 audios
[extraccion 12-10-8-5-4] 125/1000 audios
[extraccion 12-10-8-5-4] 150/1000 audios
[extraccion 12-10-8-5-4] 175/1000 audios
[extraccion 12-10-8-5-4] 200/1000 audios
[extraccion 12-10-8-5-4] 225/1000 audios
[extraccion 12-10-8-5-4] 250/1000 audios
[extraccion 12-10-8-5-4] 275/1000 audios
[extraccion 12-10-8-5-4] 300/1000 audios
[extraccion 12-10-8-5-4] 325/1000 audios
[extraccion 12-10-8-5-4] 350/1000 audios
[extraccion 12-10-8-5-4] 375/1000 audios
[extraccion 12-10-8-5-4] 400/1000 audios
[extraccion 12-10-8-5-4] 425/1000 audios
[extraccion 12-10-8-5-4] 450/1000 audios
[extraccion 12-10-8-5-4] 475/1000 audios
[extraccion 12-10-8-5-4] 500/1000 audios
[extraccion 12-10-8-5-4] 525/1000 audios
[extraccion 12-10-8-5-4] 550/1000 audios
[extraccion 12-10-8-5-4] 575/1000 audios
[extraccion 12-10-8-5-4] 600/1000 audios
[extraccion 12-10-8-5-4] 625/1000 audios
[extraccion 12-10-8-5-4] 650/1000 audios
[extraccion 12-10-8-5-4] 675/1000 audios
[extraccion 12-10-8-5-4] 700/1000 audios
[extraccion 12-10-8-5-4] 725/1000 audios
[extraccion 12-10-8-5-4] 750/1000 audios
[extraccion 12-10-8-5-4] 775/1000 audios
[extraccion 12-10-8-5-4] 800/1000 audios
[extraccion 12-10-8-5-4] 825/1000 audios
[extraccion 12-10-8-5-4] 850/1000 audios
[extraccion 12-10-8-5-4] 875/1000 audios
[extraccion 12-10-8-5-4] 900/1000 audios
[extraccion 12-10-8-5-4] 925/1000 audios
[extraccion 12-10-8-5-4] 950/1000 audios
[extraccion 12-10-8-5-4] 975/1000 audios
[extraccion 12-10-8-5-4] 1000/1000 audios
[12-10-8-5-4] SVM DeepONMF_W fold 1
[12-10-8-5-4] SVM DeepONMF_W fold 2
[12-10-8-5-4] SVM DeepONMF_W fold 3
[12-10-8-5-4] SVM DeepONMF_W fold 4
[12-10-8-5-4] SVM DeepONMF_W fold 5
[12-10-8-5-4] KNN DeepONMF_W fold 1
[12-10-8-5-4] KNN DeepONMF_W fold 2
[12-10-8-5-4] KNN DeepONMF_W fold 3
[12-10-8-5-4] KNN DeepONMF_W fold 4
[12-10-8-5-4] KNN DeepONMF_W fold 5
[12-10-8-5-4] UjaNet DeepONMF_W fold 1
[12-10-8-5-4] UjaNet DeepONMF_W fold 2
[12-10-8-5-4] UjaNet DeepONMF_W fold 3
[12-10-8-5-4] UjaNet DeepONMF_W fold 4
[12-10-8-5-4] UjaNet DeepONMF_W fold 5
[12-10-8-5-4] SVM DeepONMF_H5 fold 1
[12-10-8-5-4] SVM DeepONMF_H5 fold 2
[12-10-8-5-4] SVM DeepONMF_H5 fold 3
[12-10-8-5-4] SVM DeepONMF_H5 fold 4
[12-10-8-5-4] SVM DeepONMF_H5 fold 5
[12-10-8-5-4] KNN DeepONMF_H5 fold 1
[12-10-8-5-4] KNN DeepONMF_H5 fold 2
[12-10-8-5-4] KNN DeepONMF_H5 fold 3
[12-10-8-5-4] KNN DeepONMF_H5 fold 4
[12-10-8-5-4] KNN DeepONMF_H5 fold 5
[12-10-8-5-4] UjaNet DeepONMF_H5 fold 1
[12-10-8-5-4] UjaNet DeepONMF_H5 fold 2
[12-10-8-5-4] UjaNet DeepONMF_H5 fold 3
[12-10-8-5-4] UjaNet DeepONMF_H5 fold 4
[12-10-8-5-4] UjaNet DeepONMF_H5 fold 5
