Inicio ejecucion completa NNDSVD: 19/06/2026 16:14:40,22 
[optimizacion original] 1/199 8
[DeepONMF original 8] 1/1000
[DeepONMF original 8] 100/1000
[DeepONMF original 8] 200/1000
[DeepONMF original 8] 300/1000
[DeepONMF original 8] 400/1000
[DeepONMF original 8] 500/1000
[DeepONMF original 8] 600/1000
[DeepONMF original 8] 700/1000
[DeepONMF original 8] 800/1000
[DeepONMF original 8] 900/1000
[DeepONMF original 8] 1000/1000
[UjaNet] original / DeepONMF_H1 / fold 1/5
[UjaNet] original / DeepONMF_H1 / fold 2/5
[UjaNet] original / DeepONMF_H1 / fold 3/5
[UjaNet] original / DeepONMF_H1 / fold 4/5
[UjaNet] original / DeepONMF_H1 / fold 5/5
[optimizacion original] 2/199 10
[DeepONMF original 10] 1/1000
[DeepONMF original 10] 100/1000
[DeepONMF original 10] 200/1000
[DeepONMF original 10] 300/1000
[DeepONMF original 10] 400/1000
[DeepONMF original 10] 500/1000
[DeepONMF original 10] 600/1000
[DeepONMF original 10] 700/1000
[DeepONMF original 10] 800/1000
[DeepONMF original 10] 900/1000
[DeepONMF original 10] 1000/1000
[UjaNet] original / DeepONMF_H1 / fold 1/5
[UjaNet] original / DeepONMF_H1 / fold 2/5
[UjaNet] original / DeepONMF_H1 / fold 3/5
[UjaNet] original / DeepONMF_H1 / fold 4/5
[UjaNet] original / DeepONMF_H1 / fold 5/5
[optimizacion original] 3/199 12
[DeepONMF original 12] 1/1000
[DeepONMF original 12] 100/1000
[DeepONMF original 12] 200/1000
[DeepONMF original 12] 300/1000
[DeepONMF original 12] 400/1000
[DeepONMF original 12] 500/1000
[DeepONMF original 12] 600/1000
[DeepONMF original 12] 700/1000
[DeepONMF original 12] 800/1000
[DeepONMF original 12] 900/1000
[DeepONMF original 12] 1000/1000
[UjaNet] original / DeepONMF_H1 / fold 1/5
[UjaNet] original / DeepONMF_H1 / fold 2/5
[UjaNet] original / DeepONMF_H1 / fold 3/5
[UjaNet] original / DeepONMF_H1 / fold 4/5
[UjaNet] original / DeepONMF_H1 / fold 5/5
[optimizacion original] 4/199 14
[DeepONMF original 14] 1/1000
[DeepONMF original 14] 100/1000
[DeepONMF original 14] 200/1000
[DeepONMF original 14] 300/1000
[DeepONMF original 14] 400/1000
[DeepONMF original 14] 500/1000
[DeepONMF original 14] 600/1000
[DeepONMF original 14] 700/1000
[DeepONMF original 14] 800/1000
[DeepONMF original 14] 900/1000
[DeepONMF original 14] 1000/1000
[UjaNet] original / DeepONMF_H1 / fold 1/5
[UjaNet] original / DeepONMF_H1 / fold 2/5
[UjaNet] original / DeepONMF_H1 / fold 3/5
[UjaNet] original / DeepONMF_H1 / fold 4/5
[UjaNet] original / DeepONMF_H1 / fold 5/5
[optimizacion original] 5/199 16
[DeepONMF original 16] 1/1000
[DeepONMF original 16] 100/1000
[DeepONMF original 16] 200/1000
[DeepONMF original 16] 300/1000
[DeepONMF original 16] 400/1000
[DeepONMF original 16] 500/1000
[DeepONMF original 16] 600/1000
[DeepONMF original 16] 700/1000
[DeepONMF original 16] 800/1000
[DeepONMF original 16] 900/1000
[DeepONMF original 16] 1000/1000
[UjaNet] original / DeepONMF_H1 / fold 1/5
[UjaNet] original / DeepONMF_H1 / fold 2/5
[UjaNet] original / DeepONMF_H1 / fold 3/5
[UjaNet] original / DeepONMF_H1 / fold 4/5
[UjaNet] original / DeepONMF_H1 / fold 5/5
[optimizacion original] 6/199 18
[DeepONMF original 18] 1/1000
[DeepONMF original 18] 100/1000
[DeepONMF original 18] 200/1000
[DeepONMF original 18] 300/1000
[DeepONMF original 18] 400/1000
[DeepONMF original 18] 500/1000
[DeepONMF original 18] 600/1000
[DeepONMF original 18] 700/1000
[DeepONMF original 18] 800/1000
[DeepONMF original 18] 900/1000
[DeepONMF original 18] 1000/1000
[UjaNet] original / DeepONMF_H1 / fold 1/5
[UjaNet] original / DeepONMF_H1 / fold 2/5
[UjaNet] original / DeepONMF_H1 / fold 3/5
[UjaNet] original / DeepONMF_H1 / fold 4/5
[UjaNet] original / DeepONMF_H1 / fold 5/5
[optimizacion original] 7/199 20
[DeepONMF original 20] 1/1000
[DeepONMF original 20] 100/1000
[DeepONMF original 20] 200/1000
[DeepONMF original 20] 300/1000
[DeepONMF original 20] 400/1000
[DeepONMF original 20] 500/1000
[DeepONMF original 20] 600/1000
[DeepONMF original 20] 700/1000
[DeepONMF original 20] 800/1000
[DeepONMF original 20] 900/1000
[DeepONMF original 20] 1000/1000
[UjaNet] original / DeepONMF_H1 / fold 1/5
[UjaNet] original / DeepONMF_H1 / fold 2/5
[UjaNet] original / DeepONMF_H1 / fold 3/5
[UjaNet] original / DeepONMF_H1 / fold 4/5
[UjaNet] original / DeepONMF_H1 / fold 5/5
[optimizacion original] 8/199 22
[DeepONMF original 22] 1/1000
[DeepONMF original 22] 100/1000
[DeepONMF original 22] 200/1000
[DeepONMF original 22] 300/1000
[DeepONMF original 22] 400/1000
[DeepONMF original 22] 500/1000
[DeepONMF original 22] 600/1000
[DeepONMF original 22] 700/1000
[DeepONMF original 22] 800/1000
[DeepONMF original 22] 900/1000
[DeepONMF original 22] 1000/1000
[UjaNet] original / DeepONMF_H1 / fold 1/5
[UjaNet] original / DeepONMF_H1 / fold 2/5
[UjaNet] original / DeepONMF_H1 / fold 3/5
[UjaNet] original / DeepONMF_H1 / fold 4/5
[UjaNet] original / DeepONMF_H1 / fold 5/5
[optimizacion original] 9/199 24
[DeepONMF original 24] 1/1000
[DeepONMF original 24] 100/1000
[DeepONMF original 24] 200/1000
[DeepONMF original 24] 300/1000
[DeepONMF original 24] 400/1000
[DeepONMF original 24] 500/1000
[DeepONMF original 24] 600/1000
[DeepONMF original 24] 700/1000
[DeepONMF original 24] 800/1000
[DeepONMF original 24] 900/1000
[DeepONMF original 24] 1000/1000
[UjaNet] original / DeepONMF_H1 / fold 1/5
[UjaNet] original / DeepONMF_H1 / fold 2/5
[UjaNet] original / DeepONMF_H1 / fold 3/5
[UjaNet] original / DeepONMF_H1 / fold 4/5
[UjaNet] original / DeepONMF_H1 / fold 5/5
[optimizacion original] 10/199 26
[DeepONMF original 26] 1/1000
[DeepONMF original 26] 100/1000
[DeepONMF original 26] 200/1000
[DeepONMF original 26] 300/1000
[DeepONMF original 26] 400/1000
[DeepONMF original 26] 500/1000
[DeepONMF original 26] 600/1000
[DeepONMF original 26] 700/1000
[DeepONMF original 26] 800/1000
[DeepONMF original 26] 900/1000
[DeepONMF original 26] 1000/1000
[UjaNet] original / DeepONMF_H1 / fold 1/5
[UjaNet] original / DeepONMF_H1 / fold 2/5
[UjaNet] original / DeepONMF_H1 / fold 3/5
[UjaNet] original / DeepONMF_H1 / fold 4/5
[UjaNet] original / DeepONMF_H1 / fold 5/5
[optimizacion original] 11/199 28
[DeepONMF original 28] 1/1000
[DeepONMF original 28] 100/1000
[DeepONMF original 28] 200/1000
[DeepONMF original 28] 300/1000
[DeepONMF original 28] 400/1000
[DeepONMF original 28] 500/1000
[DeepONMF original 28] 600/1000
[DeepONMF original 28] 700/1000
[DeepONMF original 28] 800/1000
[DeepONMF original 28] 900/1000
[DeepONMF original 28] 1000/1000
[UjaNet] original / DeepONMF_H1 / fold 1/5
[UjaNet] original / DeepONMF_H1 / fold 2/5
[UjaNet] original / DeepONMF_H1 / fold 3/5
[UjaNet] original / DeepONMF_H1 / fold 4/5
[UjaNet] original / DeepONMF_H1 / fold 5/5
[optimizacion original] 12/199 30
[DeepONMF original 30] 1/1000
[DeepONMF original 30] 100/1000
[DeepONMF original 30] 200/1000
[DeepONMF original 30] 300/1000
[DeepONMF original 30] 400/1000
[DeepONMF original 30] 500/1000
[DeepONMF original 30] 600/1000
[DeepONMF original 30] 700/1000
[DeepONMF original 30] 800/1000
[DeepONMF original 30] 900/1000
[DeepONMF original 30] 1000/1000
[UjaNet] original / DeepONMF_H1 / fold 1/5
Fin ejecucion completa NNDSVD: 19/06/2026 16:51:51,25 
