[extraccion 11-17] 1/1000 audios
[extraccion 11-17] 25/1000 audios
[extraccion 11-17] 50/1000 audios
[extraccion 11-17] 75/1000 audios
[extraccion 11-17] 100/1000 audios
[extraccion 11-17] 125/1000 audios
[extraccion 11-17] 150/1000 audios
[extraccion 11-17] 175/1000 audios
[extraccion 11-17] 200/1000 audios
[extraccion 11-17] 225/1000 audios
[extraccion 11-17] 250/1000 audios
[extraccion 11-17] 275/1000 audios
[extraccion 11-17] 300/1000 audios
[extraccion 11-17] 325/1000 audios
[extraccion 11-17] 350/1000 audios
[extraccion 11-17] 375/1000 audios
[extraccion 11-17] 400/1000 audios
[extraccion 11-17] 425/1000 audios
[extraccion 11-17] 450/1000 audios
[extraccion 11-17] 475/1000 audios
[extraccion 11-17] 500/1000 audios
[extraccion 11-17] 525/1000 audios
[extraccion 11-17] 550/1000 audios
[extraccion 11-17] 575/1000 audios
[extraccion 11-17] 600/1000 audios
[extraccion 11-17] 625/1000 audios
[extraccion 11-17] 650/1000 audios
[extraccion 11-17] 675/1000 audios
[extraccion 11-17] 700/1000 audios
[extraccion 11-17] 725/1000 audios
[extraccion 11-17] 750/1000 audios
[extraccion 11-17] 775/1000 audios
[extraccion 11-17] 800/1000 audios
[extraccion 11-17] 825/1000 audios
[extraccion 11-17] 850/1000 audios
[extraccion 11-17] 875/1000 audios
[extraccion 11-17] 900/1000 audios
[extraccion 11-17] 925/1000 audios
[extraccion 11-17] 950/1000 audios
[extraccion 11-17] 975/1000 audios
[extraccion 11-17] 1000/1000 audios
[11-17] SVM DeepONMF_W fold 1
[11-17] SVM DeepONMF_W fold 2
[11-17] SVM DeepONMF_W fold 3
[11-17] SVM DeepONMF_W fold 4
[11-17] SVM DeepONMF_W fold 5
[11-17] KNN DeepONMF_W fold 1
[11-17] KNN DeepONMF_W fold 2
[11-17] KNN DeepONMF_W fold 3
[11-17] KNN DeepONMF_W fold 4
[11-17] KNN DeepONMF_W fold 5
[11-17] UjaNet DeepONMF_W fold 1
[11-17] UjaNet DeepONMF_W fold 2
[11-17] UjaNet DeepONMF_W fold 3
[11-17] UjaNet DeepONMF_W fold 4
[11-17] UjaNet DeepONMF_W fold 5
[11-17] SVM DeepONMF_H2 fold 1
[11-17] SVM DeepONMF_H2 fold 2
[11-17] SVM DeepONMF_H2 fold 3
[11-17] SVM DeepONMF_H2 fold 4
[11-17] SVM DeepONMF_H2 fold 5
[11-17] KNN DeepONMF_H2 fold 1
[11-17] KNN DeepONMF_H2 fold 2
[11-17] KNN DeepONMF_H2 fold 3
[11-17] KNN DeepONMF_H2 fold 4
[11-17] KNN DeepONMF_H2 fold 5
[11-17] UjaNet DeepONMF_H2 fold 1
[11-17] UjaNet DeepONMF_H2 fold 2
[11-17] UjaNet DeepONMF_H2 fold 3
[11-17] UjaNet DeepONMF_H2 fold 4
[11-17] UjaNet DeepONMF_H2 fold 5
[extraccion 4-9] 1/1000 audios
[extraccion 4-9] 25/1000 audios
[extraccion 4-9] 50/1000 audios
[extraccion 4-9] 75/1000 audios
[extraccion 4-9] 100/1000 audios
[extraccion 4-9] 125/1000 audios
[extraccion 4-9] 150/1000 audios
[extraccion 4-9] 175/1000 audios
[extraccion 4-9] 200/1000 audios
[extraccion 4-9] 225/1000 audios
[extraccion 4-9] 250/1000 audios
[extraccion 4-9] 275/1000 audios
[extraccion 4-9] 300/1000 audios
[extraccion 4-9] 325/1000 audios
[extraccion 4-9] 350/1000 audios
[extraccion 4-9] 375/1000 audios
[extraccion 4-9] 400/1000 audios
[extraccion 4-9] 425/1000 audios
[extraccion 4-9] 450/1000 audios
[extraccion 4-9] 475/1000 audios
[extraccion 4-9] 500/1000 audios
[extraccion 4-9] 525/1000 audios
[extraccion 4-9] 550/1000 audios
[extraccion 4-9] 575/1000 audios
[extraccion 4-9] 600/1000 audios
[extraccion 4-9] 625/1000 audios
[extraccion 4-9] 650/1000 audios
[extraccion 4-9] 675/1000 audios
[extraccion 4-9] 700/1000 audios
[extraccion 4-9] 725/1000 audios
[extraccion 4-9] 750/1000 audios
[extraccion 4-9] 775/1000 audios
[extraccion 4-9] 800/1000 audios
[extraccion 4-9] 825/1000 audios
[extraccion 4-9] 850/1000 audios
[extraccion 4-9] 875/1000 audios
[extraccion 4-9] 900/1000 audios
[extraccion 4-9] 925/1000 audios
[extraccion 4-9] 950/1000 audios
[extraccion 4-9] 975/1000 audios
[extraccion 4-9] 1000/1000 audios
[4-9] SVM DeepONMF_W fold 1
[4-9] SVM DeepONMF_W fold 2
[4-9] SVM DeepONMF_W fold 3
[4-9] SVM DeepONMF_W fold 4
[4-9] SVM DeepONMF_W fold 5
[4-9] KNN DeepONMF_W fold 1
[4-9] KNN DeepONMF_W fold 2
[4-9] KNN DeepONMF_W fold 3
[4-9] KNN DeepONMF_W fold 4
[4-9] KNN DeepONMF_W fold 5
[4-9] UjaNet DeepONMF_W fold 1
[4-9] UjaNet DeepONMF_W fold 2
[4-9] UjaNet DeepONMF_W fold 3
[4-9] UjaNet DeepONMF_W fold 4
[4-9] UjaNet DeepONMF_W fold 5
[4-9] SVM DeepONMF_H2 fold 1
[4-9] SVM DeepONMF_H2 fold 2
[4-9] SVM DeepONMF_H2 fold 3
[4-9] SVM DeepONMF_H2 fold 4
[4-9] SVM DeepONMF_H2 fold 5
[4-9] KNN DeepONMF_H2 fold 1
[4-9] KNN DeepONMF_H2 fold 2
[4-9] KNN DeepONMF_H2 fold 3
[4-9] KNN DeepONMF_H2 fold 4
[4-9] KNN DeepONMF_H2 fold 5
[4-9] UjaNet DeepONMF_H2 fold 1
[4-9] UjaNet DeepONMF_H2 fold 2
[4-9] UjaNet DeepONMF_H2 fold 3
[4-9] UjaNet DeepONMF_H2 fold 4
[4-9] UjaNet DeepONMF_H2 fold 5
[extraccion 10-11] 1/1000 audios
[extraccion 10-11] 25/1000 audios
[extraccion 10-11] 50/1000 audios
[extraccion 10-11] 75/1000 audios
[extraccion 10-11] 100/1000 audios
[extraccion 10-11] 125/1000 audios
[extraccion 10-11] 150/1000 audios
[extraccion 10-11] 175/1000 audios
[extraccion 10-11] 200/1000 audios
[extraccion 10-11] 225/1000 audios
[extraccion 10-11] 250/1000 audios
[extraccion 10-11] 275/1000 audios
[extraccion 10-11] 300/1000 audios
[extraccion 10-11] 325/1000 audios
[extraccion 10-11] 350/1000 audios
[extraccion 10-11] 375/1000 audios
[extraccion 10-11] 400/1000 audios
[extraccion 10-11] 425/1000 audios
[extraccion 10-11] 450/1000 audios
[extraccion 10-11] 475/1000 audios
[extraccion 10-11] 500/1000 audios
[extraccion 10-11] 525/1000 audios
[extraccion 10-11] 550/1000 audios
[extraccion 10-11] 575/1000 audios
[extraccion 10-11] 600/1000 audios
[extraccion 10-11] 625/1000 audios
[extraccion 10-11] 650/1000 audios
[extraccion 10-11] 675/1000 audios
[extraccion 10-11] 700/1000 audios
[extraccion 10-11] 725/1000 audios
[extraccion 10-11] 750/1000 audios
[extraccion 10-11] 775/1000 audios
[extraccion 10-11] 800/1000 audios
[extraccion 10-11] 825/1000 audios
[extraccion 10-11] 850/1000 audios
[extraccion 10-11] 875/1000 audios
[extraccion 10-11] 900/1000 audios
[extraccion 10-11] 925/1000 audios
[extraccion 10-11] 950/1000 audios
[extraccion 10-11] 975/1000 audios
[extraccion 10-11] 1000/1000 audios
[10-11] SVM DeepONMF_W fold 1
[10-11] SVM DeepONMF_W fold 2
[10-11] SVM DeepONMF_W fold 3
[10-11] SVM DeepONMF_W fold 4
[10-11] SVM DeepONMF_W fold 5
[10-11] KNN DeepONMF_W fold 1
[10-11] KNN DeepONMF_W fold 2
[10-11] KNN DeepONMF_W fold 3
[10-11] KNN DeepONMF_W fold 4
[10-11] KNN DeepONMF_W fold 5
[10-11] UjaNet DeepONMF_W fold 1
[10-11] UjaNet DeepONMF_W fold 2
[10-11] UjaNet DeepONMF_W fold 3
[10-11] UjaNet DeepONMF_W fold 4
[10-11] UjaNet DeepONMF_W fold 5
[10-11] SVM DeepONMF_H2 fold 1
[10-11] SVM DeepONMF_H2 fold 2
[10-11] SVM DeepONMF_H2 fold 3
[10-11] SVM DeepONMF_H2 fold 4
[10-11] SVM DeepONMF_H2 fold 5
[10-11] KNN DeepONMF_H2 fold 1
[10-11] KNN DeepONMF_H2 fold 2
[10-11] KNN DeepONMF_H2 fold 3
[10-11] KNN DeepONMF_H2 fold 4
[10-11] KNN DeepONMF_H2 fold 5
[10-11] UjaNet DeepONMF_H2 fold 1
[10-11] UjaNet DeepONMF_H2 fold 2
[10-11] UjaNet DeepONMF_H2 fold 3
[10-11] UjaNet DeepONMF_H2 fold 4
[10-11] UjaNet DeepONMF_H2 fold 5
[extraccion 10-16] 1/1000 audios
[extraccion 10-16] 25/1000 audios
[extraccion 10-16] 50/1000 audios
[extraccion 10-16] 75/1000 audios
[extraccion 10-16] 100/1000 audios
[extraccion 10-16] 125/1000 audios
[extraccion 10-16] 150/1000 audios
[extraccion 10-16] 175/1000 audios
[extraccion 10-16] 200/1000 audios
[extraccion 10-16] 225/1000 audios
[extraccion 10-16] 250/1000 audios
[extraccion 10-16] 275/1000 audios
[extraccion 10-16] 300/1000 audios
[extraccion 10-16] 325/1000 audios
[extraccion 10-16] 350/1000 audios
[extraccion 10-16] 375/1000 audios
[extraccion 10-16] 400/1000 audios
[extraccion 10-16] 425/1000 audios
[extraccion 10-16] 450/1000 audios
[extraccion 10-16] 475/1000 audios
[extraccion 10-16] 500/1000 audios
[extraccion 10-16] 525/1000 audios
[extraccion 10-16] 550/1000 audios
[extraccion 10-16] 575/1000 audios
[extraccion 10-16] 600/1000 audios
[extraccion 10-16] 625/1000 audios
[extraccion 10-16] 650/1000 audios
[extraccion 10-16] 675/1000 audios
[extraccion 10-16] 700/1000 audios
[extraccion 10-16] 725/1000 audios
[extraccion 10-16] 750/1000 audios
[extraccion 10-16] 775/1000 audios
[extraccion 10-16] 800/1000 audios
[extraccion 10-16] 825/1000 audios
[extraccion 10-16] 850/1000 audios
[extraccion 10-16] 875/1000 audios
[extraccion 10-16] 900/1000 audios
[extraccion 10-16] 925/1000 audios
[extraccion 10-16] 950/1000 audios
[extraccion 10-16] 975/1000 audios
[extraccion 10-16] 1000/1000 audios
[10-16] SVM DeepONMF_W fold 1
[10-16] SVM DeepONMF_W fold 2
[10-16] SVM DeepONMF_W fold 3
[10-16] SVM DeepONMF_W fold 4
[10-16] SVM DeepONMF_W fold 5
[10-16] KNN DeepONMF_W fold 1
[10-16] KNN DeepONMF_W fold 2
[10-16] KNN DeepONMF_W fold 3
[10-16] KNN DeepONMF_W fold 4
[10-16] KNN DeepONMF_W fold 5
[10-16] UjaNet DeepONMF_W fold 1
[10-16] UjaNet DeepONMF_W fold 2
[10-16] UjaNet DeepONMF_W fold 3
[10-16] UjaNet DeepONMF_W fold 4
[10-16] UjaNet DeepONMF_W fold 5
[10-16] SVM DeepONMF_H2 fold 1
[10-16] SVM DeepONMF_H2 fold 2
[10-16] SVM DeepONMF_H2 fold 3
[10-16] SVM DeepONMF_H2 fold 4
[10-16] SVM DeepONMF_H2 fold 5
[10-16] KNN DeepONMF_H2 fold 1
[10-16] KNN DeepONMF_H2 fold 2
[10-16] KNN DeepONMF_H2 fold 3
[10-16] KNN DeepONMF_H2 fold 4
[10-16] KNN DeepONMF_H2 fold 5
[10-16] UjaNet DeepONMF_H2 fold 1
[10-16] UjaNet DeepONMF_H2 fold 2
[10-16] UjaNet DeepONMF_H2 fold 3
[10-16] UjaNet DeepONMF_H2 fold 4
[10-16] UjaNet DeepONMF_H2 fold 5
[extraccion 8-9] 1/1000 audios
[extraccion 8-9] 25/1000 audios
[extraccion 8-9] 50/1000 audios
[extraccion 8-9] 75/1000 audios
[extraccion 8-9] 100/1000 audios
[extraccion 8-9] 125/1000 audios
[extraccion 8-9] 150/1000 audios
[extraccion 8-9] 175/1000 audios
[extraccion 8-9] 200/1000 audios
[extraccion 8-9] 225/1000 audios
[extraccion 8-9] 250/1000 audios
[extraccion 8-9] 275/1000 audios
[extraccion 8-9] 300/1000 audios
[extraccion 8-9] 325/1000 audios
[extraccion 8-9] 350/1000 audios
[extraccion 8-9] 375/1000 audios
[extraccion 8-9] 400/1000 audios
[extraccion 8-9] 425/1000 audios
[extraccion 8-9] 450/1000 audios
[extraccion 8-9] 475/1000 audios
[extraccion 8-9] 500/1000 audios
[extraccion 8-9] 525/1000 audios
[extraccion 8-9] 550/1000 audios
[extraccion 8-9] 575/1000 audios
[extraccion 8-9] 600/1000 audios
[extraccion 8-9] 625/1000 audios
[extraccion 8-9] 650/1000 audios
[extraccion 8-9] 675/1000 audios
[extraccion 8-9] 700/1000 audios
[extraccion 8-9] 725/1000 audios
[extraccion 8-9] 750/1000 audios
[extraccion 8-9] 775/1000 audios
[extraccion 8-9] 800/1000 audios
[extraccion 8-9] 825/1000 audios
[extraccion 8-9] 850/1000 audios
[extraccion 8-9] 875/1000 audios
[extraccion 8-9] 900/1000 audios
[extraccion 8-9] 925/1000 audios
[extraccion 8-9] 950/1000 audios
[extraccion 8-9] 975/1000 audios
[extraccion 8-9] 1000/1000 audios
[8-9] SVM DeepONMF_W fold 1
[8-9] SVM DeepONMF_W fold 2
[8-9] SVM DeepONMF_W fold 3
[8-9] SVM DeepONMF_W fold 4
[8-9] SVM DeepONMF_W fold 5
[8-9] KNN DeepONMF_W fold 1
[8-9] KNN DeepONMF_W fold 2
[8-9] KNN DeepONMF_W fold 3
[8-9] KNN DeepONMF_W fold 4
[8-9] KNN DeepONMF_W fold 5
[8-9] UjaNet DeepONMF_W fold 1
[8-9] UjaNet DeepONMF_W fold 2
[8-9] UjaNet DeepONMF_W fold 3
[8-9] UjaNet DeepONMF_W fold 4
[8-9] UjaNet DeepONMF_W fold 5
[8-9] SVM DeepONMF_H2 fold 1
[8-9] SVM DeepONMF_H2 fold 2
[8-9] SVM DeepONMF_H2 fold 3
[8-9] SVM DeepONMF_H2 fold 4
[8-9] SVM DeepONMF_H2 fold 5
[8-9] KNN DeepONMF_H2 fold 1
[8-9] KNN DeepONMF_H2 fold 2
[8-9] KNN DeepONMF_H2 fold 3
[8-9] KNN DeepONMF_H2 fold 4
[8-9] KNN DeepONMF_H2 fold 5
[8-9] UjaNet DeepONMF_H2 fold 1
[8-9] UjaNet DeepONMF_H2 fold 2
[8-9] UjaNet DeepONMF_H2 fold 3
[8-9] UjaNet DeepONMF_H2 fold 4
[8-9] UjaNet DeepONMF_H2 fold 5
